[ 2017-02-27T08:54:42+08:00 ] 127.0.0.1 /vote/index.php/Home/Carousel/record
INFO: [ app_init ] --START--
INFO: Run Behavior\BuildLiteBehavior [ RunTime:0.000000s ]
INFO: [ app_init ] --END-- [ RunTime:0.001001s ]
INFO: [ app_begin ] --START--
INFO: Run Behavior\ReadHtmlCacheBehavior [ RunTime:0.000000s ]
INFO: [ app_begin ] --END-- [ RunTime:0.001000s ]
ERR: ÈùûÊ≥ïÊìç‰Ωú:record

[ 2017-02-27T08:55:06+08:00 ] 127.0.0.1 /vote/index.php/Home/Carousel/detail
INFO: [ app_init ] --START--
INFO: Run Behavior\BuildLiteBehavior [ RunTime:0.000000s ]
INFO: [ app_init ] --END-- [ RunTime:0.000000s ]
INFO: [ app_begin ] --START--
INFO: Run Behavior\ReadHtmlCacheBehavior [ RunTime:0.001000s ]
INFO: [ app_begin ] --END-- [ RunTime:0.001000s ]
SQL: SHOW COLUMNS FROM `v_carousel` [ RunTime:0.0040s ]
INFO: [ app_end ] --START--
INFO: Run Behavior\ShowPageTraceBehavior [ RunTime:0.001000s ]
INFO: [ app_end ] --END-- [ RunTime:0.002000s ]

[ 2017-02-27T08:56:24+08:00 ] 127.0.0.1 /vote/index.php/Home/Carousel/detail
INFO: [ app_init ] --START--
INFO: Run Behavior\BuildLiteBehavior [ RunTime:0.000000s ]
INFO: [ app_init ] --END-- [ RunTime:0.001000s ]
INFO: [ app_begin ] --START--
INFO: Run Behavior\ReadHtmlCacheBehavior [ RunTime:0.001000s ]
INFO: [ app_begin ] --END-- [ RunTime:0.001000s ]
SQL: SHOW COLUMNS FROM `v_carousel` [ RunTime:0.0020s ]
INFO: [ app_end ] --START--
INFO: Run Behavior\ShowPageTraceBehavior [ RunTime:0.002000s ]
INFO: [ app_end ] --END-- [ RunTime:0.002000s ]

[ 2017-02-27T08:58:53+08:00 ] 127.0.0.1 /vote/index.php/Home/Carousel/detail
INFO: [ app_init ] --START--
INFO: Run Behavior\BuildLiteBehavior [ RunTime:0.000000s ]
INFO: [ app_init ] --END-- [ RunTime:0.001000s ]
INFO: [ app_begin ] --START--
INFO: Run Behavior\ReadHtmlCacheBehavior [ RunTime:0.000000s ]
INFO: [ app_begin ] --END-- [ RunTime:0.002000s ]
SQL: SHOW COLUMNS FROM `v_carousel` [ RunTime:0.0040s ]
INFO: [ app_end ] --START--
INFO: Run Behavior\ShowPageTraceBehavior [ RunTime:0.001001s ]
INFO: [ app_end ] --END-- [ RunTime:0.001001s ]

[ 2017-02-27T08:58:57+08:00 ] 127.0.0.1 /vote/index.php/Home/Carousel/detail
INFO: [ app_init ] --START--
INFO: Run Behavior\BuildLiteBehavior [ RunTime:0.001000s ]
INFO: [ app_init ] --END-- [ RunTime:0.001000s ]
INFO: [ app_begin ] --START--
INFO: Run Behavior\ReadHtmlCacheBehavior [ RunTime:0.001000s ]
INFO: [ app_begin ] --END-- [ RunTime:0.001000s ]
SQL: SHOW COLUMNS FROM `v_carousel` [ RunTime:0.0030s ]
INFO: [ app_end ] --START--
INFO: Run Behavior\ShowPageTraceBehavior [ RunTime:0.001000s ]
INFO: [ app_end ] --END-- [ RunTime:0.001000s ]

[ 2017-02-27T08:58:58+08:00 ] 127.0.0.1 /vote/index.php/Home/Carousel/detail
INFO: [ app_init ] --START--
INFO: Run Behavior\BuildLiteBehavior [ RunTime:0.000000s ]
INFO: [ app_init ] --END-- [ RunTime:0.001000s ]
INFO: [ app_begin ] --START--
INFO: Run Behavior\ReadHtmlCacheBehavior [ RunTime:0.001000s ]
INFO: [ app_begin ] --END-- [ RunTime:0.001000s ]
SQL: SHOW COLUMNS FROM `v_carousel` [ RunTime:0.0020s ]
INFO: [ app_end ] --START--
INFO: Run Behavior\ShowPageTraceBehavior [ RunTime:0.001000s ]
INFO: [ app_end ] --END-- [ RunTime:0.001000s ]

[ 2017-02-27T08:58:59+08:00 ] 127.0.0.1 /vote/index.php/Home/Carousel/detail
INFO: [ app_init ] --START--
INFO: Run Behavior\BuildLiteBehavior [ RunTime:0.000000s ]
INFO: [ app_init ] --END-- [ RunTime:0.001000s ]
INFO: [ app_begin ] --START--
INFO: Run Behavior\ReadHtmlCacheBehavior [ RunTime:0.000000s ]
INFO: [ app_begin ] --END-- [ RunTime:0.000000s ]
SQL: SHOW COLUMNS FROM `v_carousel` [ RunTime:0.0030s ]
INFO: [ app_end ] --START--
INFO: Run Behavior\ShowPageTraceBehavior [ RunTime:0.001000s ]
INFO: [ app_end ] --END-- [ RunTime:0.001000s ]

[ 2017-02-27T09:00:26+08:00 ] 127.0.0.1 /vote/index.php/Home/Carousel/detail
INFO: [ app_init ] --START--
INFO: Run Behavior\BuildLiteBehavior [ RunTime:0.000000s ]
INFO: [ app_init ] --END-- [ RunTime:0.001000s ]
INFO: [ app_begin ] --START--
INFO: Run Behavior\ReadHtmlCacheBehavior [ RunTime:0.000000s ]
INFO: [ app_begin ] --END-- [ RunTime:0.001000s ]
SQL: SHOW COLUMNS FROM `v_carousel` [ RunTime:0.0060s ]
INFO: [ app_end ] --START--
INFO: Run Behavior\ShowPageTraceBehavior [ RunTime:0.001000s ]
INFO: [ app_end ] --END-- [ RunTime:0.001000s ]

[ 2017-02-27T09:00:27+08:00 ] 127.0.0.1 /vote/index.php/Home/Carousel/detail
INFO: [ app_init ] --START--
INFO: Run Behavior\BuildLiteBehavior [ RunTime:0.000000s ]
INFO: [ app_init ] --END-- [ RunTime:0.001000s ]
INFO: [ app_begin ] --START--
INFO: Run Behavior\ReadHtmlCacheBehavior [ RunTime:0.000000s ]
INFO: [ app_begin ] --END-- [ RunTime:0.001000s ]
SQL: SHOW COLUMNS FROM `v_carousel` [ RunTime:0.0030s ]
INFO: [ app_end ] --START--
INFO: Run Behavior\ShowPageTraceBehavior [ RunTime:0.001000s ]
INFO: [ app_end ] --END-- [ RunTime:0.001000s ]

[ 2017-02-27T09:00:53+08:00 ] 127.0.0.1 /vote/index.php/Home/Carousel/detail
INFO: [ app_init ] --START--
INFO: Run Behavior\BuildLiteBehavior [ RunTime:0.000000s ]
INFO: [ app_init ] --END-- [ RunTime:0.001000s ]
INFO: [ app_begin ] --START--
INFO: Run Behavior\ReadHtmlCacheBehavior [ RunTime:0.001000s ]
INFO: [ app_begin ] --END-- [ RunTime:0.001000s ]
SQL: SHOW COLUMNS FROM `v_carousel` [ RunTime:0.0030s ]

[ 2017-02-27T09:01:09+08:00 ] 127.0.0.1 /vote/index.php/Home/Carousel/detail
INFO: [ app_init ] --START--
INFO: Run Behavior\BuildLiteBehavior [ RunTime:0.000000s ]
INFO: [ app_init ] --END-- [ RunTime:0.001000s ]
INFO: [ app_begin ] --START--
INFO: Run Behavior\ReadHtmlCacheBehavior [ RunTime:0.000000s ]
INFO: [ app_begin ] --END-- [ RunTime:0.000000s ]
SQL: SHOW COLUMNS FROM `v_carousel` [ RunTime:0.0030s ]
INFO: [ app_end ] --START--
INFO: Run Behavior\ShowPageTraceBehavior [ RunTime:0.001000s ]
INFO: [ app_end ] --END-- [ RunTime:0.002000s ]

[ 2017-02-27T09:05:49+08:00 ] 127.0.0.1 /vote/index.php/Home/Carousel/detail
INFO: [ app_init ] --START--
INFO: Run Behavior\BuildLiteBehavior [ RunTime:0.000000s ]
INFO: [ app_init ] --END-- [ RunTime:0.001000s ]
INFO: [ app_begin ] --START--
INFO: Run Behavior\ReadHtmlCacheBehavior [ RunTime:0.001000s ]
INFO: [ app_begin ] --END-- [ RunTime:0.002000s ]
SQL: SHOW COLUMNS FROM `v_carousel` [ RunTime:0.0030s ]
SQL: SELECT `content` FROM `v_carousel` WHERE `cid` = 1 LIMIT 1   [ RunTime:0.0010s ]
NOTIC: [8] Array to string conversion F:\website\vote\Application\Home\Model\CarouselModel.class.php Á¨¨ 31 Ë°å.

[ 2017-02-27T09:06:57+08:00 ] 127.0.0.1 /vote/index.php/Home/Carousel/detail
INFO: [ app_init ] --START--
INFO: Run Behavior\BuildLiteBehavior [ RunTime:0.000000s ]
INFO: [ app_init ] --END-- [ RunTime:0.001000s ]
INFO: [ app_begin ] --START--
INFO: Run Behavior\ReadHtmlCacheBehavior [ RunTime:0.000000s ]
INFO: [ app_begin ] --END-- [ RunTime:0.001000s ]
SQL: SHOW COLUMNS FROM `v_carousel` [ RunTime:0.0030s ]
SQL: SELECT `content` FROM `v_carousel` WHERE `cid` = 1 LIMIT 1   [ RunTime:0.0000s ]
INFO: [ app_end ] --START--
INFO: Run Behavior\ShowPageTraceBehavior [ RunTime:0.001000s ]
INFO: [ app_end ] --END-- [ RunTime:0.001000s ]

[ 2017-02-27T09:11:13+08:00 ] 127.0.0.1 /vote/index.php/Home/Index/index
INFO: [ app_init ] --START--
INFO: Run Behavior\BuildLiteBehavior [ RunTime:0.000000s ]
INFO: [ app_init ] --END-- [ RunTime:0.001001s ]
INFO: [ app_begin ] --START--
INFO: Run Behavior\ReadHtmlCacheBehavior [ RunTime:0.001000s ]
INFO: [ app_begin ] --END-- [ RunTime:0.001000s ]
NOTIC: [2048] Declaration of Home\Controller\IndexController::show() should be compatible with Think\Controller::show($content, $charset = '', $contentType = '', $prefix = '') F:\website\vote\Application\Home\Controller\IndexController.class.php Á¨¨ 148 Ë°å.
SQL: SHOW COLUMNS FROM `v_carousel` [ RunTime:0.0030s ]
SQL: SELECT `cid`,`picurl` FROM `v_carousel`  [ RunTime:0.0000s ]
SQL: SHOW COLUMNS FROM `v_info` [ RunTime:0.0620s ]
INFO: [ app_end ] --START--
INFO: Run Behavior\ShowPageTraceBehavior [ RunTime:0.001000s ]
INFO: [ app_end ] --END-- [ RunTime:0.002000s ]

[ 2017-02-27T09:18:06+08:00 ] 127.0.0.1 /vote/index.php/Home/Competitor/mien
INFO: [ app_init ] --START--
INFO: Run Behavior\BuildLiteBehavior [ RunTime:0.000000s ]
INFO: [ app_init ] --END-- [ RunTime:0.001000s ]
INFO: [ app_begin ] --START--
INFO: Run Behavior\ReadHtmlCacheBehavior [ RunTime:0.001000s ]
INFO: [ app_begin ] --END-- [ RunTime:0.001000s ]
SQL: SHOW COLUMNS FROM `v_competitor` [ RunTime:0.0890s ]
SQL: SELECT COUNT(*) AS tp_count FROM `v_competitor` WHERE `is_pass` = 1 AND `is_delete` = 0 AND `location` = '1' LIMIT 1   [ RunTime:0.0070s ]
SQL: SELECT * FROM `v_competitor` WHERE `is_pass` = 1 AND `is_delete` = 0 AND `location` = '1' ORDER BY cid desc LIMIT 0,6   [ RunTime:0.0010s ]
INFO: [ app_end ] --START--
INFO: Run Behavior\ShowPageTraceBehavior [ RunTime:0.002000s ]
INFO: [ app_end ] --END-- [ RunTime:0.003000s ]

[ 2017-02-27T09:18:26+08:00 ] 127.0.0.1 /vote/index.php/Home/Competitor/mien
INFO: [ app_init ] --START--
INFO: Run Behavior\BuildLiteBehavior [ RunTime:0.000000s ]
INFO: [ app_init ] --END-- [ RunTime:0.000000s ]
INFO: [ app_begin ] --START--
INFO: Run Behavior\ReadHtmlCacheBehavior [ RunTime:0.000000s ]
INFO: [ app_begin ] --END-- [ RunTime:0.001000s ]
SQL: SHOW COLUMNS FROM `v_competitor` [ RunTime:0.0020s ]
SQL: SELECT COUNT(*) AS tp_count FROM `v_competitor` WHERE `is_pass` = 1 AND `is_delete` = 0 AND `location` = '1' LIMIT 1   [ RunTime:0.0010s ]
SQL: SELECT * FROM `v_competitor` WHERE `is_pass` = 1 AND `is_delete` = 0 AND `location` = '1' ORDER BY cid desc LIMIT 0,6   [ RunTime:0.0020s ]
INFO: [ app_end ] --START--
INFO: Run Behavior\ShowPageTraceBehavior [ RunTime:0.001000s ]
INFO: [ app_end ] --END-- [ RunTime:0.001000s ]

[ 2017-02-27T09:18:27+08:00 ] 127.0.0.1 /vote/index.php/Home/Competitor/mien
INFO: [ app_init ] --START--
INFO: Run Behavior\BuildLiteBehavior [ RunTime:0.000000s ]
INFO: [ app_init ] --END-- [ RunTime:0.000000s ]
INFO: [ app_begin ] --START--
INFO: Run Behavior\ReadHtmlCacheBehavior [ RunTime:0.000000s ]
INFO: [ app_begin ] --END-- [ RunTime:0.000000s ]
SQL: SHOW COLUMNS FROM `v_competitor` [ RunTime:0.0030s ]
SQL: SELECT COUNT(*) AS tp_count FROM `v_competitor` WHERE `is_pass` = 1 AND `is_delete` = 0 AND `location` = '1' LIMIT 1   [ RunTime:0.0000s ]
SQL: SELECT * FROM `v_competitor` WHERE `is_pass` = 1 AND `is_delete` = 0 AND `location` = '1' ORDER BY cid desc LIMIT 0,6   [ RunTime:0.0000s ]
INFO: [ app_end ] --START--
INFO: Run Behavior\ShowPageTraceBehavior [ RunTime:0.001000s ]
INFO: [ app_end ] --END-- [ RunTime:0.001000s ]

[ 2017-02-27T09:18:27+08:00 ] 127.0.0.1 /vote/index.php/Home/Competitor/mien
INFO: [ app_init ] --START--
INFO: Run Behavior\BuildLiteBehavior [ RunTime:0.000000s ]
INFO: [ app_init ] --END-- [ RunTime:0.001001s ]
INFO: [ app_begin ] --START--
INFO: Run Behavior\ReadHtmlCacheBehavior [ RunTime:0.000000s ]
INFO: [ app_begin ] --END-- [ RunTime:0.000000s ]
SQL: SHOW COLUMNS FROM `v_competitor` [ RunTime:0.0030s ]
SQL: SELECT COUNT(*) AS tp_count FROM `v_competitor` WHERE `is_pass` = 1 AND `is_delete` = 0 AND `location` = '1' LIMIT 1   [ RunTime:0.0000s ]
SQL: SELECT * FROM `v_competitor` WHERE `is_pass` = 1 AND `is_delete` = 0 AND `location` = '1' ORDER BY cid desc LIMIT 0,6   [ RunTime:0.0010s ]
INFO: [ app_end ] --START--
INFO: Run Behavior\ShowPageTraceBehavior [ RunTime:0.001000s ]
INFO: [ app_end ] --END-- [ RunTime:0.001000s ]

[ 2017-02-27T09:18:28+08:00 ] 127.0.0.1 /vote/index.php/Home/Competitor/mien
INFO: [ app_init ] --START--
INFO: Run Behavior\BuildLiteBehavior [ RunTime:0.001000s ]
INFO: [ app_init ] --END-- [ RunTime:0.001000s ]
INFO: [ app_begin ] --START--
INFO: Run Behavior\ReadHtmlCacheBehavior [ RunTime:0.001000s ]
INFO: [ app_begin ] --END-- [ RunTime:0.001000s ]
SQL: SHOW COLUMNS FROM `v_competitor` [ RunTime:0.0030s ]
SQL: SELECT COUNT(*) AS tp_count FROM `v_competitor` WHERE `is_pass` = 1 AND `is_delete` = 0 AND `location` = '1' LIMIT 1   [ RunTime:0.0000s ]
SQL: SELECT * FROM `v_competitor` WHERE `is_pass` = 1 AND `is_delete` = 0 AND `location` = '1' ORDER BY cid desc LIMIT 0,6   [ RunTime:0.0010s ]
INFO: [ app_end ] --START--
INFO: Run Behavior\ShowPageTraceBehavior [ RunTime:0.001000s ]
INFO: [ app_end ] --END-- [ RunTime:0.001000s ]

[ 2017-02-27T09:18:29+08:00 ] 127.0.0.1 /vote/index.php/Home/Competitor/mien
INFO: [ app_init ] --START--
INFO: Run Behavior\BuildLiteBehavior [ RunTime:0.000000s ]
INFO: [ app_init ] --END-- [ RunTime:0.000000s ]
INFO: [ app_begin ] --START--
INFO: Run Behavior\ReadHtmlCacheBehavior [ RunTime:0.000000s ]
INFO: [ app_begin ] --END-- [ RunTime:0.002000s ]
SQL: SHOW COLUMNS FROM `v_competitor` [ RunTime:0.0040s ]
SQL: SELECT COUNT(*) AS tp_count FROM `v_competitor` WHERE `is_pass` = 1 AND `is_delete` = 0 AND `location` = '1' LIMIT 1   [ RunTime:0.0010s ]
SQL: SELECT * FROM `v_competitor` WHERE `is_pass` = 1 AND `is_delete` = 0 AND `location` = '1' ORDER BY cid desc LIMIT 0,6   [ RunTime:0.0000s ]
INFO: [ app_end ] --START--
INFO: Run Behavior\ShowPageTraceBehavior [ RunTime:0.001001s ]
INFO: [ app_end ] --END-- [ RunTime:0.001001s ]

[ 2017-02-27T09:18:30+08:00 ] 127.0.0.1 /vote/index.php/Home/Competitor/mien
INFO: [ app_init ] --START--
INFO: Run Behavior\BuildLiteBehavior [ RunTime:0.000000s ]
INFO: [ app_init ] --END-- [ RunTime:0.001000s ]
INFO: [ app_begin ] --START--
INFO: Run Behavior\ReadHtmlCacheBehavior [ RunTime:0.000000s ]
INFO: [ app_begin ] --END-- [ RunTime:0.001000s ]
SQL: SHOW COLUMNS FROM `v_competitor` [ RunTime:0.0030s ]
SQL: SELECT COUNT(*) AS tp_count FROM `v_competitor` WHERE `is_pass` = 1 AND `is_delete` = 0 AND `location` = '1' LIMIT 1   [ RunTime:0.0000s ]
SQL: SELECT * FROM `v_competitor` WHERE `is_pass` = 1 AND `is_delete` = 0 AND `location` = '1' ORDER BY cid desc LIMIT 0,6   [ RunTime:0.0010s ]
INFO: [ app_end ] --START--
INFO: Run Behavior\ShowPageTraceBehavior [ RunTime:0.000000s ]
INFO: [ app_end ] --END-- [ RunTime:0.001000s ]

[ 2017-02-27T09:18:30+08:00 ] 127.0.0.1 /vote/index.php/Home/Competitor/mien
INFO: [ app_init ] --START--
INFO: Run Behavior\BuildLiteBehavior [ RunTime:0.000000s ]
INFO: [ app_init ] --END-- [ RunTime:0.001000s ]
INFO: [ app_begin ] --START--
INFO: Run Behavior\ReadHtmlCacheBehavior [ RunTime:0.001000s ]
INFO: [ app_begin ] --END-- [ RunTime:0.001000s ]
SQL: SHOW COLUMNS FROM `v_competitor` [ RunTime:0.0030s ]
SQL: SELECT COUNT(*) AS tp_count FROM `v_competitor` WHERE `is_pass` = 1 AND `is_delete` = 0 AND `location` = '1' LIMIT 1   [ RunTime:0.0000s ]
SQL: SELECT * FROM `v_competitor` WHERE `is_pass` = 1 AND `is_delete` = 0 AND `location` = '1' ORDER BY cid desc LIMIT 0,6   [ RunTime:0.0010s ]
INFO: [ app_end ] --START--
INFO: Run Behavior\ShowPageTraceBehavior [ RunTime:0.001000s ]
INFO: [ app_end ] --END-- [ RunTime:0.001000s ]

[ 2017-02-27T09:18:31+08:00 ] 127.0.0.1 /vote/index.php/Home/Competitor/mien
INFO: [ app_init ] --START--
INFO: Run Behavior\BuildLiteBehavior [ RunTime:0.000000s ]
INFO: [ app_init ] --END-- [ RunTime:0.001000s ]
INFO: [ app_begin ] --START--
INFO: Run Behavior\ReadHtmlCacheBehavior [ RunTime:0.000000s ]
INFO: [ app_begin ] --END-- [ RunTime:0.001000s ]
SQL: SHOW COLUMNS FROM `v_competitor` [ RunTime:0.0030s ]
SQL: SELECT COUNT(*) AS tp_count FROM `v_competitor` WHERE `is_pass` = 1 AND `is_delete` = 0 AND `location` = '1' LIMIT 1   [ RunTime:0.0010s ]
SQL: SELECT * FROM `v_competitor` WHERE `is_pass` = 1 AND `is_delete` = 0 AND `location` = '1' ORDER BY cid desc LIMIT 0,6   [ RunTime:0.0000s ]
INFO: [ app_end ] --START--
INFO: Run Behavior\ShowPageTraceBehavior [ RunTime:0.001000s ]
INFO: [ app_end ] --END-- [ RunTime:0.001000s ]

[ 2017-02-27T09:18:32+08:00 ] 127.0.0.1 /vote/index.php/Home/Competitor/mien
INFO: [ app_init ] --START--
INFO: Run Behavior\BuildLiteBehavior [ RunTime:0.000000s ]
INFO: [ app_init ] --END-- [ RunTime:0.001000s ]
INFO: [ app_begin ] --START--
INFO: Run Behavior\ReadHtmlCacheBehavior [ RunTime:0.000000s ]
INFO: [ app_begin ] --END-- [ RunTime:0.001000s ]
SQL: SHOW COLUMNS FROM `v_competitor` [ RunTime:0.0030s ]
SQL: SELECT COUNT(*) AS tp_count FROM `v_competitor` WHERE `is_pass` = 1 AND `is_delete` = 0 AND `location` = '1' LIMIT 1   [ RunTime:0.0000s ]
SQL: SELECT * FROM `v_competitor` WHERE `is_pass` = 1 AND `is_delete` = 0 AND `location` = '1' ORDER BY cid desc LIMIT 0,6   [ RunTime:0.0000s ]
INFO: [ app_end ] --START--
INFO: Run Behavior\ShowPageTraceBehavior [ RunTime:0.000000s ]
INFO: [ app_end ] --END-- [ RunTime:0.001001s ]

[ 2017-02-27T09:18:33+08:00 ] 127.0.0.1 /vote/index.php/Home/Competitor/mien
INFO: [ app_init ] --START--
INFO: Run Behavior\BuildLiteBehavior [ RunTime:0.000000s ]
INFO: [ app_init ] --END-- [ RunTime:0.000000s ]
INFO: [ app_begin ] --START--
INFO: Run Behavior\ReadHtmlCacheBehavior [ RunTime:0.001000s ]
INFO: [ app_begin ] --END-- [ RunTime:0.001000s ]
SQL: SHOW COLUMNS FROM `v_competitor` [ RunTime:0.0030s ]
SQL: SELECT COUNT(*) AS tp_count FROM `v_competitor` WHERE `is_pass` = 1 AND `is_delete` = 0 AND `location` = '1' LIMIT 1   [ RunTime:0.0000s ]
SQL: SELECT * FROM `v_competitor` WHERE `is_pass` = 1 AND `is_delete` = 0 AND `location` = '1' ORDER BY cid desc LIMIT 0,6   [ RunTime:0.0000s ]
INFO: [ app_end ] --START--
INFO: Run Behavior\ShowPageTraceBehavior [ RunTime:0.000000s ]
INFO: [ app_end ] --END-- [ RunTime:0.001000s ]

[ 2017-02-27T09:18:33+08:00 ] 127.0.0.1 /vote/index.php/Home/Competitor/mien
INFO: [ app_init ] --START--
INFO: Run Behavior\BuildLiteBehavior [ RunTime:0.000000s ]
INFO: [ app_init ] --END-- [ RunTime:0.000000s ]
INFO: [ app_begin ] --START--
INFO: Run Behavior\ReadHtmlCacheBehavior [ RunTime:0.001000s ]
INFO: [ app_begin ] --END-- [ RunTime:0.001000s ]
SQL: SHOW COLUMNS FROM `v_competitor` [ RunTime:0.0030s ]
SQL: SELECT COUNT(*) AS tp_count FROM `v_competitor` WHERE `is_pass` = 1 AND `is_delete` = 0 AND `location` = '1' LIMIT 1   [ RunTime:0.0000s ]
SQL: SELECT * FROM `v_competitor` WHERE `is_pass` = 1 AND `is_delete` = 0 AND `location` = '1' ORDER BY cid desc LIMIT 0,6   [ RunTime:0.0000s ]
INFO: [ app_end ] --START--
INFO: Run Behavior\ShowPageTraceBehavior [ RunTime:0.001000s ]
INFO: [ app_end ] --END-- [ RunTime:0.001000s ]

[ 2017-02-27T09:18:34+08:00 ] 127.0.0.1 /vote/index.php/Home/Competitor/mien
INFO: [ app_init ] --START--
INFO: Run Behavior\BuildLiteBehavior [ RunTime:0.000000s ]
INFO: [ app_init ] --END-- [ RunTime:0.000000s ]
INFO: [ app_begin ] --START--
INFO: Run Behavior\ReadHtmlCacheBehavior [ RunTime:0.000000s ]
INFO: [ app_begin ] --END-- [ RunTime:0.000000s ]
SQL: SHOW COLUMNS FROM `v_competitor` [ RunTime:0.0030s ]
SQL: SELECT COUNT(*) AS tp_count FROM `v_competitor` WHERE `is_pass` = 1 AND `is_delete` = 0 AND `location` = '1' LIMIT 1   [ RunTime:0.0000s ]
SQL: SELECT * FROM `v_competitor` WHERE `is_pass` = 1 AND `is_delete` = 0 AND `location` = '1' ORDER BY cid desc LIMIT 0,6   [ RunTime:0.0000s ]
INFO: [ app_end ] --START--
INFO: Run Behavior\ShowPageTraceBehavior [ RunTime:0.001001s ]
INFO: [ app_end ] --END-- [ RunTime:0.001001s ]

[ 2017-02-27T09:18:34+08:00 ] 127.0.0.1 /vote/index.php/Home/Competitor/mien
INFO: [ app_init ] --START--
INFO: Run Behavior\BuildLiteBehavior [ RunTime:0.000000s ]
INFO: [ app_init ] --END-- [ RunTime:0.001000s ]
INFO: [ app_begin ] --START--
INFO: Run Behavior\ReadHtmlCacheBehavior [ RunTime:0.001000s ]
INFO: [ app_begin ] --END-- [ RunTime:0.001000s ]
SQL: SHOW COLUMNS FROM `v_competitor` [ RunTime:0.0030s ]
SQL: SELECT COUNT(*) AS tp_count FROM `v_competitor` WHERE `is_pass` = 1 AND `is_delete` = 0 AND `location` = '1' LIMIT 1   [ RunTime:0.0000s ]
SQL: SELECT * FROM `v_competitor` WHERE `is_pass` = 1 AND `is_delete` = 0 AND `location` = '1' ORDER BY cid desc LIMIT 0,6   [ RunTime:0.0010s ]
INFO: [ app_end ] --START--
INFO: Run Behavior\ShowPageTraceBehavior [ RunTime:0.000000s ]
INFO: [ app_end ] --END-- [ RunTime:0.000000s ]

[ 2017-02-27T09:18:35+08:00 ] 127.0.0.1 /vote/index.php/Home/Competitor/mien
INFO: [ app_init ] --START--
INFO: Run Behavior\BuildLiteBehavior [ RunTime:0.000000s ]
INFO: [ app_init ] --END-- [ RunTime:0.001000s ]
INFO: [ app_begin ] --START--
INFO: Run Behavior\ReadHtmlCacheBehavior [ RunTime:0.000000s ]
INFO: [ app_begin ] --END-- [ RunTime:0.001000s ]
SQL: SHOW COLUMNS FROM `v_competitor` [ RunTime:0.0030s ]
SQL: SELECT COUNT(*) AS tp_count FROM `v_competitor` WHERE `is_pass` = 1 AND `is_delete` = 0 AND `location` = '1' LIMIT 1   [ RunTime:0.0000s ]
SQL: SELECT * FROM `v_competitor` WHERE `is_pass` = 1 AND `is_delete` = 0 AND `location` = '1' ORDER BY cid desc LIMIT 0,6   [ RunTime:0.0000s ]
INFO: [ app_end ] --START--
INFO: Run Behavior\ShowPageTraceBehavior [ RunTime:0.001000s ]
INFO: [ app_end ] --END-- [ RunTime:0.001000s ]

[ 2017-02-27T09:18:48+08:00 ] 127.0.0.1 /vote/index.php/Home/Competitor/mien
INFO: [ app_init ] --START--
INFO: Run Behavior\BuildLiteBehavior [ RunTime:0.000000s ]
INFO: [ app_init ] --END-- [ RunTime:0.001000s ]
INFO: [ app_begin ] --START--
INFO: Run Behavior\ReadHtmlCacheBehavior [ RunTime:0.000000s ]
INFO: [ app_begin ] --END-- [ RunTime:0.001000s ]
ERR: SQLSTATE[HY000] [1045] Acc√®s refus√© pour l'utilisateur: 'root'@'@localhost' (mot de passe: OUI)

[ 2017-02-27T09:19:18+08:00 ] 127.0.0.1 /vote/index.php/Home/Competitor/mien
INFO: [ app_init ] --START--
INFO: Run Behavior\BuildLiteBehavior [ RunTime:0.000000s ]
INFO: [ app_init ] --END-- [ RunTime:0.001000s ]
INFO: [ app_begin ] --START--
INFO: Run Behavior\ReadHtmlCacheBehavior [ RunTime:0.001000s ]
INFO: [ app_begin ] --END-- [ RunTime:0.001000s ]
SQL: SHOW COLUMNS FROM `v_competitor` [ RunTime:0.0030s ]
INFO: [ app_end ] --START--
INFO: Run Behavior\ShowPageTraceBehavior [ RunTime:0.000000s ]
INFO: [ app_end ] --END-- [ RunTime:0.001000s ]

[ 2017-02-27T09:19:39+08:00 ] 127.0.0.1 /vote/index.php/Home/Competitor/mien
INFO: [ app_init ] --START--
INFO: Run Behavior\BuildLiteBehavior [ RunTime:0.000000s ]
INFO: [ app_init ] --END-- [ RunTime:0.001000s ]
INFO: [ app_begin ] --START--
INFO: Run Behavior\ReadHtmlCacheBehavior [ RunTime:0.001000s ]
INFO: [ app_begin ] --END-- [ RunTime:0.001000s ]
SQL: SHOW COLUMNS FROM `v_competitor` [ RunTime:0.0030s ]
INFO: [ app_end ] --START--
INFO: Run Behavior\ShowPageTraceBehavior [ RunTime:0.001000s ]
INFO: [ app_end ] --END-- [ RunTime:0.001000s ]

[ 2017-02-27T09:19:40+08:00 ] 127.0.0.1 /vote/index.php/Home/Competitor/mien
INFO: [ app_init ] --START--
INFO: Run Behavior\BuildLiteBehavior [ RunTime:0.000000s ]
INFO: [ app_init ] --END-- [ RunTime:0.000000s ]
INFO: [ app_begin ] --START--
INFO: Run Behavior\ReadHtmlCacheBehavior [ RunTime:0.001001s ]
INFO: [ app_begin ] --END-- [ RunTime:0.001001s ]
SQL: SHOW COLUMNS FROM `v_competitor` [ RunTime:0.0030s ]
INFO: [ app_end ] --START--
INFO: Run Behavior\ShowPageTraceBehavior [ RunTime:0.001000s ]
INFO: [ app_end ] --END-- [ RunTime:0.001000s ]

[ 2017-02-27T09:19:41+08:00 ] 127.0.0.1 /vote/index.php/Home/Competitor/mien
INFO: [ app_init ] --START--
INFO: Run Behavior\BuildLiteBehavior [ RunTime:0.000000s ]
INFO: [ app_init ] --END-- [ RunTime:0.001000s ]
INFO: [ app_begin ] --START--
INFO: Run Behavior\ReadHtmlCacheBehavior [ RunTime:0.000000s ]
INFO: [ app_begin ] --END-- [ RunTime:0.000000s ]
SQL: SHOW COLUMNS FROM `v_competitor` [ RunTime:0.0040s ]
INFO: [ app_end ] --START--
INFO: Run Behavior\ShowPageTraceBehavior [ RunTime:0.001000s ]
INFO: [ app_end ] --END-- [ RunTime:0.001000s ]

[ 2017-02-27T09:19:49+08:00 ] 127.0.0.1 /vote/index.php/Home/Competitor/mien
INFO: [ app_init ] --START--
INFO: Run Behavior\BuildLiteBehavior [ RunTime:0.000000s ]
INFO: [ app_init ] --END-- [ RunTime:0.001000s ]
INFO: [ app_begin ] --START--
INFO: Run Behavior\ReadHtmlCacheBehavior [ RunTime:0.000000s ]
INFO: [ app_begin ] --END-- [ RunTime:0.000000s ]
ERR: SQLSTATE[HY000] [1045] Acc√®s refus√© pour l'utilisateur: 'root'@'@localhost' (mot de passe: OUI)

[ 2017-02-27T09:20:10+08:00 ] 127.0.0.1 /vote/index.php/Home/Competitor/mien
INFO: [ app_init ] --START--
INFO: Run Behavior\BuildLiteBehavior [ RunTime:0.000000s ]
INFO: [ app_init ] --END-- [ RunTime:0.002000s ]
INFO: [ app_begin ] --START--
INFO: Run Behavior\ReadHtmlCacheBehavior [ RunTime:0.001001s ]
INFO: [ app_begin ] --END-- [ RunTime:0.001001s ]
SQL: SHOW COLUMNS FROM `v_competitor` [ RunTime:0.0030s ]
NOTIC: [4096] Object of class stdClass could not be converted to string F:\website\vote\Application\Home\Model\CompetitorModel.class.php Á¨¨ 65 Ë°å.

[ 2017-02-27T09:21:15+08:00 ] 127.0.0.1 /vote/index.php/Home/Competitor/mien
INFO: [ app_init ] --START--
INFO: Run Behavior\BuildLiteBehavior [ RunTime:0.000000s ]
INFO: [ app_init ] --END-- [ RunTime:0.001001s ]
INFO: [ app_begin ] --START--
INFO: Run Behavior\ReadHtmlCacheBehavior [ RunTime:0.001000s ]
INFO: [ app_begin ] --END-- [ RunTime:0.001000s ]
SQL: SHOW COLUMNS FROM `v_competitor` [ RunTime:0.0050s ]
NOTIC: [4096] Object of class stdClass could not be converted to string F:\website\vote\Application\Home\Model\CompetitorModel.class.php Á¨¨ 65 Ë°å.

[ 2017-02-27T09:21:16+08:00 ] 127.0.0.1 /vote/index.php/Home/Competitor/mien
INFO: [ app_init ] --START--
INFO: Run Behavior\BuildLiteBehavior [ RunTime:0.000000s ]
INFO: [ app_init ] --END-- [ RunTime:0.001000s ]
INFO: [ app_begin ] --START--
INFO: Run Behavior\ReadHtmlCacheBehavior [ RunTime:0.001000s ]
INFO: [ app_begin ] --END-- [ RunTime:0.001000s ]
SQL: SHOW COLUMNS FROM `v_competitor` [ RunTime:0.0030s ]
NOTIC: [4096] Object of class stdClass could not be converted to string F:\website\vote\Application\Home\Model\CompetitorModel.class.php Á¨¨ 65 Ë°å.

[ 2017-02-27T09:22:11+08:00 ] 127.0.0.1 /vote/index.php/Home/Competitor/mien
INFO: [ app_init ] --START--
INFO: Run Behavior\BuildLiteBehavior [ RunTime:0.000000s ]
INFO: [ app_init ] --END-- [ RunTime:0.001000s ]
INFO: [ app_begin ] --START--
INFO: Run Behavior\ReadHtmlCacheBehavior [ RunTime:0.001001s ]
INFO: [ app_begin ] --END-- [ RunTime:0.001001s ]
SQL: SHOW COLUMNS FROM `v_competitor` [ RunTime:0.0030s ]
INFO: [ app_end ] --START--
INFO: Run Behavior\ShowPageTraceBehavior [ RunTime:0.001000s ]
INFO: [ app_end ] --END-- [ RunTime:0.001000s ]

[ 2017-02-27T09:22:43+08:00 ] 127.0.0.1 /vote/index.php/Home/Competitor/mien
INFO: [ app_init ] --START--
INFO: Run Behavior\BuildLiteBehavior [ RunTime:0.000000s ]
INFO: [ app_init ] --END-- [ RunTime:0.000000s ]
INFO: [ app_begin ] --START--
INFO: Run Behavior\ReadHtmlCacheBehavior [ RunTime:0.004001s ]
INFO: [ app_begin ] --END-- [ RunTime:0.004001s ]
SQL: SHOW COLUMNS FROM `v_competitor` [ RunTime:0.0040s ]
NOTIC: [4096] Object of class stdClass could not be converted to string F:\website\vote\Application\Home\Model\CompetitorModel.class.php Á¨¨ 65 Ë°å.

[ 2017-02-27T09:24:51+08:00 ] 127.0.0.1 /vote/index.php/Home/Competitor/test
INFO: [ app_init ] --START--
INFO: Run Behavior\BuildLiteBehavior [ RunTime:0.000000s ]
INFO: [ app_init ] --END-- [ RunTime:0.001000s ]
INFO: [ app_begin ] --START--
INFO: Run Behavior\ReadHtmlCacheBehavior [ RunTime:0.001000s ]
INFO: [ app_begin ] --END-- [ RunTime:0.001000s ]
NOTIC: [4096] Object of class stdClass could not be converted to string F:\website\vote\Application\Home\Controller\CompetitorController.class.php Á¨¨ 165 Ë°å.
INFO: [ app_end ] --START--
INFO: Run Behavior\ShowPageTraceBehavior [ RunTime:0.000000s ]
INFO: [ app_end ] --END-- [ RunTime:0.001000s ]

[ 2017-02-27T09:25:36+08:00 ] 127.0.0.1 /vote/index.php/Home/Competitor/test
INFO: [ app_init ] --START--
INFO: Run Behavior\BuildLiteBehavior [ RunTime:0.000000s ]
INFO: [ app_init ] --END-- [ RunTime:0.001000s ]
INFO: [ app_begin ] --START--
INFO: Run Behavior\ReadHtmlCacheBehavior [ RunTime:0.001000s ]
INFO: [ app_begin ] --END-- [ RunTime:0.001000s ]
NOTIC: [4096] Object of class stdClass could not be converted to string F:\website\vote\Application\Home\Controller\CompetitorController.class.php Á¨¨ 166 Ë°å.
INFO: [ app_end ] --START--
INFO: Run Behavior\ShowPageTraceBehavior [ RunTime:0.001000s ]
INFO: [ app_end ] --END-- [ RunTime:0.001000s ]

[ 2017-02-27T09:33:49+08:00 ] 127.0.0.1 /vote/index.php/Home/Competitor/test
INFO: [ app_init ] --START--
INFO: Run Behavior\BuildLiteBehavior [ RunTime:0.000000s ]
INFO: [ app_init ] --END-- [ RunTime:0.000000s ]
INFO: [ app_begin ] --START--
INFO: Run Behavior\ReadHtmlCacheBehavior [ RunTime:0.000000s ]
INFO: [ app_begin ] --END-- [ RunTime:0.000000s ]
NOTIC: [4096] Object of class stdClass could not be converted to string F:\website\vote\Application\Home\Controller\CompetitorController.class.php Á¨¨ 165 Ë°å.
INFO: [ app_end ] --START--
INFO: Run Behavior\ShowPageTraceBehavior [ RunTime:0.001000s ]
INFO: [ app_end ] --END-- [ RunTime:0.001000s ]

[ 2017-02-27T09:35:10+08:00 ] 127.0.0.1 /vote/index.php/Home/Competitor/test
INFO: [ app_init ] --START--
INFO: Run Behavior\BuildLiteBehavior [ RunTime:0.000000s ]
INFO: [ app_init ] --END-- [ RunTime:0.001000s ]
INFO: [ app_begin ] --START--
INFO: Run Behavior\ReadHtmlCacheBehavior [ RunTime:0.001000s ]
INFO: [ app_begin ] --END-- [ RunTime:0.001000s ]
INFO: [ app_end ] --START--
INFO: Run Behavior\ShowPageTraceBehavior [ RunTime:0.001000s ]
INFO: [ app_end ] --END-- [ RunTime:0.001000s ]

[ 2017-02-27T09:35:39+08:00 ] 127.0.0.1 /vote/index.php/Home/Competitor/test
INFO: [ app_init ] --START--
INFO: Run Behavior\BuildLiteBehavior [ RunTime:0.000000s ]
INFO: [ app_init ] --END-- [ RunTime:0.000000s ]
INFO: [ app_begin ] --START--
INFO: Run Behavior\ReadHtmlCacheBehavior [ RunTime:0.001000s ]
INFO: [ app_begin ] --END-- [ RunTime:0.001000s ]
NOTIC: [4096] Object of class stdClass could not be converted to string F:\website\vote\Application\Home\Controller\CompetitorController.class.php Á¨¨ 165 Ë°å.
INFO: [ app_end ] --START--
INFO: Run Behavior\ShowPageTraceBehavior [ RunTime:0.000000s ]
INFO: [ app_end ] --END-- [ RunTime:0.001000s ]

[ 2017-02-27T09:35:53+08:00 ] 127.0.0.1 /vote/index.php/Home/Competitor/test
INFO: [ app_init ] --START--
INFO: Run Behavior\BuildLiteBehavior [ RunTime:0.001000s ]
INFO: [ app_init ] --END-- [ RunTime:0.001000s ]
INFO: [ app_begin ] --START--
INFO: Run Behavior\ReadHtmlCacheBehavior [ RunTime:0.001000s ]
INFO: [ app_begin ] --END-- [ RunTime:0.001000s ]
NOTIC: [4096] Object of class stdClass could not be converted to string F:\website\vote\Application\Home\Controller\CompetitorController.class.php Á¨¨ 165 Ë°å.
INFO: [ app_end ] --START--
INFO: Run Behavior\ShowPageTraceBehavior [ RunTime:0.001000s ]
INFO: [ app_end ] --END-- [ RunTime:0.002000s ]

[ 2017-02-27T09:36:19+08:00 ] 127.0.0.1 /vote/index.php/Home/Competitor/test
INFO: [ app_init ] --START--
INFO: Run Behavior\BuildLiteBehavior [ RunTime:0.001000s ]
INFO: [ app_init ] --END-- [ RunTime:0.001000s ]
INFO: [ app_begin ] --START--
INFO: Run Behavior\ReadHtmlCacheBehavior [ RunTime:0.001000s ]
INFO: [ app_begin ] --END-- [ RunTime:0.001000s ]
NOTIC: [4096] Object of class stdClass could not be converted to string F:\website\vote\Application\Home\Controller\CompetitorController.class.php Á¨¨ 165 Ë°å.
INFO: [ app_end ] --START--
INFO: Run Behavior\ShowPageTraceBehavior [ RunTime:0.001000s ]
INFO: [ app_end ] --END-- [ RunTime:0.001000s ]

[ 2017-02-27T09:36:27+08:00 ] 127.0.0.1 /vote/index.php/Home/Competitor/test
INFO: [ app_init ] --START--
INFO: Run Behavior\BuildLiteBehavior [ RunTime:0.000000s ]
INFO: [ app_init ] --END-- [ RunTime:0.000000s ]
INFO: [ app_begin ] --START--
INFO: Run Behavior\ReadHtmlCacheBehavior [ RunTime:0.000000s ]
INFO: [ app_begin ] --END-- [ RunTime:0.000000s ]
NOTIC: [4096] Object of class stdClass could not be converted to string F:\website\vote\Application\Home\Controller\CompetitorController.class.php Á¨¨ 165 Ë°å.
INFO: [ app_end ] --START--
INFO: Run Behavior\ShowPageTraceBehavior [ RunTime:0.001000s ]
INFO: [ app_end ] --END-- [ RunTime:0.001000s ]

[ 2017-02-27T09:37:01+08:00 ] 127.0.0.1 /vote/index.php/Home/Competitor/test
INFO: [ app_init ] --START--
INFO: Run Behavior\BuildLiteBehavior [ RunTime:0.000000s ]
INFO: [ app_init ] --END-- [ RunTime:0.001000s ]
INFO: [ app_begin ] --START--
INFO: Run Behavior\ReadHtmlCacheBehavior [ RunTime:0.000000s ]
INFO: [ app_begin ] --END-- [ RunTime:0.000000s ]
NOTIC: [4096] Object of class stdClass could not be converted to string F:\website\vote\Application\Home\Controller\CompetitorController.class.php Á¨¨ 165 Ë°å.
INFO: [ app_end ] --START--
INFO: Run Behavior\ShowPageTraceBehavior [ RunTime:0.001000s ]
INFO: [ app_end ] --END-- [ RunTime:0.001000s ]

[ 2017-02-27T09:39:12+08:00 ] 127.0.0.1 /vote/index.php/Home/Competitor/test
INFO: [ app_init ] --START--
INFO: Run Behavior\BuildLiteBehavior [ RunTime:0.000000s ]
INFO: [ app_init ] --END-- [ RunTime:0.001000s ]
INFO: [ app_begin ] --START--
INFO: Run Behavior\ReadHtmlCacheBehavior [ RunTime:0.001000s ]
INFO: [ app_begin ] --END-- [ RunTime:0.001000s ]
NOTIC: [4096] Object of class stdClass could not be converted to string F:\website\vote\Application\Home\Controller\CompetitorController.class.php Á¨¨ 165 Ë°å.
INFO: [ app_end ] --START--
INFO: Run Behavior\ShowPageTraceBehavior [ RunTime:0.001001s ]
INFO: [ app_end ] --END-- [ RunTime:0.001001s ]

[ 2017-02-27T09:40:45+08:00 ] 127.0.0.1 /vote/index.php/Home/Competitor/test
INFO: [ app_init ] --START--
INFO: Run Behavior\BuildLiteBehavior [ RunTime:0.000000s ]
INFO: [ app_init ] --END-- [ RunTime:0.001000s ]
INFO: [ app_begin ] --START--
INFO: Run Behavior\ReadHtmlCacheBehavior [ RunTime:0.000000s ]
INFO: [ app_begin ] --END-- [ RunTime:0.001000s ]
NOTIC: [4096] Object of class stdClass could not be converted to string F:\website\vote\Application\Home\Controller\CompetitorController.class.php Á¨¨ 165 Ë°å.
INFO: [ app_end ] --START--
INFO: Run Behavior\ShowPageTraceBehavior [ RunTime:0.000000s ]
INFO: [ app_end ] --END-- [ RunTime:0.001000s ]

[ 2017-02-27T09:41:15+08:00 ] 127.0.0.1 /vote/index.php/Home/Competitor/test
INFO: [ app_init ] --START--
INFO: Run Behavior\BuildLiteBehavior [ RunTime:0.000000s ]
INFO: [ app_init ] --END-- [ RunTime:0.000000s ]
INFO: [ app_begin ] --START--
INFO: Run Behavior\ReadHtmlCacheBehavior [ RunTime:0.001000s ]
INFO: [ app_begin ] --END-- [ RunTime:0.001000s ]
NOTIC: [4096] Object of class stdClass could not be converted to string F:\website\vote\Application\Home\Controller\CompetitorController.class.php Á¨¨ 165 Ë°å.
INFO: [ app_end ] --START--
INFO: Run Behavior\ShowPageTraceBehavior [ RunTime:0.001000s ]
INFO: [ app_end ] --END-- [ RunTime:0.002000s ]

[ 2017-02-27T09:41:24+08:00 ] 127.0.0.1 /vote/index.php/Home/Competitor/test
INFO: [ app_init ] --START--
INFO: Run Behavior\BuildLiteBehavior [ RunTime:0.000000s ]
INFO: [ app_init ] --END-- [ RunTime:0.001000s ]
INFO: [ app_begin ] --START--
INFO: Run Behavior\ReadHtmlCacheBehavior [ RunTime:0.001000s ]
INFO: [ app_begin ] --END-- [ RunTime:0.001000s ]
NOTIC: [4096] Object of class stdClass could not be converted to string F:\website\vote\Application\Home\Controller\CompetitorController.class.php Á¨¨ 165 Ë°å.
INFO: [ app_end ] --START--
INFO: Run Behavior\ShowPageTraceBehavior [ RunTime:0.001001s ]
INFO: [ app_end ] --END-- [ RunTime:0.001001s ]

[ 2017-02-27T09:41:25+08:00 ] 127.0.0.1 /vote/index.php/Home/Competitor/test
INFO: [ app_init ] --START--
INFO: Run Behavior\BuildLiteBehavior [ RunTime:0.001000s ]
INFO: [ app_init ] --END-- [ RunTime:0.001000s ]
INFO: [ app_begin ] --START--
INFO: Run Behavior\ReadHtmlCacheBehavior [ RunTime:0.000000s ]
INFO: [ app_begin ] --END-- [ RunTime:0.001000s ]
NOTIC: [4096] Object of class stdClass could not be converted to string F:\website\vote\Application\Home\Controller\CompetitorController.class.php Á¨¨ 165 Ë°å.
INFO: [ app_end ] --START--
INFO: Run Behavior\ShowPageTraceBehavior [ RunTime:0.001000s ]
INFO: [ app_end ] --END-- [ RunTime:0.001000s ]

[ 2017-02-27T09:41:26+08:00 ] 127.0.0.1 /vote/index.php/Home/Competitor/test
INFO: [ app_init ] --START--
INFO: Run Behavior\BuildLiteBehavior [ RunTime:0.000000s ]
INFO: [ app_init ] --END-- [ RunTime:0.000000s ]
INFO: [ app_begin ] --START--
INFO: Run Behavior\ReadHtmlCacheBehavior [ RunTime:0.000000s ]
INFO: [ app_begin ] --END-- [ RunTime:0.000000s ]
NOTIC: [4096] Object of class stdClass could not be converted to string F:\website\vote\Application\Home\Controller\CompetitorController.class.php Á¨¨ 165 Ë°å.
INFO: [ app_end ] --START--
INFO: Run Behavior\ShowPageTraceBehavior [ RunTime:0.001000s ]
INFO: [ app_end ] --END-- [ RunTime:0.001000s ]

[ 2017-02-27T09:41:26+08:00 ] 127.0.0.1 /vote/index.php/Home/Competitor/test
INFO: [ app_init ] --START--
INFO: Run Behavior\BuildLiteBehavior [ RunTime:0.000000s ]
INFO: [ app_init ] --END-- [ RunTime:0.000000s ]
INFO: [ app_begin ] --START--
INFO: Run Behavior\ReadHtmlCacheBehavior [ RunTime:0.000000s ]
INFO: [ app_begin ] --END-- [ RunTime:0.001000s ]
NOTIC: [4096] Object of class stdClass could not be converted to string F:\website\vote\Application\Home\Controller\CompetitorController.class.php Á¨¨ 165 Ë°å.
INFO: [ app_end ] --START--
INFO: Run Behavior\ShowPageTraceBehavior [ RunTime:0.001000s ]
INFO: [ app_end ] --END-- [ RunTime:0.001000s ]

[ 2017-02-27T09:41:27+08:00 ] 127.0.0.1 /vote/index.php/Home/Competitor/test
INFO: [ app_init ] --START--
INFO: Run Behavior\BuildLiteBehavior [ RunTime:0.000000s ]
INFO: [ app_init ] --END-- [ RunTime:0.001000s ]
INFO: [ app_begin ] --START--
INFO: Run Behavior\ReadHtmlCacheBehavior [ RunTime:0.001000s ]
INFO: [ app_begin ] --END-- [ RunTime:0.001000s ]
NOTIC: [4096] Object of class stdClass could not be converted to string F:\website\vote\Application\Home\Controller\CompetitorController.class.php Á¨¨ 165 Ë°å.
INFO: [ app_end ] --START--
INFO: Run Behavior\ShowPageTraceBehavior [ RunTime:0.001000s ]
INFO: [ app_end ] --END-- [ RunTime:0.001000s ]

[ 2017-02-27T09:41:27+08:00 ] 127.0.0.1 /vote/index.php/Home/Competitor/test
INFO: [ app_init ] --START--
INFO: Run Behavior\BuildLiteBehavior [ RunTime:0.000000s ]
INFO: [ app_init ] --END-- [ RunTime:0.001000s ]
INFO: [ app_begin ] --START--
INFO: Run Behavior\ReadHtmlCacheBehavior [ RunTime:0.001001s ]
INFO: [ app_begin ] --END-- [ RunTime:0.001001s ]
NOTIC: [4096] Object of class stdClass could not be converted to string F:\website\vote\Application\Home\Controller\CompetitorController.class.php Á¨¨ 165 Ë°å.
INFO: [ app_end ] --START--
INFO: Run Behavior\ShowPageTraceBehavior [ RunTime:0.001000s ]
INFO: [ app_end ] --END-- [ RunTime:0.001000s ]

[ 2017-02-27T09:41:52+08:00 ] 127.0.0.1 /vote/index.php/Home/Competitor/test
INFO: [ app_init ] --START--
INFO: Run Behavior\BuildLiteBehavior [ RunTime:0.000000s ]
INFO: [ app_init ] --END-- [ RunTime:0.001000s ]
INFO: [ app_begin ] --START--
INFO: Run Behavior\ReadHtmlCacheBehavior [ RunTime:0.000000s ]
INFO: [ app_begin ] --END-- [ RunTime:0.000000s ]
NOTIC: [4096] Object of class stdClass could not be converted to string F:\website\vote\Application\Home\Controller\CompetitorController.class.php Á¨¨ 165 Ë°å.
INFO: [ app_end ] --START--
INFO: Run Behavior\ShowPageTraceBehavior [ RunTime:0.001000s ]
INFO: [ app_end ] --END-- [ RunTime:0.001000s ]

[ 2017-02-27T09:42:22+08:00 ] 127.0.0.1 /vote/index.php/Home/Competitor/test
INFO: [ app_init ] --START--
INFO: Run Behavior\BuildLiteBehavior [ RunTime:0.000000s ]
INFO: [ app_init ] --END-- [ RunTime:0.001000s ]
INFO: [ app_begin ] --START--
INFO: Run Behavior\ReadHtmlCacheBehavior [ RunTime:0.000000s ]
INFO: [ app_begin ] --END-- [ RunTime:0.000000s ]
NOTIC: [4096] Object of class stdClass could not be converted to string F:\website\vote\Application\Home\Controller\CompetitorController.class.php Á¨¨ 165 Ë°å.
INFO: [ app_end ] --START--
INFO: Run Behavior\ShowPageTraceBehavior [ RunTime:0.000000s ]
INFO: [ app_end ] --END-- [ RunTime:0.001000s ]

[ 2017-02-27T09:42:48+08:00 ] 127.0.0.1 /vote/index.php/Home/Competitor/test
INFO: [ app_init ] --START--
INFO: Run Behavior\BuildLiteBehavior [ RunTime:0.000000s ]
INFO: [ app_init ] --END-- [ RunTime:0.001001s ]
INFO: [ app_begin ] --START--
INFO: Run Behavior\ReadHtmlCacheBehavior [ RunTime:0.001000s ]
INFO: [ app_begin ] --END-- [ RunTime:0.001000s ]
NOTIC: [4096] Object of class stdClass could not be converted to string F:\website\vote\Application\Home\Controller\CompetitorController.class.php Á¨¨ 165 Ë°å.
INFO: [ app_end ] --START--
INFO: Run Behavior\ShowPageTraceBehavior [ RunTime:0.001000s ]
INFO: [ app_end ] --END-- [ RunTime:0.001000s ]

[ 2017-02-27T09:42:53+08:00 ] 127.0.0.1 /vote/index.php/Home/Competitor/mien
INFO: [ app_init ] --START--
INFO: Run Behavior\BuildLiteBehavior [ RunTime:0.000000s ]
INFO: [ app_init ] --END-- [ RunTime:0.000000s ]
INFO: [ app_begin ] --START--
INFO: Run Behavior\ReadHtmlCacheBehavior [ RunTime:0.000000s ]
INFO: [ app_begin ] --END-- [ RunTime:0.001000s ]
SQL: SHOW COLUMNS FROM `v_competitor` [ RunTime:0.0040s ]

[ 2017-02-27T09:43:01+08:00 ] 127.0.0.1 /vote/index.php/Home/Competitor/mien
INFO: [ app_init ] --START--
INFO: Run Behavior\BuildLiteBehavior [ RunTime:0.000000s ]
INFO: [ app_init ] --END-- [ RunTime:0.001000s ]
INFO: [ app_begin ] --START--
INFO: Run Behavior\ReadHtmlCacheBehavior [ RunTime:0.001000s ]
INFO: [ app_begin ] --END-- [ RunTime:0.001000s ]
SQL: SHOW COLUMNS FROM `v_competitor` [ RunTime:0.0020s ]
INFO: [ app_end ] --START--
INFO: Run Behavior\ShowPageTraceBehavior [ RunTime:0.001000s ]
INFO: [ app_end ] --END-- [ RunTime:0.002000s ]

[ 2017-02-27T09:43:02+08:00 ] 127.0.0.1 /vote/index.php/Home/Competitor/mien
INFO: [ app_init ] --START--
INFO: Run Behavior\BuildLiteBehavior [ RunTime:0.000000s ]
INFO: [ app_init ] --END-- [ RunTime:0.000000s ]
INFO: [ app_begin ] --START--
INFO: Run Behavior\ReadHtmlCacheBehavior [ RunTime:0.001000s ]
INFO: [ app_begin ] --END-- [ RunTime:0.001000s ]
SQL: SHOW COLUMNS FROM `v_competitor` [ RunTime:0.0030s ]
INFO: [ app_end ] --START--
INFO: Run Behavior\ShowPageTraceBehavior [ RunTime:0.000000s ]
INFO: [ app_end ] --END-- [ RunTime:0.001000s ]

[ 2017-02-27T09:43:03+08:00 ] 127.0.0.1 /vote/index.php/Home/Competitor/mien
INFO: [ app_init ] --START--
INFO: Run Behavior\BuildLiteBehavior [ RunTime:0.000000s ]
INFO: [ app_init ] --END-- [ RunTime:0.001000s ]
INFO: [ app_begin ] --START--
INFO: Run Behavior\ReadHtmlCacheBehavior [ RunTime:0.001000s ]
INFO: [ app_begin ] --END-- [ RunTime:0.001000s ]
SQL: SHOW COLUMNS FROM `v_competitor` [ RunTime:0.0030s ]
INFO: [ app_end ] --START--
INFO: Run Behavior\ShowPageTraceBehavior [ RunTime:0.000000s ]
INFO: [ app_end ] --END-- [ RunTime:0.001000s ]

[ 2017-02-27T09:43:03+08:00 ] 127.0.0.1 /vote/index.php/Home/Competitor/mien
INFO: [ app_init ] --START--
INFO: Run Behavior\BuildLiteBehavior [ RunTime:0.000000s ]
INFO: [ app_init ] --END-- [ RunTime:0.001001s ]
INFO: [ app_begin ] --START--
INFO: Run Behavior\ReadHtmlCacheBehavior [ RunTime:0.000000s ]
INFO: [ app_begin ] --END-- [ RunTime:0.000000s ]
SQL: SHOW COLUMNS FROM `v_competitor` [ RunTime:0.0040s ]
INFO: [ app_end ] --START--
INFO: Run Behavior\ShowPageTraceBehavior [ RunTime:0.000000s ]
INFO: [ app_end ] --END-- [ RunTime:0.001000s ]

[ 2017-02-27T09:43:03+08:00 ] 127.0.0.1 /vote/index.php/Home/Competitor/mien
INFO: [ app_init ] --START--
INFO: Run Behavior\BuildLiteBehavior [ RunTime:0.000000s ]
INFO: [ app_init ] --END-- [ RunTime:0.000000s ]
INFO: [ app_begin ] --START--
INFO: Run Behavior\ReadHtmlCacheBehavior [ RunTime:0.001000s ]
INFO: [ app_begin ] --END-- [ RunTime:0.001000s ]
SQL: SHOW COLUMNS FROM `v_competitor` [ RunTime:0.0030s ]
INFO: [ app_end ] --START--
INFO: Run Behavior\ShowPageTraceBehavior [ RunTime:0.001000s ]
INFO: [ app_end ] --END-- [ RunTime:0.001000s ]

[ 2017-02-27T09:43:04+08:00 ] 127.0.0.1 /vote/index.php/Home/Competitor/mien
INFO: [ app_init ] --START--
INFO: Run Behavior\BuildLiteBehavior [ RunTime:0.000000s ]
INFO: [ app_init ] --END-- [ RunTime:0.000000s ]
INFO: [ app_begin ] --START--
INFO: Run Behavior\ReadHtmlCacheBehavior [ RunTime:0.001000s ]
INFO: [ app_begin ] --END-- [ RunTime:0.001000s ]
SQL: SHOW COLUMNS FROM `v_competitor` [ RunTime:0.0030s ]
INFO: [ app_end ] --START--
INFO: Run Behavior\ShowPageTraceBehavior [ RunTime:0.000000s ]
INFO: [ app_end ] --END-- [ RunTime:0.001000s ]

[ 2017-02-27T09:43:10+08:00 ] 127.0.0.1 /vote/index.php/Home/Competitor/mien
INFO: [ app_init ] --START--
INFO: Run Behavior\BuildLiteBehavior [ RunTime:0.000000s ]
INFO: [ app_init ] --END-- [ RunTime:0.000000s ]
INFO: [ app_begin ] --START--
INFO: Run Behavior\ReadHtmlCacheBehavior [ RunTime:0.001000s ]
INFO: [ app_begin ] --END-- [ RunTime:0.001000s ]
ERR: SQLSTATE[HY000] [1045] Acc√®s refus√© pour l'utilisateur: 'root'@'@localhost' (mot de passe: OUI)

[ 2017-02-27T09:43:27+08:00 ] 127.0.0.1 /vote/index.php/Home/Competitor/mien
INFO: [ app_init ] --START--
INFO: Run Behavior\BuildLiteBehavior [ RunTime:0.000000s ]
INFO: [ app_init ] --END-- [ RunTime:0.001000s ]
INFO: [ app_begin ] --START--
INFO: Run Behavior\ReadHtmlCacheBehavior [ RunTime:0.000000s ]
INFO: [ app_begin ] --END-- [ RunTime:0.001000s ]
SQL: SHOW COLUMNS FROM `v_competitor` [ RunTime:0.0040s ]
INFO: [ app_end ] --START--
INFO: Run Behavior\ShowPageTraceBehavior [ RunTime:0.001000s ]
INFO: [ app_end ] --END-- [ RunTime:0.001000s ]

[ 2017-02-27T09:43:42+08:00 ] 127.0.0.1 /vote/index.php/Home/Competitor/mien
INFO: [ app_init ] --START--
INFO: Run Behavior\BuildLiteBehavior [ RunTime:0.000000s ]
INFO: [ app_init ] --END-- [ RunTime:0.000000s ]
INFO: [ app_begin ] --START--
INFO: Run Behavior\ReadHtmlCacheBehavior [ RunTime:0.001000s ]
INFO: [ app_begin ] --END-- [ RunTime:0.001000s ]
SQL: SHOW COLUMNS FROM `v_competitor` [ RunTime:0.0030s ]
INFO: [ app_end ] --START--
INFO: Run Behavior\ShowPageTraceBehavior [ RunTime:0.000000s ]
INFO: [ app_end ] --END-- [ RunTime:0.002000s ]

[ 2017-02-27T09:43:50+08:00 ] 127.0.0.1 /vote/index.php/Home/Competitor/mien
INFO: [ app_init ] --START--
INFO: Run Behavior\BuildLiteBehavior [ RunTime:0.001000s ]
INFO: [ app_init ] --END-- [ RunTime:0.001000s ]
INFO: [ app_begin ] --START--
INFO: Run Behavior\ReadHtmlCacheBehavior [ RunTime:0.002000s ]
INFO: [ app_begin ] --END-- [ RunTime:0.002000s ]
ERR: SQLSTATE[HY000] [1045] Acc√®s refus√© pour l'utilisateur: 'root'@'@localhost' (mot de passe: OUI)

[ 2017-02-27T09:43:55+08:00 ] 127.0.0.1 /vote/index.php/Home/Competitor/mien
INFO: [ app_init ] --START--
INFO: Run Behavior\BuildLiteBehavior [ RunTime:0.000000s ]
INFO: [ app_init ] --END-- [ RunTime:0.001000s ]
INFO: [ app_begin ] --START--
INFO: Run Behavior\ReadHtmlCacheBehavior [ RunTime:0.001000s ]
INFO: [ app_begin ] --END-- [ RunTime:0.001000s ]
SQL: SHOW COLUMNS FROM `v_competitor` [ RunTime:0.0030s ]
INFO: [ app_end ] --START--
INFO: Run Behavior\ShowPageTraceBehavior [ RunTime:0.000000s ]
INFO: [ app_end ] --END-- [ RunTime:0.001000s ]

[ 2017-02-27T09:44:06+08:00 ] 127.0.0.1 /vote/index.php/Home/Competitor/mien
INFO: [ app_init ] --START--
INFO: Run Behavior\BuildLiteBehavior [ RunTime:0.000000s ]
INFO: [ app_init ] --END-- [ RunTime:0.001000s ]
INFO: [ app_begin ] --START--
INFO: Run Behavior\ReadHtmlCacheBehavior [ RunTime:0.001000s ]
INFO: [ app_begin ] --END-- [ RunTime:0.001000s ]
ERR: SQLSTATE[HY000] [2002] ”…”⁄ƒø±Íº∆À„ª˙ª˝º´æ‹æ¯£¨Œﬁ∑®¡¨Ω”°£


[ 2017-02-27T09:44:34+08:00 ] 127.0.0.1 /vote/index.php/Home/Competitor/mien
INFO: [ app_init ] --START--
INFO: Run Behavior\BuildLiteBehavior [ RunTime:0.000000s ]
INFO: [ app_init ] --END-- [ RunTime:0.001000s ]
INFO: [ app_begin ] --START--
INFO: Run Behavior\ReadHtmlCacheBehavior [ RunTime:0.000000s ]
INFO: [ app_begin ] --END-- [ RunTime:0.000000s ]
SQL: SHOW COLUMNS FROM `v_competitor` [ RunTime:0.1160s ]
INFO: [ app_end ] --START--
INFO: Run Behavior\ShowPageTraceBehavior [ RunTime:0.000000s ]
INFO: [ app_end ] --END-- [ RunTime:0.001000s ]

[ 2017-02-27T09:45:13+08:00 ] 127.0.0.1 /vote/index.php/Home/Competitor/mien
INFO: [ app_init ] --START--
INFO: Run Behavior\BuildLiteBehavior [ RunTime:0.000000s ]
INFO: [ app_init ] --END-- [ RunTime:0.000000s ]
INFO: [ app_begin ] --START--
INFO: Run Behavior\ReadHtmlCacheBehavior [ RunTime:0.001000s ]
INFO: [ app_begin ] --END-- [ RunTime:0.001000s ]
SQL: SHOW COLUMNS FROM `v_competitor` [ RunTime:0.0030s ]
INFO: [ app_end ] --START--
INFO: Run Behavior\ShowPageTraceBehavior [ RunTime:0.001000s ]
INFO: [ app_end ] --END-- [ RunTime:0.001000s ]

[ 2017-02-27T09:45:21+08:00 ] 127.0.0.1 /vote/index.php/Home/Competitor/mien
INFO: [ app_init ] --START--
INFO: Run Behavior\BuildLiteBehavior [ RunTime:0.000000s ]
INFO: [ app_init ] --END-- [ RunTime:0.000000s ]
INFO: [ app_begin ] --START--
INFO: Run Behavior\ReadHtmlCacheBehavior [ RunTime:0.001000s ]
INFO: [ app_begin ] --END-- [ RunTime:0.001000s ]
SQL: SHOW COLUMNS FROM `v_competitor` [ RunTime:0.0030s ]
INFO: [ app_end ] --START--
INFO: Run Behavior\ShowPageTraceBehavior [ RunTime:0.000000s ]
INFO: [ app_end ] --END-- [ RunTime:0.001000s ]

[ 2017-02-27T09:45:42+08:00 ] 127.0.0.1 /vote/index.php/Home/Competitor/mien
INFO: [ app_init ] --START--
INFO: Run Behavior\BuildLiteBehavior [ RunTime:0.000000s ]
INFO: [ app_init ] --END-- [ RunTime:0.001000s ]
INFO: [ app_begin ] --START--
INFO: Run Behavior\ReadHtmlCacheBehavior [ RunTime:0.001000s ]
INFO: [ app_begin ] --END-- [ RunTime:0.001000s ]
SQL: SHOW COLUMNS FROM `v_competitor` [ RunTime:0.0030s ]
SQL: SELECT COUNT(*) AS tp_count FROM `v_competitor` WHERE `is_pass` = 1 AND `is_delete` = 0 AND `location` = '1' LIMIT 1   [ RunTime:0.0900s ]
SQL: SELECT * FROM `v_competitor` WHERE `is_pass` = 1 AND `is_delete` = 0 AND `location` = '1' ORDER BY cid desc LIMIT 0,6   [ RunTime:0.0010s ]
INFO: [ app_end ] --START--
INFO: Run Behavior\ShowPageTraceBehavior [ RunTime:0.001000s ]
INFO: [ app_end ] --END-- [ RunTime:0.001000s ]

[ 2017-02-27T09:47:26+08:00 ] 127.0.0.1 /vote/index.php/Home/Competitor/mien
INFO: [ app_init ] --START--
INFO: Run Behavior\BuildLiteBehavior [ RunTime:0.000000s ]
INFO: [ app_init ] --END-- [ RunTime:0.001000s ]
INFO: [ app_begin ] --START--
INFO: Run Behavior\ReadHtmlCacheBehavior [ RunTime:0.001000s ]
INFO: [ app_begin ] --END-- [ RunTime:0.001000s ]
SQL: SHOW COLUMNS FROM `v_competitor` [ RunTime:0.0020s ]
SQL: SELECT COUNT(*) AS tp_count FROM `v_competitor` WHERE `is_pass` = 1 AND `is_delete` = 0 AND `location` = '1' LIMIT 1   [ RunTime:0.0000s ]
SQL: SELECT * FROM `v_competitor` WHERE `is_pass` = 1 AND `is_delete` = 0 AND `location` = '1' ORDER BY cid desc LIMIT 0,6   [ RunTime:0.0000s ]
INFO: [ app_end ] --START--
INFO: Run Behavior\ShowPageTraceBehavior [ RunTime:0.000000s ]
INFO: [ app_end ] --END-- [ RunTime:0.001000s ]

[ 2017-02-27T09:51:08+08:00 ] 127.0.0.1 /vote/index.php/Home/Index/index
INFO: [ app_init ] --START--
INFO: Run Behavior\BuildLiteBehavior [ RunTime:0.000000s ]
INFO: [ app_init ] --END-- [ RunTime:0.000000s ]
INFO: [ app_begin ] --START--
INFO: Run Behavior\ReadHtmlCacheBehavior [ RunTime:0.001000s ]
INFO: [ app_begin ] --END-- [ RunTime:0.001000s ]
NOTIC: [2048] Declaration of Home\Controller\IndexController::show() should be compatible with Think\Controller::show($content, $charset = '', $contentType = '', $prefix = '') F:\website\vote\Application\Home\Controller\IndexController.class.php Á¨¨ 148 Ë°å.
SQL: SHOW COLUMNS FROM `v_carousel` [ RunTime:0.0030s ]
SQL: SELECT `cid`,`picurl` FROM `v_carousel`  [ RunTime:0.0000s ]
SQL: SHOW COLUMNS FROM `v_info` [ RunTime:0.0870s ]
SQL: SELECT * FROM `v_info`  [ RunTime:0.0000s ]
INFO: [ app_end ] --START--
INFO: Run Behavior\ShowPageTraceBehavior [ RunTime:0.002000s ]
INFO: [ app_end ] --END-- [ RunTime:0.002000s ]

[ 2017-02-27T10:01:53+08:00 ] 127.0.0.1 /vote/index.php/Home/Competitor/count
INFO: [ app_init ] --START--
INFO: Run Behavior\BuildLiteBehavior [ RunTime:0.000000s ]
INFO: [ app_init ] --END-- [ RunTime:0.001000s ]
INFO: [ app_begin ] --START--
INFO: Run Behavior\ReadHtmlCacheBehavior [ RunTime:0.001000s ]
INFO: [ app_begin ] --END-- [ RunTime:0.001000s ]
SQL: SHOW COLUMNS FROM `v_count` [ RunTime:0.0030s ]

[ 2017-02-27T10:02:24+08:00 ] 127.0.0.1 /vote/index.php/Home/Competitor/count
INFO: [ app_init ] --START--
INFO: Run Behavior\BuildLiteBehavior [ RunTime:0.000000s ]
INFO: [ app_init ] --END-- [ RunTime:0.001000s ]
INFO: [ app_begin ] --START--
INFO: Run Behavior\ReadHtmlCacheBehavior [ RunTime:0.001001s ]
INFO: [ app_begin ] --END-- [ RunTime:0.001001s ]
SQL: SHOW COLUMNS FROM `v_count` [ RunTime:0.0030s ]
SQL: SELECT * FROM `v_count` WHERE `competitor` = '1'  [ RunTime:0.0000s ]
INFO: [ app_end ] --START--
INFO: Run Behavior\ShowPageTraceBehavior [ RunTime:0.001000s ]
INFO: [ app_end ] --END-- [ RunTime:0.001000s ]

[ 2017-02-27T10:39:05+08:00 ] 127.0.0.1 /vote/index.php/Home/Competitor/ranking_list
INFO: [ app_init ] --START--
INFO: Run Behavior\BuildLiteBehavior [ RunTime:0.000000s ]
INFO: [ app_init ] --END-- [ RunTime:0.001000s ]
INFO: [ app_begin ] --START--
INFO: Run Behavior\ReadHtmlCacheBehavior [ RunTime:0.001000s ]
INFO: [ app_begin ] --END-- [ RunTime:0.001000s ]
SQL: SHOW COLUMNS FROM `v_competitor` [ RunTime:0.0030s ]
SQL: SELECT COUNT(*) AS tp_count FROM v_competitor a WHERE a.is_pass = 1 AND a.is_delete = 0 LIMIT 1   [ RunTime:0.0000s ]
SQL: SELECT a.cid,a.name FROM v_competitor a left join v_count b on a.cid=b.competitor  WHERE a.is_pass = 1 AND a.is_delete = 0 ORDER BY b.count LIMIT 0,6   [ RunTime:0.0010s ]
INFO: [ app_end ] --START--
INFO: Run Behavior\ShowPageTraceBehavior [ RunTime:0.001000s ]
INFO: [ app_end ] --END-- [ RunTime:0.001000s ]

[ 2017-02-27T10:39:32+08:00 ] 127.0.0.1 /vote/index.php/Home/Competitor/ranking_list
INFO: [ app_init ] --START--
INFO: Run Behavior\BuildLiteBehavior [ RunTime:0.000000s ]
INFO: [ app_init ] --END-- [ RunTime:0.000000s ]
INFO: [ app_begin ] --START--
INFO: Run Behavior\ReadHtmlCacheBehavior [ RunTime:0.001000s ]
INFO: [ app_begin ] --END-- [ RunTime:0.001000s ]
SQL: SHOW COLUMNS FROM `v_competitor` [ RunTime:0.0030s ]
SQL: SELECT COUNT(*) AS tp_count FROM v_competitor a WHERE a.is_pass = 1 AND a.is_delete = 0 LIMIT 1   [ RunTime:0.0010s ]
SQL: SELECT a.cid,a.name,b.present,b.count FROM v_competitor a left join v_count b on a.cid=b.competitor  WHERE a.is_pass = 1 AND a.is_delete = 0 ORDER BY b.count LIMIT 0,6   [ RunTime:0.0000s ]
INFO: [ app_end ] --START--
INFO: Run Behavior\ShowPageTraceBehavior [ RunTime:0.001000s ]
INFO: [ app_end ] --END-- [ RunTime:0.001000s ]

[ 2017-02-27T10:40:19+08:00 ] 127.0.0.1 /vote/index.php/Home/Competitor/ranking_list
INFO: [ app_init ] --START--
INFO: Run Behavior\BuildLiteBehavior [ RunTime:0.000000s ]
INFO: [ app_init ] --END-- [ RunTime:0.000000s ]
INFO: [ app_begin ] --START--
INFO: Run Behavior\ReadHtmlCacheBehavior [ RunTime:0.000000s ]
INFO: [ app_begin ] --END-- [ RunTime:0.001000s ]
SQL: SHOW COLUMNS FROM `v_competitor` [ RunTime:0.0030s ]
SQL: SELECT COUNT(*) AS tp_count FROM v_competitor a WHERE a.is_pass = 1 AND a.is_delete = 0 LIMIT 1   [ RunTime:0.0000s ]
SQL: SELECT a.cid,a.name,b.present,b.count FROM v_competitor a left join v_count b on a.cid=b.competitor  WHERE a.is_pass = 1 AND a.is_delete = 0 ORDER BY b.count LIMIT 0,6   [ RunTime:0.0000s ]
INFO: [ app_end ] --START--
INFO: Run Behavior\ShowPageTraceBehavior [ RunTime:0.000000s ]
INFO: [ app_end ] --END-- [ RunTime:0.000000s ]

[ 2017-02-27T10:40:45+08:00 ] 127.0.0.1 /vote/index.php/Home/Competitor/ranking_list
INFO: [ app_init ] --START--
INFO: Run Behavior\BuildLiteBehavior [ RunTime:0.000000s ]
INFO: [ app_init ] --END-- [ RunTime:0.001000s ]
INFO: [ app_begin ] --START--
INFO: Run Behavior\ReadHtmlCacheBehavior [ RunTime:0.000000s ]
INFO: [ app_begin ] --END-- [ RunTime:0.000000s ]
SQL: SHOW COLUMNS FROM `v_competitor` [ RunTime:0.0030s ]
SQL: SELECT COUNT(*) AS tp_count FROM v_competitor a WHERE a.is_pass = 1 AND a.is_delete = 0 LIMIT 1   [ RunTime:0.0010s ]
SQL: SELECT a.cid,a.name,b.present,b.count FROM v_competitor a left join v_count b on a.cid=b.competitor  WHERE a.is_pass = 1 AND a.is_delete = 0 ORDER BY b.count desc LIMIT 0,6   [ RunTime:0.0000s ]
INFO: [ app_end ] --START--
INFO: Run Behavior\ShowPageTraceBehavior [ RunTime:0.000000s ]
INFO: [ app_end ] --END-- [ RunTime:0.001000s ]

[ 2017-02-27T10:41:29+08:00 ] 127.0.0.1 /vote/index.php/Home/Competitor/ranking_list
INFO: [ app_init ] --START--
INFO: Run Behavior\BuildLiteBehavior [ RunTime:0.000000s ]
INFO: [ app_init ] --END-- [ RunTime:0.001000s ]
INFO: [ app_begin ] --START--
INFO: Run Behavior\ReadHtmlCacheBehavior [ RunTime:0.000000s ]
INFO: [ app_begin ] --END-- [ RunTime:0.000000s ]
SQL: SHOW COLUMNS FROM `v_competitor` [ RunTime:0.0030s ]
SQL: SELECT COUNT(*) AS tp_count FROM v_competitor a WHERE a.is_pass = 1 AND a.is_delete = 0 LIMIT 1   [ RunTime:0.0010s ]
SQL: SELECT a.cid,a.name,b.present,b.count FROM v_competitor a left join v_count b on a.cid=b.competitor  WHERE a.is_pass = 1 AND a.is_delete = 0 GROUP BY a.cid ORDER BY b.count desc LIMIT 0,6   [ RunTime:0.0000s ]
INFO: [ app_end ] --START--
INFO: Run Behavior\ShowPageTraceBehavior [ RunTime:0.001001s ]
INFO: [ app_end ] --END-- [ RunTime:0.001001s ]

[ 2017-02-27T10:41:55+08:00 ] 127.0.0.1 /vote/index.php/Home/Competitor/ranking_list
INFO: [ app_init ] --START--
INFO: Run Behavior\BuildLiteBehavior [ RunTime:0.000000s ]
INFO: [ app_init ] --END-- [ RunTime:0.001000s ]
INFO: [ app_begin ] --START--
INFO: Run Behavior\ReadHtmlCacheBehavior [ RunTime:0.000000s ]
INFO: [ app_begin ] --END-- [ RunTime:0.000000s ]
SQL: SHOW COLUMNS FROM `v_competitor` [ RunTime:0.0030s ]
SQL: SELECT COUNT(*) AS tp_count FROM v_competitor a WHERE a.is_pass = 1 AND a.is_delete = 0 LIMIT 1   [ RunTime:0.0000s ]
SQL: SELECT a.cid,a.name,b.present,b.count FROM v_competitor a left join v_count b on a.cid=b.competitor  WHERE a.is_pass = 1 AND a.is_delete = 0 GROUP BY a.cid ORDER BY SUM(b.count) desc LIMIT 0,6   [ RunTime:0.0010s ]
INFO: [ app_end ] --START--
INFO: Run Behavior\ShowPageTraceBehavior [ RunTime:0.001000s ]
INFO: [ app_end ] --END-- [ RunTime:0.001000s ]

[ 2017-02-27T10:50:43+08:00 ] 127.0.0.1 /vote/index.php/Home/Competitor/ranking_list
INFO: [ app_init ] --START--
INFO: Run Behavior\BuildLiteBehavior [ RunTime:0.000000s ]
INFO: [ app_init ] --END-- [ RunTime:0.000000s ]
INFO: [ app_begin ] --START--
INFO: Run Behavior\ReadHtmlCacheBehavior [ RunTime:0.000000s ]
INFO: [ app_begin ] --END-- [ RunTime:0.000000s ]
SQL: SHOW COLUMNS FROM `v_competitor` [ RunTime:0.0030s ]
SQL: SELECT COUNT(*) AS tp_count FROM v_competitor a WHERE a.is_pass = 1 AND a.is_delete = 0 LIMIT 1   [ RunTime:0.0010s ]
SQL: SELECT a.cid,a.name,GROUP_CONCAT(b.present),GROUP_CONCAT(b.count) FROM v_competitor a left join v_count b on a.cid=b.competitor  WHERE a.is_pass = 1 AND a.is_delete = 0 GROUP BY a.cid ORDER BY SUM(b.count) desc LIMIT 0,6   [ RunTime:0.0030s ]
INFO: [ app_end ] --START--
INFO: Run Behavior\ShowPageTraceBehavior [ RunTime:0.001000s ]
INFO: [ app_end ] --END-- [ RunTime:0.001000s ]

[ 2017-02-27T10:51:50+08:00 ] 127.0.0.1 /vote/index.php/Home/Competitor/ranking_list
INFO: [ app_init ] --START--
INFO: Run Behavior\BuildLiteBehavior [ RunTime:0.000000s ]
INFO: [ app_init ] --END-- [ RunTime:0.001000s ]
INFO: [ app_begin ] --START--
INFO: Run Behavior\ReadHtmlCacheBehavior [ RunTime:0.001000s ]
INFO: [ app_begin ] --END-- [ RunTime:0.001000s ]
SQL: SHOW COLUMNS FROM `v_competitor` [ RunTime:0.0030s ]
SQL: SELECT COUNT(*) AS tp_count FROM v_competitor a WHERE a.is_pass = 1 AND a.is_delete = 0 LIMIT 1   [ RunTime:0.0000s ]
SQL: SELECT a.cid,a.name,GROUP_CONCAT(b.present) as present,GROUP_CONCAT(b.count) as count FROM v_competitor a left join v_count b on a.cid=b.competitor  WHERE a.is_pass = 1 AND a.is_delete = 0 GROUP BY a.cid ORDER BY SUM(b.count) desc LIMIT 0,6   [ RunTime:0.0030s ]
INFO: [ app_end ] --START--
INFO: Run Behavior\ShowPageTraceBehavior [ RunTime:0.001001s ]
INFO: [ app_end ] --END-- [ RunTime:0.001001s ]

[ 2017-02-27T11:03:47+08:00 ] 127.0.0.1 /vote/index.php/Home/Competitor/ranking_list
INFO: [ app_init ] --START--
INFO: Run Behavior\BuildLiteBehavior [ RunTime:0.000000s ]
INFO: [ app_init ] --END-- [ RunTime:0.001000s ]
INFO: [ app_begin ] --START--
INFO: Run Behavior\ReadHtmlCacheBehavior [ RunTime:0.001000s ]
INFO: [ app_begin ] --END-- [ RunTime:0.001000s ]
SQL: SHOW COLUMNS FROM `v_competitor` [ RunTime:0.0040s ]
SQL: SELECT COUNT(*) AS tp_count FROM v_competitor a WHERE a.is_pass = 1 AND a.is_delete = 0 LIMIT 1   [ RunTime:0.0000s ]
ERR: 1146:La table 'vote.__count__' n'existe pas
 [ SQLËØ≠Âè• ] : SELECT a.cid,a.name,GROUP_CONCAT(b.present) as present,GROUP_CONCAT(b.count) as count,(select count from __COUNT__ where present=1) as paixu FROM v_competitor a left join v_count b on a.cid=b.competitor  WHERE a.is_pass = 1 AND a.is_delete = 0 GROUP BY a.cid ORDER BY SUM(b.count) desc LIMIT 0,6  
ERR: 1146:La table 'vote.__count__' n'existe pas
 [ SQLËØ≠Âè• ] : SELECT a.cid,a.name,GROUP_CONCAT(b.present) as present,GROUP_CONCAT(b.count) as count,(select count from __COUNT__ where present=1) as paixu FROM v_competitor a left join v_count b on a.cid=b.competitor  WHERE a.is_pass = 1 AND a.is_delete = 0 GROUP BY a.cid ORDER BY SUM(b.count) desc LIMIT 0,6  

[ 2017-02-27T11:05:34+08:00 ] 127.0.0.1 /vote/index.php/Home/Competitor/ranking_list
INFO: [ app_init ] --START--
INFO: Run Behavior\BuildLiteBehavior [ RunTime:0.000000s ]
INFO: [ app_init ] --END-- [ RunTime:0.001001s ]
INFO: [ app_begin ] --START--
INFO: Run Behavior\ReadHtmlCacheBehavior [ RunTime:0.001000s ]
INFO: [ app_begin ] --END-- [ RunTime:0.001000s ]
SQL: SHOW COLUMNS FROM `v_competitor` [ RunTime:0.0840s ]
SQL: SELECT COUNT(*) AS tp_count FROM v_competitor a WHERE a.is_pass = 1 AND a.is_delete = 0 LIMIT 1   [ RunTime:0.0000s ]
SQL: SELECT a.cid,a.name,GROUP_CONCAT(b.present) as present,GROUP_CONCAT(b.count) as count,(select count from v_count where present=1) as paixu FROM v_competitor a left join v_count b on a.cid=b.competitor  WHERE a.is_pass = 1 AND a.is_delete = 0 GROUP BY a.cid ORDER BY SUM(b.count) desc LIMIT 0,6   [ RunTime:0.0080s ]
INFO: [ app_end ] --START--
INFO: Run Behavior\ShowPageTraceBehavior [ RunTime:0.003000s ]
INFO: [ app_end ] --END-- [ RunTime:0.003000s ]

[ 2017-02-27T11:06:20+08:00 ] 127.0.0.1 /vote/index.php/Home/Competitor/ranking_list
INFO: [ app_init ] --START--
INFO: Run Behavior\BuildLiteBehavior [ RunTime:0.000000s ]
INFO: [ app_init ] --END-- [ RunTime:0.001000s ]
INFO: [ app_begin ] --START--
INFO: Run Behavior\ReadHtmlCacheBehavior [ RunTime:0.001000s ]
INFO: [ app_begin ] --END-- [ RunTime:0.001000s ]
SQL: SHOW COLUMNS FROM `v_competitor` [ RunTime:0.0030s ]
SQL: SELECT COUNT(*) AS tp_count FROM v_competitor a WHERE a.is_pass = 1 AND a.is_delete = 0 LIMIT 1   [ RunTime:0.0000s ]
SQL: SELECT a.cid,a.name,GROUP_CONCAT(b.present) as present,GROUP_CONCAT(b.count) as count,(select count from v_count where present=1 and competitor=a.cid) as paixu FROM v_competitor a left join v_count b on a.cid=b.competitor  WHERE a.is_pass = 1 AND a.is_delete = 0 GROUP BY a.cid ORDER BY SUM(b.count) desc LIMIT 0,6   [ RunTime:0.0030s ]
INFO: [ app_end ] --START--
INFO: Run Behavior\ShowPageTraceBehavior [ RunTime:0.001001s ]
INFO: [ app_end ] --END-- [ RunTime:0.001001s ]

[ 2017-02-27T11:07:00+08:00 ] 127.0.0.1 /vote/index.php/Home/Competitor/ranking_list
INFO: [ app_init ] --START--
INFO: Run Behavior\BuildLiteBehavior [ RunTime:0.000000s ]
INFO: [ app_init ] --END-- [ RunTime:0.001000s ]
INFO: [ app_begin ] --START--
INFO: Run Behavior\ReadHtmlCacheBehavior [ RunTime:0.000000s ]
INFO: [ app_begin ] --END-- [ RunTime:0.000000s ]
SQL: SHOW COLUMNS FROM `v_competitor` [ RunTime:0.0040s ]
SQL: SELECT COUNT(*) AS tp_count FROM v_competitor a WHERE a.is_pass = 1 AND a.is_delete = 0 LIMIT 1   [ RunTime:0.0000s ]
SQL: SELECT a.cid,a.name,GROUP_CONCAT(b.present) as present,GROUP_CONCAT(b.count) as count,(select count from v_count where present=1 and competitor=a.cid) as order_by FROM v_competitor a left join v_count b on a.cid=b.competitor  WHERE a.is_pass = 1 AND a.is_delete = 0 GROUP BY a.cid ORDER BY SUM(b.count) desc LIMIT 0,6   [ RunTime:0.0030s ]
INFO: [ app_end ] --START--
INFO: Run Behavior\ShowPageTraceBehavior [ RunTime:0.001000s ]
INFO: [ app_end ] --END-- [ RunTime:0.001000s ]

[ 2017-02-27T11:07:13+08:00 ] 127.0.0.1 /vote/index.php/Home/Competitor/ranking_list
INFO: [ app_init ] --START--
INFO: Run Behavior\BuildLiteBehavior [ RunTime:0.000000s ]
INFO: [ app_init ] --END-- [ RunTime:0.000000s ]
INFO: [ app_begin ] --START--
INFO: Run Behavior\ReadHtmlCacheBehavior [ RunTime:0.001000s ]
INFO: [ app_begin ] --END-- [ RunTime:0.001000s ]
SQL: SHOW COLUMNS FROM `v_competitor` [ RunTime:0.0030s ]
SQL: SELECT COUNT(*) AS tp_count FROM v_competitor a WHERE a.is_pass = 1 AND a.is_delete = 0 LIMIT 1   [ RunTime:0.0000s ]
SQL: SELECT a.cid,a.name,GROUP_CONCAT(b.present) as present,GROUP_CONCAT(b.count) as count,(select count from v_count where present=1 and competitor=a.cid) as order_by FROM v_competitor a left join v_count b on a.cid=b.competitor  WHERE a.is_pass = 1 AND a.is_delete = 0 GROUP BY a.cid ORDER BY order_by desc LIMIT 0,6   [ RunTime:0.0040s ]
INFO: [ app_end ] --START--
INFO: Run Behavior\ShowPageTraceBehavior [ RunTime:0.001000s ]
INFO: [ app_end ] --END-- [ RunTime:0.001000s ]

[ 2017-02-27T11:07:51+08:00 ] 127.0.0.1 /vote/index.php/Home/Competitor/ranking_list
INFO: [ app_init ] --START--
INFO: Run Behavior\BuildLiteBehavior [ RunTime:0.000000s ]
INFO: [ app_init ] --END-- [ RunTime:0.001000s ]
INFO: [ app_begin ] --START--
INFO: Run Behavior\ReadHtmlCacheBehavior [ RunTime:0.001000s ]
INFO: [ app_begin ] --END-- [ RunTime:0.001000s ]
SQL: SHOW COLUMNS FROM `v_competitor` [ RunTime:0.0030s ]
SQL: SELECT COUNT(*) AS tp_count FROM v_competitor a WHERE a.is_pass = 1 AND a.is_delete = 0 LIMIT 1   [ RunTime:0.0010s ]
SQL: SELECT a.cid,a.name,GROUP_CONCAT(b.present) as present,GROUP_CONCAT(b.count) as count FROM v_competitor a left join v_count b on a.cid=b.competitor  WHERE a.is_pass = 1 AND a.is_delete = 0 GROUP BY a.cid ORDER BY (select count from v_count where present=1 and competitor=a.cid) desc LIMIT 0,6   [ RunTime:0.0030s ]
INFO: [ app_end ] --START--
INFO: Run Behavior\ShowPageTraceBehavior [ RunTime:0.001000s ]
INFO: [ app_end ] --END-- [ RunTime:0.001000s ]

