[ 2017-03-11T09:17:32+08:00 ] 127.0.0.1 /vote/index.php/Home/Competitor/show
INFO: [ app_init ] --START--
INFO: Run Behavior\BuildLiteBehavior [ RunTime:0.000000s ]
INFO: [ app_init ] --END-- [ RunTime:0.001000s ]
INFO: [ app_begin ] --START--
INFO: Run Behavior\ReadHtmlCacheBehavior [ RunTime:0.000000s ]
INFO: [ app_begin ] --END-- [ RunTime:0.001000s ]
NOTIC: [2048] Declaration of Home\Controller\CompetitorController::show() should be compatible with Think\Controller::show($content, $charset = '', $contentType = '', $prefix = '') F:\website\vote\Application\Home\Controller\CompetitorController.class.php 第 239 行.
SQL: SHOW COLUMNS FROM `v_competitor` [ RunTime:0.0030s ]
SQL: SHOW COLUMNS FROM `v_competitor_image` [ RunTime:0.0460s ]
SQL: SELECT b.imageurl FROM v_competitor_image a left join v_image b on a.imageid=b.iid  WHERE a.competitorid = '31'  [ RunTime:0.0100s ]
INFO: [ app_end ] --START--
INFO: Run Behavior\ShowPageTraceBehavior [ RunTime:0.001000s ]
INFO: [ app_end ] --END-- [ RunTime:0.001000s ]

[ 2017-03-11T09:19:27+08:00 ] 127.0.0.1 /vote/index.php/Home/Competitor/show
INFO: [ app_init ] --START--
INFO: Run Behavior\BuildLiteBehavior [ RunTime:0.000000s ]
INFO: [ app_init ] --END-- [ RunTime:0.001000s ]
INFO: [ app_begin ] --START--
INFO: Run Behavior\ReadHtmlCacheBehavior [ RunTime:0.001000s ]
INFO: [ app_begin ] --END-- [ RunTime:0.001000s ]
NOTIC: [2048] Declaration of Home\Controller\CompetitorController::show() should be compatible with Think\Controller::show($content, $charset = '', $contentType = '', $prefix = '') F:\website\vote\Application\Home\Controller\CompetitorController.class.php 第 239 行.
SQL: SHOW COLUMNS FROM `v_competitor` [ RunTime:0.0040s ]
SQL: SHOW COLUMNS FROM `v_competitor_image` [ RunTime:0.0040s ]
SQL: SELECT b.imageurl FROM v_competitor_image a left join v_image b on a.imageid=b.iid  WHERE a.competitorid = '31'  [ RunTime:0.0000s ]
INFO: [ app_end ] --START--
INFO: Run Behavior\ShowPageTraceBehavior [ RunTime:0.000000s ]
INFO: [ app_end ] --END-- [ RunTime:0.001000s ]

[ 2017-03-11T09:19:56+08:00 ] 127.0.0.1 /vote/index.php/Home/Competitor/show
INFO: [ app_init ] --START--
INFO: Run Behavior\BuildLiteBehavior [ RunTime:0.000000s ]
INFO: [ app_init ] --END-- [ RunTime:0.001000s ]
INFO: [ app_begin ] --START--
INFO: Run Behavior\ReadHtmlCacheBehavior [ RunTime:0.001000s ]
INFO: [ app_begin ] --END-- [ RunTime:0.001000s ]
NOTIC: [2048] Declaration of Home\Controller\CompetitorController::show() should be compatible with Think\Controller::show($content, $charset = '', $contentType = '', $prefix = '') F:\website\vote\Application\Home\Controller\CompetitorController.class.php 第 239 行.
SQL: SHOW COLUMNS FROM `v_competitor` [ RunTime:0.0050s ]
SQL: SHOW COLUMNS FROM `v_competitor_image` [ RunTime:0.0030s ]
SQL: SELECT b.imageurl FROM v_competitor_image a left join v_image b on a.imageid=b.iid  WHERE a.competitorid = '31'  [ RunTime:0.0000s ]
INFO: [ app_end ] --START--
INFO: Run Behavior\ShowPageTraceBehavior [ RunTime:0.000000s ]
INFO: [ app_end ] --END-- [ RunTime:0.000000s ]

[ 2017-03-11T09:20:32+08:00 ] 127.0.0.1 /vote/index.php/Home/Competitor/show
INFO: [ app_init ] --START--
INFO: Run Behavior\BuildLiteBehavior [ RunTime:0.000000s ]
INFO: [ app_init ] --END-- [ RunTime:0.001000s ]
INFO: [ app_begin ] --START--
INFO: Run Behavior\ReadHtmlCacheBehavior [ RunTime:0.001000s ]
INFO: [ app_begin ] --END-- [ RunTime:0.001000s ]
NOTIC: [2048] Declaration of Home\Controller\CompetitorController::show() should be compatible with Think\Controller::show($content, $charset = '', $contentType = '', $prefix = '') F:\website\vote\Application\Home\Controller\CompetitorController.class.php 第 239 行.
SQL: SHOW COLUMNS FROM `v_competitor` [ RunTime:0.0040s ]
SQL: SHOW COLUMNS FROM `v_competitor_image` [ RunTime:0.0030s ]
SQL: SELECT b.imageurl FROM v_competitor_image a left join v_image b on a.imageid=b.iid  WHERE a.competitorid = '31'  [ RunTime:0.0010s ]
INFO: [ app_end ] --START--
INFO: Run Behavior\ShowPageTraceBehavior [ RunTime:0.001000s ]
INFO: [ app_end ] --END-- [ RunTime:0.001000s ]

[ 2017-03-11T09:22:55+08:00 ] 127.0.0.1 /vote/index.php/Home/Competitor/show
INFO: [ app_init ] --START--
INFO: Run Behavior\BuildLiteBehavior [ RunTime:0.000000s ]
INFO: [ app_init ] --END-- [ RunTime:0.001000s ]
INFO: [ app_begin ] --START--
INFO: Run Behavior\ReadHtmlCacheBehavior [ RunTime:0.001000s ]
INFO: [ app_begin ] --END-- [ RunTime:0.001000s ]
NOTIC: [2048] Declaration of Home\Controller\CompetitorController::show() should be compatible with Think\Controller::show($content, $charset = '', $contentType = '', $prefix = '') F:\website\vote\Application\Home\Controller\CompetitorController.class.php 第 239 行.
SQL: SHOW COLUMNS FROM `v_competitor` [ RunTime:0.0030s ]
SQL: SHOW COLUMNS FROM `v_competitor_image` [ RunTime:0.0030s ]
SQL: SELECT b.imageurl FROM v_competitor_image a left join v_image b on a.imageid=b.iid  WHERE a.competitorid = '31'  [ RunTime:0.0010s ]
INFO: [ app_end ] --START--
INFO: Run Behavior\ShowPageTraceBehavior [ RunTime:0.001000s ]
INFO: [ app_end ] --END-- [ RunTime:0.001000s ]

[ 2017-03-11T09:23:17+08:00 ] 127.0.0.1 /vote/index.php/Home/Competitor/show
INFO: [ app_init ] --START--
INFO: Run Behavior\BuildLiteBehavior [ RunTime:0.000000s ]
INFO: [ app_init ] --END-- [ RunTime:0.001000s ]
INFO: [ app_begin ] --START--
INFO: Run Behavior\ReadHtmlCacheBehavior [ RunTime:0.001000s ]
INFO: [ app_begin ] --END-- [ RunTime:0.002000s ]
NOTIC: [2048] Declaration of Home\Controller\CompetitorController::show() should be compatible with Think\Controller::show($content, $charset = '', $contentType = '', $prefix = '') F:\website\vote\Application\Home\Controller\CompetitorController.class.php 第 239 行.
SQL: SHOW COLUMNS FROM `v_competitor` [ RunTime:0.0030s ]
SQL: SHOW COLUMNS FROM `v_competitor_image` [ RunTime:0.0040s ]
SQL: SELECT b.imageurl FROM v_competitor_image a left join v_image b on a.imageid=b.iid  WHERE a.competitorid = '31'  [ RunTime:0.0010s ]
INFO: [ app_end ] --START--
INFO: Run Behavior\ShowPageTraceBehavior [ RunTime:0.001000s ]
INFO: [ app_end ] --END-- [ RunTime:0.001000s ]

[ 2017-03-11T09:26:48+08:00 ] 127.0.0.1 /vote/index.php/Home/Competitor/show
INFO: [ app_init ] --START--
INFO: Run Behavior\BuildLiteBehavior [ RunTime:0.000000s ]
INFO: [ app_init ] --END-- [ RunTime:0.001000s ]
INFO: [ app_begin ] --START--
INFO: Run Behavior\ReadHtmlCacheBehavior [ RunTime:0.001000s ]
INFO: [ app_begin ] --END-- [ RunTime:0.001000s ]
NOTIC: [2048] Declaration of Home\Controller\CompetitorController::show() should be compatible with Think\Controller::show($content, $charset = '', $contentType = '', $prefix = '') F:\website\vote\Application\Home\Controller\CompetitorController.class.php 第 239 行.
SQL: SHOW COLUMNS FROM `v_competitor` [ RunTime:0.0030s ]
SQL: SHOW COLUMNS FROM `v_competitor_image` [ RunTime:0.0030s ]
SQL: SELECT b.imageurl FROM v_competitor_image a left join v_image b on a.imageid=b.iid  WHERE a.competitorid = '31'  [ RunTime:0.0010s ]
INFO: [ app_end ] --START--
INFO: Run Behavior\ShowPageTraceBehavior [ RunTime:0.001000s ]
INFO: [ app_end ] --END-- [ RunTime:0.001000s ]

[ 2017-03-11T09:27:00+08:00 ] 127.0.0.1 /vote/index.php/Home/Competitor/show
INFO: [ app_init ] --START--
INFO: Run Behavior\BuildLiteBehavior [ RunTime:0.000000s ]
INFO: [ app_init ] --END-- [ RunTime:0.001000s ]
INFO: [ app_begin ] --START--
INFO: Run Behavior\ReadHtmlCacheBehavior [ RunTime:0.001000s ]
INFO: [ app_begin ] --END-- [ RunTime:0.001000s ]
NOTIC: [2048] Declaration of Home\Controller\CompetitorController::show() should be compatible with Think\Controller::show($content, $charset = '', $contentType = '', $prefix = '') F:\website\vote\Application\Home\Controller\CompetitorController.class.php 第 239 行.
SQL: SHOW COLUMNS FROM `v_competitor` [ RunTime:0.0030s ]
SQL: SHOW COLUMNS FROM `v_competitor_image` [ RunTime:0.0050s ]
SQL: SELECT b.imageurl FROM v_competitor_image a left join v_image b on a.imageid=b.iid  WHERE a.competitorid = '31'  [ RunTime:0.0010s ]
INFO: [ app_end ] --START--
INFO: Run Behavior\ShowPageTraceBehavior [ RunTime:0.001000s ]
INFO: [ app_end ] --END-- [ RunTime:0.001000s ]

[ 2017-03-11T09:28:01+08:00 ] 127.0.0.1 /vote/index.php/Home/Competitor/show
INFO: [ app_init ] --START--
INFO: Run Behavior\BuildLiteBehavior [ RunTime:0.000000s ]
INFO: [ app_init ] --END-- [ RunTime:0.001000s ]
INFO: [ app_begin ] --START--
INFO: Run Behavior\ReadHtmlCacheBehavior [ RunTime:0.001000s ]
INFO: [ app_begin ] --END-- [ RunTime:0.001000s ]
NOTIC: [2048] Declaration of Home\Controller\CompetitorController::show() should be compatible with Think\Controller::show($content, $charset = '', $contentType = '', $prefix = '') F:\website\vote\Application\Home\Controller\CompetitorController.class.php 第 239 行.
SQL: SHOW COLUMNS FROM `v_competitor` [ RunTime:0.0030s ]
SQL: SHOW COLUMNS FROM `v_competitor_image` [ RunTime:0.0030s ]
SQL: SELECT b.imageurl FROM v_competitor_image a left join v_image b on a.imageid=b.iid  WHERE a.competitorid = '31'  [ RunTime:0.0010s ]
INFO: [ app_end ] --START--
INFO: Run Behavior\ShowPageTraceBehavior [ RunTime:0.001000s ]
INFO: [ app_end ] --END-- [ RunTime:0.001000s ]

[ 2017-03-11T09:28:15+08:00 ] 127.0.0.1 /vote/index.php/Home/Competitor/show
INFO: [ app_init ] --START--
INFO: Run Behavior\BuildLiteBehavior [ RunTime:0.000000s ]
INFO: [ app_init ] --END-- [ RunTime:0.001000s ]
INFO: [ app_begin ] --START--
INFO: Run Behavior\ReadHtmlCacheBehavior [ RunTime:0.001000s ]
INFO: [ app_begin ] --END-- [ RunTime:0.001000s ]
NOTIC: [2048] Declaration of Home\Controller\CompetitorController::show() should be compatible with Think\Controller::show($content, $charset = '', $contentType = '', $prefix = '') F:\website\vote\Application\Home\Controller\CompetitorController.class.php 第 239 行.
SQL: SHOW COLUMNS FROM `v_competitor` [ RunTime:0.0040s ]
SQL: SHOW COLUMNS FROM `v_competitor_image` [ RunTime:0.0030s ]
SQL: SELECT b.imageurl FROM v_competitor_image a left join v_image b on a.imageid=b.iid  WHERE a.competitorid = '31'  [ RunTime:0.0010s ]
INFO: [ app_end ] --START--
INFO: Run Behavior\ShowPageTraceBehavior [ RunTime:0.000000s ]
INFO: [ app_end ] --END-- [ RunTime:0.001000s ]

[ 2017-03-11T09:28:17+08:00 ] 127.0.0.1 /vote/index.php/Home/Competitor/show
INFO: [ app_init ] --START--
INFO: Run Behavior\BuildLiteBehavior [ RunTime:0.000000s ]
INFO: [ app_init ] --END-- [ RunTime:0.001000s ]
INFO: [ app_begin ] --START--
INFO: Run Behavior\ReadHtmlCacheBehavior [ RunTime:0.000000s ]
INFO: [ app_begin ] --END-- [ RunTime:0.000000s ]
NOTIC: [2048] Declaration of Home\Controller\CompetitorController::show() should be compatible with Think\Controller::show($content, $charset = '', $contentType = '', $prefix = '') F:\website\vote\Application\Home\Controller\CompetitorController.class.php 第 239 行.
SQL: SHOW COLUMNS FROM `v_competitor` [ RunTime:0.0030s ]
SQL: SHOW COLUMNS FROM `v_competitor_image` [ RunTime:0.0030s ]
SQL: SELECT b.imageurl FROM v_competitor_image a left join v_image b on a.imageid=b.iid  WHERE a.competitorid = '31'  [ RunTime:0.0010s ]
INFO: [ app_end ] --START--
INFO: Run Behavior\ShowPageTraceBehavior [ RunTime:0.001000s ]
INFO: [ app_end ] --END-- [ RunTime:0.002000s ]

[ 2017-03-11T09:28:22+08:00 ] 127.0.0.1 /vote/index.php/Home/Competitor/show
INFO: [ app_init ] --START--
INFO: Run Behavior\BuildLiteBehavior [ RunTime:0.000000s ]
INFO: [ app_init ] --END-- [ RunTime:0.000000s ]
INFO: [ app_begin ] --START--
INFO: Run Behavior\ReadHtmlCacheBehavior [ RunTime:0.000000s ]
INFO: [ app_begin ] --END-- [ RunTime:0.001000s ]
NOTIC: [2048] Declaration of Home\Controller\CompetitorController::show() should be compatible with Think\Controller::show($content, $charset = '', $contentType = '', $prefix = '') F:\website\vote\Application\Home\Controller\CompetitorController.class.php 第 239 行.
SQL: SHOW COLUMNS FROM `v_competitor` [ RunTime:0.0030s ]
SQL: SHOW COLUMNS FROM `v_competitor_image` [ RunTime:0.0070s ]
SQL: SELECT b.imageurl FROM v_competitor_image a left join v_image b on a.imageid=b.iid  WHERE a.competitorid = '31'  [ RunTime:0.0010s ]
INFO: [ app_end ] --START--
INFO: Run Behavior\ShowPageTraceBehavior [ RunTime:0.001000s ]
INFO: [ app_end ] --END-- [ RunTime:0.001000s ]

[ 2017-03-11T09:29:19+08:00 ] 127.0.0.1 /vote/index.php/Home/Competitor/show
INFO: [ app_init ] --START--
INFO: Run Behavior\BuildLiteBehavior [ RunTime:0.000000s ]
INFO: [ app_init ] --END-- [ RunTime:0.001000s ]
INFO: [ app_begin ] --START--
INFO: Run Behavior\ReadHtmlCacheBehavior [ RunTime:0.001000s ]
INFO: [ app_begin ] --END-- [ RunTime:0.001000s ]
NOTIC: [2048] Declaration of Home\Controller\CompetitorController::show() should be compatible with Think\Controller::show($content, $charset = '', $contentType = '', $prefix = '') F:\website\vote\Application\Home\Controller\CompetitorController.class.php 第 239 行.
SQL: SHOW COLUMNS FROM `v_competitor` [ RunTime:0.0030s ]
SQL: SHOW COLUMNS FROM `v_competitor_image` [ RunTime:0.0020s ]
SQL: SELECT b.imageurl FROM v_competitor_image a left join v_image b on a.imageid=b.iid  WHERE a.competitorid = '31'  [ RunTime:0.0000s ]
INFO: [ app_end ] --START--
INFO: Run Behavior\ShowPageTraceBehavior [ RunTime:0.001000s ]
INFO: [ app_end ] --END-- [ RunTime:0.001000s ]

[ 2017-03-11T09:30:05+08:00 ] 127.0.0.1 /vote/index.php/Home/Competitor/show
INFO: [ app_init ] --START--
INFO: Run Behavior\BuildLiteBehavior [ RunTime:0.000000s ]
INFO: [ app_init ] --END-- [ RunTime:0.001000s ]
INFO: [ app_begin ] --START--
INFO: Run Behavior\ReadHtmlCacheBehavior [ RunTime:0.001000s ]
INFO: [ app_begin ] --END-- [ RunTime:0.001000s ]
NOTIC: [2048] Declaration of Home\Controller\CompetitorController::show() should be compatible with Think\Controller::show($content, $charset = '', $contentType = '', $prefix = '') F:\website\vote\Application\Home\Controller\CompetitorController.class.php 第 239 行.
SQL: SHOW COLUMNS FROM `v_competitor` [ RunTime:0.0030s ]
SQL: SHOW COLUMNS FROM `v_competitor_image` [ RunTime:0.0020s ]
SQL: SELECT b.imageurl FROM v_competitor_image a left join v_image b on a.imageid=b.iid  WHERE a.competitorid = '31'  [ RunTime:0.0010s ]
INFO: [ app_end ] --START--
INFO: Run Behavior\ShowPageTraceBehavior [ RunTime:0.001000s ]
INFO: [ app_end ] --END-- [ RunTime:0.001000s ]

[ 2017-03-11T09:30:13+08:00 ] 127.0.0.1 /vote/index.php/Home/Competitor/show
INFO: [ app_init ] --START--
INFO: Run Behavior\BuildLiteBehavior [ RunTime:0.000000s ]
INFO: [ app_init ] --END-- [ RunTime:0.001000s ]
INFO: [ app_begin ] --START--
INFO: Run Behavior\ReadHtmlCacheBehavior [ RunTime:0.001000s ]
INFO: [ app_begin ] --END-- [ RunTime:0.001000s ]
NOTIC: [2048] Declaration of Home\Controller\CompetitorController::show() should be compatible with Think\Controller::show($content, $charset = '', $contentType = '', $prefix = '') F:\website\vote\Application\Home\Controller\CompetitorController.class.php 第 239 行.
SQL: SHOW COLUMNS FROM `v_competitor` [ RunTime:0.0360s ]
SQL: SHOW COLUMNS FROM `v_competitor_image` [ RunTime:0.0050s ]
SQL: SELECT b.imageurl FROM v_competitor_image a left join v_image b on a.imageid=b.iid  WHERE a.competitorid = '31'  [ RunTime:0.0010s ]
INFO: [ app_end ] --START--
INFO: Run Behavior\ShowPageTraceBehavior [ RunTime:0.001000s ]
INFO: [ app_end ] --END-- [ RunTime:0.002000s ]

[ 2017-03-11T09:37:31+08:00 ] 127.0.0.1 /vote/index.php/Home/Competitor/show
INFO: [ app_init ] --START--
INFO: Run Behavior\BuildLiteBehavior [ RunTime:0.000000s ]
INFO: [ app_init ] --END-- [ RunTime:0.001000s ]
INFO: [ app_begin ] --START--
INFO: Run Behavior\ReadHtmlCacheBehavior [ RunTime:0.000000s ]
INFO: [ app_begin ] --END-- [ RunTime:0.001000s ]
NOTIC: [2048] Declaration of Home\Controller\CompetitorController::show() should be compatible with Think\Controller::show($content, $charset = '', $contentType = '', $prefix = '') F:\website\vote\Application\Home\Controller\CompetitorController.class.php 第 239 行.
SQL: SHOW COLUMNS FROM `v_competitor` [ RunTime:0.0030s ]
SQL: SHOW COLUMNS FROM `v_competitor_image` [ RunTime:0.0030s ]
SQL: SELECT b.imageurl FROM v_competitor_image a left join v_image b on a.imageid=b.iid  WHERE a.competitorid = '31'  [ RunTime:0.0010s ]
INFO: [ app_end ] --START--
INFO: Run Behavior\ShowPageTraceBehavior [ RunTime:0.001000s ]
INFO: [ app_end ] --END-- [ RunTime:0.001000s ]

[ 2017-03-11T09:37:57+08:00 ] 127.0.0.1 /vote/index.php/Home/Competitor/show
INFO: [ app_init ] --START--
INFO: Run Behavior\BuildLiteBehavior [ RunTime:0.000000s ]
INFO: [ app_init ] --END-- [ RunTime:0.001000s ]
INFO: [ app_begin ] --START--
INFO: Run Behavior\ReadHtmlCacheBehavior [ RunTime:0.001000s ]
INFO: [ app_begin ] --END-- [ RunTime:0.001000s ]
NOTIC: [2048] Declaration of Home\Controller\CompetitorController::show() should be compatible with Think\Controller::show($content, $charset = '', $contentType = '', $prefix = '') F:\website\vote\Application\Home\Controller\CompetitorController.class.php 第 239 行.
SQL: SHOW COLUMNS FROM `v_competitor` [ RunTime:0.0030s ]
SQL: SHOW COLUMNS FROM `v_competitor_image` [ RunTime:0.0030s ]
SQL: SELECT b.imageurl FROM v_competitor_image a left join v_image b on a.imageid=b.iid  WHERE a.competitorid = '31'  [ RunTime:0.0010s ]
INFO: [ app_end ] --START--
INFO: Run Behavior\ShowPageTraceBehavior [ RunTime:0.000000s ]
INFO: [ app_end ] --END-- [ RunTime:0.001000s ]

[ 2017-03-11T09:38:02+08:00 ] 127.0.0.1 /vote/index.php/Home/Competitor/show
INFO: [ app_init ] --START--
INFO: Run Behavior\BuildLiteBehavior [ RunTime:0.000000s ]
INFO: [ app_init ] --END-- [ RunTime:0.001001s ]
INFO: [ app_begin ] --START--
INFO: Run Behavior\ReadHtmlCacheBehavior [ RunTime:0.000000s ]
INFO: [ app_begin ] --END-- [ RunTime:0.001000s ]
NOTIC: [2048] Declaration of Home\Controller\CompetitorController::show() should be compatible with Think\Controller::show($content, $charset = '', $contentType = '', $prefix = '') F:\website\vote\Application\Home\Controller\CompetitorController.class.php 第 239 行.
SQL: SHOW COLUMNS FROM `v_competitor` [ RunTime:0.0040s ]
SQL: SHOW COLUMNS FROM `v_competitor_image` [ RunTime:0.0030s ]
SQL: SELECT b.imageurl FROM v_competitor_image a left join v_image b on a.imageid=b.iid  WHERE a.competitorid = '31'  [ RunTime:0.0010s ]
INFO: [ app_end ] --START--
INFO: Run Behavior\ShowPageTraceBehavior [ RunTime:0.001000s ]
INFO: [ app_end ] --END-- [ RunTime:0.001000s ]

[ 2017-03-11T09:38:31+08:00 ] 127.0.0.1 /vote/index.php/Home/Competitor/show
INFO: [ app_init ] --START--
INFO: Run Behavior\BuildLiteBehavior [ RunTime:0.000000s ]
INFO: [ app_init ] --END-- [ RunTime:0.001000s ]
INFO: [ app_begin ] --START--
INFO: Run Behavior\ReadHtmlCacheBehavior [ RunTime:0.000000s ]
INFO: [ app_begin ] --END-- [ RunTime:0.001000s ]
NOTIC: [2048] Declaration of Home\Controller\CompetitorController::show() should be compatible with Think\Controller::show($content, $charset = '', $contentType = '', $prefix = '') F:\website\vote\Application\Home\Controller\CompetitorController.class.php 第 239 行.
SQL: SHOW COLUMNS FROM `v_competitor` [ RunTime:0.0030s ]
SQL: SHOW COLUMNS FROM `v_competitor_image` [ RunTime:0.0030s ]
SQL: SELECT b.imageurl FROM v_competitor_image a left join v_image b on a.imageid=b.iid  WHERE a.competitorid = '31'  [ RunTime:0.0000s ]
INFO: [ app_end ] --START--
INFO: Run Behavior\ShowPageTraceBehavior [ RunTime:0.000000s ]
INFO: [ app_end ] --END-- [ RunTime:0.001000s ]

[ 2017-03-11T09:38:41+08:00 ] 127.0.0.1 /vote/index.php/Home/Competitor/show
INFO: [ app_init ] --START--
INFO: Run Behavior\BuildLiteBehavior [ RunTime:0.000000s ]
INFO: [ app_init ] --END-- [ RunTime:0.000000s ]
INFO: [ app_begin ] --START--
INFO: Run Behavior\ReadHtmlCacheBehavior [ RunTime:0.002000s ]
INFO: [ app_begin ] --END-- [ RunTime:0.002000s ]
NOTIC: [2048] Declaration of Home\Controller\CompetitorController::show() should be compatible with Think\Controller::show($content, $charset = '', $contentType = '', $prefix = '') F:\website\vote\Application\Home\Controller\CompetitorController.class.php 第 239 行.
SQL: SHOW COLUMNS FROM `v_competitor` [ RunTime:0.0040s ]
SQL: SHOW COLUMNS FROM `v_competitor_image` [ RunTime:0.0030s ]
SQL: SELECT b.imageurl FROM v_competitor_image a left join v_image b on a.imageid=b.iid  WHERE a.competitorid = '31'  [ RunTime:0.0000s ]
INFO: [ app_end ] --START--
INFO: Run Behavior\ShowPageTraceBehavior [ RunTime:0.000000s ]
INFO: [ app_end ] --END-- [ RunTime:0.001000s ]

[ 2017-03-11T09:38:58+08:00 ] 127.0.0.1 /vote/index.php/Home/Competitor/show
INFO: [ app_init ] --START--
INFO: Run Behavior\BuildLiteBehavior [ RunTime:0.000000s ]
INFO: [ app_init ] --END-- [ RunTime:0.001000s ]
INFO: [ app_begin ] --START--
INFO: Run Behavior\ReadHtmlCacheBehavior [ RunTime:0.001000s ]
INFO: [ app_begin ] --END-- [ RunTime:0.001000s ]
NOTIC: [2048] Declaration of Home\Controller\CompetitorController::show() should be compatible with Think\Controller::show($content, $charset = '', $contentType = '', $prefix = '') F:\website\vote\Application\Home\Controller\CompetitorController.class.php 第 239 行.
SQL: SHOW COLUMNS FROM `v_competitor` [ RunTime:0.0050s ]
SQL: SHOW COLUMNS FROM `v_competitor_image` [ RunTime:0.0040s ]
SQL: SELECT b.imageurl FROM v_competitor_image a left join v_image b on a.imageid=b.iid  WHERE a.competitorid = '31'  [ RunTime:0.0010s ]
INFO: [ app_end ] --START--
INFO: Run Behavior\ShowPageTraceBehavior [ RunTime:0.001000s ]
INFO: [ app_end ] --END-- [ RunTime:0.001000s ]

[ 2017-03-11T09:41:19+08:00 ] 127.0.0.1 /vote/index.php/Home/Competitor/show
INFO: [ app_init ] --START--
INFO: Run Behavior\BuildLiteBehavior [ RunTime:0.000000s ]
INFO: [ app_init ] --END-- [ RunTime:0.001000s ]
INFO: [ app_begin ] --START--
INFO: Run Behavior\ReadHtmlCacheBehavior [ RunTime:0.001000s ]
INFO: [ app_begin ] --END-- [ RunTime:0.001000s ]
NOTIC: [2048] Declaration of Home\Controller\CompetitorController::show() should be compatible with Think\Controller::show($content, $charset = '', $contentType = '', $prefix = '') F:\website\vote\Application\Home\Controller\CompetitorController.class.php 第 239 行.
SQL: SHOW COLUMNS FROM `v_competitor` [ RunTime:0.0030s ]
SQL: SHOW COLUMNS FROM `v_competitor_image` [ RunTime:0.0030s ]
SQL: SELECT b.imageurl FROM v_competitor_image a left join v_image b on a.imageid=b.iid  WHERE a.competitorid = '31'  [ RunTime:0.0010s ]
INFO: [ app_end ] --START--
INFO: Run Behavior\ShowPageTraceBehavior [ RunTime:0.001000s ]
INFO: [ app_end ] --END-- [ RunTime:0.001000s ]

[ 2017-03-11T09:41:34+08:00 ] 127.0.0.1 /vote/index.php/Home/Competitor/show
INFO: [ app_init ] --START--
INFO: Run Behavior\BuildLiteBehavior [ RunTime:0.000000s ]
INFO: [ app_init ] --END-- [ RunTime:0.001000s ]
INFO: [ app_begin ] --START--
INFO: Run Behavior\ReadHtmlCacheBehavior [ RunTime:0.000000s ]
INFO: [ app_begin ] --END-- [ RunTime:0.001000s ]
NOTIC: [2048] Declaration of Home\Controller\CompetitorController::show() should be compatible with Think\Controller::show($content, $charset = '', $contentType = '', $prefix = '') F:\website\vote\Application\Home\Controller\CompetitorController.class.php 第 239 行.
SQL: SHOW COLUMNS FROM `v_competitor` [ RunTime:0.0030s ]
SQL: SHOW COLUMNS FROM `v_competitor_image` [ RunTime:0.0030s ]
SQL: SELECT b.imageurl FROM v_competitor_image a left join v_image b on a.imageid=b.iid  WHERE a.competitorid = '16'  [ RunTime:0.0010s ]
INFO: [ app_end ] --START--
INFO: Run Behavior\ShowPageTraceBehavior [ RunTime:0.001000s ]
INFO: [ app_end ] --END-- [ RunTime:0.002000s ]

[ 2017-03-11T10:51:05+08:00 ] 127.0.0.1 /vote/index.php/Home/Index/index
INFO: [ app_init ] --START--
INFO: Run Behavior\BuildLiteBehavior [ RunTime:0.000000s ]
INFO: [ app_init ] --END-- [ RunTime:0.001000s ]
INFO: [ app_begin ] --START--
INFO: Run Behavior\ReadHtmlCacheBehavior [ RunTime:0.001000s ]
INFO: [ app_begin ] --END-- [ RunTime:0.001000s ]
NOTIC: [2048] Declaration of Home\Controller\IndexController::show() should be compatible with Think\Controller::show($content, $charset = '', $contentType = '', $prefix = '') F:\website\vote\Application\Home\Controller\IndexController.class.php 第 160 行.
SQL: SHOW COLUMNS FROM `v_carousel` [ RunTime:0.0020s ]
SQL: SELECT `cid`,`picurl` FROM `v_carousel`  [ RunTime:0.0000s ]
SQL: SHOW COLUMNS FROM `v_info` [ RunTime:0.0030s ]
SQL: SELECT * FROM `v_info`  [ RunTime:0.0000s ]
INFO: [ app_end ] --START--
INFO: Run Behavior\ShowPageTraceBehavior [ RunTime:0.001000s ]
INFO: [ app_end ] --END-- [ RunTime:0.002000s ]

[ 2017-03-11T10:51:40+08:00 ] 127.0.0.1 /vote/index.php/Home/Index/index
INFO: [ app_init ] --START--
INFO: Run Behavior\BuildLiteBehavior [ RunTime:0.000000s ]
INFO: [ app_init ] --END-- [ RunTime:0.000000s ]
INFO: [ app_begin ] --START--
INFO: Run Behavior\ReadHtmlCacheBehavior [ RunTime:0.001000s ]
INFO: [ app_begin ] --END-- [ RunTime:0.001000s ]
NOTIC: [2048] Declaration of Home\Controller\IndexController::show() should be compatible with Think\Controller::show($content, $charset = '', $contentType = '', $prefix = '') F:\website\vote\Application\Home\Controller\IndexController.class.php 第 160 行.
SQL: SHOW COLUMNS FROM `v_carousel` [ RunTime:0.0030s ]
SQL: SELECT `cid`,`picurl` FROM `v_carousel`  [ RunTime:0.0010s ]
SQL: SHOW COLUMNS FROM `v_info` [ RunTime:0.0050s ]
SQL: SELECT * FROM `v_info`  [ RunTime:0.0020s ]
INFO: [ app_end ] --START--
INFO: Run Behavior\ShowPageTraceBehavior [ RunTime:0.001000s ]
INFO: [ app_end ] --END-- [ RunTime:0.002000s ]

