[ 2017-03-08T09:29:11+08:00 ] 127.0.0.1 /vote/phone/%7B%7Binfo.imageurl%7D%7D
INFO: [ app_init ] --START--
INFO: Run Behavior\BuildLiteBehavior [ RunTime:0.000032s ]
INFO: [ app_init ] --END-- [ RunTime:0.000869s ]
ERR: 无法加载模块:Phone

[ 2017-03-08T09:29:14+08:00 ] 127.0.0.1 /vote/phone/js/angular.min.js.map
INFO: [ app_init ] --START--
INFO: Run Behavior\BuildLiteBehavior [ RunTime:0.000024s ]
INFO: [ app_init ] --END-- [ RunTime:0.000545s ]
ERR: 无法加载模块:Phone

[ 2017-03-08T09:29:14+08:00 ] 127.0.0.1 /vote/phone/js/maps/swiper.js.map
INFO: [ app_init ] --START--
INFO: Run Behavior\BuildLiteBehavior [ RunTime:0.000023s ]
INFO: [ app_init ] --END-- [ RunTime:0.000662s ]
ERR: 无法加载模块:Phone

[ 2017-03-08T09:29:29+08:00 ] 127.0.0.1 /vote/phone/js/angular.min.js.map
INFO: [ app_init ] --START--
INFO: Run Behavior\BuildLiteBehavior [ RunTime:0.000032s ]
INFO: [ app_init ] --END-- [ RunTime:0.000702s ]
ERR: 无法加载模块:Phone

[ 2017-03-08T09:29:29+08:00 ] 127.0.0.1 /vote/phone/js/maps/swiper.js.map
INFO: [ app_init ] --START--
INFO: Run Behavior\BuildLiteBehavior [ RunTime:0.000025s ]
INFO: [ app_init ] --END-- [ RunTime:0.000782s ]
ERR: 无法加载模块:Phone

[ 2017-03-08T09:29:29+08:00 ] 127.0.0.1 /vote/phone/%7B%7Binfo.imageurl%7D%7D
INFO: [ app_init ] --START--
INFO: Run Behavior\BuildLiteBehavior [ RunTime:0.000033s ]
INFO: [ app_init ] --END-- [ RunTime:0.000782s ]
ERR: 无法加载模块:Phone

[ 2017-03-08T09:29:33+08:00 ] 127.0.0.1 /vote/phone/js/angular.min.js.map
INFO: [ app_init ] --START--
INFO: Run Behavior\BuildLiteBehavior [ RunTime:0.000033s ]
INFO: [ app_init ] --END-- [ RunTime:0.000768s ]
ERR: 无法加载模块:Phone

[ 2017-03-08T09:29:33+08:00 ] 127.0.0.1 /vote/phone/js/maps/swiper.js.map
INFO: [ app_init ] --START--
INFO: Run Behavior\BuildLiteBehavior [ RunTime:0.000032s ]
INFO: [ app_init ] --END-- [ RunTime:0.000822s ]
ERR: 无法加载模块:Phone

[ 2017-03-08T09:29:33+08:00 ] 127.0.0.1 /vote/phone/%7B%7Binfo.imageurl%7D%7D
INFO: [ app_init ] --START--
INFO: Run Behavior\BuildLiteBehavior [ RunTime:0.000038s ]
INFO: [ app_init ] --END-- [ RunTime:0.000867s ]
ERR: 无法加载模块:Phone

[ 2017-03-08T09:29:39+08:00 ] 127.0.0.1 /vote/phone/%7B%7Binfo.imageurl%7D%7D
INFO: [ app_init ] --START--
INFO: Run Behavior\BuildLiteBehavior [ RunTime:0.000032s ]
INFO: [ app_init ] --END-- [ RunTime:0.000698s ]
ERR: 无法加载模块:Phone

[ 2017-03-08T09:31:06+08:00 ] 127.0.0.1 /vote/phone/js/angular.min.js.map
INFO: [ app_init ] --START--
INFO: Run Behavior\BuildLiteBehavior [ RunTime:0.000037s ]
INFO: [ app_init ] --END-- [ RunTime:0.000858s ]
ERR: 无法加载模块:Phone

[ 2017-03-08T09:31:06+08:00 ] 127.0.0.1 /vote/phone/js/maps/swiper.js.map
INFO: [ app_init ] --START--
INFO: Run Behavior\BuildLiteBehavior [ RunTime:0.000036s ]
INFO: [ app_init ] --END-- [ RunTime:0.001198s ]
ERR: 无法加载模块:Phone

[ 2017-03-08T09:31:21+08:00 ] 127.0.0.1 /vote/phone/js/angular.min.js.map
INFO: [ app_init ] --START--
INFO: Run Behavior\BuildLiteBehavior [ RunTime:0.000032s ]
INFO: [ app_init ] --END-- [ RunTime:0.000928s ]
ERR: 无法加载模块:Phone

[ 2017-03-08T09:45:45+08:00 ] 127.0.0.1 /vote/phone/js/angular.min.js.map
INFO: [ app_init ] --START--
INFO: Run Behavior\BuildLiteBehavior [ RunTime:0.000039s ]
INFO: [ app_init ] --END-- [ RunTime:0.000894s ]
ERR: 无法加载模块:Phone

[ 2017-03-08T09:45:45+08:00 ] 127.0.0.1 /vote/phone/js/maps/swiper.js.map
INFO: [ app_init ] --START--
INFO: Run Behavior\BuildLiteBehavior [ RunTime:0.000045s ]
INFO: [ app_init ] --END-- [ RunTime:0.000974s ]
ERR: 无法加载模块:Phone

[ 2017-03-08T09:46:00+08:00 ] 127.0.0.1 /vote/phone/js/maps/swiper.js.map
INFO: [ app_init ] --START--
INFO: Run Behavior\BuildLiteBehavior [ RunTime:0.000041s ]
INFO: [ app_init ] --END-- [ RunTime:0.000946s ]
ERR: 无法加载模块:Phone

[ 2017-03-08T09:46:00+08:00 ] 127.0.0.1 /vote/phone/js/angular.min.js.map
INFO: [ app_init ] --START--
INFO: Run Behavior\BuildLiteBehavior [ RunTime:0.000031s ]
INFO: [ app_init ] --END-- [ RunTime:0.000819s ]
ERR: 无法加载模块:Phone

[ 2017-03-08T09:48:06+08:00 ] 127.0.0.1 /vote/phone/js/angular.min.js.map
INFO: [ app_init ] --START--
INFO: Run Behavior\BuildLiteBehavior [ RunTime:0.000036s ]
INFO: [ app_init ] --END-- [ RunTime:0.000843s ]
ERR: 无法加载模块:Phone

[ 2017-03-08T09:48:06+08:00 ] 127.0.0.1 /vote/phone/js/maps/swiper.js.map
INFO: [ app_init ] --START--
INFO: Run Behavior\BuildLiteBehavior [ RunTime:0.000037s ]
INFO: [ app_init ] --END-- [ RunTime:0.001558s ]
ERR: 无法加载模块:Phone

[ 2017-03-08T09:48:31+08:00 ] 127.0.0.1 /vote/phone/js/angular.min.js.map
INFO: [ app_init ] --START--
INFO: Run Behavior\BuildLiteBehavior [ RunTime:0.000045s ]
INFO: [ app_init ] --END-- [ RunTime:0.000997s ]
ERR: 无法加载模块:Phone

[ 2017-03-08T09:48:31+08:00 ] 127.0.0.1 /vote/phone/js/maps/swiper.js.map
INFO: [ app_init ] --START--
INFO: Run Behavior\BuildLiteBehavior [ RunTime:0.000037s ]
INFO: [ app_init ] --END-- [ RunTime:0.000765s ]
ERR: 无法加载模块:Phone

[ 2017-03-08T09:48:38+08:00 ] 127.0.0.1 /vote/phone/js/angular.min.js.map
INFO: [ app_init ] --START--
INFO: Run Behavior\BuildLiteBehavior [ RunTime:0.000036s ]
INFO: [ app_init ] --END-- [ RunTime:0.000794s ]
ERR: 无法加载模块:Phone

[ 2017-03-08T09:48:38+08:00 ] 127.0.0.1 /vote/phone/js/maps/swiper.js.map
INFO: [ app_init ] --START--
INFO: Run Behavior\BuildLiteBehavior [ RunTime:0.000041s ]
INFO: [ app_init ] --END-- [ RunTime:0.000835s ]
ERR: 无法加载模块:Phone

[ 2017-03-08T09:48:44+08:00 ] 127.0.0.1 /vote/phone/js/angular.min.js.map
INFO: [ app_init ] --START--
INFO: Run Behavior\BuildLiteBehavior [ RunTime:0.000037s ]
INFO: [ app_init ] --END-- [ RunTime:0.000801s ]
ERR: 无法加载模块:Phone

[ 2017-03-08T09:48:44+08:00 ] 127.0.0.1 /vote/phone/js/maps/swiper.js.map
INFO: [ app_init ] --START--
INFO: Run Behavior\BuildLiteBehavior [ RunTime:0.000035s ]
INFO: [ app_init ] --END-- [ RunTime:0.000846s ]
ERR: 无法加载模块:Phone

[ 2017-03-08T09:48:54+08:00 ] 127.0.0.1 /vote/phone/maps/swiper.js.map
INFO: [ app_init ] --START--
INFO: Run Behavior\BuildLiteBehavior [ RunTime:0.000036s ]
INFO: [ app_init ] --END-- [ RunTime:0.000877s ]
ERR: 无法加载模块:Phone

[ 2017-03-08T09:48:54+08:00 ] 127.0.0.1 /vote/Public/Uploads/carousel/2017-03-03/58b91b4833dc7.jpg
INFO: [ app_init ] --START--
INFO: Run Behavior\BuildLiteBehavior [ RunTime:0.000034s ]
INFO: [ app_init ] --END-- [ RunTime:0.000753s ]
ERR: 无法加载模块:Public

[ 2017-03-08T09:48:54+08:00 ] 127.0.0.1 /vote/Public/Uploads/carousel/2017-03-03/58b91b8533fc7.jpg
INFO: [ app_init ] --START--
INFO: Run Behavior\BuildLiteBehavior [ RunTime:0.000034s ]
INFO: [ app_init ] --END-- [ RunTime:0.000608s ]
ERR: 无法加载模块:Public

[ 2017-03-08T09:48:55+08:00 ] 127.0.0.1 /vote/phone/%7B%7Binfo.imageurl%7D%7D
INFO: [ app_init ] --START--
INFO: Run Behavior\BuildLiteBehavior [ RunTime:0.000038s ]
INFO: [ app_init ] --END-- [ RunTime:0.000814s ]
ERR: 无法加载模块:Phone

[ 2017-03-08T09:50:01+08:00 ] 127.0.0.1 /vote/phone/js/angular.min.js.map
INFO: [ app_init ] --START--
INFO: Run Behavior\BuildLiteBehavior [ RunTime:0.000041s ]
INFO: [ app_init ] --END-- [ RunTime:0.000782s ]
ERR: 无法加载模块:Phone

[ 2017-03-08T09:50:01+08:00 ] 127.0.0.1 /vote/phone/js/maps/swiper.js.map
INFO: [ app_init ] --START--
INFO: Run Behavior\BuildLiteBehavior [ RunTime:0.000040s ]
INFO: [ app_init ] --END-- [ RunTime:0.000848s ]
ERR: 无法加载模块:Phone

[ 2017-03-08T09:50:39+08:00 ] 127.0.0.1 /vote/phone/js/angular.min.js.map
INFO: [ app_init ] --START--
INFO: Run Behavior\BuildLiteBehavior [ RunTime:0.000039s ]
INFO: [ app_init ] --END-- [ RunTime:0.000894s ]
ERR: 无法加载模块:Phone

[ 2017-03-08T09:50:39+08:00 ] 127.0.0.1 /vote/phone/js/maps/swiper.js.map
INFO: [ app_init ] --START--
INFO: Run Behavior\BuildLiteBehavior [ RunTime:0.000041s ]
INFO: [ app_init ] --END-- [ RunTime:0.001195s ]
ERR: 无法加载模块:Phone

[ 2017-03-08T09:50:48+08:00 ] 127.0.0.1 /vote/phone/js/angular.min.js.map
INFO: [ app_init ] --START--
INFO: Run Behavior\BuildLiteBehavior [ RunTime:0.000022s ]
INFO: [ app_init ] --END-- [ RunTime:0.000569s ]
ERR: 无法加载模块:Phone

[ 2017-03-08T09:50:48+08:00 ] 127.0.0.1 /vote/phone/js/maps/swiper.js.map
INFO: [ app_init ] --START--
INFO: Run Behavior\BuildLiteBehavior [ RunTime:0.000030s ]
INFO: [ app_init ] --END-- [ RunTime:0.001574s ]
ERR: 无法加载模块:Phone

[ 2017-03-08T09:53:26+08:00 ] 127.0.0.1 /vote/phone/js/angular.min.js.map
INFO: [ app_init ] --START--
INFO: Run Behavior\BuildLiteBehavior [ RunTime:0.000034s ]
INFO: [ app_init ] --END-- [ RunTime:0.000853s ]
ERR: 无法加载模块:Phone

[ 2017-03-08T09:53:26+08:00 ] 127.0.0.1 /vote/phone/js/maps/swiper.js.map
INFO: [ app_init ] --START--
INFO: Run Behavior\BuildLiteBehavior [ RunTime:0.000033s ]
INFO: [ app_init ] --END-- [ RunTime:0.000963s ]
ERR: 无法加载模块:Phone

[ 2017-03-08T09:53:42+08:00 ] 127.0.0.1 /vote/phone/js/angular.min.js.map
INFO: [ app_init ] --START--
INFO: Run Behavior\BuildLiteBehavior [ RunTime:0.000037s ]
INFO: [ app_init ] --END-- [ RunTime:0.000786s ]
ERR: 无法加载模块:Phone

[ 2017-03-08T09:53:42+08:00 ] 127.0.0.1 /vote/phone/js/maps/swiper.js.map
INFO: [ app_init ] --START--
INFO: Run Behavior\BuildLiteBehavior [ RunTime:0.000035s ]
INFO: [ app_init ] --END-- [ RunTime:0.000867s ]
ERR: 无法加载模块:Phone

[ 2017-03-08T09:54:12+08:00 ] 127.0.0.1 /vote/phone/js/angular.min.js.map
INFO: [ app_init ] --START--
INFO: Run Behavior\BuildLiteBehavior [ RunTime:0.000035s ]
INFO: [ app_init ] --END-- [ RunTime:0.000805s ]
ERR: 无法加载模块:Phone

[ 2017-03-08T09:54:12+08:00 ] 127.0.0.1 /vote/phone/js/maps/swiper.js.map
INFO: [ app_init ] --START--
INFO: Run Behavior\BuildLiteBehavior [ RunTime:0.000035s ]
INFO: [ app_init ] --END-- [ RunTime:0.000769s ]
ERR: 无法加载模块:Phone

[ 2017-03-08T09:54:15+08:00 ] 127.0.0.1 /vote/phone/js/angular.min.js.map
INFO: [ app_init ] --START--
INFO: Run Behavior\BuildLiteBehavior [ RunTime:0.000036s ]
INFO: [ app_init ] --END-- [ RunTime:0.000807s ]
ERR: 无法加载模块:Phone

[ 2017-03-08T09:54:15+08:00 ] 127.0.0.1 /vote/phone/js/maps/swiper.js.map
INFO: [ app_init ] --START--
INFO: Run Behavior\BuildLiteBehavior [ RunTime:0.000032s ]
INFO: [ app_init ] --END-- [ RunTime:0.000808s ]
ERR: 无法加载模块:Phone

[ 2017-03-08T09:54:25+08:00 ] 127.0.0.1 /vote/phone/js/maps/swiper.js.map
INFO: [ app_init ] --START--
INFO: Run Behavior\BuildLiteBehavior [ RunTime:0.000045s ]
INFO: [ app_init ] --END-- [ RunTime:0.003051s ]
ERR: 无法加载模块:Phone

[ 2017-03-08T09:54:25+08:00 ] 127.0.0.1 /vote/phone/js/angular.min.js.map
INFO: [ app_init ] --START--
INFO: Run Behavior\BuildLiteBehavior [ RunTime:0.000032s ]
INFO: [ app_init ] --END-- [ RunTime:0.000827s ]
ERR: 无法加载模块:Phone

[ 2017-03-08T09:54:37+08:00 ] 127.0.0.1 /vote/phone/js/angular.min.js.map
INFO: [ app_init ] --START--
INFO: Run Behavior\BuildLiteBehavior [ RunTime:0.000037s ]
INFO: [ app_init ] --END-- [ RunTime:0.000825s ]
ERR: 无法加载模块:Phone

[ 2017-03-08T09:54:37+08:00 ] 127.0.0.1 /vote/phone/js/maps/swiper.js.map
INFO: [ app_init ] --START--
INFO: Run Behavior\BuildLiteBehavior [ RunTime:0.000031s ]
INFO: [ app_init ] --END-- [ RunTime:0.000809s ]
ERR: 无法加载模块:Phone

[ 2017-03-08T09:56:09+08:00 ] 127.0.0.1 /vote/phone/js/angular.min.js.map
INFO: [ app_init ] --START--
INFO: Run Behavior\BuildLiteBehavior [ RunTime:0.000034s ]
INFO: [ app_init ] --END-- [ RunTime:0.000814s ]
ERR: 无法加载模块:Phone

[ 2017-03-08T09:56:09+08:00 ] 127.0.0.1 /vote/phone/js/maps/swiper.js.map
INFO: [ app_init ] --START--
INFO: Run Behavior\BuildLiteBehavior [ RunTime:0.000033s ]
INFO: [ app_init ] --END-- [ RunTime:0.000955s ]
ERR: 无法加载模块:Phone

[ 2017-03-08T17:41:17+08:00 ] 127.0.0.1 /vote/phone/angular.min.js.map
INFO: [ app_init ] --START--
INFO: Run Behavior\BuildLiteBehavior [ RunTime:0.000036s ]
INFO: [ app_init ] --END-- [ RunTime:0.000931s ]
ERR: 无法加载模块:Phone

[ 2017-03-08T18:14:23+08:00 ] 127.0.0.1 /vote/phone/js/angular.min.js.map
INFO: [ app_init ] --START--
INFO: Run Behavior\BuildLiteBehavior [ RunTime:0.000036s ]
INFO: [ app_init ] --END-- [ RunTime:0.000914s ]
ERR: 无法加载模块:Phone

[ 2017-03-08T18:14:23+08:00 ] 127.0.0.1 /vote/phone/js/maps/swiper.js.map
INFO: [ app_init ] --START--
INFO: Run Behavior\BuildLiteBehavior [ RunTime:0.000035s ]
INFO: [ app_init ] --END-- [ RunTime:0.000933s ]
ERR: 无法加载模块:Phone

[ 2017-03-08T18:14:24+08:00 ] 127.0.0.1 /vote/phone/maps/swiper.js.map
INFO: [ app_init ] --START--
INFO: Run Behavior\BuildLiteBehavior [ RunTime:0.000026s ]
INFO: [ app_init ] --END-- [ RunTime:0.000546s ]
ERR: 无法加载模块:Phone

[ 2017-03-08T18:14:24+08:00 ] 127.0.0.1 /vote/Public/Uploads/carousel/2017-03-03/58b91b4833dc7.jpg
INFO: [ app_init ] --START--
INFO: Run Behavior\BuildLiteBehavior [ RunTime:0.000044s ]
INFO: [ app_init ] --END-- [ RunTime:0.000984s ]
ERR: 无法加载模块:Public

[ 2017-03-08T18:14:24+08:00 ] 127.0.0.1 /vote/Public/Uploads/carousel/2017-03-03/58b91b52be161.jpg
INFO: [ app_init ] --START--
INFO: Run Behavior\BuildLiteBehavior [ RunTime:0.000034s ]
INFO: [ app_init ] --END-- [ RunTime:0.000787s ]
ERR: 无法加载模块:Public

[ 2017-03-08T18:14:24+08:00 ] 127.0.0.1 /vote/Public/Uploads/carousel/2017-03-03/58b91b8533fc7.jpg
INFO: [ app_init ] --START--
INFO: Run Behavior\BuildLiteBehavior [ RunTime:0.000026s ]
INFO: [ app_init ] --END-- [ RunTime:0.001162s ]
ERR: 无法加载模块:Public

[ 2017-03-08T18:14:28+08:00 ] 127.0.0.1 /vote/phone/angular.min.js.map
INFO: [ app_init ] --START--
INFO: Run Behavior\BuildLiteBehavior [ RunTime:0.000038s ]
INFO: [ app_init ] --END-- [ RunTime:0.000759s ]
ERR: 无法加载模块:Phone

[ 2017-03-08T18:15:07+08:00 ] 127.0.0.1 /vote/phone/js/angular.min.js.map
INFO: [ app_init ] --START--
INFO: Run Behavior\BuildLiteBehavior [ RunTime:0.000034s ]
INFO: [ app_init ] --END-- [ RunTime:0.000770s ]
ERR: 无法加载模块:Phone

[ 2017-03-08T18:15:07+08:00 ] 127.0.0.1 /vote/phone/js/maps/swiper.js.map
INFO: [ app_init ] --START--
INFO: Run Behavior\BuildLiteBehavior [ RunTime:0.000026s ]
INFO: [ app_init ] --END-- [ RunTime:0.000648s ]
ERR: 无法加载模块:Phone

[ 2017-03-08T18:15:07+08:00 ] 127.0.0.1 /vote/phone/angular.min.js.map
INFO: [ app_init ] --START--
INFO: Run Behavior\BuildLiteBehavior [ RunTime:0.000027s ]
INFO: [ app_init ] --END-- [ RunTime:0.000768s ]
ERR: 无法加载模块:Phone

[ 2017-03-08T18:15:10+08:00 ] 127.0.0.1 /vote/phone/%7B%7Binfo.imageurl%7D%7D
INFO: [ app_init ] --START--
INFO: Run Behavior\BuildLiteBehavior [ RunTime:0.000043s ]
INFO: [ app_init ] --END-- [ RunTime:0.000994s ]
ERR: 无法加载模块:Phone

[ 2017-03-08T18:15:50+08:00 ] 127.0.0.1 /vote/phone/js/angular.min.js.map
INFO: [ app_init ] --START--
INFO: Run Behavior\BuildLiteBehavior [ RunTime:0.000034s ]
INFO: [ app_init ] --END-- [ RunTime:0.000860s ]
ERR: 无法加载模块:Phone

[ 2017-03-08T18:15:50+08:00 ] 127.0.0.1 /vote/phone/js/maps/swiper.js.map
INFO: [ app_init ] --START--
INFO: Run Behavior\BuildLiteBehavior [ RunTime:0.000035s ]
INFO: [ app_init ] --END-- [ RunTime:0.000909s ]
ERR: 无法加载模块:Phone

[ 2017-03-08T18:15:50+08:00 ] 127.0.0.1 /vote/phone/%7B%7Binfo.imageurl%7D%7D
INFO: [ app_init ] --START--
INFO: Run Behavior\BuildLiteBehavior [ RunTime:0.000035s ]
INFO: [ app_init ] --END-- [ RunTime:0.000836s ]
ERR: 无法加载模块:Phone

[ 2017-03-08T18:16:03+08:00 ] 127.0.0.1 /vote/phone/angular.min.js.map
INFO: [ app_init ] --START--
INFO: Run Behavior\BuildLiteBehavior [ RunTime:0.000035s ]
INFO: [ app_init ] --END-- [ RunTime:0.001256s ]
ERR: 无法加载模块:Phone

[ 2017-03-08T18:16:21+08:00 ] 127.0.0.1 /vote/phone/js/angular.min.js.map
INFO: [ app_init ] --START--
INFO: Run Behavior\BuildLiteBehavior [ RunTime:0.000036s ]
INFO: [ app_init ] --END-- [ RunTime:0.000811s ]
ERR: 无法加载模块:Phone

[ 2017-03-08T18:16:21+08:00 ] 127.0.0.1 /vote/phone/js/maps/swiper.js.map
INFO: [ app_init ] --START--
INFO: Run Behavior\BuildLiteBehavior [ RunTime:0.000033s ]
INFO: [ app_init ] --END-- [ RunTime:0.000773s ]
ERR: 无法加载模块:Phone

[ 2017-03-08T18:16:23+08:00 ] 127.0.0.1 /vote/phone/angular.min.js.map
INFO: [ app_init ] --START--
INFO: Run Behavior\BuildLiteBehavior [ RunTime:0.000037s ]
INFO: [ app_init ] --END-- [ RunTime:0.000902s ]
ERR: 无法加载模块:Phone

[ 2017-03-08T18:17:29+08:00 ] 127.0.0.1 /vote/phone/js/angular.min.js.map
INFO: [ app_init ] --START--
INFO: Run Behavior\BuildLiteBehavior [ RunTime:0.000037s ]
INFO: [ app_init ] --END-- [ RunTime:0.000922s ]
ERR: 无法加载模块:Phone

[ 2017-03-08T18:17:29+08:00 ] 127.0.0.1 /vote/phone/js/maps/swiper.js.map
INFO: [ app_init ] --START--
INFO: Run Behavior\BuildLiteBehavior [ RunTime:0.000025s ]
INFO: [ app_init ] --END-- [ RunTime:0.000678s ]
ERR: 无法加载模块:Phone

[ 2017-03-08T18:17:30+08:00 ] 127.0.0.1 /vote/phone/angular.min.js.map
INFO: [ app_init ] --START--
INFO: Run Behavior\BuildLiteBehavior [ RunTime:0.000042s ]
INFO: [ app_init ] --END-- [ RunTime:0.000954s ]
ERR: 无法加载模块:Phone

[ 2017-03-08T18:17:35+08:00 ] 127.0.0.1 /vote/phone/js/maps/swiper.js.map
INFO: [ app_init ] --START--
INFO: Run Behavior\BuildLiteBehavior [ RunTime:0.000031s ]
INFO: [ app_init ] --END-- [ RunTime:0.000882s ]
ERR: 无法加载模块:Phone

[ 2017-03-08T18:17:36+08:00 ] 127.0.0.1 /vote/phone/js/maps/swiper.js.map
INFO: [ app_init ] --START--
INFO: Run Behavior\BuildLiteBehavior [ RunTime:0.000036s ]
INFO: [ app_init ] --END-- [ RunTime:0.000798s ]
ERR: 无法加载模块:Phone

[ 2017-03-08T18:17:36+08:00 ] 127.0.0.1 /vote/phone/js/angular.min.js.map
INFO: [ app_init ] --START--
INFO: Run Behavior\BuildLiteBehavior [ RunTime:0.000030s ]
INFO: [ app_init ] --END-- [ RunTime:0.000792s ]
ERR: 无法加载模块:Phone

[ 2017-03-08T18:17:37+08:00 ] 127.0.0.1 /vote/phone/angular.min.js.map
INFO: [ app_init ] --START--
INFO: Run Behavior\BuildLiteBehavior [ RunTime:0.000059s ]
INFO: [ app_init ] --END-- [ RunTime:0.001147s ]
ERR: 无法加载模块:Phone

[ 2017-03-08T18:17:59+08:00 ] 127.0.0.1 /vote/phone/js/angular.min.js.map
INFO: [ app_init ] --START--
INFO: Run Behavior\BuildLiteBehavior [ RunTime:0.000037s ]
INFO: [ app_init ] --END-- [ RunTime:0.000769s ]
ERR: 无法加载模块:Phone

[ 2017-03-08T18:17:59+08:00 ] 127.0.0.1 /vote/phone/js/maps/swiper.js.map
INFO: [ app_init ] --START--
INFO: Run Behavior\BuildLiteBehavior [ RunTime:0.000022s ]
INFO: [ app_init ] --END-- [ RunTime:0.000557s ]
ERR: 无法加载模块:Phone

[ 2017-03-08T18:18:01+08:00 ] 127.0.0.1 /vote/phone/js/angular.min.js.map
INFO: [ app_init ] --START--
INFO: Run Behavior\BuildLiteBehavior [ RunTime:0.000035s ]
INFO: [ app_init ] --END-- [ RunTime:0.000944s ]
ERR: 无法加载模块:Phone

[ 2017-03-08T18:18:01+08:00 ] 127.0.0.1 /vote/phone/js/maps/swiper.js.map
INFO: [ app_init ] --START--
INFO: Run Behavior\BuildLiteBehavior [ RunTime:0.000030s ]
INFO: [ app_init ] --END-- [ RunTime:0.000759s ]
ERR: 无法加载模块:Phone

[ 2017-03-08T18:18:05+08:00 ] 127.0.0.1 /vote/phone/js/maps/swiper.js.map
INFO: [ app_init ] --START--
INFO: Run Behavior\BuildLiteBehavior [ RunTime:0.000034s ]
INFO: [ app_init ] --END-- [ RunTime:0.000807s ]
ERR: 无法加载模块:Phone

[ 2017-03-08T18:18:05+08:00 ] 127.0.0.1 /vote/phone/js/angular.min.js.map
INFO: [ app_init ] --START--
INFO: Run Behavior\BuildLiteBehavior [ RunTime:0.000047s ]
INFO: [ app_init ] --END-- [ RunTime:0.003374s ]
ERR: 无法加载模块:Phone

[ 2017-03-08T18:19:03+08:00 ] 127.0.0.1 /vote/phone/angular.min.js.map
INFO: [ app_init ] --START--
INFO: Run Behavior\BuildLiteBehavior [ RunTime:0.000026s ]
INFO: [ app_init ] --END-- [ RunTime:0.000550s ]
ERR: 无法加载模块:Phone

[ 2017-03-08T18:19:08+08:00 ] 127.0.0.1 /vote/phone/angular.min.js.map
INFO: [ app_init ] --START--
INFO: Run Behavior\BuildLiteBehavior [ RunTime:0.000031s ]
INFO: [ app_init ] --END-- [ RunTime:0.000795s ]
ERR: 无法加载模块:Phone

[ 2017-03-08T18:19:15+08:00 ] 127.0.0.1 /vote/phone/angular.min.js.map
INFO: [ app_init ] --START--
INFO: Run Behavior\BuildLiteBehavior [ RunTime:0.000035s ]
INFO: [ app_init ] --END-- [ RunTime:0.000783s ]
ERR: 无法加载模块:Phone

[ 2017-03-08T18:19:46+08:00 ] 127.0.0.1 /vote/phone/%7B%7Binfo.imageurl%7D%7D
INFO: [ app_init ] --START--
INFO: Run Behavior\BuildLiteBehavior [ RunTime:0.000033s ]
INFO: [ app_init ] --END-- [ RunTime:0.000821s ]
ERR: 无法加载模块:Phone

[ 2017-03-08T18:19:51+08:00 ] 127.0.0.1 /vote/phone/js/angular.min.js.map
INFO: [ app_init ] --START--
INFO: Run Behavior\BuildLiteBehavior [ RunTime:0.000040s ]
INFO: [ app_init ] --END-- [ RunTime:0.000796s ]
ERR: 无法加载模块:Phone

[ 2017-03-08T18:19:51+08:00 ] 127.0.0.1 /vote/phone/js/maps/swiper.js.map
INFO: [ app_init ] --START--
INFO: Run Behavior\BuildLiteBehavior [ RunTime:0.000030s ]
INFO: [ app_init ] --END-- [ RunTime:0.000748s ]
ERR: 无法加载模块:Phone

[ 2017-03-08T18:19:51+08:00 ] 127.0.0.1 /vote/phone/%7B%7Binfo.imageurl%7D%7D
INFO: [ app_init ] --START--
INFO: Run Behavior\BuildLiteBehavior [ RunTime:0.000036s ]
INFO: [ app_init ] --END-- [ RunTime:0.000790s ]
ERR: 无法加载模块:Phone

[ 2017-03-08T18:20:01+08:00 ] 127.0.0.1 /vote/phone/angular.min.js.map
INFO: [ app_init ] --START--
INFO: Run Behavior\BuildLiteBehavior [ RunTime:0.000035s ]
INFO: [ app_init ] --END-- [ RunTime:0.001046s ]
ERR: 无法加载模块:Phone

[ 2017-03-08T18:22:05+08:00 ] 127.0.0.1 /vote/phone/js/maps/swiper.js.map
INFO: [ app_init ] --START--
INFO: Run Behavior\BuildLiteBehavior [ RunTime:0.000030s ]
INFO: [ app_init ] --END-- [ RunTime:0.000763s ]
ERR: 无法加载模块:Phone

[ 2017-03-08T18:22:05+08:00 ] 127.0.0.1 /vote/phone/js/angular.min.js.map
INFO: [ app_init ] --START--
INFO: Run Behavior\BuildLiteBehavior [ RunTime:0.000032s ]
INFO: [ app_init ] --END-- [ RunTime:0.000961s ]
ERR: 无法加载模块:Phone

[ 2017-03-08T18:22:05+08:00 ] 127.0.0.1 /vote/phone/angular.min.js.map
INFO: [ app_init ] --START--
INFO: Run Behavior\BuildLiteBehavior [ RunTime:0.000029s ]
INFO: [ app_init ] --END-- [ RunTime:0.000899s ]
ERR: 无法加载模块:Phone

[ 2017-03-08T18:22:08+08:00 ] 127.0.0.1 /vote/phone/js/angular.min.js.map
INFO: [ app_init ] --START--
INFO: Run Behavior\BuildLiteBehavior [ RunTime:0.000035s ]
INFO: [ app_init ] --END-- [ RunTime:0.000753s ]
ERR: 无法加载模块:Phone

[ 2017-03-08T18:22:08+08:00 ] 127.0.0.1 /vote/phone/js/maps/swiper.js.map
INFO: [ app_init ] --START--
INFO: Run Behavior\BuildLiteBehavior [ RunTime:0.000040s ]
INFO: [ app_init ] --END-- [ RunTime:0.000927s ]
ERR: 无法加载模块:Phone

[ 2017-03-08T18:22:08+08:00 ] 127.0.0.1 /vote/phone/angular.min.js.map
INFO: [ app_init ] --START--
INFO: Run Behavior\BuildLiteBehavior [ RunTime:0.000023s ]
INFO: [ app_init ] --END-- [ RunTime:0.000536s ]
ERR: 无法加载模块:Phone

[ 2017-03-08T18:22:11+08:00 ] 127.0.0.1 /vote/phone/js/angular.min.js.map
INFO: [ app_init ] --START--
INFO: Run Behavior\BuildLiteBehavior [ RunTime:0.000036s ]
INFO: [ app_init ] --END-- [ RunTime:0.000792s ]
ERR: 无法加载模块:Phone

[ 2017-03-08T18:22:11+08:00 ] 127.0.0.1 /vote/phone/js/maps/swiper.js.map
INFO: [ app_init ] --START--
INFO: Run Behavior\BuildLiteBehavior [ RunTime:0.000034s ]
INFO: [ app_init ] --END-- [ RunTime:0.000764s ]
ERR: 无法加载模块:Phone

[ 2017-03-08T18:22:11+08:00 ] 127.0.0.1 /vote/phone/angular.min.js.map
INFO: [ app_init ] --START--
INFO: Run Behavior\BuildLiteBehavior [ RunTime:0.000036s ]
INFO: [ app_init ] --END-- [ RunTime:0.000832s ]
ERR: 无法加载模块:Phone

[ 2017-03-08T18:24:01+08:00 ] 127.0.0.1 /vote/phone/js/angular.min.js.map
INFO: [ app_init ] --START--
INFO: Run Behavior\BuildLiteBehavior [ RunTime:0.000037s ]
INFO: [ app_init ] --END-- [ RunTime:0.000844s ]
ERR: 无法加载模块:Phone

[ 2017-03-08T18:24:01+08:00 ] 127.0.0.1 /vote/phone/js/maps/swiper.js.map
INFO: [ app_init ] --START--
INFO: Run Behavior\BuildLiteBehavior [ RunTime:0.000038s ]
INFO: [ app_init ] --END-- [ RunTime:0.001303s ]
ERR: 无法加载模块:Phone

[ 2017-03-08T18:24:02+08:00 ] 127.0.0.1 /vote/phone/angular.min.js.map
INFO: [ app_init ] --START--
INFO: Run Behavior\BuildLiteBehavior [ RunTime:0.000036s ]
INFO: [ app_init ] --END-- [ RunTime:0.000809s ]
ERR: 无法加载模块:Phone

[ 2017-03-08T19:02:13+08:00 ] 127.0.0.1 /vote/phone/js/maps/swiper.js.map
INFO: [ app_init ] --START--
INFO: Run Behavior\BuildLiteBehavior [ RunTime:0.000032s ]
INFO: [ app_init ] --END-- [ RunTime:0.000728s ]
ERR: 无法加载模块:Phone

[ 2017-03-08T19:02:13+08:00 ] 127.0.0.1 /vote/phone/js/angular.min.js.map
INFO: [ app_init ] --START--
INFO: Run Behavior\BuildLiteBehavior [ RunTime:0.000035s ]
INFO: [ app_init ] --END-- [ RunTime:0.000874s ]
ERR: 无法加载模块:Phone

[ 2017-03-08T19:07:40+08:00 ] 127.0.0.1 /vote/phone/js/angular.min.js.map
INFO: [ app_init ] --START--
INFO: Run Behavior\BuildLiteBehavior [ RunTime:0.000034s ]
INFO: [ app_init ] --END-- [ RunTime:0.000938s ]
ERR: 无法加载模块:Phone

[ 2017-03-08T19:07:40+08:00 ] 127.0.0.1 /vote/phone/js/maps/swiper.js.map
INFO: [ app_init ] --START--
INFO: Run Behavior\BuildLiteBehavior [ RunTime:0.000035s ]
INFO: [ app_init ] --END-- [ RunTime:0.000990s ]
ERR: 无法加载模块:Phone

[ 2017-03-08T19:07:53+08:00 ] 127.0.0.1 /vote/phone/js/angular.min.js.map
INFO: [ app_init ] --START--
INFO: Run Behavior\BuildLiteBehavior [ RunTime:0.000036s ]
INFO: [ app_init ] --END-- [ RunTime:0.000904s ]
ERR: 无法加载模块:Phone

[ 2017-03-08T19:07:53+08:00 ] 127.0.0.1 /vote/phone/js/maps/swiper.js.map
INFO: [ app_init ] --START--
INFO: Run Behavior\BuildLiteBehavior [ RunTime:0.000031s ]
INFO: [ app_init ] --END-- [ RunTime:0.000783s ]
ERR: 无法加载模块:Phone

[ 2017-03-08T19:08:05+08:00 ] 127.0.0.1 /vote/phone/js/angular.min.js.map
INFO: [ app_init ] --START--
INFO: Run Behavior\BuildLiteBehavior [ RunTime:0.000035s ]
INFO: [ app_init ] --END-- [ RunTime:0.000969s ]
ERR: 无法加载模块:Phone

[ 2017-03-08T19:08:05+08:00 ] 127.0.0.1 /vote/phone/js/maps/swiper.js.map
INFO: [ app_init ] --START--
INFO: Run Behavior\BuildLiteBehavior [ RunTime:0.000031s ]
INFO: [ app_init ] --END-- [ RunTime:0.000751s ]
ERR: 无法加载模块:Phone

[ 2017-03-08T19:09:10+08:00 ] 127.0.0.1 /vote/phone/js/angular.min.js.map
INFO: [ app_init ] --START--
INFO: Run Behavior\BuildLiteBehavior [ RunTime:0.000038s ]
INFO: [ app_init ] --END-- [ RunTime:0.000793s ]
ERR: 无法加载模块:Phone

[ 2017-03-08T19:09:10+08:00 ] 127.0.0.1 /vote/phone/js/maps/swiper.js.map
INFO: [ app_init ] --START--
INFO: Run Behavior\BuildLiteBehavior [ RunTime:0.000034s ]
INFO: [ app_init ] --END-- [ RunTime:0.000777s ]
ERR: 无法加载模块:Phone

[ 2017-03-08T19:09:14+08:00 ] 127.0.0.1 /vote/phone/js/maps/swiper.js.map
INFO: [ app_init ] --START--
INFO: Run Behavior\BuildLiteBehavior [ RunTime:0.000035s ]
INFO: [ app_init ] --END-- [ RunTime:0.000725s ]
ERR: 无法加载模块:Phone

[ 2017-03-08T19:09:14+08:00 ] 127.0.0.1 /vote/phone/js/angular.min.js.map
INFO: [ app_init ] --START--
INFO: Run Behavior\BuildLiteBehavior [ RunTime:0.000036s ]
INFO: [ app_init ] --END-- [ RunTime:0.001014s ]
ERR: 无法加载模块:Phone

[ 2017-03-08T19:09:36+08:00 ] 127.0.0.1 /vote/phone/js/angular.min.js.map
INFO: [ app_init ] --START--
INFO: Run Behavior\BuildLiteBehavior [ RunTime:0.000035s ]
INFO: [ app_init ] --END-- [ RunTime:0.000997s ]
ERR: 无法加载模块:Phone

[ 2017-03-08T19:09:36+08:00 ] 127.0.0.1 /vote/phone/js/maps/swiper.js.map
INFO: [ app_init ] --START--
INFO: Run Behavior\BuildLiteBehavior [ RunTime:0.000023s ]
INFO: [ app_init ] --END-- [ RunTime:0.000664s ]
ERR: 无法加载模块:Phone

[ 2017-03-08T19:09:57+08:00 ] 127.0.0.1 /vote/phone/js/angular.min.js.map
INFO: [ app_init ] --START--
INFO: Run Behavior\BuildLiteBehavior [ RunTime:0.000040s ]
INFO: [ app_init ] --END-- [ RunTime:0.000828s ]
ERR: 无法加载模块:Phone

[ 2017-03-08T19:09:57+08:00 ] 127.0.0.1 /vote/phone/js/maps/swiper.js.map
INFO: [ app_init ] --START--
INFO: Run Behavior\BuildLiteBehavior [ RunTime:0.000035s ]
INFO: [ app_init ] --END-- [ RunTime:0.000801s ]
ERR: 无法加载模块:Phone

[ 2017-03-08T19:37:39+08:00 ] 127.0.0.1 /vote/phone/js/angular.min.js.map
INFO: [ app_init ] --START--
INFO: Run Behavior\BuildLiteBehavior [ RunTime:0.000033s ]
INFO: [ app_init ] --END-- [ RunTime:0.000900s ]
ERR: 无法加载模块:Phone

[ 2017-03-08T19:37:39+08:00 ] 127.0.0.1 /vote/phone/js/maps/swiper.js.map
INFO: [ app_init ] --START--
INFO: Run Behavior\BuildLiteBehavior [ RunTime:0.000036s ]
INFO: [ app_init ] --END-- [ RunTime:0.000949s ]
ERR: 无法加载模块:Phone

[ 2017-03-08T19:37:50+08:00 ] 127.0.0.1 /vote/phone/js/angular.min.js.map
INFO: [ app_init ] --START--
INFO: Run Behavior\BuildLiteBehavior [ RunTime:0.000032s ]
INFO: [ app_init ] --END-- [ RunTime:0.000800s ]
ERR: 无法加载模块:Phone

[ 2017-03-08T19:37:50+08:00 ] 127.0.0.1 /vote/phone/js/maps/swiper.js.map
INFO: [ app_init ] --START--
INFO: Run Behavior\BuildLiteBehavior [ RunTime:0.000035s ]
INFO: [ app_init ] --END-- [ RunTime:0.000776s ]
ERR: 无法加载模块:Phone

[ 2017-03-08T19:38:11+08:00 ] 127.0.0.1 /vote/phone/js/angular.min.js.map
INFO: [ app_init ] --START--
INFO: Run Behavior\BuildLiteBehavior [ RunTime:0.000035s ]
INFO: [ app_init ] --END-- [ RunTime:0.000979s ]
ERR: 无法加载模块:Phone

[ 2017-03-08T19:38:11+08:00 ] 127.0.0.1 /vote/phone/js/maps/swiper.js.map
INFO: [ app_init ] --START--
INFO: Run Behavior\BuildLiteBehavior [ RunTime:0.000031s ]
INFO: [ app_init ] --END-- [ RunTime:0.000851s ]
ERR: 无法加载模块:Phone

[ 2017-03-08T19:38:38+08:00 ] 127.0.0.1 /vote/phone/js/angular.min.js.map
INFO: [ app_init ] --START--
INFO: Run Behavior\BuildLiteBehavior [ RunTime:0.000044s ]
INFO: [ app_init ] --END-- [ RunTime:0.000897s ]
ERR: 无法加载模块:Phone

[ 2017-03-08T19:38:38+08:00 ] 127.0.0.1 /vote/phone/js/maps/swiper.js.map
INFO: [ app_init ] --START--
INFO: Run Behavior\BuildLiteBehavior [ RunTime:0.000022s ]
INFO: [ app_init ] --END-- [ RunTime:0.000807s ]
ERR: 无法加载模块:Phone

[ 2017-03-08T19:39:53+08:00 ] 127.0.0.1 /vote/phone/js/angular.min.js.map
INFO: [ app_init ] --START--
INFO: Run Behavior\BuildLiteBehavior [ RunTime:0.000037s ]
INFO: [ app_init ] --END-- [ RunTime:0.000819s ]
ERR: 无法加载模块:Phone

[ 2017-03-08T19:39:53+08:00 ] 127.0.0.1 /vote/phone/js/maps/swiper.js.map
INFO: [ app_init ] --START--
INFO: Run Behavior\BuildLiteBehavior [ RunTime:0.000033s ]
INFO: [ app_init ] --END-- [ RunTime:0.000892s ]
ERR: 无法加载模块:Phone

[ 2017-03-08T19:39:55+08:00 ] 127.0.0.1 /vote/phone/js/maps/swiper.js.map
INFO: [ app_init ] --START--
INFO: Run Behavior\BuildLiteBehavior [ RunTime:0.000033s ]
INFO: [ app_init ] --END-- [ RunTime:0.000761s ]
ERR: 无法加载模块:Phone

[ 2017-03-08T19:39:55+08:00 ] 127.0.0.1 /vote/phone/js/angular.min.js.map
INFO: [ app_init ] --START--
INFO: Run Behavior\BuildLiteBehavior [ RunTime:0.000023s ]
INFO: [ app_init ] --END-- [ RunTime:0.000555s ]
ERR: 无法加载模块:Phone

[ 2017-03-08T19:41:39+08:00 ] 127.0.0.1 /vote/phone/js/angular.min.js.map
INFO: [ app_init ] --START--
INFO: Run Behavior\BuildLiteBehavior [ RunTime:0.000038s ]
INFO: [ app_init ] --END-- [ RunTime:0.007659s ]
ERR: 无法加载模块:Phone

[ 2017-03-08T19:41:39+08:00 ] 127.0.0.1 /vote/phone/js/maps/swiper.js.map
INFO: [ app_init ] --START--
INFO: Run Behavior\BuildLiteBehavior [ RunTime:0.000037s ]
INFO: [ app_init ] --END-- [ RunTime:0.001504s ]
ERR: 无法加载模块:Phone

[ 2017-03-08T19:41:51+08:00 ] 127.0.0.1 /vote/phone/js/angular.min.js.map
INFO: [ app_init ] --START--
INFO: Run Behavior\BuildLiteBehavior [ RunTime:0.000038s ]
INFO: [ app_init ] --END-- [ RunTime:0.002863s ]
ERR: 无法加载模块:Phone

[ 2017-03-08T19:41:51+08:00 ] 127.0.0.1 /vote/phone/js/maps/swiper.js.map
INFO: [ app_init ] --START--
INFO: Run Behavior\BuildLiteBehavior [ RunTime:0.000139s ]
INFO: [ app_init ] --END-- [ RunTime:0.004257s ]
ERR: 无法加载模块:Phone

[ 2017-03-08T19:47:53+08:00 ] 127.0.0.1 /vote/phone/js/maps/swiper.js.map
INFO: [ app_init ] --START--
INFO: Run Behavior\BuildLiteBehavior [ RunTime:0.000036s ]
INFO: [ app_init ] --END-- [ RunTime:0.000840s ]
ERR: 无法加载模块:Phone

[ 2017-03-08T19:47:53+08:00 ] 127.0.0.1 /vote/phone/js/angular.min.js.map
INFO: [ app_init ] --START--
INFO: Run Behavior\BuildLiteBehavior [ RunTime:0.000039s ]
INFO: [ app_init ] --END-- [ RunTime:0.003944s ]
ERR: 无法加载模块:Phone

[ 2017-03-08T19:47:53+08:00 ] 127.0.0.1 /vote/phone/%7B%7Binfo.imageurl%7D%7D
INFO: [ app_init ] --START--
INFO: Run Behavior\BuildLiteBehavior [ RunTime:0.000031s ]
INFO: [ app_init ] --END-- [ RunTime:0.005548s ]
ERR: 无法加载模块:Phone

[ 2017-03-08T19:47:56+08:00 ] 127.0.0.1 /vote/phone/js/angular.min.js.map
INFO: [ app_init ] --START--
INFO: Run Behavior\BuildLiteBehavior [ RunTime:0.000033s ]
INFO: [ app_init ] --END-- [ RunTime:0.000790s ]
ERR: 无法加载模块:Phone

[ 2017-03-08T19:47:56+08:00 ] 127.0.0.1 /vote/phone/%7B%7Binfo.imageurl%7D%7D
INFO: [ app_init ] --START--
INFO: Run Behavior\BuildLiteBehavior [ RunTime:0.000034s ]
INFO: [ app_init ] --END-- [ RunTime:0.005079s ]
ERR: 无法加载模块:Phone

[ 2017-03-08T19:49:30+08:00 ] 127.0.0.1 /vote/phone/js/angular.min.js.map
INFO: [ app_init ] --START--
INFO: Run Behavior\BuildLiteBehavior [ RunTime:0.000033s ]
INFO: [ app_init ] --END-- [ RunTime:0.000757s ]
ERR: 无法加载模块:Phone

[ 2017-03-08T19:49:30+08:00 ] 127.0.0.1 /vote/phone/js/maps/swiper.js.map
INFO: [ app_init ] --START--
INFO: Run Behavior\BuildLiteBehavior [ RunTime:0.000027s ]
INFO: [ app_init ] --END-- [ RunTime:0.000700s ]
ERR: 无法加载模块:Phone

[ 2017-03-08T19:49:31+08:00 ] 127.0.0.1 /vote/phone/%7B%7Binfo.imageurl%7D%7D
INFO: [ app_init ] --START--
INFO: Run Behavior\BuildLiteBehavior [ RunTime:0.000032s ]
INFO: [ app_init ] --END-- [ RunTime:0.003171s ]
ERR: 无法加载模块:Phone

[ 2017-03-08T19:51:06+08:00 ] 127.0.0.1 /vote/phone/maps/swiper.js.map
INFO: [ app_init ] --START--
INFO: Run Behavior\BuildLiteBehavior [ RunTime:0.000032s ]
INFO: [ app_init ] --END-- [ RunTime:0.000871s ]
ERR: 无法加载模块:Phone

[ 2017-03-08T19:51:06+08:00 ] 127.0.0.1 /vote/Public/Uploads/carousel/2017-03-03/58b91b52be161.jpg
INFO: [ app_init ] --START--
INFO: Run Behavior\BuildLiteBehavior [ RunTime:0.000028s ]
INFO: [ app_init ] --END-- [ RunTime:0.000647s ]
ERR: 无法加载模块:Public

[ 2017-03-08T19:51:06+08:00 ] 127.0.0.1 /vote/Public/Uploads/carousel/2017-03-03/58b91b8533fc7.jpg
INFO: [ app_init ] --START--
INFO: Run Behavior\BuildLiteBehavior [ RunTime:0.000054s ]
INFO: [ app_init ] --END-- [ RunTime:0.001503s ]
ERR: 无法加载模块:Public

[ 2017-03-08T19:51:20+08:00 ] 127.0.0.1 /vote/Public/Uploads/carousel/2017-03-03/58b91b4833dc7.jpg
INFO: [ app_init ] --START--
INFO: Run Behavior\BuildLiteBehavior [ RunTime:0.000021s ]
INFO: [ app_init ] --END-- [ RunTime:0.000622s ]
ERR: 无法加载模块:Public

[ 2017-03-08T19:51:20+08:00 ] 127.0.0.1 /vote/Public/Uploads/carousel/2017-03-03/58b91b52be161.jpg
INFO: [ app_init ] --START--
INFO: Run Behavior\BuildLiteBehavior [ RunTime:0.000038s ]
INFO: [ app_init ] --END-- [ RunTime:0.002824s ]
ERR: 无法加载模块:Public

[ 2017-03-08T19:51:21+08:00 ] 127.0.0.1 /vote/Public/Uploads/carousel/2017-03-03/58b91b8533fc7.jpg
INFO: [ app_init ] --START--
INFO: Run Behavior\BuildLiteBehavior [ RunTime:0.000018s ]
INFO: [ app_init ] --END-- [ RunTime:0.000433s ]
ERR: 无法加载模块:Public

[ 2017-03-08T19:52:00+08:00 ] 127.0.0.1 /vote/Public/Uploads/carousel/2017-03-03/58b91b52be161.jpg
INFO: [ app_init ] --START--
INFO: Run Behavior\BuildLiteBehavior [ RunTime:0.000018s ]
INFO: [ app_init ] --END-- [ RunTime:0.000505s ]
ERR: 无法加载模块:Public

[ 2017-03-08T19:53:12+08:00 ] 127.0.0.1 /vote/phone/maps/swiper.js.map
INFO: [ app_init ] --START--
INFO: Run Behavior\BuildLiteBehavior [ RunTime:0.000033s ]
INFO: [ app_init ] --END-- [ RunTime:0.001298s ]
ERR: 无法加载模块:Phone

[ 2017-03-08T19:53:12+08:00 ] 127.0.0.1 /vote/Public/Uploads/carousel/2017-03-03/58b91b52be161.jpg
INFO: [ app_init ] --START--
INFO: Run Behavior\BuildLiteBehavior [ RunTime:0.000598s ]
INFO: [ app_init ] --END-- [ RunTime:0.002051s ]
ERR: 无法加载模块:Public

[ 2017-03-08T19:53:12+08:00 ] 127.0.0.1 /vote/Public/Uploads/carousel/2017-03-03/58b91b8533fc7.jpg
INFO: [ app_init ] --START--
INFO: Run Behavior\BuildLiteBehavior [ RunTime:0.000030s ]
INFO: [ app_init ] --END-- [ RunTime:0.000897s ]
ERR: 无法加载模块:Public

[ 2017-03-08T19:53:12+08:00 ] 127.0.0.1 /vote/Public/Uploads/carousel/2017-03-03/58b91b4833dc7.jpg
INFO: [ app_init ] --START--
INFO: Run Behavior\BuildLiteBehavior [ RunTime:0.000034s ]
INFO: [ app_init ] --END-- [ RunTime:0.001154s ]
ERR: 无法加载模块:Public

[ 2017-03-08T19:55:24+08:00 ] 127.0.0.1 /vote//Public/Uploads/carousel/2017-03-03/58b91b4833dc7.jpg
INFO: [ app_init ] --START--
INFO: Run Behavior\BuildLiteBehavior [ RunTime:0.000030s ]
INFO: [ app_init ] --END-- [ RunTime:0.000727s ]
ERR: 无法加载模块:Public

[ 2017-03-08T19:55:24+08:00 ] 127.0.0.1 /vote//Public/Uploads/carousel/2017-03-03/58b91b52be161.jpg
INFO: [ app_init ] --START--
INFO: Run Behavior\BuildLiteBehavior [ RunTime:0.000029s ]
INFO: [ app_init ] --END-- [ RunTime:0.000887s ]
ERR: 无法加载模块:Public

[ 2017-03-08T19:55:24+08:00 ] 127.0.0.1 /vote//Public/Uploads/carousel/2017-03-03/58b91b8533fc7.jpg
INFO: [ app_init ] --START--
INFO: Run Behavior\BuildLiteBehavior [ RunTime:0.000028s ]
INFO: [ app_init ] --END-- [ RunTime:0.000879s ]
ERR: 无法加载模块:Public

[ 2017-03-08T19:56:56+08:00 ] 127.0.0.1 /vote/phone/js/maps/swiper.js.map
INFO: [ app_init ] --START--
INFO: Run Behavior\BuildLiteBehavior [ RunTime:0.000034s ]
INFO: [ app_init ] --END-- [ RunTime:0.000894s ]
ERR: 无法加载模块:Phone

[ 2017-03-08T19:56:56+08:00 ] 127.0.0.1 /vote/phone/js/angular.min.js.map
INFO: [ app_init ] --START--
INFO: Run Behavior\BuildLiteBehavior [ RunTime:0.000034s ]
INFO: [ app_init ] --END-- [ RunTime:0.000894s ]
ERR: 无法加载模块:Phone

[ 2017-03-08T19:56:56+08:00 ] 127.0.0.1 /vote/phone/maps/swiper.js.map
INFO: [ app_init ] --START--
INFO: Run Behavior\BuildLiteBehavior [ RunTime:0.000038s ]
INFO: [ app_init ] --END-- [ RunTime:0.001660s ]
ERR: 无法加载模块:Phone

[ 2017-03-08T19:57:37+08:00 ] 127.0.0.1 /vote/phone/js/maps/swiper.js.map
INFO: [ app_init ] --START--
INFO: Run Behavior\BuildLiteBehavior [ RunTime:0.000031s ]
INFO: [ app_init ] --END-- [ RunTime:0.001032s ]
ERR: 无法加载模块:Phone

[ 2017-03-08T19:57:37+08:00 ] 127.0.0.1 /vote/phone/js/angular.min.js.map
INFO: [ app_init ] --START--
INFO: Run Behavior\BuildLiteBehavior [ RunTime:0.000031s ]
INFO: [ app_init ] --END-- [ RunTime:0.000938s ]
ERR: 无法加载模块:Phone

[ 2017-03-08T19:57:37+08:00 ] 127.0.0.1 /vote/phone/maps/swiper.js.map
INFO: [ app_init ] --START--
INFO: Run Behavior\BuildLiteBehavior [ RunTime:0.000039s ]
INFO: [ app_init ] --END-- [ RunTime:0.000961s ]
ERR: 无法加载模块:Phone

[ 2017-03-08T20:24:46+08:00 ] 127.0.0.1 /vote/phone/maps/swiper.js.map
INFO: [ app_init ] --START--
INFO: Run Behavior\BuildLiteBehavior [ RunTime:0.000021s ]
INFO: [ app_init ] --END-- [ RunTime:0.000725s ]
ERR: 无法加载模块:Phone

[ 2017-03-08T20:24:53+08:00 ] 127.0.0.1 /vote/phone/%7B%7Binfo.imageurl%7D%7D
INFO: [ app_init ] --START--
INFO: Run Behavior\BuildLiteBehavior [ RunTime:0.000035s ]
INFO: [ app_init ] --END-- [ RunTime:0.000837s ]
ERR: 无法加载模块:Phone

[ 2017-03-08T20:25:03+08:00 ] 127.0.0.1 /vote/phone/maps/swiper.js.map
INFO: [ app_init ] --START--
INFO: Run Behavior\BuildLiteBehavior [ RunTime:0.000037s ]
INFO: [ app_init ] --END-- [ RunTime:0.000865s ]
ERR: 无法加载模块:Phone

[ 2017-03-08T20:25:30+08:00 ] 127.0.0.1 /vote/phone/%7B%7Binfo.imageurl%7D%7D
INFO: [ app_init ] --START--
INFO: Run Behavior\BuildLiteBehavior [ RunTime:0.000026s ]
INFO: [ app_init ] --END-- [ RunTime:0.000686s ]
ERR: 无法加载模块:Phone

[ 2017-03-08T20:26:00+08:00 ] 127.0.0.1 /vote/phone/%7B%7Binfo.imageurl%7D%7D
INFO: [ app_init ] --START--
INFO: Run Behavior\BuildLiteBehavior [ RunTime:0.000032s ]
INFO: [ app_init ] --END-- [ RunTime:0.000855s ]
ERR: 无法加载模块:Phone

[ 2017-03-08T20:28:23+08:00 ] 127.0.0.1 /vote/phone/%7B%7Binfo.imageurl%7D%7D
INFO: [ app_init ] --START--
INFO: Run Behavior\BuildLiteBehavior [ RunTime:0.000022s ]
INFO: [ app_init ] --END-- [ RunTime:0.000701s ]
ERR: 无法加载模块:Phone

[ 2017-03-08T20:28:41+08:00 ] 127.0.0.1 /vote/phone/js/maps/swiper.js.map
INFO: [ app_init ] --START--
INFO: Run Behavior\BuildLiteBehavior [ RunTime:0.000038s ]
INFO: [ app_init ] --END-- [ RunTime:0.000867s ]
ERR: 无法加载模块:Phone

[ 2017-03-08T20:28:41+08:00 ] 127.0.0.1 /vote/phone/%7B%7Binfo.imageurl%7D%7D
INFO: [ app_init ] --START--
INFO: Run Behavior\BuildLiteBehavior [ RunTime:0.000031s ]
INFO: [ app_init ] --END-- [ RunTime:0.000958s ]
ERR: 无法加载模块:Phone

[ 2017-03-08T20:28:54+08:00 ] 127.0.0.1 /vote/phone/js/angular.min.js.map
INFO: [ app_init ] --START--
INFO: Run Behavior\BuildLiteBehavior [ RunTime:0.000038s ]
INFO: [ app_init ] --END-- [ RunTime:0.001129s ]
ERR: 无法加载模块:Phone

[ 2017-03-08T20:28:54+08:00 ] 127.0.0.1 /vote/phone/js/maps/swiper.js.map
INFO: [ app_init ] --START--
INFO: Run Behavior\BuildLiteBehavior [ RunTime:0.000034s ]
INFO: [ app_init ] --END-- [ RunTime:0.001268s ]
ERR: 无法加载模块:Phone

[ 2017-03-08T20:28:54+08:00 ] 127.0.0.1 /vote/phone/%7B%7Binfo.imageurl%7D%7D
INFO: [ app_init ] --START--
INFO: Run Behavior\BuildLiteBehavior [ RunTime:0.000031s ]
INFO: [ app_init ] --END-- [ RunTime:0.000710s ]
ERR: 无法加载模块:Phone

[ 2017-03-08T20:29:16+08:00 ] 127.0.0.1 /vote/phone/js/angular.min.js.map
INFO: [ app_init ] --START--
INFO: Run Behavior\BuildLiteBehavior [ RunTime:0.000110s ]
INFO: [ app_init ] --END-- [ RunTime:0.001602s ]
ERR: 无法加载模块:Phone

[ 2017-03-08T20:29:16+08:00 ] 127.0.0.1 /vote/phone/js/maps/swiper.js.map
INFO: [ app_init ] --START--
INFO: Run Behavior\BuildLiteBehavior [ RunTime:0.000028s ]
INFO: [ app_init ] --END-- [ RunTime:0.000954s ]
ERR: 无法加载模块:Phone

[ 2017-03-08T20:29:17+08:00 ] 127.0.0.1 /vote/phone/%7B%7Binfo.imageurl%7D%7D
INFO: [ app_init ] --START--
INFO: Run Behavior\BuildLiteBehavior [ RunTime:0.000032s ]
INFO: [ app_init ] --END-- [ RunTime:0.001140s ]
ERR: 无法加载模块:Phone

[ 2017-03-08T20:29:47+08:00 ] 127.0.0.1 /vote/phone/maps/swiper.js.map
INFO: [ app_init ] --START--
INFO: Run Behavior\BuildLiteBehavior [ RunTime:0.000059s ]
INFO: [ app_init ] --END-- [ RunTime:0.001026s ]
ERR: 无法加载模块:Phone

[ 2017-03-08T20:32:04+08:00 ] 127.0.0.1 /vote/phone/js/angular.min.js.map
INFO: [ app_init ] --START--
INFO: Run Behavior\BuildLiteBehavior [ RunTime:0.000030s ]
INFO: [ app_init ] --END-- [ RunTime:0.000761s ]
ERR: 无法加载模块:Phone

[ 2017-03-08T20:32:04+08:00 ] 127.0.0.1 /vote/phone/js/maps/swiper.js.map
INFO: [ app_init ] --START--
INFO: Run Behavior\BuildLiteBehavior [ RunTime:0.000027s ]
INFO: [ app_init ] --END-- [ RunTime:0.000725s ]
ERR: 无法加载模块:Phone

[ 2017-03-08T20:32:10+08:00 ] 127.0.0.1 /vote/phone/js/maps/swiper.js.map
INFO: [ app_init ] --START--
INFO: Run Behavior\BuildLiteBehavior [ RunTime:0.000033s ]
INFO: [ app_init ] --END-- [ RunTime:0.000825s ]
ERR: 无法加载模块:Phone

[ 2017-03-08T20:32:10+08:00 ] 127.0.0.1 /vote/phone/js/angular.min.js.map
INFO: [ app_init ] --START--
INFO: Run Behavior\BuildLiteBehavior [ RunTime:0.000021s ]
INFO: [ app_init ] --END-- [ RunTime:0.000622s ]
ERR: 无法加载模块:Phone

[ 2017-03-08T20:32:13+08:00 ] 127.0.0.1 /vote/phone/%7B%7Binfo.imageurl%7D%7D
INFO: [ app_init ] --START--
INFO: Run Behavior\BuildLiteBehavior [ RunTime:0.000033s ]
INFO: [ app_init ] --END-- [ RunTime:0.000765s ]
ERR: 无法加载模块:Phone

[ 2017-03-08T20:32:15+08:00 ] 127.0.0.1 /vote/phone/js/angular.min.js.map
INFO: [ app_init ] --START--
INFO: Run Behavior\BuildLiteBehavior [ RunTime:0.000034s ]
INFO: [ app_init ] --END-- [ RunTime:0.000917s ]
ERR: 无法加载模块:Phone

[ 2017-03-08T20:32:15+08:00 ] 127.0.0.1 /vote/phone/js/maps/swiper.js.map
INFO: [ app_init ] --START--
INFO: Run Behavior\BuildLiteBehavior [ RunTime:0.000033s ]
INFO: [ app_init ] --END-- [ RunTime:0.000883s ]
ERR: 无法加载模块:Phone

[ 2017-03-08T20:32:16+08:00 ] 127.0.0.1 /vote/phone/%7B%7Binfo.imageurl%7D%7D
INFO: [ app_init ] --START--
INFO: Run Behavior\BuildLiteBehavior [ RunTime:0.000034s ]
INFO: [ app_init ] --END-- [ RunTime:0.000809s ]
ERR: 无法加载模块:Phone

[ 2017-03-08T20:33:31+08:00 ] 127.0.0.1 /vote/phone/%7B%7Binfo.imageurl%7D%7D
INFO: [ app_init ] --START--
INFO: Run Behavior\BuildLiteBehavior [ RunTime:0.000033s ]
INFO: [ app_init ] --END-- [ RunTime:0.000908s ]
ERR: 无法加载模块:Phone

[ 2017-03-08T20:33:33+08:00 ] 127.0.0.1 /vote/phone/js/maps/swiper.js.map
INFO: [ app_init ] --START--
INFO: Run Behavior\BuildLiteBehavior [ RunTime:0.000034s ]
INFO: [ app_init ] --END-- [ RunTime:0.000859s ]
ERR: 无法加载模块:Phone

[ 2017-03-08T20:33:33+08:00 ] 127.0.0.1 /vote/phone/js/angular.min.js.map
INFO: [ app_init ] --START--
INFO: Run Behavior\BuildLiteBehavior [ RunTime:0.000034s ]
INFO: [ app_init ] --END-- [ RunTime:0.000986s ]
ERR: 无法加载模块:Phone

[ 2017-03-08T20:33:33+08:00 ] 127.0.0.1 /vote/phone/%7B%7Binfo.imageurl%7D%7D
INFO: [ app_init ] --START--
INFO: Run Behavior\BuildLiteBehavior [ RunTime:0.000033s ]
INFO: [ app_init ] --END-- [ RunTime:0.001004s ]
ERR: 无法加载模块:Phone

[ 2017-03-08T20:33:58+08:00 ] 127.0.0.1 /vote/phone/js/maps/swiper.js.map
INFO: [ app_init ] --START--
INFO: Run Behavior\BuildLiteBehavior [ RunTime:0.000039s ]
INFO: [ app_init ] --END-- [ RunTime:0.001350s ]
ERR: 无法加载模块:Phone

[ 2017-03-08T20:33:58+08:00 ] 127.0.0.1 /vote/phone/js/angular.min.js.map
INFO: [ app_init ] --START--
INFO: Run Behavior\BuildLiteBehavior [ RunTime:0.000029s ]
INFO: [ app_init ] --END-- [ RunTime:0.000855s ]
ERR: 无法加载模块:Phone

[ 2017-03-08T20:33:58+08:00 ] 127.0.0.1 /vote/phone/%7B%7Binfo.imageurl%7D%7D
INFO: [ app_init ] --START--
INFO: Run Behavior\BuildLiteBehavior [ RunTime:0.000031s ]
INFO: [ app_init ] --END-- [ RunTime:0.001070s ]
ERR: 无法加载模块:Phone

[ 2017-03-08T20:37:06+08:00 ] 127.0.0.1 /vote/phone/js/angular.min.js.map
INFO: [ app_init ] --START--
INFO: Run Behavior\BuildLiteBehavior [ RunTime:0.000037s ]
INFO: [ app_init ] --END-- [ RunTime:0.000956s ]
ERR: 无法加载模块:Phone

[ 2017-03-08T20:37:06+08:00 ] 127.0.0.1 /vote/phone/js/maps/swiper.js.map
INFO: [ app_init ] --START--
INFO: Run Behavior\BuildLiteBehavior [ RunTime:0.000023s ]
INFO: [ app_init ] --END-- [ RunTime:0.000771s ]
ERR: 无法加载模块:Phone

[ 2017-03-08T20:37:57+08:00 ] 127.0.0.1 /vote/phone/js/angular.min.js.map
INFO: [ app_init ] --START--
INFO: Run Behavior\BuildLiteBehavior [ RunTime:0.000034s ]
INFO: [ app_init ] --END-- [ RunTime:0.000861s ]
ERR: 无法加载模块:Phone

[ 2017-03-08T20:37:57+08:00 ] 127.0.0.1 /vote/phone/js/maps/swiper.js.map
INFO: [ app_init ] --START--
INFO: Run Behavior\BuildLiteBehavior [ RunTime:0.000033s ]
INFO: [ app_init ] --END-- [ RunTime:0.000815s ]
ERR: 无法加载模块:Phone

[ 2017-03-08T20:39:24+08:00 ] 127.0.0.1 /vote/phone/js/angular.min.js.map
INFO: [ app_init ] --START--
INFO: Run Behavior\BuildLiteBehavior [ RunTime:0.000035s ]
INFO: [ app_init ] --END-- [ RunTime:0.000898s ]
ERR: 无法加载模块:Phone

[ 2017-03-08T20:39:24+08:00 ] 127.0.0.1 /vote/phone/js/maps/swiper.js.map
INFO: [ app_init ] --START--
INFO: Run Behavior\BuildLiteBehavior [ RunTime:0.000023s ]
INFO: [ app_init ] --END-- [ RunTime:0.000618s ]
ERR: 无法加载模块:Phone

[ 2017-03-08T20:41:36+08:00 ] 127.0.0.1 /vote/phone/js/angular.min.js.map
INFO: [ app_init ] --START--
INFO: Run Behavior\BuildLiteBehavior [ RunTime:0.000037s ]
INFO: [ app_init ] --END-- [ RunTime:0.000923s ]
ERR: 无法加载模块:Phone

[ 2017-03-08T20:41:44+08:00 ] 127.0.0.1 /vote/phone/js/angular.min.js.map
INFO: [ app_init ] --START--
INFO: Run Behavior\BuildLiteBehavior [ RunTime:0.000037s ]
INFO: [ app_init ] --END-- [ RunTime:0.000808s ]
ERR: 无法加载模块:Phone

[ 2017-03-08T20:41:44+08:00 ] 127.0.0.1 /vote/phone/js/maps/swiper.js.map
INFO: [ app_init ] --START--
INFO: Run Behavior\BuildLiteBehavior [ RunTime:0.000028s ]
INFO: [ app_init ] --END-- [ RunTime:0.001133s ]
ERR: 无法加载模块:Phone

[ 2017-03-08T20:41:50+08:00 ] 127.0.0.1 /vote/phone/js/angular.min.js.map
INFO: [ app_init ] --START--
INFO: Run Behavior\BuildLiteBehavior [ RunTime:0.000033s ]
INFO: [ app_init ] --END-- [ RunTime:0.000804s ]
ERR: 无法加载模块:Phone

[ 2017-03-08T20:41:50+08:00 ] 127.0.0.1 /vote/phone/js/maps/swiper.js.map
INFO: [ app_init ] --START--
INFO: Run Behavior\BuildLiteBehavior [ RunTime:0.000035s ]
INFO: [ app_init ] --END-- [ RunTime:0.000767s ]
ERR: 无法加载模块:Phone

[ 2017-03-08T20:44:00+08:00 ] 127.0.0.1 /vote/phone/%7B%7Binfo.imageurl%7D%7D
INFO: [ app_init ] --START--
INFO: Run Behavior\BuildLiteBehavior [ RunTime:0.000034s ]
INFO: [ app_init ] --END-- [ RunTime:0.000877s ]
ERR: 无法加载模块:Phone

[ 2017-03-08T20:44:28+08:00 ] 127.0.0.1 /vote/phone/%7B%7Binfo.imageurl%7D%7D
INFO: [ app_init ] --START--
INFO: Run Behavior\BuildLiteBehavior [ RunTime:0.000027s ]
INFO: [ app_init ] --END-- [ RunTime:0.000641s ]
ERR: 无法加载模块:Phone

[ 2017-03-08T20:44:52+08:00 ] 127.0.0.1 /vote/phone/angular.min.js.map
INFO: [ app_init ] --START--
INFO: Run Behavior\BuildLiteBehavior [ RunTime:0.000032s ]
INFO: [ app_init ] --END-- [ RunTime:0.000829s ]
ERR: 无法加载模块:Phone

[ 2017-03-08T20:57:00+08:00 ] 127.0.0.1 /vote/phone/js/angular.min.js.map
INFO: [ app_init ] --START--
INFO: Run Behavior\BuildLiteBehavior [ RunTime:0.000036s ]
INFO: [ app_init ] --END-- [ RunTime:0.001103s ]
ERR: 无法加载模块:Phone

[ 2017-03-08T20:57:00+08:00 ] 127.0.0.1 /vote/phone/js/maps/swiper.js.map
INFO: [ app_init ] --START--
INFO: Run Behavior\BuildLiteBehavior [ RunTime:0.000023s ]
INFO: [ app_init ] --END-- [ RunTime:0.000794s ]
ERR: 无法加载模块:Phone

[ 2017-03-08T20:57:00+08:00 ] 127.0.0.1 /vote/phone/angular.min.js.map
INFO: [ app_init ] --START--
INFO: Run Behavior\BuildLiteBehavior [ RunTime:0.000037s ]
INFO: [ app_init ] --END-- [ RunTime:0.001118s ]
ERR: 无法加载模块:Phone

[ 2017-03-08T21:01:17+08:00 ] 127.0.0.1 /vote/phone/js/angular.min.js.map
INFO: [ app_init ] --START--
INFO: Run Behavior\BuildLiteBehavior [ RunTime:0.000057s ]
INFO: [ app_init ] --END-- [ RunTime:0.001000s ]
ERR: 无法加载模块:Phone

[ 2017-03-08T21:01:17+08:00 ] 127.0.0.1 /vote/phone/js/maps/swiper.js.map
INFO: [ app_init ] --START--
INFO: Run Behavior\BuildLiteBehavior [ RunTime:0.000025s ]
INFO: [ app_init ] --END-- [ RunTime:0.000656s ]
ERR: 无法加载模块:Phone

[ 2017-03-08T21:01:17+08:00 ] 127.0.0.1 /vote/phone/angular.min.js.map
INFO: [ app_init ] --START--
INFO: Run Behavior\BuildLiteBehavior [ RunTime:0.000028s ]
INFO: [ app_init ] --END-- [ RunTime:0.000518s ]
ERR: 无法加载模块:Phone

[ 2017-03-08T21:01:29+08:00 ] 127.0.0.1 /vote/phone/js/angular.min.js.map
INFO: [ app_init ] --START--
INFO: Run Behavior\BuildLiteBehavior [ RunTime:0.000032s ]
INFO: [ app_init ] --END-- [ RunTime:0.001052s ]
ERR: 无法加载模块:Phone

[ 2017-03-08T21:01:29+08:00 ] 127.0.0.1 /vote/phone/js/maps/swiper.js.map
INFO: [ app_init ] --START--
INFO: Run Behavior\BuildLiteBehavior [ RunTime:0.000024s ]
INFO: [ app_init ] --END-- [ RunTime:0.000700s ]
ERR: 无法加载模块:Phone

[ 2017-03-08T21:01:29+08:00 ] 127.0.0.1 /vote/phone/angular.min.js.map
INFO: [ app_init ] --START--
INFO: Run Behavior\BuildLiteBehavior [ RunTime:0.000037s ]
INFO: [ app_init ] --END-- [ RunTime:0.000988s ]
ERR: 无法加载模块:Phone

[ 2017-03-08T21:01:45+08:00 ] 127.0.0.1 /vote/phone/js/angular.min.js.map
INFO: [ app_init ] --START--
INFO: Run Behavior\BuildLiteBehavior [ RunTime:0.000078s ]
INFO: [ app_init ] --END-- [ RunTime:0.001079s ]
ERR: 无法加载模块:Phone

[ 2017-03-08T21:01:45+08:00 ] 127.0.0.1 /vote/phone/js/maps/swiper.js.map
INFO: [ app_init ] --START--
INFO: Run Behavior\BuildLiteBehavior [ RunTime:0.000024s ]
INFO: [ app_init ] --END-- [ RunTime:0.000669s ]
ERR: 无法加载模块:Phone

[ 2017-03-08T21:01:45+08:00 ] 127.0.0.1 /vote/phone/angular.min.js.map
INFO: [ app_init ] --START--
INFO: Run Behavior\BuildLiteBehavior [ RunTime:0.000041s ]
INFO: [ app_init ] --END-- [ RunTime:0.000932s ]
ERR: 无法加载模块:Phone

[ 2017-03-08T21:03:49+08:00 ] 127.0.0.1 /vote/wximages/1488978088215.jpeg
INFO: [ app_init ] --START--
INFO: Run Behavior\BuildLiteBehavior [ RunTime:0.000021s ]
INFO: [ app_init ] --END-- [ RunTime:0.000574s ]
ERR: 无法加载模块:Wximages

[ 2017-03-08T21:03:51+08:00 ] 127.0.0.1 /vote/wximages/1488978088215.jpeg
INFO: [ app_init ] --START--
INFO: Run Behavior\BuildLiteBehavior [ RunTime:0.000036s ]
INFO: [ app_init ] --END-- [ RunTime:0.001084s ]
ERR: 无法加载模块:Wximages

[ 2017-03-08T21:03:56+08:00 ] 127.0.0.1 /vote/phone/js/maps/swiper.js.map
INFO: [ app_init ] --START--
INFO: Run Behavior\BuildLiteBehavior [ RunTime:0.000038s ]
INFO: [ app_init ] --END-- [ RunTime:0.001324s ]
ERR: 无法加载模块:Phone

[ 2017-03-08T21:03:56+08:00 ] 127.0.0.1 /vote/phone/js/angular.min.js.map
INFO: [ app_init ] --START--
INFO: Run Behavior\BuildLiteBehavior [ RunTime:0.000041s ]
INFO: [ app_init ] --END-- [ RunTime:0.001929s ]
ERR: 无法加载模块:Phone

[ 2017-03-08T21:03:57+08:00 ] 127.0.0.1 /vote/phone/angular.min.js.map
INFO: [ app_init ] --START--
INFO: Run Behavior\BuildLiteBehavior [ RunTime:0.000037s ]
INFO: [ app_init ] --END-- [ RunTime:0.000839s ]
ERR: 无法加载模块:Phone

[ 2017-03-08T21:04:09+08:00 ] 127.0.0.1 /vote/phone/js/maps/swiper.js.map
INFO: [ app_init ] --START--
INFO: Run Behavior\BuildLiteBehavior [ RunTime:0.000148s ]
INFO: [ app_init ] --END-- [ RunTime:0.001094s ]
ERR: 无法加载模块:Phone

[ 2017-03-08T21:04:09+08:00 ] 127.0.0.1 /vote/phone/js/angular.min.js.map
INFO: [ app_init ] --START--
INFO: Run Behavior\BuildLiteBehavior [ RunTime:0.000035s ]
INFO: [ app_init ] --END-- [ RunTime:0.000999s ]
ERR: 无法加载模块:Phone

[ 2017-03-08T21:04:09+08:00 ] 127.0.0.1 /vote/phone/angular.min.js.map
INFO: [ app_init ] --START--
INFO: Run Behavior\BuildLiteBehavior [ RunTime:0.000057s ]
INFO: [ app_init ] --END-- [ RunTime:0.001287s ]
ERR: 无法加载模块:Phone

[ 2017-03-08T21:07:35+08:00 ] 127.0.0.1 /vote/phone/js/angular.min.js.map
INFO: [ app_init ] --START--
INFO: Run Behavior\BuildLiteBehavior [ RunTime:0.000035s ]
INFO: [ app_init ] --END-- [ RunTime:0.000913s ]
ERR: 无法加载模块:Phone

[ 2017-03-08T21:07:35+08:00 ] 127.0.0.1 /vote/phone/js/maps/swiper.js.map
INFO: [ app_init ] --START--
INFO: Run Behavior\BuildLiteBehavior [ RunTime:0.000038s ]
INFO: [ app_init ] --END-- [ RunTime:0.001572s ]
ERR: 无法加载模块:Phone

[ 2017-03-08T21:07:36+08:00 ] 127.0.0.1 /vote/phone/angular.min.js.map
INFO: [ app_init ] --START--
INFO: Run Behavior\BuildLiteBehavior [ RunTime:0.000035s ]
INFO: [ app_init ] --END-- [ RunTime:0.000749s ]
ERR: 无法加载模块:Phone

[ 2017-03-08T21:08:20+08:00 ] 127.0.0.1 /vote/phone/js/angular.min.js.map
INFO: [ app_init ] --START--
INFO: Run Behavior\BuildLiteBehavior [ RunTime:0.000049s ]
INFO: [ app_init ] --END-- [ RunTime:0.001428s ]
ERR: 无法加载模块:Phone

[ 2017-03-08T21:08:20+08:00 ] 127.0.0.1 /vote/phone/js/maps/swiper.js.map
INFO: [ app_init ] --START--
INFO: Run Behavior\BuildLiteBehavior [ RunTime:0.000041s ]
INFO: [ app_init ] --END-- [ RunTime:0.000974s ]
ERR: 无法加载模块:Phone

[ 2017-03-08T21:08:21+08:00 ] 127.0.0.1 /vote/phone/angular.min.js.map
INFO: [ app_init ] --START--
INFO: Run Behavior\BuildLiteBehavior [ RunTime:0.000034s ]
INFO: [ app_init ] --END-- [ RunTime:0.000781s ]
ERR: 无法加载模块:Phone

[ 2017-03-08T21:09:20+08:00 ] 127.0.0.1 /vote/phone/js/angular.min.js.map
INFO: [ app_init ] --START--
INFO: Run Behavior\BuildLiteBehavior [ RunTime:0.000035s ]
INFO: [ app_init ] --END-- [ RunTime:0.000934s ]
ERR: 无法加载模块:Phone

[ 2017-03-08T21:09:20+08:00 ] 127.0.0.1 /vote/phone/js/maps/swiper.js.map
INFO: [ app_init ] --START--
INFO: Run Behavior\BuildLiteBehavior [ RunTime:0.000024s ]
INFO: [ app_init ] --END-- [ RunTime:0.000736s ]
ERR: 无法加载模块:Phone

[ 2017-03-08T21:09:20+08:00 ] 127.0.0.1 /vote/phone/angular.min.js.map
INFO: [ app_init ] --START--
INFO: Run Behavior\BuildLiteBehavior [ RunTime:0.000038s ]
INFO: [ app_init ] --END-- [ RunTime:0.000917s ]
ERR: 无法加载模块:Phone

[ 2017-03-08T21:09:52+08:00 ] 127.0.0.1 /vote/phone/js/maps/swiper.js.map
INFO: [ app_init ] --START--
INFO: Run Behavior\BuildLiteBehavior [ RunTime:0.000032s ]
INFO: [ app_init ] --END-- [ RunTime:0.000893s ]
ERR: 无法加载模块:Phone

[ 2017-03-08T21:09:52+08:00 ] 127.0.0.1 /vote/phone/js/angular.min.js.map
INFO: [ app_init ] --START--
INFO: Run Behavior\BuildLiteBehavior [ RunTime:0.000033s ]
INFO: [ app_init ] --END-- [ RunTime:0.000827s ]
ERR: 无法加载模块:Phone

[ 2017-03-08T21:09:52+08:00 ] 127.0.0.1 /vote/phone/angular.min.js.map
INFO: [ app_init ] --START--
INFO: Run Behavior\BuildLiteBehavior [ RunTime:0.000021s ]
INFO: [ app_init ] --END-- [ RunTime:0.000493s ]
ERR: 无法加载模块:Phone

[ 2017-03-08T21:10:18+08:00 ] 127.0.0.1 /vote/phone/js/angular.min.js.map
INFO: [ app_init ] --START--
INFO: Run Behavior\BuildLiteBehavior [ RunTime:0.000033s ]
INFO: [ app_init ] --END-- [ RunTime:0.000727s ]
ERR: 无法加载模块:Phone

[ 2017-03-08T21:10:18+08:00 ] 127.0.0.1 /vote/phone/js/maps/swiper.js.map
INFO: [ app_init ] --START--
INFO: Run Behavior\BuildLiteBehavior [ RunTime:0.000030s ]
INFO: [ app_init ] --END-- [ RunTime:0.000855s ]
ERR: 无法加载模块:Phone

[ 2017-03-08T21:10:18+08:00 ] 127.0.0.1 /vote/phone/angular.min.js.map
INFO: [ app_init ] --START--
INFO: Run Behavior\BuildLiteBehavior [ RunTime:0.000036s ]
INFO: [ app_init ] --END-- [ RunTime:0.002940s ]
ERR: 无法加载模块:Phone

[ 2017-03-08T21:10:27+08:00 ] 127.0.0.1 /vote/phone/js/angular.min.js.map
INFO: [ app_init ] --START--
INFO: Run Behavior\BuildLiteBehavior [ RunTime:0.000035s ]
INFO: [ app_init ] --END-- [ RunTime:0.000768s ]
ERR: 无法加载模块:Phone

[ 2017-03-08T21:10:27+08:00 ] 127.0.0.1 /vote/phone/js/maps/swiper.js.map
INFO: [ app_init ] --START--
INFO: Run Behavior\BuildLiteBehavior [ RunTime:0.000068s ]
INFO: [ app_init ] --END-- [ RunTime:0.001409s ]
ERR: 无法加载模块:Phone

[ 2017-03-08T21:10:27+08:00 ] 127.0.0.1 /vote/phone/angular.min.js.map
INFO: [ app_init ] --START--
INFO: Run Behavior\BuildLiteBehavior [ RunTime:0.000037s ]
INFO: [ app_init ] --END-- [ RunTime:0.000961s ]
ERR: 无法加载模块:Phone

[ 2017-03-08T21:10:53+08:00 ] 127.0.0.1 /vote/phone/js/angular.min.js.map
INFO: [ app_init ] --START--
INFO: Run Behavior\BuildLiteBehavior [ RunTime:0.000036s ]
INFO: [ app_init ] --END-- [ RunTime:0.000926s ]
ERR: 无法加载模块:Phone

[ 2017-03-08T21:10:53+08:00 ] 127.0.0.1 /vote/phone/js/maps/swiper.js.map
INFO: [ app_init ] --START--
INFO: Run Behavior\BuildLiteBehavior [ RunTime:0.000023s ]
INFO: [ app_init ] --END-- [ RunTime:0.000753s ]
ERR: 无法加载模块:Phone

[ 2017-03-08T21:10:54+08:00 ] 127.0.0.1 /vote/phone/angular.min.js.map
INFO: [ app_init ] --START--
INFO: Run Behavior\BuildLiteBehavior [ RunTime:0.000020s ]
INFO: [ app_init ] --END-- [ RunTime:0.000544s ]
ERR: 无法加载模块:Phone

[ 2017-03-08T21:11:09+08:00 ] 127.0.0.1 /vote/phone/js/angular.min.js.map
INFO: [ app_init ] --START--
INFO: Run Behavior\BuildLiteBehavior [ RunTime:0.000034s ]
INFO: [ app_init ] --END-- [ RunTime:0.000923s ]
ERR: 无法加载模块:Phone

[ 2017-03-08T21:11:09+08:00 ] 127.0.0.1 /vote/phone/js/maps/swiper.js.map
INFO: [ app_init ] --START--
INFO: Run Behavior\BuildLiteBehavior [ RunTime:0.000033s ]
INFO: [ app_init ] --END-- [ RunTime:0.001135s ]
ERR: 无法加载模块:Phone

[ 2017-03-08T21:11:10+08:00 ] 127.0.0.1 /vote/phone/angular.min.js.map
INFO: [ app_init ] --START--
INFO: Run Behavior\BuildLiteBehavior [ RunTime:0.000035s ]
INFO: [ app_init ] --END-- [ RunTime:0.000971s ]
ERR: 无法加载模块:Phone

[ 2017-03-08T21:12:15+08:00 ] 127.0.0.1 /vote/phone/js/angular.min.js.map
INFO: [ app_init ] --START--
INFO: Run Behavior\BuildLiteBehavior [ RunTime:0.000035s ]
INFO: [ app_init ] --END-- [ RunTime:0.001016s ]
ERR: 无法加载模块:Phone

[ 2017-03-08T21:12:15+08:00 ] 127.0.0.1 /vote/phone/js/maps/swiper.js.map
INFO: [ app_init ] --START--
INFO: Run Behavior\BuildLiteBehavior [ RunTime:0.000022s ]
INFO: [ app_init ] --END-- [ RunTime:0.000625s ]
ERR: 无法加载模块:Phone

[ 2017-03-08T21:12:15+08:00 ] 127.0.0.1 /vote/phone/angular.min.js.map
INFO: [ app_init ] --START--
INFO: Run Behavior\BuildLiteBehavior [ RunTime:0.000027s ]
INFO: [ app_init ] --END-- [ RunTime:0.000672s ]
ERR: 无法加载模块:Phone

[ 2017-03-08T21:13:05+08:00 ] 127.0.0.1 /vote/phone/js/maps/swiper.js.map
INFO: [ app_init ] --START--
INFO: Run Behavior\BuildLiteBehavior [ RunTime:0.000021s ]
INFO: [ app_init ] --END-- [ RunTime:0.000563s ]
ERR: 无法加载模块:Phone

[ 2017-03-08T21:13:05+08:00 ] 127.0.0.1 /vote/phone/js/angular.min.js.map
INFO: [ app_init ] --START--
INFO: Run Behavior\BuildLiteBehavior [ RunTime:0.000033s ]
INFO: [ app_init ] --END-- [ RunTime:0.000896s ]
ERR: 无法加载模块:Phone

[ 2017-03-08T21:13:06+08:00 ] 127.0.0.1 /vote/phone/angular.min.js.map
INFO: [ app_init ] --START--
INFO: Run Behavior\BuildLiteBehavior [ RunTime:0.000032s ]
INFO: [ app_init ] --END-- [ RunTime:0.000778s ]
ERR: 无法加载模块:Phone

[ 2017-03-08T21:13:08+08:00 ] 127.0.0.1 /vote/phone/js/maps/swiper.js.map
INFO: [ app_init ] --START--
INFO: Run Behavior\BuildLiteBehavior [ RunTime:0.000038s ]
INFO: [ app_init ] --END-- [ RunTime:0.000838s ]
ERR: 无法加载模块:Phone

[ 2017-03-08T21:13:08+08:00 ] 127.0.0.1 /vote/phone/js/angular.min.js.map
INFO: [ app_init ] --START--
INFO: Run Behavior\BuildLiteBehavior [ RunTime:0.000032s ]
INFO: [ app_init ] --END-- [ RunTime:0.000958s ]
ERR: 无法加载模块:Phone

[ 2017-03-08T21:13:08+08:00 ] 127.0.0.1 /vote/phone/angular.min.js.map
INFO: [ app_init ] --START--
INFO: Run Behavior\BuildLiteBehavior [ RunTime:0.000035s ]
INFO: [ app_init ] --END-- [ RunTime:0.001000s ]
ERR: 无法加载模块:Phone

[ 2017-03-08T21:13:16+08:00 ] 127.0.0.1 /vote/phone/js/angular.min.js.map
INFO: [ app_init ] --START--
INFO: Run Behavior\BuildLiteBehavior [ RunTime:0.000021s ]
INFO: [ app_init ] --END-- [ RunTime:0.000499s ]
ERR: 无法加载模块:Phone

[ 2017-03-08T21:13:16+08:00 ] 127.0.0.1 /vote/phone/js/maps/swiper.js.map
INFO: [ app_init ] --START--
INFO: Run Behavior\BuildLiteBehavior [ RunTime:0.000039s ]
INFO: [ app_init ] --END-- [ RunTime:0.000983s ]
ERR: 无法加载模块:Phone

[ 2017-03-08T21:13:16+08:00 ] 127.0.0.1 /vote/phone/angular.min.js.map
INFO: [ app_init ] --START--
INFO: Run Behavior\BuildLiteBehavior [ RunTime:0.000035s ]
INFO: [ app_init ] --END-- [ RunTime:0.000813s ]
ERR: 无法加载模块:Phone

[ 2017-03-08T21:15:00+08:00 ] 127.0.0.1 /vote/phone/js/maps/swiper.js.map
INFO: [ app_init ] --START--
INFO: Run Behavior\BuildLiteBehavior [ RunTime:0.000033s ]
INFO: [ app_init ] --END-- [ RunTime:0.000890s ]
ERR: 无法加载模块:Phone

[ 2017-03-08T21:15:00+08:00 ] 127.0.0.1 /vote/phone/js/angular.min.js.map
INFO: [ app_init ] --START--
INFO: Run Behavior\BuildLiteBehavior [ RunTime:0.000035s ]
INFO: [ app_init ] --END-- [ RunTime:0.001247s ]
ERR: 无法加载模块:Phone

[ 2017-03-08T21:15:00+08:00 ] 127.0.0.1 /vote/phone/angular.min.js.map
INFO: [ app_init ] --START--
INFO: Run Behavior\BuildLiteBehavior [ RunTime:0.000025s ]
INFO: [ app_init ] --END-- [ RunTime:0.000961s ]
ERR: 无法加载模块:Phone

[ 2017-03-08T21:15:41+08:00 ] 127.0.0.1 /vote/phone/js/angular.min.js.map
INFO: [ app_init ] --START--
INFO: Run Behavior\BuildLiteBehavior [ RunTime:0.000035s ]
INFO: [ app_init ] --END-- [ RunTime:0.001044s ]
ERR: 无法加载模块:Phone

[ 2017-03-08T21:15:41+08:00 ] 127.0.0.1 /vote/phone/js/maps/swiper.js.map
INFO: [ app_init ] --START--
INFO: Run Behavior\BuildLiteBehavior [ RunTime:0.000029s ]
INFO: [ app_init ] --END-- [ RunTime:0.000842s ]
ERR: 无法加载模块:Phone

[ 2017-03-08T21:15:41+08:00 ] 127.0.0.1 /vote/phone/angular.min.js.map
INFO: [ app_init ] --START--
INFO: Run Behavior\BuildLiteBehavior [ RunTime:0.000021s ]
INFO: [ app_init ] --END-- [ RunTime:0.000701s ]
ERR: 无法加载模块:Phone

[ 2017-03-08T21:15:43+08:00 ] 127.0.0.1 /vote/phone/js/angular.min.js.map
INFO: [ app_init ] --START--
INFO: Run Behavior\BuildLiteBehavior [ RunTime:0.000031s ]
INFO: [ app_init ] --END-- [ RunTime:0.000905s ]
ERR: 无法加载模块:Phone

[ 2017-03-08T21:15:43+08:00 ] 127.0.0.1 /vote/phone/js/maps/swiper.js.map
INFO: [ app_init ] --START--
INFO: Run Behavior\BuildLiteBehavior [ RunTime:0.000033s ]
INFO: [ app_init ] --END-- [ RunTime:0.000973s ]
ERR: 无法加载模块:Phone

[ 2017-03-08T21:15:43+08:00 ] 127.0.0.1 /vote/phone/angular.min.js.map
INFO: [ app_init ] --START--
INFO: Run Behavior\BuildLiteBehavior [ RunTime:0.000033s ]
INFO: [ app_init ] --END-- [ RunTime:0.000943s ]
ERR: 无法加载模块:Phone

[ 2017-03-08T21:16:53+08:00 ] 127.0.0.1 /vote/phone/js/angular.min.js.map
INFO: [ app_init ] --START--
INFO: Run Behavior\BuildLiteBehavior [ RunTime:0.000035s ]
INFO: [ app_init ] --END-- [ RunTime:0.000933s ]
ERR: 无法加载模块:Phone

[ 2017-03-08T21:16:53+08:00 ] 127.0.0.1 /vote/phone/js/maps/swiper.js.map
INFO: [ app_init ] --START--
INFO: Run Behavior\BuildLiteBehavior [ RunTime:0.000033s ]
INFO: [ app_init ] --END-- [ RunTime:0.000943s ]
ERR: 无法加载模块:Phone

[ 2017-03-08T21:17:17+08:00 ] 127.0.0.1 /vote/phone/%7B%7Binfo.imageurl%7D%7D
INFO: [ app_init ] --START--
INFO: Run Behavior\BuildLiteBehavior [ RunTime:0.000034s ]
INFO: [ app_init ] --END-- [ RunTime:0.000845s ]
ERR: 无法加载模块:Phone

[ 2017-03-08T21:17:54+08:00 ] 127.0.0.1 /vote/phone/angular.min.js.map
INFO: [ app_init ] --START--
INFO: Run Behavior\BuildLiteBehavior [ RunTime:0.000022s ]
INFO: [ app_init ] --END-- [ RunTime:0.000641s ]
ERR: 无法加载模块:Phone

[ 2017-03-08T21:17:56+08:00 ] 127.0.0.1 /vote/phone/js/maps/swiper.js.map
INFO: [ app_init ] --START--
INFO: Run Behavior\BuildLiteBehavior [ RunTime:0.000033s ]
INFO: [ app_init ] --END-- [ RunTime:0.001015s ]
ERR: 无法加载模块:Phone

[ 2017-03-08T21:17:56+08:00 ] 127.0.0.1 /vote/phone/js/angular.min.js.map
INFO: [ app_init ] --START--
INFO: Run Behavior\BuildLiteBehavior [ RunTime:0.000021s ]
INFO: [ app_init ] --END-- [ RunTime:0.000630s ]
ERR: 无法加载模块:Phone

[ 2017-03-08T21:17:56+08:00 ] 127.0.0.1 /vote/phone/angular.min.js.map
INFO: [ app_init ] --START--
INFO: Run Behavior\BuildLiteBehavior [ RunTime:0.000032s ]
INFO: [ app_init ] --END-- [ RunTime:0.000966s ]
ERR: 无法加载模块:Phone

[ 2017-03-08T21:18:25+08:00 ] 127.0.0.1 /vote/phone/js/angular.min.js.map
INFO: [ app_init ] --START--
INFO: Run Behavior\BuildLiteBehavior [ RunTime:0.000037s ]
INFO: [ app_init ] --END-- [ RunTime:0.001298s ]
ERR: 无法加载模块:Phone

[ 2017-03-08T21:18:25+08:00 ] 127.0.0.1 /vote/phone/js/maps/swiper.js.map
INFO: [ app_init ] --START--
INFO: Run Behavior\BuildLiteBehavior [ RunTime:0.000035s ]
INFO: [ app_init ] --END-- [ RunTime:0.000822s ]
ERR: 无法加载模块:Phone

[ 2017-03-08T21:18:26+08:00 ] 127.0.0.1 /vote/phone/angular.min.js.map
INFO: [ app_init ] --START--
INFO: Run Behavior\BuildLiteBehavior [ RunTime:0.000035s ]
INFO: [ app_init ] --END-- [ RunTime:0.000997s ]
ERR: 无法加载模块:Phone

[ 2017-03-08T21:18:38+08:00 ] 127.0.0.1 /vote/phone/angular.min.js.map
INFO: [ app_init ] --START--
INFO: Run Behavior\BuildLiteBehavior [ RunTime:0.000034s ]
INFO: [ app_init ] --END-- [ RunTime:0.001158s ]
ERR: 无法加载模块:Phone

[ 2017-03-08T21:19:03+08:00 ] 127.0.0.1 /vote/phone/js/angular.min.js.map
INFO: [ app_init ] --START--
INFO: Run Behavior\BuildLiteBehavior [ RunTime:0.000039s ]
INFO: [ app_init ] --END-- [ RunTime:0.001048s ]
ERR: 无法加载模块:Phone

[ 2017-03-08T21:19:03+08:00 ] 127.0.0.1 /vote/phone/js/maps/swiper.js.map
INFO: [ app_init ] --START--
INFO: Run Behavior\BuildLiteBehavior [ RunTime:0.000028s ]
INFO: [ app_init ] --END-- [ RunTime:0.000812s ]
ERR: 无法加载模块:Phone

[ 2017-03-08T21:19:03+08:00 ] 127.0.0.1 /vote/phone/angular.min.js.map
INFO: [ app_init ] --START--
INFO: Run Behavior\BuildLiteBehavior [ RunTime:0.000022s ]
INFO: [ app_init ] --END-- [ RunTime:0.000622s ]
ERR: 无法加载模块:Phone

[ 2017-03-08T21:19:31+08:00 ] 127.0.0.1 /vote/phone/js/angular.min.js.map
INFO: [ app_init ] --START--
INFO: Run Behavior\BuildLiteBehavior [ RunTime:0.000035s ]
INFO: [ app_init ] --END-- [ RunTime:0.000882s ]
ERR: 无法加载模块:Phone

[ 2017-03-08T21:19:31+08:00 ] 127.0.0.1 /vote/phone/js/maps/swiper.js.map
INFO: [ app_init ] --START--
INFO: Run Behavior\BuildLiteBehavior [ RunTime:0.000035s ]
INFO: [ app_init ] --END-- [ RunTime:0.001670s ]
ERR: 无法加载模块:Phone

[ 2017-03-08T21:19:31+08:00 ] 127.0.0.1 /vote/phone/angular.min.js.map
INFO: [ app_init ] --START--
INFO: Run Behavior\BuildLiteBehavior [ RunTime:0.000023s ]
INFO: [ app_init ] --END-- [ RunTime:0.000922s ]
ERR: 无法加载模块:Phone

[ 2017-03-08T21:20:08+08:00 ] 127.0.0.1 /vote/phone/js/angular.min.js.map
INFO: [ app_init ] --START--
INFO: Run Behavior\BuildLiteBehavior [ RunTime:0.000034s ]
INFO: [ app_init ] --END-- [ RunTime:0.000897s ]
ERR: 无法加载模块:Phone

[ 2017-03-08T21:20:08+08:00 ] 127.0.0.1 /vote/phone/js/maps/swiper.js.map
INFO: [ app_init ] --START--
INFO: Run Behavior\BuildLiteBehavior [ RunTime:0.000021s ]
INFO: [ app_init ] --END-- [ RunTime:0.000702s ]
ERR: 无法加载模块:Phone

[ 2017-03-08T21:20:08+08:00 ] 127.0.0.1 /vote/phone/angular.min.js.map
INFO: [ app_init ] --START--
INFO: Run Behavior\BuildLiteBehavior [ RunTime:0.000036s ]
INFO: [ app_init ] --END-- [ RunTime:0.001031s ]
ERR: 无法加载模块:Phone

[ 2017-03-08T21:20:17+08:00 ] 127.0.0.1 /vote/phone/js/angular.min.js.map
INFO: [ app_init ] --START--
INFO: Run Behavior\BuildLiteBehavior [ RunTime:0.000036s ]
INFO: [ app_init ] --END-- [ RunTime:0.000964s ]
ERR: 无法加载模块:Phone

[ 2017-03-08T21:20:17+08:00 ] 127.0.0.1 /vote/phone/js/maps/swiper.js.map
INFO: [ app_init ] --START--
INFO: Run Behavior\BuildLiteBehavior [ RunTime:0.000030s ]
INFO: [ app_init ] --END-- [ RunTime:0.001115s ]
ERR: 无法加载模块:Phone

[ 2017-03-08T21:20:17+08:00 ] 127.0.0.1 /vote/phone/angular.min.js.map
INFO: [ app_init ] --START--
INFO: Run Behavior\BuildLiteBehavior [ RunTime:0.000034s ]
INFO: [ app_init ] --END-- [ RunTime:0.000992s ]
ERR: 无法加载模块:Phone

[ 2017-03-08T21:20:49+08:00 ] 127.0.0.1 /vote/phone/js/angular.min.js.map
INFO: [ app_init ] --START--
INFO: Run Behavior\BuildLiteBehavior [ RunTime:0.000038s ]
INFO: [ app_init ] --END-- [ RunTime:0.001075s ]
ERR: 无法加载模块:Phone

[ 2017-03-08T21:20:49+08:00 ] 127.0.0.1 /vote/phone/js/maps/swiper.js.map
INFO: [ app_init ] --START--
INFO: Run Behavior\BuildLiteBehavior [ RunTime:0.000025s ]
INFO: [ app_init ] --END-- [ RunTime:0.000652s ]
ERR: 无法加载模块:Phone

[ 2017-03-08T21:20:50+08:00 ] 127.0.0.1 /vote/phone/angular.min.js.map
INFO: [ app_init ] --START--
INFO: Run Behavior\BuildLiteBehavior [ RunTime:0.000057s ]
INFO: [ app_init ] --END-- [ RunTime:0.000978s ]
ERR: 无法加载模块:Phone

[ 2017-03-08T21:27:20+08:00 ] 127.0.0.1 /vote/phone/js/maps/swiper.js.map
INFO: [ app_init ] --START--
INFO: Run Behavior\BuildLiteBehavior [ RunTime:0.000038s ]
INFO: [ app_init ] --END-- [ RunTime:0.001045s ]
ERR: 无法加载模块:Phone

[ 2017-03-08T21:27:20+08:00 ] 127.0.0.1 /vote/phone/js/angular.min.js.map
INFO: [ app_init ] --START--
INFO: Run Behavior\BuildLiteBehavior [ RunTime:0.000035s ]
INFO: [ app_init ] --END-- [ RunTime:0.001046s ]
ERR: 无法加载模块:Phone

[ 2017-03-08T21:27:20+08:00 ] 127.0.0.1 /vote/phone/angular.min.js.map
INFO: [ app_init ] --START--
INFO: Run Behavior\BuildLiteBehavior [ RunTime:0.000030s ]
INFO: [ app_init ] --END-- [ RunTime:0.000871s ]
ERR: 无法加载模块:Phone

[ 2017-03-08T21:28:04+08:00 ] 127.0.0.1 /vote/phone/js/angular.min.js.map
INFO: [ app_init ] --START--
INFO: Run Behavior\BuildLiteBehavior [ RunTime:0.000033s ]
INFO: [ app_init ] --END-- [ RunTime:0.000878s ]
ERR: 无法加载模块:Phone

[ 2017-03-08T21:28:04+08:00 ] 127.0.0.1 /vote/phone/js/maps/swiper.js.map
INFO: [ app_init ] --START--
INFO: Run Behavior\BuildLiteBehavior [ RunTime:0.000021s ]
INFO: [ app_init ] --END-- [ RunTime:0.000588s ]
ERR: 无法加载模块:Phone

[ 2017-03-08T21:28:04+08:00 ] 127.0.0.1 /vote/phone/angular.min.js.map
INFO: [ app_init ] --START--
INFO: Run Behavior\BuildLiteBehavior [ RunTime:0.000024s ]
INFO: [ app_init ] --END-- [ RunTime:0.000786s ]
ERR: 无法加载模块:Phone

[ 2017-03-08T21:29:07+08:00 ] 127.0.0.1 /vote/phone/js/angular.min.js.map
INFO: [ app_init ] --START--
INFO: Run Behavior\BuildLiteBehavior [ RunTime:0.000036s ]
INFO: [ app_init ] --END-- [ RunTime:0.000932s ]
ERR: 无法加载模块:Phone

[ 2017-03-08T21:29:07+08:00 ] 127.0.0.1 /vote/phone/js/maps/swiper.js.map
INFO: [ app_init ] --START--
INFO: Run Behavior\BuildLiteBehavior [ RunTime:0.000034s ]
INFO: [ app_init ] --END-- [ RunTime:0.001091s ]
ERR: 无法加载模块:Phone

[ 2017-03-08T21:29:07+08:00 ] 127.0.0.1 /vote/phone/angular.min.js.map
INFO: [ app_init ] --START--
INFO: Run Behavior\BuildLiteBehavior [ RunTime:0.000020s ]
INFO: [ app_init ] --END-- [ RunTime:0.000581s ]
ERR: 无法加载模块:Phone

[ 2017-03-08T21:30:34+08:00 ] 127.0.0.1 /vote/phone/js/angular.min.js.map
INFO: [ app_init ] --START--
INFO: Run Behavior\BuildLiteBehavior [ RunTime:0.000035s ]
INFO: [ app_init ] --END-- [ RunTime:0.000858s ]
ERR: 无法加载模块:Phone

[ 2017-03-08T21:30:34+08:00 ] 127.0.0.1 /vote/phone/js/maps/swiper.js.map
INFO: [ app_init ] --START--
INFO: Run Behavior\BuildLiteBehavior [ RunTime:0.000035s ]
INFO: [ app_init ] --END-- [ RunTime:0.001053s ]
ERR: 无法加载模块:Phone

[ 2017-03-08T21:30:35+08:00 ] 127.0.0.1 /vote/phone/angular.min.js.map
INFO: [ app_init ] --START--
INFO: Run Behavior\BuildLiteBehavior [ RunTime:0.000034s ]
INFO: [ app_init ] --END-- [ RunTime:0.000941s ]
ERR: 无法加载模块:Phone

[ 2017-03-08T21:31:31+08:00 ] 127.0.0.1 /vote/phone/js/angular.min.js.map
INFO: [ app_init ] --START--
INFO: Run Behavior\BuildLiteBehavior [ RunTime:0.000033s ]
INFO: [ app_init ] --END-- [ RunTime:0.000924s ]
ERR: 无法加载模块:Phone

[ 2017-03-08T21:31:31+08:00 ] 127.0.0.1 /vote/phone/js/maps/swiper.js.map
INFO: [ app_init ] --START--
INFO: Run Behavior\BuildLiteBehavior [ RunTime:0.000032s ]
INFO: [ app_init ] --END-- [ RunTime:0.001034s ]
ERR: 无法加载模块:Phone

[ 2017-03-08T21:31:32+08:00 ] 127.0.0.1 /vote/phone/angular.min.js.map
INFO: [ app_init ] --START--
INFO: Run Behavior\BuildLiteBehavior [ RunTime:0.000034s ]
INFO: [ app_init ] --END-- [ RunTime:0.000996s ]
ERR: 无法加载模块:Phone

[ 2017-03-08T21:31:38+08:00 ] 127.0.0.1 /vote/phone/js/maps/swiper.js.map
INFO: [ app_init ] --START--
INFO: Run Behavior\BuildLiteBehavior [ RunTime:0.000038s ]
INFO: [ app_init ] --END-- [ RunTime:0.000920s ]
ERR: 无法加载模块:Phone

[ 2017-03-08T21:31:38+08:00 ] 127.0.0.1 /vote/phone/js/angular.min.js.map
INFO: [ app_init ] --START--
INFO: Run Behavior\BuildLiteBehavior [ RunTime:0.000036s ]
INFO: [ app_init ] --END-- [ RunTime:0.000843s ]
ERR: 无法加载模块:Phone

[ 2017-03-08T21:31:38+08:00 ] 127.0.0.1 /vote/phone/angular.min.js.map
INFO: [ app_init ] --START--
INFO: Run Behavior\BuildLiteBehavior [ RunTime:0.000036s ]
INFO: [ app_init ] --END-- [ RunTime:0.000882s ]
ERR: 无法加载模块:Phone

[ 2017-03-08T21:31:51+08:00 ] 127.0.0.1 /vote/phone/js/angular.min.js.map
INFO: [ app_init ] --START--
INFO: Run Behavior\BuildLiteBehavior [ RunTime:0.000033s ]
INFO: [ app_init ] --END-- [ RunTime:0.000761s ]
ERR: 无法加载模块:Phone

[ 2017-03-08T21:31:51+08:00 ] 127.0.0.1 /vote/phone/js/maps/swiper.js.map
INFO: [ app_init ] --START--
INFO: Run Behavior\BuildLiteBehavior [ RunTime:0.000191s ]
INFO: [ app_init ] --END-- [ RunTime:0.001594s ]
ERR: 无法加载模块:Phone

[ 2017-03-08T21:31:52+08:00 ] 127.0.0.1 /vote/phone/angular.min.js.map
INFO: [ app_init ] --START--
INFO: Run Behavior\BuildLiteBehavior [ RunTime:0.000021s ]
INFO: [ app_init ] --END-- [ RunTime:0.000646s ]
ERR: 无法加载模块:Phone

[ 2017-03-08T21:31:58+08:00 ] 127.0.0.1 /vote/phone/js/maps/swiper.js.map
INFO: [ app_init ] --START--
INFO: Run Behavior\BuildLiteBehavior [ RunTime:0.000022s ]
INFO: [ app_init ] --END-- [ RunTime:0.000595s ]
ERR: 无法加载模块:Phone

[ 2017-03-08T21:31:58+08:00 ] 127.0.0.1 /vote/phone/js/angular.min.js.map
INFO: [ app_init ] --START--
INFO: Run Behavior\BuildLiteBehavior [ RunTime:0.000049s ]
INFO: [ app_init ] --END-- [ RunTime:0.001393s ]
ERR: 无法加载模块:Phone

[ 2017-03-08T21:31:58+08:00 ] 127.0.0.1 /vote/phone/angular.min.js.map
INFO: [ app_init ] --START--
INFO: Run Behavior\BuildLiteBehavior [ RunTime:0.000034s ]
INFO: [ app_init ] --END-- [ RunTime:0.000990s ]
ERR: 无法加载模块:Phone

[ 2017-03-08T21:35:16+08:00 ] 127.0.0.1 /vote/phone/js/angular.min.js.map
INFO: [ app_init ] --START--
INFO: Run Behavior\BuildLiteBehavior [ RunTime:0.000035s ]
INFO: [ app_init ] --END-- [ RunTime:0.000920s ]
ERR: 无法加载模块:Phone

[ 2017-03-08T21:35:16+08:00 ] 127.0.0.1 /vote/phone/js/maps/swiper.js.map
INFO: [ app_init ] --START--
INFO: Run Behavior\BuildLiteBehavior [ RunTime:0.000035s ]
INFO: [ app_init ] --END-- [ RunTime:0.001159s ]
ERR: 无法加载模块:Phone

[ 2017-03-08T21:35:16+08:00 ] 127.0.0.1 /vote/phone/angular.min.js.map
INFO: [ app_init ] --START--
INFO: Run Behavior\BuildLiteBehavior [ RunTime:0.000034s ]
INFO: [ app_init ] --END-- [ RunTime:0.000770s ]
ERR: 无法加载模块:Phone

[ 2017-03-08T21:35:24+08:00 ] 127.0.0.1 /vote/phone/js/angular.min.js.map
INFO: [ app_init ] --START--
INFO: Run Behavior\BuildLiteBehavior [ RunTime:0.000034s ]
INFO: [ app_init ] --END-- [ RunTime:0.001759s ]
ERR: 无法加载模块:Phone

[ 2017-03-08T21:35:24+08:00 ] 127.0.0.1 /vote/phone/js/maps/swiper.js.map
INFO: [ app_init ] --START--
INFO: Run Behavior\BuildLiteBehavior [ RunTime:0.000070s ]
INFO: [ app_init ] --END-- [ RunTime:0.001304s ]
ERR: 无法加载模块:Phone

[ 2017-03-08T21:35:24+08:00 ] 127.0.0.1 /vote/phone/angular.min.js.map
INFO: [ app_init ] --START--
INFO: Run Behavior\BuildLiteBehavior [ RunTime:0.000033s ]
INFO: [ app_init ] --END-- [ RunTime:0.000807s ]
ERR: 无法加载模块:Phone

[ 2017-03-08T21:49:49+08:00 ] 127.0.0.1 /vote/phone/js/maps/swiper.js.map
INFO: [ app_init ] --START--
INFO: Run Behavior\BuildLiteBehavior [ RunTime:0.000040s ]
INFO: [ app_init ] --END-- [ RunTime:0.001156s ]
ERR: 无法加载模块:Phone

[ 2017-03-08T21:49:49+08:00 ] 127.0.0.1 /vote/phone/js/angular.min.js.map
INFO: [ app_init ] --START--
INFO: Run Behavior\BuildLiteBehavior [ RunTime:0.000032s ]
INFO: [ app_init ] --END-- [ RunTime:0.001016s ]
ERR: 无法加载模块:Phone

[ 2017-03-08T21:49:49+08:00 ] 127.0.0.1 /vote/phone/angular.min.js.map
INFO: [ app_init ] --START--
INFO: Run Behavior\BuildLiteBehavior [ RunTime:0.000020s ]
INFO: [ app_init ] --END-- [ RunTime:0.000510s ]
ERR: 无法加载模块:Phone

[ 2017-03-08T21:51:08+08:00 ] 127.0.0.1 /vote/phone/js/angular.min.js.map
INFO: [ app_init ] --START--
INFO: Run Behavior\BuildLiteBehavior [ RunTime:0.000033s ]
INFO: [ app_init ] --END-- [ RunTime:0.000755s ]
ERR: 无法加载模块:Phone

[ 2017-03-08T21:51:08+08:00 ] 127.0.0.1 /vote/phone/js/maps/swiper.js.map
INFO: [ app_init ] --START--
INFO: Run Behavior\BuildLiteBehavior [ RunTime:0.000042s ]
INFO: [ app_init ] --END-- [ RunTime:0.001990s ]
ERR: 无法加载模块:Phone

[ 2017-03-08T21:51:08+08:00 ] 127.0.0.1 /vote/phone/angular.min.js.map
INFO: [ app_init ] --START--
INFO: Run Behavior\BuildLiteBehavior [ RunTime:0.000034s ]
INFO: [ app_init ] --END-- [ RunTime:0.000865s ]
ERR: 无法加载模块:Phone

[ 2017-03-08T21:51:18+08:00 ] 127.0.0.1 /vote/phone/js/maps/swiper.js.map
INFO: [ app_init ] --START--
INFO: Run Behavior\BuildLiteBehavior [ RunTime:0.000034s ]
INFO: [ app_init ] --END-- [ RunTime:0.000949s ]
ERR: 无法加载模块:Phone

[ 2017-03-08T21:51:18+08:00 ] 127.0.0.1 /vote/phone/js/angular.min.js.map
INFO: [ app_init ] --START--
INFO: Run Behavior\BuildLiteBehavior [ RunTime:0.000021s ]
INFO: [ app_init ] --END-- [ RunTime:0.000776s ]
ERR: 无法加载模块:Phone

[ 2017-03-08T21:51:18+08:00 ] 127.0.0.1 /vote/phone/angular.min.js.map
INFO: [ app_init ] --START--
INFO: Run Behavior\BuildLiteBehavior [ RunTime:0.000024s ]
INFO: [ app_init ] --END-- [ RunTime:0.000691s ]
ERR: 无法加载模块:Phone

[ 2017-03-08T21:54:40+08:00 ] 127.0.0.1 /vote/phone/js/angular.min.js.map
INFO: [ app_init ] --START--
INFO: Run Behavior\BuildLiteBehavior [ RunTime:0.000038s ]
INFO: [ app_init ] --END-- [ RunTime:0.001068s ]
ERR: 无法加载模块:Phone

[ 2017-03-08T21:54:40+08:00 ] 127.0.0.1 /vote/phone/js/maps/swiper.js.map
INFO: [ app_init ] --START--
INFO: Run Behavior\BuildLiteBehavior [ RunTime:0.000035s ]
INFO: [ app_init ] --END-- [ RunTime:0.000964s ]
ERR: 无法加载模块:Phone

[ 2017-03-08T21:54:41+08:00 ] 127.0.0.1 /vote/phone/angular.min.js.map
INFO: [ app_init ] --START--
INFO: Run Behavior\BuildLiteBehavior [ RunTime:0.000031s ]
INFO: [ app_init ] --END-- [ RunTime:0.000803s ]
ERR: 无法加载模块:Phone

[ 2017-03-08T21:55:32+08:00 ] 127.0.0.1 /vote/phone/js/angular.min.js.map
INFO: [ app_init ] --START--
INFO: Run Behavior\BuildLiteBehavior [ RunTime:0.000038s ]
INFO: [ app_init ] --END-- [ RunTime:0.000828s ]
ERR: 无法加载模块:Phone

[ 2017-03-08T21:55:32+08:00 ] 127.0.0.1 /vote/phone/js/maps/swiper.js.map
INFO: [ app_init ] --START--
INFO: Run Behavior\BuildLiteBehavior [ RunTime:0.000023s ]
INFO: [ app_init ] --END-- [ RunTime:0.000873s ]
ERR: 无法加载模块:Phone

[ 2017-03-08T21:55:32+08:00 ] 127.0.0.1 /vote/phone/angular.min.js.map
INFO: [ app_init ] --START--
INFO: Run Behavior\BuildLiteBehavior [ RunTime:0.000028s ]
INFO: [ app_init ] --END-- [ RunTime:0.000671s ]
ERR: 无法加载模块:Phone

[ 2017-03-08T21:56:05+08:00 ] 127.0.0.1 /vote/phone/js/angular.min.js.map
INFO: [ app_init ] --START--
INFO: Run Behavior\BuildLiteBehavior [ RunTime:0.000031s ]
INFO: [ app_init ] --END-- [ RunTime:0.000771s ]
ERR: 无法加载模块:Phone

[ 2017-03-08T21:56:05+08:00 ] 127.0.0.1 /vote/phone/js/maps/swiper.js.map
INFO: [ app_init ] --START--
INFO: Run Behavior\BuildLiteBehavior [ RunTime:0.000032s ]
INFO: [ app_init ] --END-- [ RunTime:0.000814s ]
ERR: 无法加载模块:Phone

[ 2017-03-08T21:56:05+08:00 ] 127.0.0.1 /vote/phone/angular.min.js.map
INFO: [ app_init ] --START--
INFO: Run Behavior\BuildLiteBehavior [ RunTime:0.000035s ]
INFO: [ app_init ] --END-- [ RunTime:0.000978s ]
ERR: 无法加载模块:Phone

[ 2017-03-08T21:56:44+08:00 ] 127.0.0.1 /vote/phone/js/angular.min.js.map
INFO: [ app_init ] --START--
INFO: Run Behavior\BuildLiteBehavior [ RunTime:0.000041s ]
INFO: [ app_init ] --END-- [ RunTime:0.001848s ]
ERR: 无法加载模块:Phone

[ 2017-03-08T21:56:44+08:00 ] 127.0.0.1 /vote/phone/js/maps/swiper.js.map
INFO: [ app_init ] --START--
INFO: Run Behavior\BuildLiteBehavior [ RunTime:0.000033s ]
INFO: [ app_init ] --END-- [ RunTime:0.000919s ]
ERR: 无法加载模块:Phone

[ 2017-03-08T21:56:44+08:00 ] 127.0.0.1 /vote/phone/angular.min.js.map
INFO: [ app_init ] --START--
INFO: Run Behavior\BuildLiteBehavior [ RunTime:0.000052s ]
INFO: [ app_init ] --END-- [ RunTime:0.001456s ]
ERR: 无法加载模块:Phone

[ 2017-03-08T21:57:09+08:00 ] 127.0.0.1 /vote/phone/js/angular.min.js.map
INFO: [ app_init ] --START--
INFO: Run Behavior\BuildLiteBehavior [ RunTime:0.000032s ]
INFO: [ app_init ] --END-- [ RunTime:0.000785s ]
ERR: 无法加载模块:Phone

[ 2017-03-08T21:57:09+08:00 ] 127.0.0.1 /vote/phone/js/maps/swiper.js.map
INFO: [ app_init ] --START--
INFO: Run Behavior\BuildLiteBehavior [ RunTime:0.000036s ]
INFO: [ app_init ] --END-- [ RunTime:0.001082s ]
ERR: 无法加载模块:Phone

[ 2017-03-08T21:57:09+08:00 ] 127.0.0.1 /vote/phone/angular.min.js.map
INFO: [ app_init ] --START--
INFO: Run Behavior\BuildLiteBehavior [ RunTime:0.000034s ]
INFO: [ app_init ] --END-- [ RunTime:0.000833s ]
ERR: 无法加载模块:Phone

[ 2017-03-08T21:57:51+08:00 ] 127.0.0.1 /vote/phone/js/angular.min.js.map
INFO: [ app_init ] --START--
INFO: Run Behavior\BuildLiteBehavior [ RunTime:0.000037s ]
INFO: [ app_init ] --END-- [ RunTime:0.000774s ]
ERR: 无法加载模块:Phone

[ 2017-03-08T21:57:51+08:00 ] 127.0.0.1 /vote/phone/js/maps/swiper.js.map
INFO: [ app_init ] --START--
INFO: Run Behavior\BuildLiteBehavior [ RunTime:0.000037s ]
INFO: [ app_init ] --END-- [ RunTime:0.001021s ]
ERR: 无法加载模块:Phone

[ 2017-03-08T21:57:51+08:00 ] 127.0.0.1 /vote/phone/angular.min.js.map
INFO: [ app_init ] --START--
INFO: Run Behavior\BuildLiteBehavior [ RunTime:0.000033s ]
INFO: [ app_init ] --END-- [ RunTime:0.000860s ]
ERR: 无法加载模块:Phone

[ 2017-03-08T21:59:07+08:00 ] 127.0.0.1 /vote/phone/js/angular.min.js.map
INFO: [ app_init ] --START--
INFO: Run Behavior\BuildLiteBehavior [ RunTime:0.000036s ]
INFO: [ app_init ] --END-- [ RunTime:0.000923s ]
ERR: 无法加载模块:Phone

[ 2017-03-08T21:59:07+08:00 ] 127.0.0.1 /vote/phone/js/maps/swiper.js.map
INFO: [ app_init ] --START--
INFO: Run Behavior\BuildLiteBehavior [ RunTime:0.000036s ]
INFO: [ app_init ] --END-- [ RunTime:0.000943s ]
ERR: 无法加载模块:Phone

[ 2017-03-08T21:59:07+08:00 ] 127.0.0.1 /vote/phone/angular.min.js.map
INFO: [ app_init ] --START--
INFO: Run Behavior\BuildLiteBehavior [ RunTime:0.000036s ]
INFO: [ app_init ] --END-- [ RunTime:0.000892s ]
ERR: 无法加载模块:Phone

[ 2017-03-08T21:59:28+08:00 ] 127.0.0.1 /vote/phone/js/angular.min.js.map
INFO: [ app_init ] --START--
INFO: Run Behavior\BuildLiteBehavior [ RunTime:0.000033s ]
INFO: [ app_init ] --END-- [ RunTime:0.000795s ]
ERR: 无法加载模块:Phone

[ 2017-03-08T21:59:29+08:00 ] 127.0.0.1 /vote/phone/js/maps/swiper.js.map
INFO: [ app_init ] --START--
INFO: Run Behavior\BuildLiteBehavior [ RunTime:0.000031s ]
INFO: [ app_init ] --END-- [ RunTime:0.000818s ]
ERR: 无法加载模块:Phone

[ 2017-03-08T21:59:29+08:00 ] 127.0.0.1 /vote/phone/angular.min.js.map
INFO: [ app_init ] --START--
INFO: Run Behavior\BuildLiteBehavior [ RunTime:0.000034s ]
INFO: [ app_init ] --END-- [ RunTime:0.000885s ]
ERR: 无法加载模块:Phone

[ 2017-03-08T22:02:30+08:00 ] 127.0.0.1 /vote/phone/js/angular.min.js.map
INFO: [ app_init ] --START--
INFO: Run Behavior\BuildLiteBehavior [ RunTime:0.000042s ]
INFO: [ app_init ] --END-- [ RunTime:0.001813s ]
ERR: 无法加载模块:Phone

[ 2017-03-08T22:02:30+08:00 ] 127.0.0.1 /vote/phone/js/maps/swiper.js.map
INFO: [ app_init ] --START--
INFO: Run Behavior\BuildLiteBehavior [ RunTime:0.000032s ]
INFO: [ app_init ] --END-- [ RunTime:0.000947s ]
ERR: 无法加载模块:Phone

[ 2017-03-08T22:02:31+08:00 ] 127.0.0.1 /vote/phone/angular.min.js.map
INFO: [ app_init ] --START--
INFO: Run Behavior\BuildLiteBehavior [ RunTime:0.000036s ]
INFO: [ app_init ] --END-- [ RunTime:0.001056s ]
ERR: 无法加载模块:Phone

[ 2017-03-08T22:03:02+08:00 ] 127.0.0.1 /vote/phone/js/angular.min.js.map
INFO: [ app_init ] --START--
INFO: Run Behavior\BuildLiteBehavior [ RunTime:0.000032s ]
INFO: [ app_init ] --END-- [ RunTime:0.000789s ]
ERR: 无法加载模块:Phone

[ 2017-03-08T22:03:02+08:00 ] 127.0.0.1 /vote/phone/js/maps/swiper.js.map
INFO: [ app_init ] --START--
INFO: Run Behavior\BuildLiteBehavior [ RunTime:0.000034s ]
INFO: [ app_init ] --END-- [ RunTime:0.000819s ]
ERR: 无法加载模块:Phone

[ 2017-03-08T22:03:02+08:00 ] 127.0.0.1 /vote/phone/angular.min.js.map
INFO: [ app_init ] --START--
INFO: Run Behavior\BuildLiteBehavior [ RunTime:0.000033s ]
INFO: [ app_init ] --END-- [ RunTime:0.000991s ]
ERR: 无法加载模块:Phone

[ 2017-03-08T22:03:46+08:00 ] 127.0.0.1 /vote/phone/js/angular.min.js.map
INFO: [ app_init ] --START--
INFO: Run Behavior\BuildLiteBehavior [ RunTime:0.000033s ]
INFO: [ app_init ] --END-- [ RunTime:0.000801s ]
ERR: 无法加载模块:Phone

[ 2017-03-08T22:03:46+08:00 ] 127.0.0.1 /vote/phone/js/maps/swiper.js.map
INFO: [ app_init ] --START--
INFO: Run Behavior\BuildLiteBehavior [ RunTime:0.000065s ]
INFO: [ app_init ] --END-- [ RunTime:0.002152s ]
ERR: 无法加载模块:Phone

[ 2017-03-08T22:03:46+08:00 ] 127.0.0.1 /vote/phone/angular.min.js.map
INFO: [ app_init ] --START--
INFO: Run Behavior\BuildLiteBehavior [ RunTime:0.000026s ]
INFO: [ app_init ] --END-- [ RunTime:0.000574s ]
ERR: 无法加载模块:Phone

[ 2017-03-08T22:06:31+08:00 ] 127.0.0.1 /vote/phone/js/maps/swiper.js.map
INFO: [ app_init ] --START--
INFO: Run Behavior\BuildLiteBehavior [ RunTime:0.000035s ]
INFO: [ app_init ] --END-- [ RunTime:0.000990s ]
ERR: 无法加载模块:Phone

[ 2017-03-08T22:06:31+08:00 ] 127.0.0.1 /vote/phone/js/angular.min.js.map
INFO: [ app_init ] --START--
INFO: Run Behavior\BuildLiteBehavior [ RunTime:0.000053s ]
INFO: [ app_init ] --END-- [ RunTime:0.009660s ]
ERR: 无法加载模块:Phone

[ 2017-03-08T22:06:31+08:00 ] 127.0.0.1 /vote/phone/angular.min.js.map
INFO: [ app_init ] --START--
INFO: Run Behavior\BuildLiteBehavior [ RunTime:0.000043s ]
INFO: [ app_init ] --END-- [ RunTime:0.000951s ]
ERR: 无法加载模块:Phone

