[ 2017-03-14T21:04:46+08:00 ] 127.0.0.1 /vote/index.php/phone/login.html?code=031Ipj4g1xpDOv0bNF5g15cj4g1Ipj4j&state=123
INFO: [ app_init ] --START--
INFO: Run Behavior\BuildLiteBehavior [ RunTime:0.000000s ]
INFO: [ app_init ] --END-- [ RunTime:0.000000s ]
ERR: 无法加载模块:Phone

[ 2017-03-14T21:05:04+08:00 ] 127.0.0.1 /vote/phone/js/libs/angular.min.js.map
INFO: [ app_init ] --START--
INFO: Run Behavior\BuildLiteBehavior [ RunTime:0.000000s ]
INFO: [ app_init ] --END-- [ RunTime:0.001001s ]
ERR: 无法加载模块:Phone

[ 2017-03-14T21:05:04+08:00 ] 127.0.0.1 /vote/phone/js/maps/swiper.js.map
INFO: [ app_init ] --START--
INFO: Run Behavior\BuildLiteBehavior [ RunTime:0.000000s ]
INFO: [ app_init ] --END-- [ RunTime:0.000000s ]
ERR: 无法加载模块:Phone

[ 2017-03-14T21:05:05+08:00 ] 127.0.0.1 /vote/phone/js/libs/need/layer.css?2.0
INFO: [ app_init ] --START--
INFO: Run Behavior\BuildLiteBehavior [ RunTime:0.001000s ]
INFO: [ app_init ] --END-- [ RunTime:0.001000s ]
ERR: 无法加载模块:Phone

[ 2017-03-14T21:05:05+08:00 ] 127.0.0.1 /vote/phone/js/libs/angular-ui-router.js.map
INFO: [ app_init ] --START--
INFO: Run Behavior\BuildLiteBehavior [ RunTime:0.000000s ]
INFO: [ app_init ] --END-- [ RunTime:0.001000s ]
ERR: 无法加载模块:Phone

[ 2017-03-14T21:05:05+08:00 ] 127.0.0.1 /vote/phone/maps/swiper.js.map
INFO: [ app_init ] --START--
INFO: Run Behavior\BuildLiteBehavior [ RunTime:0.000000s ]
INFO: [ app_init ] --END-- [ RunTime:0.002000s ]
ERR: 无法加载模块:Phone

[ 2017-03-14T21:08:48+08:00 ] 127.0.0.1 /vote/phone/js/libs/angular.min.js.map
INFO: [ app_init ] --START--
INFO: Run Behavior\BuildLiteBehavior [ RunTime:0.001000s ]
INFO: [ app_init ] --END-- [ RunTime:0.001000s ]
ERR: 无法加载模块:Phone

[ 2017-03-14T21:08:48+08:00 ] 127.0.0.1 /vote/phone/js/libs/need/layer.css?2.0
INFO: [ app_init ] --START--
INFO: Run Behavior\BuildLiteBehavior [ RunTime:0.000000s ]
INFO: [ app_init ] --END-- [ RunTime:0.001000s ]
ERR: 无法加载模块:Phone

[ 2017-03-14T21:08:48+08:00 ] 127.0.0.1 /vote/phone/js/libs/angular-ui-router.js.map
INFO: [ app_init ] --START--
INFO: Run Behavior\BuildLiteBehavior [ RunTime:0.000000s ]
INFO: [ app_init ] --END-- [ RunTime:0.001000s ]
ERR: 无法加载模块:Phone

[ 2017-03-14T21:08:48+08:00 ] 127.0.0.1 /vote/phone/js/maps/swiper.js.map
INFO: [ app_init ] --START--
INFO: Run Behavior\BuildLiteBehavior [ RunTime:0.000000s ]
INFO: [ app_init ] --END-- [ RunTime:0.001000s ]
ERR: 无法加载模块:Phone

[ 2017-03-14T21:08:48+08:00 ] 127.0.0.1 /vote/phone/maps/swiper.js.map
INFO: [ app_init ] --START--
INFO: Run Behavior\BuildLiteBehavior [ RunTime:0.000000s ]
INFO: [ app_init ] --END-- [ RunTime:0.000000s ]
ERR: 无法加载模块:Phone

[ 2017-03-14T21:08:49+08:00 ] 127.0.0.1 /vote/Public/Uploads/carousel/2017-03-11/58c362f389b69.jpg
INFO: [ app_init ] --START--
INFO: Run Behavior\BuildLiteBehavior [ RunTime:0.000000s ]
INFO: [ app_init ] --END-- [ RunTime:0.000000s ]
ERR: 无法加载模块:Public

[ 2017-03-14T21:08:49+08:00 ] 127.0.0.1 /vote/Public/Uploads/carousel/2017-03-11/58c362bd53b61.jpg
INFO: [ app_init ] --START--
INFO: Run Behavior\BuildLiteBehavior [ RunTime:0.001000s ]
INFO: [ app_init ] --END-- [ RunTime:0.001000s ]
ERR: 无法加载模块:Public

[ 2017-03-14T21:08:49+08:00 ] 127.0.0.1 /vote/Public/Uploads/carousel/2017-03-11/58c3623113204.jpg
INFO: [ app_init ] --START--
INFO: Run Behavior\BuildLiteBehavior [ RunTime:0.000000s ]
INFO: [ app_init ] --END-- [ RunTime:0.000000s ]
ERR: 无法加载模块:Public

[ 2017-03-14T21:09:06+08:00 ] 127.0.0.1 /vote/phone/maps/swiper.js.map
INFO: [ app_init ] --START--
INFO: Run Behavior\BuildLiteBehavior [ RunTime:0.000000s ]
INFO: [ app_init ] --END-- [ RunTime:0.000000s ]
ERR: 无法加载模块:Phone

[ 2017-03-14T21:09:07+08:00 ] 127.0.0.1 /vote/Public/Uploads/carousel/2017-03-11/58c362f389b69.jpg
INFO: [ app_init ] --START--
INFO: Run Behavior\BuildLiteBehavior [ RunTime:0.001001s ]
INFO: [ app_init ] --END-- [ RunTime:0.001001s ]
ERR: 无法加载模块:Public

[ 2017-03-14T21:09:07+08:00 ] 127.0.0.1 /vote/Public/Uploads/carousel/2017-03-11/58c3623113204.jpg
INFO: [ app_init ] --START--
INFO: Run Behavior\BuildLiteBehavior [ RunTime:0.000000s ]
INFO: [ app_init ] --END-- [ RunTime:0.001000s ]
ERR: 无法加载模块:Public

[ 2017-03-14T21:09:07+08:00 ] 127.0.0.1 /vote/Public/Uploads/carousel/2017-03-11/58c362bd53b61.jpg
INFO: [ app_init ] --START--
INFO: Run Behavior\BuildLiteBehavior [ RunTime:0.000000s ]
INFO: [ app_init ] --END-- [ RunTime:0.001000s ]
ERR: 无法加载模块:Public

[ 2017-03-14T21:09:56+08:00 ] 127.0.0.1 /vote/phone/%7B%7Bpic.imageurl%7D%7D
INFO: [ app_init ] --START--
INFO: Run Behavior\BuildLiteBehavior [ RunTime:0.000000s ]
INFO: [ app_init ] --END-- [ RunTime:0.001000s ]
ERR: 无法加载模块:Phone

[ 2017-03-14T21:10:00+08:00 ] 127.0.0.1 /vote/phone/%7B%7Bremark.headimg%7D%7D
INFO: [ app_init ] --START--
INFO: Run Behavior\BuildLiteBehavior [ RunTime:0.000000s ]
INFO: [ app_init ] --END-- [ RunTime:0.001000s ]
ERR: 无法加载模块:Phone

[ 2017-03-14T21:36:43+08:00 ] 127.0.0.1 /vote/phone/js/libs/angular.min.js.map
INFO: [ app_init ] --START--
INFO: Run Behavior\BuildLiteBehavior [ RunTime:0.000000s ]
INFO: [ app_init ] --END-- [ RunTime:0.001000s ]
ERR: 无法加载模块:Phone

[ 2017-03-14T21:36:43+08:00 ] 127.0.0.1 /vote/phone/js/libs/need/layer.css?2.0
INFO: [ app_init ] --START--
INFO: Run Behavior\BuildLiteBehavior [ RunTime:0.000000s ]
INFO: [ app_init ] --END-- [ RunTime:0.001000s ]
ERR: 无法加载模块:Phone

[ 2017-03-14T21:36:43+08:00 ] 127.0.0.1 /vote/phone/js/maps/swiper.js.map
INFO: [ app_init ] --START--
INFO: Run Behavior\BuildLiteBehavior [ RunTime:0.001000s ]
INFO: [ app_init ] --END-- [ RunTime:0.001000s ]
ERR: 无法加载模块:Phone

[ 2017-03-14T21:36:43+08:00 ] 127.0.0.1 /vote/phone/js/libs/angular-ui-router.js.map
INFO: [ app_init ] --START--
INFO: Run Behavior\BuildLiteBehavior [ RunTime:0.000000s ]
INFO: [ app_init ] --END-- [ RunTime:0.000000s ]
ERR: 无法加载模块:Phone

[ 2017-03-14T21:36:43+08:00 ] 127.0.0.1 /vote/phone/maps/swiper.js.map
INFO: [ app_init ] --START--
INFO: Run Behavior\BuildLiteBehavior [ RunTime:0.000000s ]
INFO: [ app_init ] --END-- [ RunTime:0.001000s ]
ERR: 无法加载模块:Phone

[ 2017-03-14T21:36:44+08:00 ] 127.0.0.1 /vote/Public/Uploads/carousel/2017-03-11/58c3623113204.jpg
INFO: [ app_init ] --START--
INFO: Run Behavior\BuildLiteBehavior [ RunTime:0.000000s ]
INFO: [ app_init ] --END-- [ RunTime:0.001000s ]
ERR: 无法加载模块:Public

[ 2017-03-14T21:36:44+08:00 ] 127.0.0.1 /vote/Public/Uploads/carousel/2017-03-11/58c362bd53b61.jpg
INFO: [ app_init ] --START--
INFO: Run Behavior\BuildLiteBehavior [ RunTime:0.000000s ]
INFO: [ app_init ] --END-- [ RunTime:0.001000s ]
ERR: 无法加载模块:Public

[ 2017-03-14T21:36:44+08:00 ] 127.0.0.1 /vote/Public/Uploads/carousel/2017-03-11/58c362f389b69.jpg
INFO: [ app_init ] --START--
INFO: Run Behavior\BuildLiteBehavior [ RunTime:0.000000s ]
INFO: [ app_init ] --END-- [ RunTime:0.000000s ]
ERR: 无法加载模块:Public

[ 2017-03-14T21:36:50+08:00 ] 127.0.0.1 /vote/phone/%7B%7Bpic.imageurl%7D%7D
INFO: [ app_init ] --START--
INFO: Run Behavior\BuildLiteBehavior [ RunTime:0.000000s ]
INFO: [ app_init ] --END-- [ RunTime:0.001000s ]
ERR: 无法加载模块:Phone

[ 2017-03-14T21:37:29+08:00 ] 127.0.0.1 /vote/phone/js/libs/need/layer.css?2.0
INFO: [ app_init ] --START--
INFO: Run Behavior\BuildLiteBehavior [ RunTime:0.000000s ]
INFO: [ app_init ] --END-- [ RunTime:0.001000s ]
ERR: 无法加载模块:Phone

[ 2017-03-14T21:37:29+08:00 ] 127.0.0.1 /vote/phone/js/libs/angular.min.js.map
INFO: [ app_init ] --START--
INFO: Run Behavior\BuildLiteBehavior [ RunTime:0.000000s ]
INFO: [ app_init ] --END-- [ RunTime:0.001000s ]
ERR: 无法加载模块:Phone

[ 2017-03-14T21:37:29+08:00 ] 127.0.0.1 /vote/phone/js/maps/swiper.js.map
INFO: [ app_init ] --START--
INFO: Run Behavior\BuildLiteBehavior [ RunTime:0.000000s ]
INFO: [ app_init ] --END-- [ RunTime:0.003001s ]
ERR: 无法加载模块:Phone

[ 2017-03-14T21:37:29+08:00 ] 127.0.0.1 /vote/phone/js/libs/angular-ui-router.js.map
INFO: [ app_init ] --START--
INFO: Run Behavior\BuildLiteBehavior [ RunTime:0.000000s ]
INFO: [ app_init ] --END-- [ RunTime:0.001000s ]
ERR: 无法加载模块:Phone

[ 2017-03-14T21:37:29+08:00 ] 127.0.0.1 /vote/phone/%7B%7Bpic.imageurl%7D%7D
INFO: [ app_init ] --START--
INFO: Run Behavior\BuildLiteBehavior [ RunTime:0.000000s ]
INFO: [ app_init ] --END-- [ RunTime:0.001000s ]
ERR: 无法加载模块:Phone

[ 2017-03-14T21:37:29+08:00 ] 127.0.0.1 /vote/phone/%7B%7Bheadimage%7D%7D
INFO: [ app_init ] --START--
INFO: Run Behavior\BuildLiteBehavior [ RunTime:0.000000s ]
INFO: [ app_init ] --END-- [ RunTime:0.001001s ]
ERR: 无法加载模块:Phone

[ 2017-03-14T21:38:00+08:00 ] 127.0.0.1 /vote/phone/js/libs/need/layer.css?2.0
INFO: [ app_init ] --START--
INFO: Run Behavior\BuildLiteBehavior [ RunTime:0.000000s ]
INFO: [ app_init ] --END-- [ RunTime:0.000000s ]
ERR: 无法加载模块:Phone

[ 2017-03-14T21:38:00+08:00 ] 127.0.0.1 /vote/phone/js/maps/swiper.js.map
INFO: [ app_init ] --START--
INFO: Run Behavior\BuildLiteBehavior [ RunTime:0.000000s ]
INFO: [ app_init ] --END-- [ RunTime:0.001000s ]
ERR: 无法加载模块:Phone

[ 2017-03-14T21:38:00+08:00 ] 127.0.0.1 /vote/phone/js/libs/angular.min.js.map
INFO: [ app_init ] --START--
INFO: Run Behavior\BuildLiteBehavior [ RunTime:0.000000s ]
INFO: [ app_init ] --END-- [ RunTime:0.002000s ]
ERR: 无法加载模块:Phone

[ 2017-03-14T21:38:00+08:00 ] 127.0.0.1 /vote/phone/js/libs/angular-ui-router.js.map
INFO: [ app_init ] --START--
INFO: Run Behavior\BuildLiteBehavior [ RunTime:0.000000s ]
INFO: [ app_init ] --END-- [ RunTime:0.001000s ]
ERR: 无法加载模块:Phone

[ 2017-03-14T21:38:00+08:00 ] 127.0.0.1 /vote/phone/%7B%7Bpic.imageurl%7D%7D
INFO: [ app_init ] --START--
INFO: Run Behavior\BuildLiteBehavior [ RunTime:0.000000s ]
INFO: [ app_init ] --END-- [ RunTime:0.001000s ]
ERR: 无法加载模块:Phone

[ 2017-03-14T21:38:22+08:00 ] 127.0.0.1 /vote/phone/js/libs/need/layer.css?2.0
INFO: [ app_init ] --START--
INFO: Run Behavior\BuildLiteBehavior [ RunTime:0.000000s ]
INFO: [ app_init ] --END-- [ RunTime:0.001000s ]
ERR: 无法加载模块:Phone

[ 2017-03-14T21:38:22+08:00 ] 127.0.0.1 /vote/phone/js/libs/angular.min.js.map
INFO: [ app_init ] --START--
INFO: Run Behavior\BuildLiteBehavior [ RunTime:0.000000s ]
INFO: [ app_init ] --END-- [ RunTime:0.001000s ]
ERR: 无法加载模块:Phone

[ 2017-03-14T21:38:22+08:00 ] 127.0.0.1 /vote/phone/js/maps/swiper.js.map
INFO: [ app_init ] --START--
INFO: Run Behavior\BuildLiteBehavior [ RunTime:0.000000s ]
INFO: [ app_init ] --END-- [ RunTime:0.001000s ]
ERR: 无法加载模块:Phone

[ 2017-03-14T21:38:22+08:00 ] 127.0.0.1 /vote/phone/js/libs/angular-ui-router.js.map
INFO: [ app_init ] --START--
INFO: Run Behavior\BuildLiteBehavior [ RunTime:0.000000s ]
INFO: [ app_init ] --END-- [ RunTime:0.001000s ]
ERR: 无法加载模块:Phone

[ 2017-03-14T21:38:23+08:00 ] 127.0.0.1 /vote/phone/%7B%7Bpic.imageurl%7D%7D
INFO: [ app_init ] --START--
INFO: Run Behavior\BuildLiteBehavior [ RunTime:0.000000s ]
INFO: [ app_init ] --END-- [ RunTime:0.001000s ]
ERR: 无法加载模块:Phone

[ 2017-03-14T21:38:43+08:00 ] 127.0.0.1 /vote/phone/js/libs/need/layer.css?2.0
INFO: [ app_init ] --START--
INFO: Run Behavior\BuildLiteBehavior [ RunTime:0.000000s ]
INFO: [ app_init ] --END-- [ RunTime:0.000000s ]
ERR: 无法加载模块:Phone

[ 2017-03-14T21:38:43+08:00 ] 127.0.0.1 /vote/phone/js/libs/angular.min.js.map
INFO: [ app_init ] --START--
INFO: Run Behavior\BuildLiteBehavior [ RunTime:0.000000s ]
INFO: [ app_init ] --END-- [ RunTime:0.001000s ]
ERR: 无法加载模块:Phone

[ 2017-03-14T21:38:43+08:00 ] 127.0.0.1 /vote/phone/js/maps/swiper.js.map
INFO: [ app_init ] --START--
INFO: Run Behavior\BuildLiteBehavior [ RunTime:0.000000s ]
INFO: [ app_init ] --END-- [ RunTime:0.000000s ]
ERR: 无法加载模块:Phone

[ 2017-03-14T21:38:43+08:00 ] 127.0.0.1 /vote/phone/js/libs/angular-ui-router.js.map
INFO: [ app_init ] --START--
INFO: Run Behavior\BuildLiteBehavior [ RunTime:0.000000s ]
INFO: [ app_init ] --END-- [ RunTime:0.000000s ]
ERR: 无法加载模块:Phone

[ 2017-03-14T21:38:43+08:00 ] 127.0.0.1 /vote/phone/%7B%7Bpic.imageurl%7D%7D
INFO: [ app_init ] --START--
INFO: Run Behavior\BuildLiteBehavior [ RunTime:0.000000s ]
INFO: [ app_init ] --END-- [ RunTime:0.004001s ]
ERR: 无法加载模块:Phone

[ 2017-03-14T21:38:43+08:00 ] 127.0.0.1 /vote/phone/%7B%7Bheadimage%7D%7D
INFO: [ app_init ] --START--
INFO: Run Behavior\BuildLiteBehavior [ RunTime:0.000000s ]
INFO: [ app_init ] --END-- [ RunTime:0.000000s ]
ERR: 无法加载模块:Phone

[ 2017-03-14T21:39:49+08:00 ] 127.0.0.1 /vote/phone/js/libs/angular.min.js.map
INFO: [ app_init ] --START--
INFO: Run Behavior\BuildLiteBehavior [ RunTime:0.000000s ]
INFO: [ app_init ] --END-- [ RunTime:0.001000s ]
ERR: 无法加载模块:Phone

[ 2017-03-14T21:39:49+08:00 ] 127.0.0.1 /vote/phone/js/maps/swiper.js.map
INFO: [ app_init ] --START--
INFO: Run Behavior\BuildLiteBehavior [ RunTime:0.000000s ]
INFO: [ app_init ] --END-- [ RunTime:0.001000s ]
ERR: 无法加载模块:Phone

[ 2017-03-14T21:39:49+08:00 ] 127.0.0.1 /vote/phone/js/libs/need/layer.css?2.0
INFO: [ app_init ] --START--
INFO: Run Behavior\BuildLiteBehavior [ RunTime:0.000000s ]
INFO: [ app_init ] --END-- [ RunTime:0.001000s ]
ERR: 无法加载模块:Phone

[ 2017-03-14T21:39:49+08:00 ] 127.0.0.1 /vote/phone/js/libs/angular-ui-router.js.map
INFO: [ app_init ] --START--
INFO: Run Behavior\BuildLiteBehavior [ RunTime:0.000000s ]
INFO: [ app_init ] --END-- [ RunTime:0.001000s ]
ERR: 无法加载模块:Phone

[ 2017-03-14T21:39:49+08:00 ] 127.0.0.1 /vote/phone/%7B%7Bpic.imageurl%7D%7D
INFO: [ app_init ] --START--
INFO: Run Behavior\BuildLiteBehavior [ RunTime:0.000000s ]
INFO: [ app_init ] --END-- [ RunTime:0.001000s ]
ERR: 无法加载模块:Phone

[ 2017-03-14T21:42:14+08:00 ] 127.0.0.1 /vote/phone/js/libs/angular.min.js.map
INFO: [ app_init ] --START--
INFO: Run Behavior\BuildLiteBehavior [ RunTime:0.001000s ]
INFO: [ app_init ] --END-- [ RunTime:0.001000s ]
ERR: 无法加载模块:Phone

[ 2017-03-14T21:42:14+08:00 ] 127.0.0.1 /vote/phone/js/maps/swiper.js.map
INFO: [ app_init ] --START--
INFO: Run Behavior\BuildLiteBehavior [ RunTime:0.000000s ]
INFO: [ app_init ] --END-- [ RunTime:0.001000s ]
ERR: 无法加载模块:Phone

[ 2017-03-14T21:42:14+08:00 ] 127.0.0.1 /vote/phone/js/libs/need/layer.css?2.0
INFO: [ app_init ] --START--
INFO: Run Behavior\BuildLiteBehavior [ RunTime:0.000000s ]
INFO: [ app_init ] --END-- [ RunTime:0.001000s ]
ERR: 无法加载模块:Phone

[ 2017-03-14T21:42:14+08:00 ] 127.0.0.1 /vote/phone/js/libs/angular-ui-router.js.map
INFO: [ app_init ] --START--
INFO: Run Behavior\BuildLiteBehavior [ RunTime:0.000000s ]
INFO: [ app_init ] --END-- [ RunTime:0.000000s ]
ERR: 无法加载模块:Phone

[ 2017-03-14T21:42:15+08:00 ] 127.0.0.1 /vote/phone/%7B%7Bpic.imageurl%7D%7D
INFO: [ app_init ] --START--
INFO: Run Behavior\BuildLiteBehavior [ RunTime:0.001000s ]
INFO: [ app_init ] --END-- [ RunTime:0.003000s ]
ERR: 无法加载模块:Phone

[ 2017-03-14T21:42:58+08:00 ] 127.0.0.1 /vote/phone/js/libs/need/layer.css?2.0
INFO: [ app_init ] --START--
INFO: Run Behavior\BuildLiteBehavior [ RunTime:0.000000s ]
INFO: [ app_init ] --END-- [ RunTime:0.001000s ]
ERR: 无法加载模块:Phone

[ 2017-03-14T21:42:58+08:00 ] 127.0.0.1 /vote/phone/js/libs/angular.min.js.map
INFO: [ app_init ] --START--
INFO: Run Behavior\BuildLiteBehavior [ RunTime:0.001000s ]
INFO: [ app_init ] --END-- [ RunTime:0.001000s ]
ERR: 无法加载模块:Phone

[ 2017-03-14T21:42:58+08:00 ] 127.0.0.1 /vote/phone/js/maps/swiper.js.map
INFO: [ app_init ] --START--
INFO: Run Behavior\BuildLiteBehavior [ RunTime:0.000000s ]
INFO: [ app_init ] --END-- [ RunTime:0.001001s ]
ERR: 无法加载模块:Phone

[ 2017-03-14T21:42:58+08:00 ] 127.0.0.1 /vote/phone/js/libs/angular-ui-router.js.map
INFO: [ app_init ] --START--
INFO: Run Behavior\BuildLiteBehavior [ RunTime:0.000000s ]
INFO: [ app_init ] --END-- [ RunTime:0.000000s ]
ERR: 无法加载模块:Phone

[ 2017-03-14T21:42:59+08:00 ] 127.0.0.1 /vote/phone/%7B%7Bpic.imageurl%7D%7D
INFO: [ app_init ] --START--
INFO: Run Behavior\BuildLiteBehavior [ RunTime:0.000000s ]
INFO: [ app_init ] --END-- [ RunTime:0.001001s ]
ERR: 无法加载模块:Phone

[ 2017-03-14T21:45:54+08:00 ] 127.0.0.1 /vote/phone/js/libs/angular.min.js.map
INFO: [ app_init ] --START--
INFO: Run Behavior\BuildLiteBehavior [ RunTime:0.000000s ]
INFO: [ app_init ] --END-- [ RunTime:0.000000s ]
ERR: 无法加载模块:Phone

[ 2017-03-14T21:45:54+08:00 ] 127.0.0.1 /vote/phone/js/maps/swiper.js.map
INFO: [ app_init ] --START--
INFO: Run Behavior\BuildLiteBehavior [ RunTime:0.000000s ]
INFO: [ app_init ] --END-- [ RunTime:0.001000s ]
ERR: 无法加载模块:Phone

[ 2017-03-14T21:45:54+08:00 ] 127.0.0.1 /vote/phone/js/libs/angular-ui-router.js.map
INFO: [ app_init ] --START--
INFO: Run Behavior\BuildLiteBehavior [ RunTime:0.000000s ]
INFO: [ app_init ] --END-- [ RunTime:0.001000s ]
ERR: 无法加载模块:Phone

[ 2017-03-14T21:45:54+08:00 ] 127.0.0.1 /vote/phone/js/libs/need/layer.css?2.0
INFO: [ app_init ] --START--
INFO: Run Behavior\BuildLiteBehavior [ RunTime:0.000000s ]
INFO: [ app_init ] --END-- [ RunTime:0.000000s ]
ERR: 无法加载模块:Phone

[ 2017-03-14T21:45:54+08:00 ] 127.0.0.1 /vote/phone/%7B%7Bpic.imageurl%7D%7D
INFO: [ app_init ] --START--
INFO: Run Behavior\BuildLiteBehavior [ RunTime:0.001001s ]
INFO: [ app_init ] --END-- [ RunTime:0.001001s ]
ERR: 无法加载模块:Phone

[ 2017-03-14T21:46:31+08:00 ] 127.0.0.1 /vote/phone/js/libs/need/layer.css?2.0
INFO: [ app_init ] --START--
INFO: Run Behavior\BuildLiteBehavior [ RunTime:0.000000s ]
INFO: [ app_init ] --END-- [ RunTime:0.001000s ]
ERR: 无法加载模块:Phone

[ 2017-03-14T21:46:31+08:00 ] 127.0.0.1 /vote/phone/js/libs/angular-ui-router.js.map
INFO: [ app_init ] --START--
INFO: Run Behavior\BuildLiteBehavior [ RunTime:0.000000s ]
INFO: [ app_init ] --END-- [ RunTime:0.001000s ]
ERR: 无法加载模块:Phone

[ 2017-03-14T21:46:31+08:00 ] 127.0.0.1 /vote/phone/js/maps/swiper.js.map
INFO: [ app_init ] --START--
INFO: Run Behavior\BuildLiteBehavior [ RunTime:0.000000s ]
INFO: [ app_init ] --END-- [ RunTime:0.001000s ]
ERR: 无法加载模块:Phone

[ 2017-03-14T21:46:31+08:00 ] 127.0.0.1 /vote/phone/js/libs/angular.min.js.map
INFO: [ app_init ] --START--
INFO: Run Behavior\BuildLiteBehavior [ RunTime:0.000000s ]
INFO: [ app_init ] --END-- [ RunTime:0.001000s ]
ERR: 无法加载模块:Phone

[ 2017-03-14T21:46:32+08:00 ] 127.0.0.1 /vote/phone/%7B%7Bpic.imageurl%7D%7D
INFO: [ app_init ] --START--
INFO: Run Behavior\BuildLiteBehavior [ RunTime:0.000000s ]
INFO: [ app_init ] --END-- [ RunTime:0.000000s ]
ERR: 无法加载模块:Phone

[ 2017-03-14T22:02:21+08:00 ] 127.0.0.1 /vote/phone/js/maps/swiper.js.map
INFO: [ app_init ] --START--
INFO: Run Behavior\BuildLiteBehavior [ RunTime:0.000000s ]
INFO: [ app_init ] --END-- [ RunTime:0.001000s ]
ERR: 无法加载模块:Phone

[ 2017-03-14T22:02:21+08:00 ] 127.0.0.1 /vote/phone/js/libs/angular.min.js.map
INFO: [ app_init ] --START--
INFO: Run Behavior\BuildLiteBehavior [ RunTime:0.000000s ]
INFO: [ app_init ] --END-- [ RunTime:0.001000s ]
ERR: 无法加载模块:Phone

[ 2017-03-14T22:02:21+08:00 ] 127.0.0.1 /vote/phone/js/libs/need/layer.css?2.0
INFO: [ app_init ] --START--
INFO: Run Behavior\BuildLiteBehavior [ RunTime:0.001000s ]
INFO: [ app_init ] --END-- [ RunTime:0.001000s ]
ERR: 无法加载模块:Phone

[ 2017-03-14T22:02:21+08:00 ] 127.0.0.1 /vote/phone/js/libs/angular-ui-router.js.map
INFO: [ app_init ] --START--
INFO: Run Behavior\BuildLiteBehavior [ RunTime:0.000000s ]
INFO: [ app_init ] --END-- [ RunTime:0.000000s ]
ERR: 无法加载模块:Phone

[ 2017-03-14T22:02:21+08:00 ] 127.0.0.1 /vote/phone/%7B%7Bpic.imageurl%7D%7D
INFO: [ app_init ] --START--
INFO: Run Behavior\BuildLiteBehavior [ RunTime:0.000000s ]
INFO: [ app_init ] --END-- [ RunTime:0.002000s ]
ERR: 无法加载模块:Phone

[ 2017-03-14T22:02:22+08:00 ] 127.0.0.1 /vote/phone/%7B%7Bheadimage%7D%7D
INFO: [ app_init ] --START--
INFO: Run Behavior\BuildLiteBehavior [ RunTime:0.000000s ]
INFO: [ app_init ] --END-- [ RunTime:0.001000s ]
ERR: 无法加载模块:Phone

[ 2017-03-14T22:02:32+08:00 ] 127.0.0.1 /vote/phone/js/libs/angular.min.js.map
INFO: [ app_init ] --START--
INFO: Run Behavior\BuildLiteBehavior [ RunTime:0.000000s ]
INFO: [ app_init ] --END-- [ RunTime:0.001000s ]
ERR: 无法加载模块:Phone

[ 2017-03-14T22:02:32+08:00 ] 127.0.0.1 /vote/phone/js/maps/swiper.js.map
INFO: [ app_init ] --START--
INFO: Run Behavior\BuildLiteBehavior [ RunTime:0.000000s ]
INFO: [ app_init ] --END-- [ RunTime:0.000000s ]
ERR: 无法加载模块:Phone

[ 2017-03-14T22:02:32+08:00 ] 127.0.0.1 /vote/phone/js/libs/need/layer.css?2.0
INFO: [ app_init ] --START--
INFO: Run Behavior\BuildLiteBehavior [ RunTime:0.000000s ]
INFO: [ app_init ] --END-- [ RunTime:0.000000s ]
ERR: 无法加载模块:Phone

[ 2017-03-14T22:02:32+08:00 ] 127.0.0.1 /vote/phone/js/libs/angular-ui-router.js.map
INFO: [ app_init ] --START--
INFO: Run Behavior\BuildLiteBehavior [ RunTime:0.000000s ]
INFO: [ app_init ] --END-- [ RunTime:0.001000s ]
ERR: 无法加载模块:Phone

[ 2017-03-14T22:02:33+08:00 ] 127.0.0.1 /vote/phone/%7B%7Bheadimage%7D%7D
INFO: [ app_init ] --START--
INFO: Run Behavior\BuildLiteBehavior [ RunTime:0.000000s ]
INFO: [ app_init ] --END-- [ RunTime:0.000000s ]
ERR: 无法加载模块:Phone

[ 2017-03-14T22:02:33+08:00 ] 127.0.0.1 /vote/phone/%7B%7Bpic.imageurl%7D%7D
INFO: [ app_init ] --START--
INFO: Run Behavior\BuildLiteBehavior [ RunTime:0.000000s ]
INFO: [ app_init ] --END-- [ RunTime:0.001000s ]
ERR: 无法加载模块:Phone

[ 2017-03-14T22:02:54+08:00 ] 127.0.0.1 /vote/phone/js/libs/angular.min.js.map
INFO: [ app_init ] --START--
INFO: Run Behavior\BuildLiteBehavior [ RunTime:0.000000s ]
INFO: [ app_init ] --END-- [ RunTime:0.001000s ]
ERR: 无法加载模块:Phone

[ 2017-03-14T22:02:54+08:00 ] 127.0.0.1 /vote/phone/js/maps/swiper.js.map
INFO: [ app_init ] --START--
INFO: Run Behavior\BuildLiteBehavior [ RunTime:0.000000s ]
INFO: [ app_init ] --END-- [ RunTime:0.001000s ]
ERR: 无法加载模块:Phone

[ 2017-03-14T22:02:55+08:00 ] 127.0.0.1 /vote/phone/js/libs/need/layer.css?2.0
INFO: [ app_init ] --START--
INFO: Run Behavior\BuildLiteBehavior [ RunTime:0.000000s ]
INFO: [ app_init ] --END-- [ RunTime:0.000000s ]
ERR: 无法加载模块:Phone

[ 2017-03-14T22:02:55+08:00 ] 127.0.0.1 /vote/phone/js/libs/angular-ui-router.js.map
INFO: [ app_init ] --START--
INFO: Run Behavior\BuildLiteBehavior [ RunTime:0.001000s ]
INFO: [ app_init ] --END-- [ RunTime:0.001000s ]
ERR: 无法加载模块:Phone

[ 2017-03-14T22:02:55+08:00 ] 127.0.0.1 /vote/phone/%7B%7Bpic.imageurl%7D%7D
INFO: [ app_init ] --START--
INFO: Run Behavior\BuildLiteBehavior [ RunTime:0.000000s ]
INFO: [ app_init ] --END-- [ RunTime:0.001001s ]
ERR: 无法加载模块:Phone

[ 2017-03-14T22:03:55+08:00 ] 127.0.0.1 /vote/phone/js/libs/need/layer.css?2.0
INFO: [ app_init ] --START--
INFO: Run Behavior\BuildLiteBehavior [ RunTime:0.000000s ]
INFO: [ app_init ] --END-- [ RunTime:0.002000s ]
ERR: 无法加载模块:Phone

[ 2017-03-14T22:03:57+08:00 ] 127.0.0.1 /vote/Public/Uploads/carousel/2017-03-11/58c3623113204.jpg
INFO: [ app_init ] --START--
INFO: Run Behavior\BuildLiteBehavior [ RunTime:0.000000s ]
INFO: [ app_init ] --END-- [ RunTime:0.001000s ]
ERR: 无法加载模块:Public

[ 2017-03-14T22:03:57+08:00 ] 127.0.0.1 /vote/Public/Uploads/carousel/2017-03-11/58c362bd53b61.jpg
INFO: [ app_init ] --START--
INFO: Run Behavior\BuildLiteBehavior [ RunTime:0.000000s ]
INFO: [ app_init ] --END-- [ RunTime:0.000000s ]
ERR: 无法加载模块:Public

[ 2017-03-14T22:03:57+08:00 ] 127.0.0.1 /vote/Public/Uploads/carousel/2017-03-11/58c362f389b69.jpg
INFO: [ app_init ] --START--
INFO: Run Behavior\BuildLiteBehavior [ RunTime:0.000000s ]
INFO: [ app_init ] --END-- [ RunTime:0.000000s ]
ERR: 无法加载模块:Public

[ 2017-03-14T22:04:02+08:00 ] 127.0.0.1 /vote/phone/%7B%7Bpic.imageurl%7D%7D
INFO: [ app_init ] --START--
INFO: Run Behavior\BuildLiteBehavior [ RunTime:0.000000s ]
INFO: [ app_init ] --END-- [ RunTime:0.001000s ]
ERR: 无法加载模块:Phone

[ 2017-03-14T22:05:09+08:00 ] 127.0.0.1 /vote/phone/js/libs/need/layer.css?2.0
INFO: [ app_init ] --START--
INFO: Run Behavior\BuildLiteBehavior [ RunTime:0.000000s ]
INFO: [ app_init ] --END-- [ RunTime:0.001000s ]
ERR: 无法加载模块:Phone

[ 2017-03-14T22:05:11+08:00 ] 127.0.0.1 /vote/phone/%7B%7Bpic.imageurl%7D%7D
INFO: [ app_init ] --START--
INFO: Run Behavior\BuildLiteBehavior [ RunTime:0.000000s ]
INFO: [ app_init ] --END-- [ RunTime:0.001000s ]
ERR: 无法加载模块:Phone

[ 2017-03-14T22:07:48+08:00 ] 127.0.0.1 /vote/phone/js/libs/need/layer.css?2.0
INFO: [ app_init ] --START--
INFO: Run Behavior\BuildLiteBehavior [ RunTime:0.000000s ]
INFO: [ app_init ] --END-- [ RunTime:0.001000s ]
ERR: 无法加载模块:Phone

[ 2017-03-14T22:07:50+08:00 ] 127.0.0.1 /vote/Public/Uploads/carousel/2017-03-11/58c3623113204.jpg
INFO: [ app_init ] --START--
INFO: Run Behavior\BuildLiteBehavior [ RunTime:0.000000s ]
INFO: [ app_init ] --END-- [ RunTime:0.001000s ]
ERR: 无法加载模块:Public

[ 2017-03-14T22:07:50+08:00 ] 127.0.0.1 /vote/Public/Uploads/carousel/2017-03-11/58c362bd53b61.jpg
INFO: [ app_init ] --START--
INFO: Run Behavior\BuildLiteBehavior [ RunTime:0.000000s ]
INFO: [ app_init ] --END-- [ RunTime:0.000000s ]
ERR: 无法加载模块:Public

[ 2017-03-14T22:07:50+08:00 ] 127.0.0.1 /vote/Public/Uploads/carousel/2017-03-11/58c362f389b69.jpg
INFO: [ app_init ] --START--
INFO: Run Behavior\BuildLiteBehavior [ RunTime:0.000000s ]
INFO: [ app_init ] --END-- [ RunTime:0.000000s ]
ERR: 无法加载模块:Public

[ 2017-03-14T22:08:03+08:00 ] 127.0.0.1 /vote/phone/%7B%7Bpic.imageurl%7D%7D
INFO: [ app_init ] --START--
INFO: Run Behavior\BuildLiteBehavior [ RunTime:0.000000s ]
INFO: [ app_init ] --END-- [ RunTime:0.000000s ]
ERR: 无法加载模块:Phone

[ 2017-03-14T22:26:27+08:00 ] 127.0.0.1 /vote/phone/js/libs/need/layer.css?2.0
INFO: [ app_init ] --START--
INFO: Run Behavior\BuildLiteBehavior [ RunTime:0.000000s ]
INFO: [ app_init ] --END-- [ RunTime:0.001000s ]
ERR: 无法加载模块:Phone

[ 2017-03-14T22:26:29+08:00 ] 127.0.0.1 /vote/Public/Uploads/carousel/2017-03-11/58c3623113204.jpg
INFO: [ app_init ] --START--
INFO: Run Behavior\BuildLiteBehavior [ RunTime:0.001000s ]
INFO: [ app_init ] --END-- [ RunTime:0.001000s ]
ERR: 无法加载模块:Public

[ 2017-03-14T22:26:29+08:00 ] 127.0.0.1 /vote/Public/Uploads/carousel/2017-03-11/58c362bd53b61.jpg
INFO: [ app_init ] --START--
INFO: Run Behavior\BuildLiteBehavior [ RunTime:0.000000s ]
INFO: [ app_init ] --END-- [ RunTime:0.000000s ]
ERR: 无法加载模块:Public

[ 2017-03-14T22:26:29+08:00 ] 127.0.0.1 /vote/Public/Uploads/carousel/2017-03-11/58c362f389b69.jpg
INFO: [ app_init ] --START--
INFO: Run Behavior\BuildLiteBehavior [ RunTime:0.000000s ]
INFO: [ app_init ] --END-- [ RunTime:0.001000s ]
ERR: 无法加载模块:Public

[ 2017-03-14T22:27:11+08:00 ] 127.0.0.1 /vote/phone/%7B%7Bpic.imageurl%7D%7D
INFO: [ app_init ] --START--
INFO: Run Behavior\BuildLiteBehavior [ RunTime:0.001000s ]
INFO: [ app_init ] --END-- [ RunTime:0.002000s ]
ERR: 无法加载模块:Phone

[ 2017-03-14T22:27:49+08:00 ] 127.0.0.1 /vote/phone/js/libs/need/layer.css?2.0
INFO: [ app_init ] --START--
INFO: Run Behavior\BuildLiteBehavior [ RunTime:0.000000s ]
INFO: [ app_init ] --END-- [ RunTime:0.001000s ]
ERR: 无法加载模块:Phone

[ 2017-03-14T22:27:49+08:00 ] 127.0.0.1 /vote/phone/js/maps/swiper.js.map
INFO: [ app_init ] --START--
INFO: Run Behavior\BuildLiteBehavior [ RunTime:0.000000s ]
INFO: [ app_init ] --END-- [ RunTime:0.001000s ]
ERR: 无法加载模块:Phone

[ 2017-03-14T22:27:49+08:00 ] 127.0.0.1 /vote/phone/js/libs/angular.min.js.map
INFO: [ app_init ] --START--
INFO: Run Behavior\BuildLiteBehavior [ RunTime:0.000000s ]
INFO: [ app_init ] --END-- [ RunTime:0.002000s ]
ERR: 无法加载模块:Phone

[ 2017-03-14T22:27:49+08:00 ] 127.0.0.1 /vote/phone/js/libs/angular-ui-router.js.map
INFO: [ app_init ] --START--
INFO: Run Behavior\BuildLiteBehavior [ RunTime:0.000000s ]
INFO: [ app_init ] --END-- [ RunTime:0.001000s ]
ERR: 无法加载模块:Phone

[ 2017-03-14T22:27:49+08:00 ] 127.0.0.1 /vote/phone/maps/swiper.js.map
INFO: [ app_init ] --START--
INFO: Run Behavior\BuildLiteBehavior [ RunTime:0.000000s ]
INFO: [ app_init ] --END-- [ RunTime:0.001000s ]
ERR: 无法加载模块:Phone

[ 2017-03-14T22:27:50+08:00 ] 127.0.0.1 /vote/Public/Uploads/carousel/2017-03-11/58c362bd53b61.jpg
INFO: [ app_init ] --START--
INFO: Run Behavior\BuildLiteBehavior [ RunTime:0.000000s ]
INFO: [ app_init ] --END-- [ RunTime:0.001000s ]
ERR: 无法加载模块:Public

[ 2017-03-14T22:27:50+08:00 ] 127.0.0.1 /vote/Public/Uploads/carousel/2017-03-11/58c3623113204.jpg
INFO: [ app_init ] --START--
INFO: Run Behavior\BuildLiteBehavior [ RunTime:0.000000s ]
INFO: [ app_init ] --END-- [ RunTime:0.001000s ]
ERR: 无法加载模块:Public

[ 2017-03-14T22:27:50+08:00 ] 127.0.0.1 /vote/Public/Uploads/carousel/2017-03-11/58c362f389b69.jpg
INFO: [ app_init ] --START--
INFO: Run Behavior\BuildLiteBehavior [ RunTime:0.001000s ]
INFO: [ app_init ] --END-- [ RunTime:0.001000s ]
ERR: 无法加载模块:Public

[ 2017-03-14T22:27:56+08:00 ] 127.0.0.1 /vote/phone/%7B%7Bpic.imageurl%7D%7D
INFO: [ app_init ] --START--
INFO: Run Behavior\BuildLiteBehavior [ RunTime:0.000000s ]
INFO: [ app_init ] --END-- [ RunTime:0.001000s ]
ERR: 无法加载模块:Phone

[ 2017-03-14T22:28:37+08:00 ] 127.0.0.1 /vote/phone/js/libs/need/layer.css?2.0
INFO: [ app_init ] --START--
INFO: Run Behavior\BuildLiteBehavior [ RunTime:0.000000s ]
INFO: [ app_init ] --END-- [ RunTime:0.001000s ]
ERR: 无法加载模块:Phone

[ 2017-03-14T22:28:37+08:00 ] 127.0.0.1 /vote/phone/js/libs/angular.min.js.map
INFO: [ app_init ] --START--
INFO: Run Behavior\BuildLiteBehavior [ RunTime:0.000000s ]
INFO: [ app_init ] --END-- [ RunTime:0.001000s ]
ERR: 无法加载模块:Phone

[ 2017-03-14T22:28:37+08:00 ] 127.0.0.1 /vote/phone/js/maps/swiper.js.map
INFO: [ app_init ] --START--
INFO: Run Behavior\BuildLiteBehavior [ RunTime:0.001000s ]
INFO: [ app_init ] --END-- [ RunTime:0.001000s ]
ERR: 无法加载模块:Phone

[ 2017-03-14T22:28:37+08:00 ] 127.0.0.1 /vote/phone/js/libs/angular-ui-router.js.map
INFO: [ app_init ] --START--
INFO: Run Behavior\BuildLiteBehavior [ RunTime:0.000000s ]
INFO: [ app_init ] --END-- [ RunTime:0.002000s ]
ERR: 无法加载模块:Phone

[ 2017-03-14T22:28:38+08:00 ] 127.0.0.1 /vote/phone/%7B%7Bpic.imageurl%7D%7D
INFO: [ app_init ] --START--
INFO: Run Behavior\BuildLiteBehavior [ RunTime:0.001000s ]
INFO: [ app_init ] --END-- [ RunTime:0.004000s ]
ERR: 无法加载模块:Phone

[ 2017-03-14T22:28:44+08:00 ] 127.0.0.1 /vote/phone/js/libs/angular.min.js.map
INFO: [ app_init ] --START--
INFO: Run Behavior\BuildLiteBehavior [ RunTime:0.000000s ]
INFO: [ app_init ] --END-- [ RunTime:0.001000s ]
ERR: 无法加载模块:Phone

[ 2017-03-14T22:28:44+08:00 ] 127.0.0.1 /vote/phone/js/maps/swiper.js.map
INFO: [ app_init ] --START--
INFO: Run Behavior\BuildLiteBehavior [ RunTime:0.000000s ]
INFO: [ app_init ] --END-- [ RunTime:0.000000s ]
ERR: 无法加载模块:Phone

[ 2017-03-14T22:28:45+08:00 ] 127.0.0.1 /vote/phone/js/libs/need/layer.css?2.0
INFO: [ app_init ] --START--
INFO: Run Behavior\BuildLiteBehavior [ RunTime:0.000000s ]
INFO: [ app_init ] --END-- [ RunTime:0.001000s ]
ERR: 无法加载模块:Phone

[ 2017-03-14T22:28:45+08:00 ] 127.0.0.1 /vote/phone/js/libs/angular-ui-router.js.map
INFO: [ app_init ] --START--
INFO: Run Behavior\BuildLiteBehavior [ RunTime:0.000000s ]
INFO: [ app_init ] --END-- [ RunTime:0.001000s ]
ERR: 无法加载模块:Phone

[ 2017-03-14T22:28:46+08:00 ] 127.0.0.1 /vote/phone/%7B%7Bpic.imageurl%7D%7D
INFO: [ app_init ] --START--
INFO: Run Behavior\BuildLiteBehavior [ RunTime:0.000000s ]
INFO: [ app_init ] --END-- [ RunTime:0.001000s ]
ERR: 无法加载模块:Phone

[ 2017-03-14T22:30:51+08:00 ] 127.0.0.1 /vote/phone/js/libs/angular.min.js.map
INFO: [ app_init ] --START--
INFO: Run Behavior\BuildLiteBehavior [ RunTime:0.000000s ]
INFO: [ app_init ] --END-- [ RunTime:0.001000s ]
ERR: 无法加载模块:Phone

[ 2017-03-14T22:30:51+08:00 ] 127.0.0.1 /vote/phone/js/libs/angular-ui-router.js.map
INFO: [ app_init ] --START--
INFO: Run Behavior\BuildLiteBehavior [ RunTime:0.000000s ]
INFO: [ app_init ] --END-- [ RunTime:0.001000s ]
ERR: 无法加载模块:Phone

[ 2017-03-14T22:30:51+08:00 ] 127.0.0.1 /vote/phone/js/maps/swiper.js.map
INFO: [ app_init ] --START--
INFO: Run Behavior\BuildLiteBehavior [ RunTime:0.000000s ]
INFO: [ app_init ] --END-- [ RunTime:0.002000s ]
ERR: 无法加载模块:Phone

[ 2017-03-14T22:30:51+08:00 ] 127.0.0.1 /vote/phone/js/libs/need/layer.css?2.0
INFO: [ app_init ] --START--
INFO: Run Behavior\BuildLiteBehavior [ RunTime:0.000000s ]
INFO: [ app_init ] --END-- [ RunTime:0.000000s ]
ERR: 无法加载模块:Phone

[ 2017-03-14T22:30:51+08:00 ] 127.0.0.1 /vote/phone/%7B%7Bpic.imageurl%7D%7D
INFO: [ app_init ] --START--
INFO: Run Behavior\BuildLiteBehavior [ RunTime:0.002001s ]
INFO: [ app_init ] --END-- [ RunTime:0.005001s ]
ERR: 无法加载模块:Phone

[ 2017-03-14T22:30:56+08:00 ] 127.0.0.1 /vote/phone/maps/swiper.js.map
INFO: [ app_init ] --START--
INFO: Run Behavior\BuildLiteBehavior [ RunTime:0.000000s ]
INFO: [ app_init ] --END-- [ RunTime:0.001000s ]
ERR: 无法加载模块:Phone

[ 2017-03-14T22:30:56+08:00 ] 127.0.0.1 /vote/Public/Uploads/carousel/2017-03-11/58c3623113204.jpg
INFO: [ app_init ] --START--
INFO: Run Behavior\BuildLiteBehavior [ RunTime:0.000000s ]
INFO: [ app_init ] --END-- [ RunTime:0.000000s ]
ERR: 无法加载模块:Public

[ 2017-03-14T22:30:56+08:00 ] 127.0.0.1 /vote/Public/Uploads/carousel/2017-03-11/58c362bd53b61.jpg
INFO: [ app_init ] --START--
INFO: Run Behavior\BuildLiteBehavior [ RunTime:0.000000s ]
INFO: [ app_init ] --END-- [ RunTime:0.001000s ]
ERR: 无法加载模块:Public

[ 2017-03-14T22:30:56+08:00 ] 127.0.0.1 /vote/Public/Uploads/carousel/2017-03-11/58c362f389b69.jpg
INFO: [ app_init ] --START--
INFO: Run Behavior\BuildLiteBehavior [ RunTime:0.000000s ]
INFO: [ app_init ] --END-- [ RunTime:0.000000s ]
ERR: 无法加载模块:Public

[ 2017-03-14T22:31:00+08:00 ] 127.0.0.1 /vote/phone/%7B%7Bpic.imageurl%7D%7D
INFO: [ app_init ] --START--
INFO: Run Behavior\BuildLiteBehavior [ RunTime:0.000000s ]
INFO: [ app_init ] --END-- [ RunTime:0.001000s ]
ERR: 无法加载模块:Phone

[ 2017-03-14T22:31:37+08:00 ] 127.0.0.1 /vote/phone/js/libs/need/layer.css?2.0
INFO: [ app_init ] --START--
INFO: Run Behavior\BuildLiteBehavior [ RunTime:0.000000s ]
INFO: [ app_init ] --END-- [ RunTime:0.001000s ]
ERR: 无法加载模块:Phone

[ 2017-03-14T22:31:39+08:00 ] 127.0.0.1 /vote/Public/Uploads/carousel/2017-03-11/58c362bd53b61.jpg
INFO: [ app_init ] --START--
INFO: Run Behavior\BuildLiteBehavior [ RunTime:0.000000s ]
INFO: [ app_init ] --END-- [ RunTime:0.001000s ]
ERR: 无法加载模块:Public

[ 2017-03-14T22:31:39+08:00 ] 127.0.0.1 /vote/Public/Uploads/carousel/2017-03-11/58c3623113204.jpg
INFO: [ app_init ] --START--
INFO: Run Behavior\BuildLiteBehavior [ RunTime:0.000000s ]
INFO: [ app_init ] --END-- [ RunTime:0.010000s ]
ERR: 无法加载模块:Public

[ 2017-03-14T22:31:39+08:00 ] 127.0.0.1 /vote/Public/Uploads/carousel/2017-03-11/58c362f389b69.jpg
INFO: [ app_init ] --START--
INFO: Run Behavior\BuildLiteBehavior [ RunTime:0.000000s ]
INFO: [ app_init ] --END-- [ RunTime:0.000000s ]
ERR: 无法加载模块:Public

[ 2017-03-14T22:31:43+08:00 ] 127.0.0.1 /vote/phone/%7B%7Bpic.imageurl%7D%7D
INFO: [ app_init ] --START--
INFO: Run Behavior\BuildLiteBehavior [ RunTime:0.000000s ]
INFO: [ app_init ] --END-- [ RunTime:0.000000s ]
ERR: 无法加载模块:Phone

[ 2017-03-14T22:32:12+08:00 ] 127.0.0.1 /vote/phone/js/libs/angular.min.js.map
INFO: [ app_init ] --START--
INFO: Run Behavior\BuildLiteBehavior [ RunTime:0.001000s ]
INFO: [ app_init ] --END-- [ RunTime:0.001000s ]
ERR: 无法加载模块:Phone

[ 2017-03-14T22:32:12+08:00 ] 127.0.0.1 /vote/phone/js/libs/need/layer.css?2.0
INFO: [ app_init ] --START--
INFO: Run Behavior\BuildLiteBehavior [ RunTime:0.000000s ]
INFO: [ app_init ] --END-- [ RunTime:0.001000s ]
ERR: 无法加载模块:Phone

[ 2017-03-14T22:32:12+08:00 ] 127.0.0.1 /vote/phone/js/maps/swiper.js.map
INFO: [ app_init ] --START--
INFO: Run Behavior\BuildLiteBehavior [ RunTime:0.000000s ]
INFO: [ app_init ] --END-- [ RunTime:0.001000s ]
ERR: 无法加载模块:Phone

[ 2017-03-14T22:32:12+08:00 ] 127.0.0.1 /vote/phone/js/libs/angular-ui-router.js.map
INFO: [ app_init ] --START--
INFO: Run Behavior\BuildLiteBehavior [ RunTime:0.000000s ]
INFO: [ app_init ] --END-- [ RunTime:0.003001s ]
ERR: 无法加载模块:Phone

[ 2017-03-14T22:32:12+08:00 ] 127.0.0.1 /vote/phone/maps/swiper.js.map
INFO: [ app_init ] --START--
INFO: Run Behavior\BuildLiteBehavior [ RunTime:0.000000s ]
INFO: [ app_init ] --END-- [ RunTime:0.001000s ]
ERR: 无法加载模块:Phone

[ 2017-03-14T22:32:12+08:00 ] 127.0.0.1 /vote/Public/Uploads/carousel/2017-03-11/58c3623113204.jpg
INFO: [ app_init ] --START--
INFO: Run Behavior\BuildLiteBehavior [ RunTime:0.000000s ]
INFO: [ app_init ] --END-- [ RunTime:0.000000s ]
ERR: 无法加载模块:Public

[ 2017-03-14T22:32:12+08:00 ] 127.0.0.1 /vote/Public/Uploads/carousel/2017-03-11/58c362bd53b61.jpg
INFO: [ app_init ] --START--
INFO: Run Behavior\BuildLiteBehavior [ RunTime:0.000000s ]
INFO: [ app_init ] --END-- [ RunTime:0.001000s ]
ERR: 无法加载模块:Public

[ 2017-03-14T22:32:12+08:00 ] 127.0.0.1 /vote/Public/Uploads/carousel/2017-03-11/58c362f389b69.jpg
INFO: [ app_init ] --START--
INFO: Run Behavior\BuildLiteBehavior [ RunTime:0.000000s ]
INFO: [ app_init ] --END-- [ RunTime:0.001000s ]
ERR: 无法加载模块:Public

[ 2017-03-14T22:32:18+08:00 ] 127.0.0.1 /vote/phone/%7B%7Bpic.imageurl%7D%7D
INFO: [ app_init ] --START--
INFO: Run Behavior\BuildLiteBehavior [ RunTime:0.000000s ]
INFO: [ app_init ] --END-- [ RunTime:0.001000s ]
ERR: 无法加载模块:Phone

[ 2017-03-14T22:33:57+08:00 ] 127.0.0.1 /vote/phone/js/maps/swiper.js.map
INFO: [ app_init ] --START--
INFO: Run Behavior\BuildLiteBehavior [ RunTime:0.000000s ]
INFO: [ app_init ] --END-- [ RunTime:0.001000s ]
ERR: 无法加载模块:Phone

[ 2017-03-14T22:33:57+08:00 ] 127.0.0.1 /vote/phone/js/libs/angular.min.js.map
INFO: [ app_init ] --START--
INFO: Run Behavior\BuildLiteBehavior [ RunTime:0.000000s ]
INFO: [ app_init ] --END-- [ RunTime:0.001000s ]
ERR: 无法加载模块:Phone

[ 2017-03-14T22:33:57+08:00 ] 127.0.0.1 /vote/phone/js/libs/need/layer.css?2.0
INFO: [ app_init ] --START--
INFO: Run Behavior\BuildLiteBehavior [ RunTime:0.000000s ]
INFO: [ app_init ] --END-- [ RunTime:0.001000s ]
ERR: 无法加载模块:Phone

[ 2017-03-14T22:33:57+08:00 ] 127.0.0.1 /vote/phone/js/libs/angular-ui-router.js.map
INFO: [ app_init ] --START--
INFO: Run Behavior\BuildLiteBehavior [ RunTime:0.000000s ]
INFO: [ app_init ] --END-- [ RunTime:0.001000s ]
ERR: 无法加载模块:Phone

[ 2017-03-14T22:33:58+08:00 ] 127.0.0.1 /vote/phone/%7B%7Bpic.imageurl%7D%7D
INFO: [ app_init ] --START--
INFO: Run Behavior\BuildLiteBehavior [ RunTime:0.000000s ]
INFO: [ app_init ] --END-- [ RunTime:0.001000s ]
ERR: 无法加载模块:Phone

[ 2017-03-14T22:34:10+08:00 ] 127.0.0.1 /vote/phone/js/libs/need/layer.css?2.0
INFO: [ app_init ] --START--
INFO: Run Behavior\BuildLiteBehavior [ RunTime:0.000000s ]
INFO: [ app_init ] --END-- [ RunTime:0.001000s ]
ERR: 无法加载模块:Phone

[ 2017-03-14T22:34:10+08:00 ] 127.0.0.1 /vote/phone/js/libs/angular.min.js.map
INFO: [ app_init ] --START--
INFO: Run Behavior\BuildLiteBehavior [ RunTime:0.000000s ]
INFO: [ app_init ] --END-- [ RunTime:0.001000s ]
ERR: 无法加载模块:Phone

[ 2017-03-14T22:34:10+08:00 ] 127.0.0.1 /vote/phone/js/maps/swiper.js.map
INFO: [ app_init ] --START--
INFO: Run Behavior\BuildLiteBehavior [ RunTime:0.000000s ]
INFO: [ app_init ] --END-- [ RunTime:0.000000s ]
ERR: 无法加载模块:Phone

[ 2017-03-14T22:34:10+08:00 ] 127.0.0.1 /vote/phone/js/libs/angular-ui-router.js.map
INFO: [ app_init ] --START--
INFO: Run Behavior\BuildLiteBehavior [ RunTime:0.000000s ]
INFO: [ app_init ] --END-- [ RunTime:0.001000s ]
ERR: 无法加载模块:Phone

[ 2017-03-14T22:34:10+08:00 ] 127.0.0.1 /vote/phone/maps/swiper.js.map
INFO: [ app_init ] --START--
INFO: Run Behavior\BuildLiteBehavior [ RunTime:0.000000s ]
INFO: [ app_init ] --END-- [ RunTime:0.000000s ]
ERR: 无法加载模块:Phone

[ 2017-03-14T22:34:11+08:00 ] 127.0.0.1 /vote/Public/Uploads/carousel/2017-03-11/58c362bd53b61.jpg
INFO: [ app_init ] --START--
INFO: Run Behavior\BuildLiteBehavior [ RunTime:0.000000s ]
INFO: [ app_init ] --END-- [ RunTime:0.001000s ]
ERR: 无法加载模块:Public

[ 2017-03-14T22:34:11+08:00 ] 127.0.0.1 /vote/Public/Uploads/carousel/2017-03-11/58c362f389b69.jpg
INFO: [ app_init ] --START--
INFO: Run Behavior\BuildLiteBehavior [ RunTime:0.000000s ]
INFO: [ app_init ] --END-- [ RunTime:0.001000s ]
ERR: 无法加载模块:Public

[ 2017-03-14T22:34:11+08:00 ] 127.0.0.1 /vote/Public/Uploads/carousel/2017-03-11/58c3623113204.jpg
INFO: [ app_init ] --START--
INFO: Run Behavior\BuildLiteBehavior [ RunTime:0.000000s ]
INFO: [ app_init ] --END-- [ RunTime:0.001000s ]
ERR: 无法加载模块:Public

[ 2017-03-14T22:34:13+08:00 ] 127.0.0.1 /vote/phone/%7B%7Bpic.imageurl%7D%7D
INFO: [ app_init ] --START--
INFO: Run Behavior\BuildLiteBehavior [ RunTime:0.000000s ]
INFO: [ app_init ] --END-- [ RunTime:0.000000s ]
ERR: 无法加载模块:Phone

[ 2017-03-14T22:34:18+08:00 ] 127.0.0.1 /vote/phone/maps/swiper.js.map
INFO: [ app_init ] --START--
INFO: Run Behavior\BuildLiteBehavior [ RunTime:0.000000s ]
INFO: [ app_init ] --END-- [ RunTime:0.000000s ]
ERR: 无法加载模块:Phone

[ 2017-03-14T22:34:19+08:00 ] 127.0.0.1 /vote/Public/Uploads/carousel/2017-03-11/58c362bd53b61.jpg
INFO: [ app_init ] --START--
INFO: Run Behavior\BuildLiteBehavior [ RunTime:0.000000s ]
INFO: [ app_init ] --END-- [ RunTime:0.001000s ]
ERR: 无法加载模块:Public

[ 2017-03-14T22:34:19+08:00 ] 127.0.0.1 /vote/Public/Uploads/carousel/2017-03-11/58c362f389b69.jpg
INFO: [ app_init ] --START--
INFO: Run Behavior\BuildLiteBehavior [ RunTime:0.000000s ]
INFO: [ app_init ] --END-- [ RunTime:0.001000s ]
ERR: 无法加载模块:Public

[ 2017-03-14T22:34:19+08:00 ] 127.0.0.1 /vote/Public/Uploads/carousel/2017-03-11/58c3623113204.jpg
INFO: [ app_init ] --START--
INFO: Run Behavior\BuildLiteBehavior [ RunTime:0.001000s ]
INFO: [ app_init ] --END-- [ RunTime:0.001000s ]
ERR: 无法加载模块:Public

[ 2017-03-14T22:34:22+08:00 ] 127.0.0.1 /vote/phone/%7B%7Bpic.imageurl%7D%7D
INFO: [ app_init ] --START--
INFO: Run Behavior\BuildLiteBehavior [ RunTime:0.000000s ]
INFO: [ app_init ] --END-- [ RunTime:0.001000s ]
ERR: 无法加载模块:Phone

[ 2017-03-14T22:35:02+08:00 ] 127.0.0.1 /vote/phone/js/libs/angular.min.js.map
INFO: [ app_init ] --START--
INFO: Run Behavior\BuildLiteBehavior [ RunTime:0.000000s ]
INFO: [ app_init ] --END-- [ RunTime:0.000000s ]
ERR: 无法加载模块:Phone

[ 2017-03-14T22:35:02+08:00 ] 127.0.0.1 /vote/phone/js/maps/swiper.js.map
INFO: [ app_init ] --START--
INFO: Run Behavior\BuildLiteBehavior [ RunTime:0.000000s ]
INFO: [ app_init ] --END-- [ RunTime:0.001000s ]
ERR: 无法加载模块:Phone

[ 2017-03-14T22:35:02+08:00 ] 127.0.0.1 /vote/phone/js/libs/angular-ui-router.js.map
INFO: [ app_init ] --START--
INFO: Run Behavior\BuildLiteBehavior [ RunTime:0.000000s ]
INFO: [ app_init ] --END-- [ RunTime:0.001000s ]
ERR: 无法加载模块:Phone

[ 2017-03-14T22:35:02+08:00 ] 127.0.0.1 /vote/phone/js/libs/need/layer.css?2.0
INFO: [ app_init ] --START--
INFO: Run Behavior\BuildLiteBehavior [ RunTime:0.000000s ]
INFO: [ app_init ] --END-- [ RunTime:0.001000s ]
ERR: 无法加载模块:Phone

[ 2017-03-14T22:35:02+08:00 ] 127.0.0.1 /vote/phone/maps/swiper.js.map
INFO: [ app_init ] --START--
INFO: Run Behavior\BuildLiteBehavior [ RunTime:0.001000s ]
INFO: [ app_init ] --END-- [ RunTime:0.001000s ]
ERR: 无法加载模块:Phone

[ 2017-03-14T22:35:03+08:00 ] 127.0.0.1 /vote/Public/Uploads/carousel/2017-03-11/58c362bd53b61.jpg
INFO: [ app_init ] --START--
INFO: Run Behavior\BuildLiteBehavior [ RunTime:0.000000s ]
INFO: [ app_init ] --END-- [ RunTime:0.001000s ]
ERR: 无法加载模块:Public

[ 2017-03-14T22:35:03+08:00 ] 127.0.0.1 /vote/Public/Uploads/carousel/2017-03-11/58c362f389b69.jpg
INFO: [ app_init ] --START--
INFO: Run Behavior\BuildLiteBehavior [ RunTime:0.000000s ]
INFO: [ app_init ] --END-- [ RunTime:0.002000s ]
ERR: 无法加载模块:Public

[ 2017-03-14T22:35:03+08:00 ] 127.0.0.1 /vote/Public/Uploads/carousel/2017-03-11/58c3623113204.jpg
INFO: [ app_init ] --START--
INFO: Run Behavior\BuildLiteBehavior [ RunTime:0.001000s ]
INFO: [ app_init ] --END-- [ RunTime:0.001000s ]
ERR: 无法加载模块:Public

[ 2017-03-14T22:35:06+08:00 ] 127.0.0.1 /vote/phone/%7B%7Bpic.imageurl%7D%7D
INFO: [ app_init ] --START--
INFO: Run Behavior\BuildLiteBehavior [ RunTime:0.000000s ]
INFO: [ app_init ] --END-- [ RunTime:0.001001s ]
ERR: 无法加载模块:Phone

[ 2017-03-14T22:36:31+08:00 ] 127.0.0.1 /vote/phone/js/libs/angular.min.js.map
INFO: [ app_init ] --START--
INFO: Run Behavior\BuildLiteBehavior [ RunTime:0.000000s ]
INFO: [ app_init ] --END-- [ RunTime:0.001000s ]
ERR: 无法加载模块:Phone

[ 2017-03-14T22:36:31+08:00 ] 127.0.0.1 /vote/phone/js/libs/need/layer.css?2.0
INFO: [ app_init ] --START--
INFO: Run Behavior\BuildLiteBehavior [ RunTime:0.000000s ]
INFO: [ app_init ] --END-- [ RunTime:0.001000s ]
ERR: 无法加载模块:Phone

[ 2017-03-14T22:36:31+08:00 ] 127.0.0.1 /vote/phone/js/libs/angular-ui-router.js.map
INFO: [ app_init ] --START--
INFO: Run Behavior\BuildLiteBehavior [ RunTime:0.000000s ]
INFO: [ app_init ] --END-- [ RunTime:0.001000s ]
ERR: 无法加载模块:Phone

[ 2017-03-14T22:36:31+08:00 ] 127.0.0.1 /vote/phone/js/maps/swiper.js.map
INFO: [ app_init ] --START--
INFO: Run Behavior\BuildLiteBehavior [ RunTime:0.000000s ]
INFO: [ app_init ] --END-- [ RunTime:0.001000s ]
ERR: 无法加载模块:Phone

[ 2017-03-14T22:36:31+08:00 ] 127.0.0.1 /vote/phone/maps/swiper.js.map
INFO: [ app_init ] --START--
INFO: Run Behavior\BuildLiteBehavior [ RunTime:0.000000s ]
INFO: [ app_init ] --END-- [ RunTime:0.001000s ]
ERR: 无法加载模块:Phone

[ 2017-03-14T22:36:32+08:00 ] 127.0.0.1 /vote/Public/Uploads/carousel/2017-03-11/58c362f389b69.jpg
INFO: [ app_init ] --START--
INFO: Run Behavior\BuildLiteBehavior [ RunTime:0.000000s ]
INFO: [ app_init ] --END-- [ RunTime:0.001000s ]
ERR: 无法加载模块:Public

[ 2017-03-14T22:36:32+08:00 ] 127.0.0.1 /vote/Public/Uploads/carousel/2017-03-11/58c3623113204.jpg
INFO: [ app_init ] --START--
INFO: Run Behavior\BuildLiteBehavior [ RunTime:0.000000s ]
INFO: [ app_init ] --END-- [ RunTime:0.001000s ]
ERR: 无法加载模块:Public

[ 2017-03-14T22:36:32+08:00 ] 127.0.0.1 /vote/Public/Uploads/carousel/2017-03-11/58c362bd53b61.jpg
INFO: [ app_init ] --START--
INFO: Run Behavior\BuildLiteBehavior [ RunTime:0.000000s ]
INFO: [ app_init ] --END-- [ RunTime:0.005001s ]
ERR: 无法加载模块:Public

[ 2017-03-14T22:36:35+08:00 ] 127.0.0.1 /vote/phone/%7B%7Bpic.imageurl%7D%7D
INFO: [ app_init ] --START--
INFO: Run Behavior\BuildLiteBehavior [ RunTime:0.000000s ]
INFO: [ app_init ] --END-- [ RunTime:0.001000s ]
ERR: 无法加载模块:Phone

[ 2017-03-14T22:38:08+08:00 ] 127.0.0.1 /vote/phone/js/libs/angular.min.js.map
INFO: [ app_init ] --START--
INFO: Run Behavior\BuildLiteBehavior [ RunTime:0.000000s ]
INFO: [ app_init ] --END-- [ RunTime:0.001000s ]
ERR: 无法加载模块:Phone

[ 2017-03-14T22:38:08+08:00 ] 127.0.0.1 /vote/phone/js/maps/swiper.js.map
INFO: [ app_init ] --START--
INFO: Run Behavior\BuildLiteBehavior [ RunTime:0.001000s ]
INFO: [ app_init ] --END-- [ RunTime:0.001000s ]
ERR: 无法加载模块:Phone

[ 2017-03-14T22:38:09+08:00 ] 127.0.0.1 /vote/phone/js/libs/need/layer.css?2.0
INFO: [ app_init ] --START--
INFO: Run Behavior\BuildLiteBehavior [ RunTime:0.000000s ]
INFO: [ app_init ] --END-- [ RunTime:0.001000s ]
ERR: 无法加载模块:Phone

[ 2017-03-14T22:38:09+08:00 ] 127.0.0.1 /vote/phone/js/libs/angular-ui-router.js.map
INFO: [ app_init ] --START--
INFO: Run Behavior\BuildLiteBehavior [ RunTime:0.000000s ]
INFO: [ app_init ] --END-- [ RunTime:0.001000s ]
ERR: 无法加载模块:Phone

[ 2017-03-14T22:38:09+08:00 ] 127.0.0.1 /vote/phone/maps/swiper.js.map
INFO: [ app_init ] --START--
INFO: Run Behavior\BuildLiteBehavior [ RunTime:0.000000s ]
INFO: [ app_init ] --END-- [ RunTime:0.001000s ]
ERR: 无法加载模块:Phone

[ 2017-03-14T22:38:09+08:00 ] 127.0.0.1 /vote/Public/Uploads/carousel/2017-03-11/58c3623113204.jpg
INFO: [ app_init ] --START--
INFO: Run Behavior\BuildLiteBehavior [ RunTime:0.000000s ]
INFO: [ app_init ] --END-- [ RunTime:0.001000s ]
ERR: 无法加载模块:Public

[ 2017-03-14T22:38:09+08:00 ] 127.0.0.1 /vote/Public/Uploads/carousel/2017-03-11/58c362f389b69.jpg
INFO: [ app_init ] --START--
INFO: Run Behavior\BuildLiteBehavior [ RunTime:0.000000s ]
INFO: [ app_init ] --END-- [ RunTime:0.001000s ]
ERR: 无法加载模块:Public

[ 2017-03-14T22:38:09+08:00 ] 127.0.0.1 /vote/Public/Uploads/carousel/2017-03-11/58c362bd53b61.jpg
INFO: [ app_init ] --START--
INFO: Run Behavior\BuildLiteBehavior [ RunTime:0.000000s ]
INFO: [ app_init ] --END-- [ RunTime:0.001000s ]
ERR: 无法加载模块:Public

[ 2017-03-14T22:38:13+08:00 ] 127.0.0.1 /vote/phone/%7B%7Bpic.imageurl%7D%7D
INFO: [ app_init ] --START--
INFO: Run Behavior\BuildLiteBehavior [ RunTime:0.000000s ]
INFO: [ app_init ] --END-- [ RunTime:0.001000s ]
ERR: 无法加载模块:Phone

[ 2017-03-14T22:39:13+08:00 ] 127.0.0.1 /vote/phone/js/libs/angular.min.js.map
INFO: [ app_init ] --START--
INFO: Run Behavior\BuildLiteBehavior [ RunTime:0.000000s ]
INFO: [ app_init ] --END-- [ RunTime:0.001000s ]
ERR: 无法加载模块:Phone

[ 2017-03-14T22:39:13+08:00 ] 127.0.0.1 /vote/phone/js/libs/need/layer.css?2.0
INFO: [ app_init ] --START--
INFO: Run Behavior\BuildLiteBehavior [ RunTime:0.000000s ]
INFO: [ app_init ] --END-- [ RunTime:0.001000s ]
ERR: 无法加载模块:Phone

[ 2017-03-14T22:39:13+08:00 ] 127.0.0.1 /vote/phone/js/maps/swiper.js.map
INFO: [ app_init ] --START--
INFO: Run Behavior\BuildLiteBehavior [ RunTime:0.000000s ]
INFO: [ app_init ] --END-- [ RunTime:0.001000s ]
ERR: 无法加载模块:Phone

[ 2017-03-14T22:39:13+08:00 ] 127.0.0.1 /vote/phone/js/libs/angular-ui-router.js.map
INFO: [ app_init ] --START--
INFO: Run Behavior\BuildLiteBehavior [ RunTime:0.000000s ]
INFO: [ app_init ] --END-- [ RunTime:0.002000s ]
ERR: 无法加载模块:Phone

[ 2017-03-14T22:39:14+08:00 ] 127.0.0.1 /vote/phone/maps/swiper.js.map
INFO: [ app_init ] --START--
INFO: Run Behavior\BuildLiteBehavior [ RunTime:0.000000s ]
INFO: [ app_init ] --END-- [ RunTime:0.001000s ]
ERR: 无法加载模块:Phone

[ 2017-03-14T22:39:14+08:00 ] 127.0.0.1 /vote/Public/Uploads/carousel/2017-03-11/58c3623113204.jpg
INFO: [ app_init ] --START--
INFO: Run Behavior\BuildLiteBehavior [ RunTime:0.000000s ]
INFO: [ app_init ] --END-- [ RunTime:0.001000s ]
ERR: 无法加载模块:Public

[ 2017-03-14T22:39:14+08:00 ] 127.0.0.1 /vote/Public/Uploads/carousel/2017-03-11/58c362bd53b61.jpg
INFO: [ app_init ] --START--
INFO: Run Behavior\BuildLiteBehavior [ RunTime:0.000000s ]
INFO: [ app_init ] --END-- [ RunTime:0.002000s ]
ERR: 无法加载模块:Public

[ 2017-03-14T22:39:14+08:00 ] 127.0.0.1 /vote/Public/Uploads/carousel/2017-03-11/58c362f389b69.jpg
INFO: [ app_init ] --START--
INFO: Run Behavior\BuildLiteBehavior [ RunTime:0.000000s ]
INFO: [ app_init ] --END-- [ RunTime:0.001000s ]
ERR: 无法加载模块:Public

[ 2017-03-14T22:39:18+08:00 ] 127.0.0.1 /vote/phone/%7B%7Bpic.imageurl%7D%7D
INFO: [ app_init ] --START--
INFO: Run Behavior\BuildLiteBehavior [ RunTime:0.000000s ]
INFO: [ app_init ] --END-- [ RunTime:0.001000s ]
ERR: 无法加载模块:Phone

[ 2017-03-14T22:40:24+08:00 ] 127.0.0.1 /vote/phone/js/libs/angular.min.js.map
INFO: [ app_init ] --START--
INFO: Run Behavior\BuildLiteBehavior [ RunTime:0.000000s ]
INFO: [ app_init ] --END-- [ RunTime:0.002000s ]
ERR: 无法加载模块:Phone

[ 2017-03-14T22:40:24+08:00 ] 127.0.0.1 /vote/phone/js/libs/need/layer.css?2.0
INFO: [ app_init ] --START--
INFO: Run Behavior\BuildLiteBehavior [ RunTime:0.000000s ]
INFO: [ app_init ] --END-- [ RunTime:0.004001s ]
ERR: 无法加载模块:Phone

[ 2017-03-14T22:40:24+08:00 ] 127.0.0.1 /vote/phone/js/maps/swiper.js.map
INFO: [ app_init ] --START--
INFO: Run Behavior\BuildLiteBehavior [ RunTime:0.001000s ]
INFO: [ app_init ] --END-- [ RunTime:0.001000s ]
ERR: 无法加载模块:Phone

[ 2017-03-14T22:40:24+08:00 ] 127.0.0.1 /vote/phone/js/libs/angular-ui-router.js.map
INFO: [ app_init ] --START--
INFO: Run Behavior\BuildLiteBehavior [ RunTime:0.000000s ]
INFO: [ app_init ] --END-- [ RunTime:0.001000s ]
ERR: 无法加载模块:Phone

[ 2017-03-14T22:40:24+08:00 ] 127.0.0.1 /vote/phone/maps/swiper.js.map
INFO: [ app_init ] --START--
INFO: Run Behavior\BuildLiteBehavior [ RunTime:0.000000s ]
INFO: [ app_init ] --END-- [ RunTime:0.001000s ]
ERR: 无法加载模块:Phone

[ 2017-03-14T22:40:24+08:00 ] 127.0.0.1 /vote/Public/Uploads/carousel/2017-03-11/58c3623113204.jpg
INFO: [ app_init ] --START--
INFO: Run Behavior\BuildLiteBehavior [ RunTime:0.000000s ]
INFO: [ app_init ] --END-- [ RunTime:0.000000s ]
ERR: 无法加载模块:Public

[ 2017-03-14T22:40:25+08:00 ] 127.0.0.1 /vote/Public/Uploads/carousel/2017-03-11/58c362bd53b61.jpg
INFO: [ app_init ] --START--
INFO: Run Behavior\BuildLiteBehavior [ RunTime:0.000000s ]
INFO: [ app_init ] --END-- [ RunTime:0.000000s ]
ERR: 无法加载模块:Public

[ 2017-03-14T22:40:25+08:00 ] 127.0.0.1 /vote/Public/Uploads/carousel/2017-03-11/58c362f389b69.jpg
INFO: [ app_init ] --START--
INFO: Run Behavior\BuildLiteBehavior [ RunTime:0.000000s ]
INFO: [ app_init ] --END-- [ RunTime:0.000000s ]
ERR: 无法加载模块:Public

[ 2017-03-14T22:40:31+08:00 ] 127.0.0.1 /vote/phone/%7B%7Bpic.imageurl%7D%7D
INFO: [ app_init ] --START--
INFO: Run Behavior\BuildLiteBehavior [ RunTime:0.000000s ]
INFO: [ app_init ] --END-- [ RunTime:0.001000s ]
ERR: 无法加载模块:Phone

