[ 2017-03-11T08:46:30+08:00 ] 127.0.0.1 /vote/Public/Admin/img/icon.png
INFO: [ app_init ] --START--
INFO: Run Behavior\BuildLiteBehavior [ RunTime:0.000000s ]
INFO: [ app_init ] --END-- [ RunTime:0.001000s ]
ERR: 无法加载模块:Public

[ 2017-03-11T08:46:56+08:00 ] 127.0.0.1 /vote/Public/Admin/img/icon.png
INFO: [ app_init ] --START--
INFO: Run Behavior\BuildLiteBehavior [ RunTime:0.000000s ]
INFO: [ app_init ] --END-- [ RunTime:0.001000s ]
ERR: 无法加载模块:Public

[ 2017-03-11T10:50:46+08:00 ] 127.0.0.1 /vote/phone/indev.html/first
INFO: [ app_init ] --START--
INFO: Run Behavior\BuildLiteBehavior [ RunTime:0.000000s ]
INFO: [ app_init ] --END-- [ RunTime:0.001000s ]
ERR: 无法加载模块:Phone

[ 2017-03-11T10:51:05+08:00 ] 127.0.0.1 /vote/phone/js/libs/need/layer.css?2.0
INFO: [ app_init ] --START--
INFO: Run Behavior\BuildLiteBehavior [ RunTime:0.000000s ]
INFO: [ app_init ] --END-- [ RunTime:0.001000s ]
ERR: 无法加载模块:Phone

[ 2017-03-11T10:51:09+08:00 ] 127.0.0.1 /vote/phone/js/libs/need/layer.css?2.0
INFO: [ app_init ] --START--
INFO: Run Behavior\BuildLiteBehavior [ RunTime:0.000000s ]
INFO: [ app_init ] --END-- [ RunTime:0.001000s ]
ERR: 无法加载模块:Phone

[ 2017-03-11T10:51:09+08:00 ] 127.0.0.1 /vote/phone/js/libs/angular.min.js.map
INFO: [ app_init ] --START--
INFO: Run Behavior\BuildLiteBehavior [ RunTime:0.000000s ]
INFO: [ app_init ] --END-- [ RunTime:0.001000s ]
ERR: 无法加载模块:Phone

[ 2017-03-11T10:51:09+08:00 ] 127.0.0.1 /vote/phone/js/libs/angular-ui-router.js.map
INFO: [ app_init ] --START--
INFO: Run Behavior\BuildLiteBehavior [ RunTime:0.000000s ]
INFO: [ app_init ] --END-- [ RunTime:0.001000s ]
ERR: 无法加载模块:Phone

[ 2017-03-11T10:51:09+08:00 ] 127.0.0.1 /vote/phone/maps/swiper.js.map
INFO: [ app_init ] --START--
INFO: Run Behavior\BuildLiteBehavior [ RunTime:0.000000s ]
INFO: [ app_init ] --END-- [ RunTime:0.001000s ]
ERR: 无法加载模块:Phone

[ 2017-03-11T10:51:40+08:00 ] 127.0.0.1 /vote/phone/js/libs/angular.min.js.map
INFO: [ app_init ] --START--
INFO: Run Behavior\BuildLiteBehavior [ RunTime:0.000000s ]
INFO: [ app_init ] --END-- [ RunTime:0.001000s ]
ERR: 无法加载模块:Phone

[ 2017-03-11T10:51:40+08:00 ] 127.0.0.1 /vote/phone/js/maps/swiper.js.map
INFO: [ app_init ] --START--
INFO: Run Behavior\BuildLiteBehavior [ RunTime:0.001000s ]
INFO: [ app_init ] --END-- [ RunTime:0.001000s ]
ERR: 无法加载模块:Phone

[ 2017-03-11T10:51:40+08:00 ] 127.0.0.1 /vote/phone/js/libs/need/layer.css?2.0
INFO: [ app_init ] --START--
INFO: Run Behavior\BuildLiteBehavior [ RunTime:0.000000s ]
INFO: [ app_init ] --END-- [ RunTime:0.001000s ]
ERR: 无法加载模块:Phone

[ 2017-03-11T10:51:40+08:00 ] 127.0.0.1 /vote/phone/js/libs/angular-ui-router.js.map
INFO: [ app_init ] --START--
INFO: Run Behavior\BuildLiteBehavior [ RunTime:0.000000s ]
INFO: [ app_init ] --END-- [ RunTime:0.001000s ]
ERR: 无法加载模块:Phone

[ 2017-03-11T10:51:40+08:00 ] 127.0.0.1 /vote/phone/maps/swiper.js.map
INFO: [ app_init ] --START--
INFO: Run Behavior\BuildLiteBehavior [ RunTime:0.000000s ]
INFO: [ app_init ] --END-- [ RunTime:0.001000s ]
ERR: 无法加载模块:Phone

