[ 2017-03-15T19:19:25+08:00 ] 127.0.0.1 /vote/phone/js/libs/angular.min.js.map
INFO: [ app_init ] --START--
INFO: Run Behavior\BuildLiteBehavior [ RunTime:0.000000s ]
INFO: [ app_init ] --END-- [ RunTime:0.002000s ]
ERR: 无法加载模块:Phone

[ 2017-03-15T19:19:25+08:00 ] 127.0.0.1 /vote/phone/js/maps/swiper.js.map
INFO: [ app_init ] --START--
INFO: Run Behavior\BuildLiteBehavior [ RunTime:0.000000s ]
INFO: [ app_init ] --END-- [ RunTime:0.001000s ]
ERR: 无法加载模块:Phone

[ 2017-03-15T19:19:25+08:00 ] 127.0.0.1 /vote/phone/js/libs/need/layer.css?2.0
INFO: [ app_init ] --START--
INFO: Run Behavior\BuildLiteBehavior [ RunTime:0.000000s ]
INFO: [ app_init ] --END-- [ RunTime:0.001001s ]
ERR: 无法加载模块:Phone

[ 2017-03-15T19:19:25+08:00 ] 127.0.0.1 /vote/phone/js/libs/angular-ui-router.js.map
INFO: [ app_init ] --START--
INFO: Run Behavior\BuildLiteBehavior [ RunTime:0.000000s ]
INFO: [ app_init ] --END-- [ RunTime:0.001000s ]
ERR: 无法加载模块:Phone

[ 2017-03-15T19:19:26+08:00 ] 127.0.0.1 /vote/phone/maps/swiper.js.map
INFO: [ app_init ] --START--
INFO: Run Behavior\BuildLiteBehavior [ RunTime:0.000000s ]
INFO: [ app_init ] --END-- [ RunTime:0.000000s ]
ERR: 无法加载模块:Phone

[ 2017-03-15T19:19:26+08:00 ] 127.0.0.1 /vote/Public/Uploads/carousel/2017-03-11/58c362bd53b61.jpg
INFO: [ app_init ] --START--
INFO: Run Behavior\BuildLiteBehavior [ RunTime:0.000000s ]
INFO: [ app_init ] --END-- [ RunTime:0.001000s ]
ERR: 无法加载模块:Public

[ 2017-03-15T19:19:26+08:00 ] 127.0.0.1 /vote/Public/Uploads/carousel/2017-03-11/58c3623113204.jpg
INFO: [ app_init ] --START--
INFO: Run Behavior\BuildLiteBehavior [ RunTime:0.000000s ]
INFO: [ app_init ] --END-- [ RunTime:0.000000s ]
ERR: 无法加载模块:Public

[ 2017-03-15T19:19:26+08:00 ] 127.0.0.1 /vote/Public/Uploads/carousel/2017-03-11/58c362f389b69.jpg
INFO: [ app_init ] --START--
INFO: Run Behavior\BuildLiteBehavior [ RunTime:0.000000s ]
INFO: [ app_init ] --END-- [ RunTime:0.000000s ]
ERR: 无法加载模块:Public

[ 2017-03-15T19:19:56+08:00 ] 127.0.0.1 /vote/phone/js/libs/need/layer.css?2.0
INFO: [ app_init ] --START--
INFO: Run Behavior\BuildLiteBehavior [ RunTime:0.000000s ]
INFO: [ app_init ] --END-- [ RunTime:0.002000s ]
ERR: 无法加载模块:Phone

[ 2017-03-15T19:19:58+08:00 ] 127.0.0.1 /vote/phone/%7B%7Bpic.imageurl%7D%7D
INFO: [ app_init ] --START--
INFO: Run Behavior\BuildLiteBehavior [ RunTime:0.000000s ]
INFO: [ app_init ] --END-- [ RunTime:0.001000s ]
ERR: 无法加载模块:Phone

[ 2017-03-15T19:20:55+08:00 ] 127.0.0.1 /vote/phone/%7B%7Bpic.imageurl%7D%7D
INFO: [ app_init ] --START--
INFO: Run Behavior\BuildLiteBehavior [ RunTime:0.000000s ]
INFO: [ app_init ] --END-- [ RunTime:0.001000s ]
ERR: 无法加载模块:Phone

[ 2017-03-15T19:21:38+08:00 ] 127.0.0.1 /vote/phone/js/libs/need/layer.css?2.0
INFO: [ app_init ] --START--
INFO: Run Behavior\BuildLiteBehavior [ RunTime:0.000000s ]
INFO: [ app_init ] --END-- [ RunTime:0.000000s ]
ERR: 无法加载模块:Phone

[ 2017-03-15T19:21:40+08:00 ] 127.0.0.1 /vote/Public/Uploads/carousel/2017-03-11/58c3623113204.jpg
INFO: [ app_init ] --START--
INFO: Run Behavior\BuildLiteBehavior [ RunTime:0.000000s ]
INFO: [ app_init ] --END-- [ RunTime:0.002000s ]
ERR: 无法加载模块:Public

[ 2017-03-15T19:21:40+08:00 ] 127.0.0.1 /vote/Public/Uploads/carousel/2017-03-11/58c362bd53b61.jpg
INFO: [ app_init ] --START--
INFO: Run Behavior\BuildLiteBehavior [ RunTime:0.000000s ]
INFO: [ app_init ] --END-- [ RunTime:0.001000s ]
ERR: 无法加载模块:Public

[ 2017-03-15T19:21:40+08:00 ] 127.0.0.1 /vote/Public/Uploads/carousel/2017-03-11/58c362f389b69.jpg
INFO: [ app_init ] --START--
INFO: Run Behavior\BuildLiteBehavior [ RunTime:0.000000s ]
INFO: [ app_init ] --END-- [ RunTime:0.000000s ]
ERR: 无法加载模块:Public

[ 2017-03-15T19:21:46+08:00 ] 127.0.0.1 /vote/phone/%7B%7Bpic.imageurl%7D%7D
INFO: [ app_init ] --START--
INFO: Run Behavior\BuildLiteBehavior [ RunTime:0.001000s ]
INFO: [ app_init ] --END-- [ RunTime:0.001000s ]
ERR: 无法加载模块:Phone

[ 2017-03-15T19:21:51+08:00 ] 127.0.0.1 /vote/phone/%7B%7Bremark.headimg%7D%7D
INFO: [ app_init ] --START--
INFO: Run Behavior\BuildLiteBehavior [ RunTime:0.000000s ]
INFO: [ app_init ] --END-- [ RunTime:0.001000s ]
ERR: 无法加载模块:Phone

[ 2017-03-15T19:23:06+08:00 ] 127.0.0.1 /vote/phone/js/libs/need/layer.css?2.0
INFO: [ app_init ] --START--
INFO: Run Behavior\BuildLiteBehavior [ RunTime:0.000000s ]
INFO: [ app_init ] --END-- [ RunTime:0.000000s ]
ERR: 无法加载模块:Phone

[ 2017-03-15T19:23:08+08:00 ] 127.0.0.1 /vote/Public/Uploads/carousel/2017-03-11/58c3623113204.jpg
INFO: [ app_init ] --START--
INFO: Run Behavior\BuildLiteBehavior [ RunTime:0.000000s ]
INFO: [ app_init ] --END-- [ RunTime:0.003000s ]
ERR: 无法加载模块:Public

[ 2017-03-15T19:23:08+08:00 ] 127.0.0.1 /vote/Public/Uploads/carousel/2017-03-11/58c362bd53b61.jpg
INFO: [ app_init ] --START--
INFO: Run Behavior\BuildLiteBehavior [ RunTime:0.000000s ]
INFO: [ app_init ] --END-- [ RunTime:0.001000s ]
ERR: 无法加载模块:Public

[ 2017-03-15T19:23:08+08:00 ] 127.0.0.1 /vote/Public/Uploads/carousel/2017-03-11/58c362f389b69.jpg
INFO: [ app_init ] --START--
INFO: Run Behavior\BuildLiteBehavior [ RunTime:0.000000s ]
INFO: [ app_init ] --END-- [ RunTime:0.001000s ]
ERR: 无法加载模块:Public

[ 2017-03-15T19:23:11+08:00 ] 127.0.0.1 /vote/phone/%7B%7Bpic.imageurl%7D%7D
INFO: [ app_init ] --START--
INFO: Run Behavior\BuildLiteBehavior [ RunTime:0.000000s ]
INFO: [ app_init ] --END-- [ RunTime:0.001000s ]
ERR: 无法加载模块:Phone

[ 2017-03-15T19:23:43+08:00 ] 127.0.0.1 /vote/phone/%7B%7Bpic.imageurl%7D%7D
INFO: [ app_init ] --START--
INFO: Run Behavior\BuildLiteBehavior [ RunTime:0.000000s ]
INFO: [ app_init ] --END-- [ RunTime:0.001000s ]
ERR: 无法加载模块:Phone

[ 2017-03-15T19:23:47+08:00 ] 127.0.0.1 /vote/phone/%7B%7Bremark.headimg%7D%7D
INFO: [ app_init ] --START--
INFO: Run Behavior\BuildLiteBehavior [ RunTime:0.000000s ]
INFO: [ app_init ] --END-- [ RunTime:0.001000s ]
ERR: 无法加载模块:Phone

[ 2017-03-15T19:24:00+08:00 ] 127.0.0.1 /vote/phone/%7B%7Bpic.imageurl%7D%7D
INFO: [ app_init ] --START--
INFO: Run Behavior\BuildLiteBehavior [ RunTime:0.000000s ]
INFO: [ app_init ] --END-- [ RunTime:0.001000s ]
ERR: 无法加载模块:Phone

[ 2017-03-15T19:26:55+08:00 ] 127.0.0.1 /vote/phone/js/libs/need/layer.css?2.0
INFO: [ app_init ] --START--
INFO: Run Behavior\BuildLiteBehavior [ RunTime:0.000000s ]
INFO: [ app_init ] --END-- [ RunTime:0.001000s ]
ERR: 无法加载模块:Phone

[ 2017-03-15T19:26:57+08:00 ] 127.0.0.1 /vote/phone/%7B%7Bpic.imageurl%7D%7D
INFO: [ app_init ] --START--
INFO: Run Behavior\BuildLiteBehavior [ RunTime:0.000000s ]
INFO: [ app_init ] --END-- [ RunTime:0.000000s ]
ERR: 无法加载模块:Phone

[ 2017-03-15T19:36:25+08:00 ] 127.0.0.1 /vote/phone/js/libs/need/layer.css?2.0
INFO: [ app_init ] --START--
INFO: Run Behavior\BuildLiteBehavior [ RunTime:0.000000s ]
INFO: [ app_init ] --END-- [ RunTime:0.001000s ]
ERR: 无法加载模块:Phone

[ 2017-03-15T19:36:27+08:00 ] 127.0.0.1 /vote/phone/%7B%7Bpic.imageurl%7D%7D
INFO: [ app_init ] --START--
INFO: Run Behavior\BuildLiteBehavior [ RunTime:0.000000s ]
INFO: [ app_init ] --END-- [ RunTime:0.001000s ]
ERR: 无法加载模块:Phone

[ 2017-03-15T19:36:44+08:00 ] 127.0.0.1 /vote/phone/js/libs/need/layer.css?2.0
INFO: [ app_init ] --START--
INFO: Run Behavior\BuildLiteBehavior [ RunTime:0.000000s ]
INFO: [ app_init ] --END-- [ RunTime:0.001000s ]
ERR: 无法加载模块:Phone

[ 2017-03-15T19:36:46+08:00 ] 127.0.0.1 /vote/Public/Uploads/carousel/2017-03-11/58c3623113204.jpg
INFO: [ app_init ] --START--
INFO: Run Behavior\BuildLiteBehavior [ RunTime:0.000000s ]
INFO: [ app_init ] --END-- [ RunTime:0.001000s ]
ERR: 无法加载模块:Public

[ 2017-03-15T19:36:46+08:00 ] 127.0.0.1 /vote/Public/Uploads/carousel/2017-03-11/58c362bd53b61.jpg
INFO: [ app_init ] --START--
INFO: Run Behavior\BuildLiteBehavior [ RunTime:0.000000s ]
INFO: [ app_init ] --END-- [ RunTime:0.001000s ]
ERR: 无法加载模块:Public

[ 2017-03-15T19:36:46+08:00 ] 127.0.0.1 /vote/Public/Uploads/carousel/2017-03-11/58c362f389b69.jpg
INFO: [ app_init ] --START--
INFO: Run Behavior\BuildLiteBehavior [ RunTime:0.000000s ]
INFO: [ app_init ] --END-- [ RunTime:0.001000s ]
ERR: 无法加载模块:Public

[ 2017-03-15T19:36:53+08:00 ] 127.0.0.1 /vote/phone/%7B%7Bpic.imageurl%7D%7D
INFO: [ app_init ] --START--
INFO: Run Behavior\BuildLiteBehavior [ RunTime:0.000000s ]
INFO: [ app_init ] --END-- [ RunTime:0.000000s ]
ERR: 无法加载模块:Phone

[ 2017-03-15T19:36:58+08:00 ] 127.0.0.1 /vote/phone/%7B%7Bpic.imageurl%7D%7D
INFO: [ app_init ] --START--
INFO: Run Behavior\BuildLiteBehavior [ RunTime:0.000000s ]
INFO: [ app_init ] --END-- [ RunTime:0.001000s ]
ERR: 无法加载模块:Phone

[ 2017-03-15T19:37:24+08:00 ] 127.0.0.1 /vote/phone/js/libs/need/layer.css?2.0
INFO: [ app_init ] --START--
INFO: Run Behavior\BuildLiteBehavior [ RunTime:0.000000s ]
INFO: [ app_init ] --END-- [ RunTime:0.002000s ]
ERR: 无法加载模块:Phone

[ 2017-03-15T19:37:25+08:00 ] 127.0.0.1 /vote/phone/%7B%7Bpic.imageurl%7D%7D
INFO: [ app_init ] --START--
INFO: Run Behavior\BuildLiteBehavior [ RunTime:0.000000s ]
INFO: [ app_init ] --END-- [ RunTime:0.000000s ]
ERR: 无法加载模块:Phone

[ 2017-03-15T19:37:48+08:00 ] 127.0.0.1 /vote/phone/js/libs/angular.min.js.map
INFO: [ app_init ] --START--
INFO: Run Behavior\BuildLiteBehavior [ RunTime:0.001000s ]
INFO: [ app_init ] --END-- [ RunTime:0.001000s ]
ERR: 无法加载模块:Phone

[ 2017-03-15T19:37:48+08:00 ] 127.0.0.1 /vote/phone/js/libs/need/layer.css?2.0
INFO: [ app_init ] --START--
INFO: Run Behavior\BuildLiteBehavior [ RunTime:0.000000s ]
INFO: [ app_init ] --END-- [ RunTime:0.001000s ]
ERR: 无法加载模块:Phone

[ 2017-03-15T19:37:48+08:00 ] 127.0.0.1 /vote/phone/js/maps/swiper.js.map
INFO: [ app_init ] --START--
INFO: Run Behavior\BuildLiteBehavior [ RunTime:0.000000s ]
INFO: [ app_init ] --END-- [ RunTime:0.001000s ]
ERR: 无法加载模块:Phone

[ 2017-03-15T19:37:48+08:00 ] 127.0.0.1 /vote/phone/js/libs/angular-ui-router.js.map
INFO: [ app_init ] --START--
INFO: Run Behavior\BuildLiteBehavior [ RunTime:0.000000s ]
INFO: [ app_init ] --END-- [ RunTime:0.001000s ]
ERR: 无法加载模块:Phone

[ 2017-03-15T19:37:49+08:00 ] 127.0.0.1 /vote/phone/maps/swiper.js.map
INFO: [ app_init ] --START--
INFO: Run Behavior\BuildLiteBehavior [ RunTime:0.000000s ]
INFO: [ app_init ] --END-- [ RunTime:0.001000s ]
ERR: 无法加载模块:Phone

[ 2017-03-15T19:37:49+08:00 ] 127.0.0.1 /vote/Public/Uploads/carousel/2017-03-11/58c362f389b69.jpg
INFO: [ app_init ] --START--
INFO: Run Behavior\BuildLiteBehavior [ RunTime:0.000000s ]
INFO: [ app_init ] --END-- [ RunTime:0.000000s ]
ERR: 无法加载模块:Public

[ 2017-03-15T19:37:49+08:00 ] 127.0.0.1 /vote/Public/Uploads/carousel/2017-03-11/58c362bd53b61.jpg
INFO: [ app_init ] --START--
INFO: Run Behavior\BuildLiteBehavior [ RunTime:0.000000s ]
INFO: [ app_init ] --END-- [ RunTime:0.001000s ]
ERR: 无法加载模块:Public

[ 2017-03-15T19:37:49+08:00 ] 127.0.0.1 /vote/Public/Uploads/carousel/2017-03-11/58c3623113204.jpg
INFO: [ app_init ] --START--
INFO: Run Behavior\BuildLiteBehavior [ RunTime:0.000000s ]
INFO: [ app_init ] --END-- [ RunTime:0.001000s ]
ERR: 无法加载模块:Public

[ 2017-03-15T19:37:55+08:00 ] 127.0.0.1 /vote/phone/%7B%7Bpic.imageurl%7D%7D
INFO: [ app_init ] --START--
INFO: Run Behavior\BuildLiteBehavior [ RunTime:0.000000s ]
INFO: [ app_init ] --END-- [ RunTime:0.001000s ]
ERR: 无法加载模块:Phone

[ 2017-03-15T19:38:41+08:00 ] 127.0.0.1 /vote/phone/js/libs/angular.min.js.map
INFO: [ app_init ] --START--
INFO: Run Behavior\BuildLiteBehavior [ RunTime:0.000000s ]
INFO: [ app_init ] --END-- [ RunTime:0.001000s ]
ERR: 无法加载模块:Phone

[ 2017-03-15T19:38:41+08:00 ] 127.0.0.1 /vote/phone/js/libs/need/layer.css?2.0
INFO: [ app_init ] --START--
INFO: Run Behavior\BuildLiteBehavior [ RunTime:0.000000s ]
INFO: [ app_init ] --END-- [ RunTime:0.002001s ]
ERR: 无法加载模块:Phone

[ 2017-03-15T19:38:41+08:00 ] 127.0.0.1 /vote/phone/js/maps/swiper.js.map
INFO: [ app_init ] --START--
INFO: Run Behavior\BuildLiteBehavior [ RunTime:0.000000s ]
INFO: [ app_init ] --END-- [ RunTime:0.001000s ]
ERR: 无法加载模块:Phone

[ 2017-03-15T19:38:41+08:00 ] 127.0.0.1 /vote/phone/js/libs/angular-ui-router.js.map
INFO: [ app_init ] --START--
INFO: Run Behavior\BuildLiteBehavior [ RunTime:0.000000s ]
INFO: [ app_init ] --END-- [ RunTime:0.001000s ]
ERR: 无法加载模块:Phone

[ 2017-03-15T19:38:41+08:00 ] 127.0.0.1 /vote/phone/maps/swiper.js.map
INFO: [ app_init ] --START--
INFO: Run Behavior\BuildLiteBehavior [ RunTime:0.000000s ]
INFO: [ app_init ] --END-- [ RunTime:0.001000s ]
ERR: 无法加载模块:Phone

[ 2017-03-15T19:38:42+08:00 ] 127.0.0.1 /vote/Public/Uploads/carousel/2017-03-11/58c3623113204.jpg
INFO: [ app_init ] --START--
INFO: Run Behavior\BuildLiteBehavior [ RunTime:0.000000s ]
INFO: [ app_init ] --END-- [ RunTime:0.001000s ]
ERR: 无法加载模块:Public

[ 2017-03-15T19:38:42+08:00 ] 127.0.0.1 /vote/Public/Uploads/carousel/2017-03-11/58c362f389b69.jpg
INFO: [ app_init ] --START--
INFO: Run Behavior\BuildLiteBehavior [ RunTime:0.001000s ]
INFO: [ app_init ] --END-- [ RunTime:0.002000s ]
ERR: 无法加载模块:Public

[ 2017-03-15T19:38:42+08:00 ] 127.0.0.1 /vote/Public/Uploads/carousel/2017-03-11/58c362bd53b61.jpg
INFO: [ app_init ] --START--
INFO: Run Behavior\BuildLiteBehavior [ RunTime:0.000000s ]
INFO: [ app_init ] --END-- [ RunTime:0.001000s ]
ERR: 无法加载模块:Public

[ 2017-03-15T19:38:46+08:00 ] 127.0.0.1 /vote/phone/%7B%7Bpic.imageurl%7D%7D
INFO: [ app_init ] --START--
INFO: Run Behavior\BuildLiteBehavior [ RunTime:0.000000s ]
INFO: [ app_init ] --END-- [ RunTime:0.000000s ]
ERR: 无法加载模块:Phone

[ 2017-03-15T19:39:10+08:00 ] 127.0.0.1 /vote/phone/%7B%7Bremark.headimg%7D%7D
INFO: [ app_init ] --START--
INFO: Run Behavior\BuildLiteBehavior [ RunTime:0.000000s ]
INFO: [ app_init ] --END-- [ RunTime:0.001000s ]
ERR: 无法加载模块:Phone

[ 2017-03-15T19:39:14+08:00 ] 127.0.0.1 /vote/phone/js/libs/need/layer.css?2.0
INFO: [ app_init ] --START--
INFO: Run Behavior\BuildLiteBehavior [ RunTime:0.001000s ]
INFO: [ app_init ] --END-- [ RunTime:0.001000s ]
ERR: 无法加载模块:Phone

[ 2017-03-15T19:39:15+08:00 ] 127.0.0.1 /vote/phone/%7B%7Bpic.imageurl%7D%7D
INFO: [ app_init ] --START--
INFO: Run Behavior\BuildLiteBehavior [ RunTime:0.000000s ]
INFO: [ app_init ] --END-- [ RunTime:0.001000s ]
ERR: 无法加载模块:Phone

[ 2017-03-15T19:39:20+08:00 ] 127.0.0.1 /vote/phone/%7B%7Bremark.headimg%7D%7D
INFO: [ app_init ] --START--
INFO: Run Behavior\BuildLiteBehavior [ RunTime:0.001001s ]
INFO: [ app_init ] --END-- [ RunTime:0.001001s ]
ERR: 无法加载模块:Phone

[ 2017-03-15T19:40:24+08:00 ] 127.0.0.1 /vote/phone/js/libs/angular.min.js.map
INFO: [ app_init ] --START--
INFO: Run Behavior\BuildLiteBehavior [ RunTime:0.000000s ]
INFO: [ app_init ] --END-- [ RunTime:0.001000s ]
ERR: 无法加载模块:Phone

[ 2017-03-15T19:40:24+08:00 ] 127.0.0.1 /vote/phone/js/maps/swiper.js.map
INFO: [ app_init ] --START--
INFO: Run Behavior\BuildLiteBehavior [ RunTime:0.001000s ]
INFO: [ app_init ] --END-- [ RunTime:0.001000s ]
ERR: 无法加载模块:Phone

[ 2017-03-15T19:40:24+08:00 ] 127.0.0.1 /vote/phone/js/libs/need/layer.css?2.0
INFO: [ app_init ] --START--
INFO: Run Behavior\BuildLiteBehavior [ RunTime:0.000000s ]
INFO: [ app_init ] --END-- [ RunTime:0.001000s ]
ERR: 无法加载模块:Phone

[ 2017-03-15T19:40:24+08:00 ] 127.0.0.1 /vote/phone/js/libs/angular-ui-router.js.map
INFO: [ app_init ] --START--
INFO: Run Behavior\BuildLiteBehavior [ RunTime:0.000000s ]
INFO: [ app_init ] --END-- [ RunTime:0.001000s ]
ERR: 无法加载模块:Phone

[ 2017-03-15T19:40:51+08:00 ] 127.0.0.1 /vote/phone/%7B%7Bpic.imageurl%7D%7D
INFO: [ app_init ] --START--
INFO: Run Behavior\BuildLiteBehavior [ RunTime:0.000000s ]
INFO: [ app_init ] --END-- [ RunTime:0.000000s ]
ERR: 无法加载模块:Phone

[ 2017-03-15T19:43:04+08:00 ] 127.0.0.1 /vote/phone/%7B%7Bpic.imageurl%7D%7D
INFO: [ app_init ] --START--
INFO: Run Behavior\BuildLiteBehavior [ RunTime:0.000000s ]
INFO: [ app_init ] --END-- [ RunTime:0.000000s ]
ERR: 无法加载模块:Phone

[ 2017-03-15T19:44:49+08:00 ] 127.0.0.1 /vote/phone/js/libs/need/layer.css?2.0
INFO: [ app_init ] --START--
INFO: Run Behavior\BuildLiteBehavior [ RunTime:0.000000s ]
INFO: [ app_init ] --END-- [ RunTime:0.002000s ]
ERR: 无法加载模块:Phone

[ 2017-03-15T19:44:51+08:00 ] 127.0.0.1 /vote/Public/Uploads/carousel/2017-03-11/58c3623113204.jpg
INFO: [ app_init ] --START--
INFO: Run Behavior\BuildLiteBehavior [ RunTime:0.001000s ]
INFO: [ app_init ] --END-- [ RunTime:0.001000s ]
ERR: 无法加载模块:Public

[ 2017-03-15T19:44:51+08:00 ] 127.0.0.1 /vote/Public/Uploads/carousel/2017-03-11/58c362bd53b61.jpg
INFO: [ app_init ] --START--
INFO: Run Behavior\BuildLiteBehavior [ RunTime:0.000000s ]
INFO: [ app_init ] --END-- [ RunTime:0.001000s ]
ERR: 无法加载模块:Public

[ 2017-03-15T19:44:51+08:00 ] 127.0.0.1 /vote/Public/Uploads/carousel/2017-03-11/58c362f389b69.jpg
INFO: [ app_init ] --START--
INFO: Run Behavior\BuildLiteBehavior [ RunTime:0.000000s ]
INFO: [ app_init ] --END-- [ RunTime:0.002000s ]
ERR: 无法加载模块:Public

[ 2017-03-15T19:44:56+08:00 ] 127.0.0.1 /vote/phone/%7B%7Bpic.imageurl%7D%7D
INFO: [ app_init ] --START--
INFO: Run Behavior\BuildLiteBehavior [ RunTime:0.000000s ]
INFO: [ app_init ] --END-- [ RunTime:0.001000s ]
ERR: 无法加载模块:Phone

[ 2017-03-15T19:45:48+08:00 ] 127.0.0.1 /vote/phone/js/libs/need/layer.css?2.0
INFO: [ app_init ] --START--
INFO: Run Behavior\BuildLiteBehavior [ RunTime:0.000000s ]
INFO: [ app_init ] --END-- [ RunTime:0.001000s ]
ERR: 无法加载模块:Phone

[ 2017-03-15T19:45:53+08:00 ] 127.0.0.1 /vote/Public/Uploads/carousel/2017-03-11/58c3623113204.jpg
INFO: [ app_init ] --START--
INFO: Run Behavior\BuildLiteBehavior [ RunTime:0.000000s ]
INFO: [ app_init ] --END-- [ RunTime:0.003000s ]
ERR: 无法加载模块:Public

[ 2017-03-15T19:45:53+08:00 ] 127.0.0.1 /vote/Public/Uploads/carousel/2017-03-11/58c362bd53b61.jpg
INFO: [ app_init ] --START--
INFO: Run Behavior\BuildLiteBehavior [ RunTime:0.000000s ]
INFO: [ app_init ] --END-- [ RunTime:0.001000s ]
ERR: 无法加载模块:Public

[ 2017-03-15T19:45:53+08:00 ] 127.0.0.1 /vote/Public/Uploads/carousel/2017-03-11/58c362f389b69.jpg
INFO: [ app_init ] --START--
INFO: Run Behavior\BuildLiteBehavior [ RunTime:0.000000s ]
INFO: [ app_init ] --END-- [ RunTime:0.000000s ]
ERR: 无法加载模块:Public

[ 2017-03-15T19:46:16+08:00 ] 127.0.0.1 /vote/phone/%7B%7Bpic.imageurl%7D%7D
INFO: [ app_init ] --START--
INFO: Run Behavior\BuildLiteBehavior [ RunTime:0.000000s ]
INFO: [ app_init ] --END-- [ RunTime:0.001000s ]
ERR: 无法加载模块:Phone

[ 2017-03-15T19:46:22+08:00 ] 127.0.0.1 /vote/phone/%7B%7Bremark.headimg%7D%7D
INFO: [ app_init ] --START--
INFO: Run Behavior\BuildLiteBehavior [ RunTime:0.000000s ]
INFO: [ app_init ] --END-- [ RunTime:0.001001s ]
ERR: 无法加载模块:Phone

[ 2017-03-15T19:46:50+08:00 ] 127.0.0.1 /vote/phone/js/libs/need/layer.css?2.0
INFO: [ app_init ] --START--
INFO: Run Behavior\BuildLiteBehavior [ RunTime:0.001000s ]
INFO: [ app_init ] --END-- [ RunTime:0.001000s ]
ERR: 无法加载模块:Phone

[ 2017-03-15T19:46:56+08:00 ] 127.0.0.1 /vote/phone/%7B%7Bpic.imageurl%7D%7D
INFO: [ app_init ] --START--
INFO: Run Behavior\BuildLiteBehavior [ RunTime:0.000000s ]
INFO: [ app_init ] --END-- [ RunTime:0.000000s ]
ERR: 无法加载模块:Phone

[ 2017-03-15T19:46:58+08:00 ] 127.0.0.1 /vote/phone/%7B%7Bremark.headimg%7D%7D
INFO: [ app_init ] --START--
INFO: Run Behavior\BuildLiteBehavior [ RunTime:0.000000s ]
INFO: [ app_init ] --END-- [ RunTime:0.001000s ]
ERR: 无法加载模块:Phone

[ 2017-03-15T19:48:29+08:00 ] 127.0.0.1 /vote/phone/js/libs/need/layer.css?2.0
INFO: [ app_init ] --START--
INFO: Run Behavior\BuildLiteBehavior [ RunTime:0.001000s ]
INFO: [ app_init ] --END-- [ RunTime:0.001000s ]
ERR: 无法加载模块:Phone

[ 2017-03-15T19:48:34+08:00 ] 127.0.0.1 /vote/Public/Uploads/carousel/2017-03-11/58c3623113204.jpg
INFO: [ app_init ] --START--
INFO: Run Behavior\BuildLiteBehavior [ RunTime:0.000000s ]
INFO: [ app_init ] --END-- [ RunTime:0.001000s ]
ERR: 无法加载模块:Public

[ 2017-03-15T19:48:34+08:00 ] 127.0.0.1 /vote/Public/Uploads/carousel/2017-03-11/58c362bd53b61.jpg
INFO: [ app_init ] --START--
INFO: Run Behavior\BuildLiteBehavior [ RunTime:0.000000s ]
INFO: [ app_init ] --END-- [ RunTime:0.001000s ]
ERR: 无法加载模块:Public

[ 2017-03-15T19:48:34+08:00 ] 127.0.0.1 /vote/Public/Uploads/carousel/2017-03-11/58c362f389b69.jpg
INFO: [ app_init ] --START--
INFO: Run Behavior\BuildLiteBehavior [ RunTime:0.000000s ]
INFO: [ app_init ] --END-- [ RunTime:0.000000s ]
ERR: 无法加载模块:Public

[ 2017-03-15T19:48:39+08:00 ] 127.0.0.1 /vote/phone/%7B%7Bpic.imageurl%7D%7D
INFO: [ app_init ] --START--
INFO: Run Behavior\BuildLiteBehavior [ RunTime:0.001000s ]
INFO: [ app_init ] --END-- [ RunTime:0.001000s ]
ERR: 无法加载模块:Phone

[ 2017-03-15T19:49:00+08:00 ] 127.0.0.1 /vote/phone/%7B%7Bpic.imageurl%7D%7D
INFO: [ app_init ] --START--
INFO: Run Behavior\BuildLiteBehavior [ RunTime:0.000000s ]
INFO: [ app_init ] --END-- [ RunTime:0.001000s ]
ERR: 无法加载模块:Phone

[ 2017-03-15T19:49:40+08:00 ] 127.0.0.1 /vote/phone/%7B%7Bpic.imageurl%7D%7D
INFO: [ app_init ] --START--
INFO: Run Behavior\BuildLiteBehavior [ RunTime:0.000000s ]
INFO: [ app_init ] --END-- [ RunTime:0.001000s ]
ERR: 无法加载模块:Phone

[ 2017-03-15T19:52:44+08:00 ] 127.0.0.1 /vote/phone/js/libs/need/layer.css?2.0
INFO: [ app_init ] --START--
INFO: Run Behavior\BuildLiteBehavior [ RunTime:0.000000s ]
INFO: [ app_init ] --END-- [ RunTime:0.001000s ]
ERR: 无法加载模块:Phone

[ 2017-03-15T19:52:44+08:00 ] 127.0.0.1 /vote/phone/js/libs/angular.min.js.map
INFO: [ app_init ] --START--
INFO: Run Behavior\BuildLiteBehavior [ RunTime:0.000000s ]
INFO: [ app_init ] --END-- [ RunTime:0.007000s ]
ERR: 无法加载模块:Phone

[ 2017-03-15T19:52:44+08:00 ] 127.0.0.1 /vote/phone/js/libs/angular-ui-router.js.map
INFO: [ app_init ] --START--
INFO: Run Behavior\BuildLiteBehavior [ RunTime:0.000000s ]
INFO: [ app_init ] --END-- [ RunTime:0.007001s ]
ERR: 无法加载模块:Phone

[ 2017-03-15T19:52:44+08:00 ] 127.0.0.1 /vote/phone/js/maps/swiper.js.map
INFO: [ app_init ] --START--
INFO: Run Behavior\BuildLiteBehavior [ RunTime:0.000000s ]
INFO: [ app_init ] --END-- [ RunTime:0.002000s ]
ERR: 无法加载模块:Phone

[ 2017-03-15T19:54:21+08:00 ] 127.0.0.1 /vote/phone/js/libs/need/layer.css?2.0
INFO: [ app_init ] --START--
INFO: Run Behavior\BuildLiteBehavior [ RunTime:0.000000s ]
INFO: [ app_init ] --END-- [ RunTime:0.001000s ]
ERR: 无法加载模块:Phone

[ 2017-03-15T19:54:21+08:00 ] 127.0.0.1 /vote/phone/js/maps/swiper.js.map
INFO: [ app_init ] --START--
INFO: Run Behavior\BuildLiteBehavior [ RunTime:0.000000s ]
INFO: [ app_init ] --END-- [ RunTime:0.001000s ]
ERR: 无法加载模块:Phone

[ 2017-03-15T19:54:21+08:00 ] 127.0.0.1 /vote/phone/js/libs/angular.min.js.map
INFO: [ app_init ] --START--
INFO: Run Behavior\BuildLiteBehavior [ RunTime:0.000000s ]
INFO: [ app_init ] --END-- [ RunTime:0.005000s ]
ERR: 无法加载模块:Phone

[ 2017-03-15T19:54:21+08:00 ] 127.0.0.1 /vote/phone/js/libs/angular-ui-router.js.map
INFO: [ app_init ] --START--
INFO: Run Behavior\BuildLiteBehavior [ RunTime:0.000000s ]
INFO: [ app_init ] --END-- [ RunTime:0.001000s ]
ERR: 无法加载模块:Phone

[ 2017-03-15T20:16:44+08:00 ] 127.0.0.1 /vote/phone/js/libs/need/layer.css?2.0
INFO: [ app_init ] --START--
INFO: Run Behavior\BuildLiteBehavior [ RunTime:0.000040s ]
INFO: [ app_init ] --END-- [ RunTime:0.000796s ]
ERR: 无法加载模块:Phone

[ 2017-03-15T20:16:47+08:00 ] 127.0.0.1 /vote/phone/js/libs/need/layer.css?2.0
INFO: [ app_init ] --START--
INFO: Run Behavior\BuildLiteBehavior [ RunTime:0.000037s ]
INFO: [ app_init ] --END-- [ RunTime:0.000871s ]
ERR: 无法加载模块:Phone

[ 2017-03-15T20:16:47+08:00 ] 127.0.0.1 /vote/phone/js/libs/angular.min.js.map
INFO: [ app_init ] --START--
INFO: Run Behavior\BuildLiteBehavior [ RunTime:0.000033s ]
INFO: [ app_init ] --END-- [ RunTime:0.000793s ]
ERR: 无法加载模块:Phone

[ 2017-03-15T20:16:47+08:00 ] 127.0.0.1 /vote/phone/js/maps/swiper.js.map
INFO: [ app_init ] --START--
INFO: Run Behavior\BuildLiteBehavior [ RunTime:0.000032s ]
INFO: [ app_init ] --END-- [ RunTime:0.000812s ]
ERR: 无法加载模块:Phone

[ 2017-03-15T20:16:47+08:00 ] 127.0.0.1 /vote/phone/js/libs/angular-ui-router.js.map
INFO: [ app_init ] --START--
INFO: Run Behavior\BuildLiteBehavior [ RunTime:0.000037s ]
INFO: [ app_init ] --END-- [ RunTime:0.000797s ]
ERR: 无法加载模块:Phone

[ 2017-03-15T20:18:05+08:00 ] 127.0.0.1 /vote/phone/js/libs/need/layer.css?2.0
INFO: [ app_init ] --START--
INFO: Run Behavior\BuildLiteBehavior [ RunTime:0.000038s ]
INFO: [ app_init ] --END-- [ RunTime:0.001092s ]
ERR: 无法加载模块:Phone

[ 2017-03-15T20:18:05+08:00 ] 127.0.0.1 /vote/phone/js/maps/swiper.js.map
INFO: [ app_init ] --START--
INFO: Run Behavior\BuildLiteBehavior [ RunTime:0.000034s ]
INFO: [ app_init ] --END-- [ RunTime:0.000881s ]
ERR: 无法加载模块:Phone

[ 2017-03-15T20:18:05+08:00 ] 127.0.0.1 /vote/phone/js/libs/angular-ui-router.js.map
INFO: [ app_init ] --START--
INFO: Run Behavior\BuildLiteBehavior [ RunTime:0.000032s ]
INFO: [ app_init ] --END-- [ RunTime:0.000752s ]
ERR: 无法加载模块:Phone

[ 2017-03-15T20:18:05+08:00 ] 127.0.0.1 /vote/phone/js/libs/angular.min.js.map
INFO: [ app_init ] --START--
INFO: Run Behavior\BuildLiteBehavior [ RunTime:0.000022s ]
INFO: [ app_init ] --END-- [ RunTime:0.000707s ]
ERR: 无法加载模块:Phone

[ 2017-03-15T20:19:37+08:00 ] 127.0.0.1 /vote/phone/js/need/layer.css
INFO: [ app_init ] --START--
INFO: Run Behavior\BuildLiteBehavior [ RunTime:0.000047s ]
INFO: [ app_init ] --END-- [ RunTime:0.003033s ]
ERR: 无法加载模块:Phone

[ 2017-03-15T20:19:37+08:00 ] 127.0.0.1 /vote/phone/js/libs/angular.min.js.map
INFO: [ app_init ] --START--
INFO: Run Behavior\BuildLiteBehavior [ RunTime:0.000035s ]
INFO: [ app_init ] --END-- [ RunTime:0.000822s ]
ERR: 无法加载模块:Phone

[ 2017-03-15T20:19:37+08:00 ] 127.0.0.1 /vote/phone/js/maps/swiper.js.map
INFO: [ app_init ] --START--
INFO: Run Behavior\BuildLiteBehavior [ RunTime:0.000035s ]
INFO: [ app_init ] --END-- [ RunTime:0.000872s ]
ERR: 无法加载模块:Phone

[ 2017-03-15T20:19:38+08:00 ] 127.0.0.1 /vote/phone/js/libs/angular-ui-router.js.map
INFO: [ app_init ] --START--
INFO: Run Behavior\BuildLiteBehavior [ RunTime:0.000024s ]
INFO: [ app_init ] --END-- [ RunTime:0.000649s ]
ERR: 无法加载模块:Phone

[ 2017-03-15T20:20:19+08:00 ] 127.0.0.1 /vote/phone/js/maps/swiper.js.map
INFO: [ app_init ] --START--
INFO: Run Behavior\BuildLiteBehavior [ RunTime:0.000033s ]
INFO: [ app_init ] --END-- [ RunTime:0.000822s ]
ERR: 无法加载模块:Phone

[ 2017-03-15T20:20:19+08:00 ] 127.0.0.1 /vote/phone/js/libs/angular.min.js.map
INFO: [ app_init ] --START--
INFO: Run Behavior\BuildLiteBehavior [ RunTime:0.000037s ]
INFO: [ app_init ] --END-- [ RunTime:0.001083s ]
ERR: 无法加载模块:Phone

[ 2017-03-15T20:20:19+08:00 ] 127.0.0.1 /vote/phone/js/libs/angular-ui-router.js.map
INFO: [ app_init ] --START--
INFO: Run Behavior\BuildLiteBehavior [ RunTime:0.000028s ]
INFO: [ app_init ] --END-- [ RunTime:0.001006s ]
ERR: 无法加载模块:Phone

[ 2017-03-15T20:21:11+08:00 ] 127.0.0.1 /vote/phone/maps/swiper.js.map
INFO: [ app_init ] --START--
INFO: Run Behavior\BuildLiteBehavior [ RunTime:0.000023s ]
INFO: [ app_init ] --END-- [ RunTime:0.000540s ]
ERR: 无法加载模块:Phone

[ 2017-03-15T20:21:20+08:00 ] 127.0.0.1 /vote/phone/%7B%7Bpic.imageurl%7D%7D
INFO: [ app_init ] --START--
INFO: Run Behavior\BuildLiteBehavior [ RunTime:0.000021s ]
INFO: [ app_init ] --END-- [ RunTime:0.000583s ]
ERR: 无法加载模块:Phone

[ 2017-03-15T20:21:35+08:00 ] 127.0.0.1 /vote/phone/js/maps/swiper.js.map
INFO: [ app_init ] --START--
INFO: Run Behavior\BuildLiteBehavior [ RunTime:0.000031s ]
INFO: [ app_init ] --END-- [ RunTime:0.000725s ]
ERR: 无法加载模块:Phone

[ 2017-03-15T20:21:35+08:00 ] 127.0.0.1 /vote/phone/js/libs/angular-ui-router.js.map
INFO: [ app_init ] --START--
INFO: Run Behavior\BuildLiteBehavior [ RunTime:0.000031s ]
INFO: [ app_init ] --END-- [ RunTime:0.000750s ]
ERR: 无法加载模块:Phone

[ 2017-03-15T20:21:35+08:00 ] 127.0.0.1 /vote/phone/js/libs/angular.min.js.map
INFO: [ app_init ] --START--
INFO: Run Behavior\BuildLiteBehavior [ RunTime:0.000025s ]
INFO: [ app_init ] --END-- [ RunTime:0.000537s ]
ERR: 无法加载模块:Phone

[ 2017-03-15T20:23:09+08:00 ] 127.0.0.1 /vote/phone/js/libs/angular.min.js.map
INFO: [ app_init ] --START--
INFO: Run Behavior\BuildLiteBehavior [ RunTime:0.000036s ]
INFO: [ app_init ] --END-- [ RunTime:0.000979s ]
ERR: 无法加载模块:Phone

[ 2017-03-15T20:23:09+08:00 ] 127.0.0.1 /vote/phone/js/maps/swiper.js.map
INFO: [ app_init ] --START--
INFO: Run Behavior\BuildLiteBehavior [ RunTime:0.000038s ]
INFO: [ app_init ] --END-- [ RunTime:0.000980s ]
ERR: 无法加载模块:Phone

[ 2017-03-15T20:23:09+08:00 ] 127.0.0.1 /vote/phone/js/libs/angular-ui-router.js.map
INFO: [ app_init ] --START--
INFO: Run Behavior\BuildLiteBehavior [ RunTime:0.000040s ]
INFO: [ app_init ] --END-- [ RunTime:0.001940s ]
ERR: 无法加载模块:Phone

[ 2017-03-15T20:23:26+08:00 ] 127.0.0.1 /vote/phone/%7B%7Bpic.imageurl%7D%7D
INFO: [ app_init ] --START--
INFO: Run Behavior\BuildLiteBehavior [ RunTime:0.000035s ]
INFO: [ app_init ] --END-- [ RunTime:0.000964s ]
ERR: 无法加载模块:Phone

[ 2017-03-15T20:23:26+08:00 ] 127.0.0.1 /vote/phone/%7B%7Bremark.headimg%7D%7D
INFO: [ app_init ] --START--
INFO: Run Behavior\BuildLiteBehavior [ RunTime:0.000036s ]
INFO: [ app_init ] --END-- [ RunTime:0.000995s ]
ERR: 无法加载模块:Phone

[ 2017-03-15T20:26:55+08:00 ] 127.0.0.1 /vote/phone/js/maps/swiper.js.map
INFO: [ app_init ] --START--
INFO: Run Behavior\BuildLiteBehavior [ RunTime:0.000038s ]
INFO: [ app_init ] --END-- [ RunTime:0.000954s ]
ERR: 无法加载模块:Phone

[ 2017-03-15T20:26:55+08:00 ] 127.0.0.1 /vote/phone/js/libs/angular-ui-router.js.map
INFO: [ app_init ] --START--
INFO: Run Behavior\BuildLiteBehavior [ RunTime:0.000032s ]
INFO: [ app_init ] --END-- [ RunTime:0.000930s ]
ERR: 无法加载模块:Phone

[ 2017-03-15T20:26:55+08:00 ] 127.0.0.1 /vote/phone/js/libs/angular.min.js.map
INFO: [ app_init ] --START--
INFO: Run Behavior\BuildLiteBehavior [ RunTime:0.000039s ]
INFO: [ app_init ] --END-- [ RunTime:0.001381s ]
ERR: 无法加载模块:Phone

[ 2017-03-15T20:26:55+08:00 ] 127.0.0.1 /vote/phone/%7B%7Bpic.imageurl%7D%7D
INFO: [ app_init ] --START--
INFO: Run Behavior\BuildLiteBehavior [ RunTime:0.000031s ]
INFO: [ app_init ] --END-- [ RunTime:0.000980s ]
ERR: 无法加载模块:Phone

[ 2017-03-15T20:26:55+08:00 ] 127.0.0.1 /vote/phone/%7B%7Bheadimage%7D%7D
INFO: [ app_init ] --START--
INFO: Run Behavior\BuildLiteBehavior [ RunTime:0.000033s ]
INFO: [ app_init ] --END-- [ RunTime:0.000927s ]
ERR: 无法加载模块:Phone

[ 2017-03-15T20:30:20+08:00 ] 127.0.0.1 /vote/phone/js/libs/angular.min.js.map
INFO: [ app_init ] --START--
INFO: Run Behavior\BuildLiteBehavior [ RunTime:0.000035s ]
INFO: [ app_init ] --END-- [ RunTime:0.000960s ]
ERR: 无法加载模块:Phone

[ 2017-03-15T20:30:20+08:00 ] 127.0.0.1 /vote/phone/js/maps/swiper.js.map
INFO: [ app_init ] --START--
INFO: Run Behavior\BuildLiteBehavior [ RunTime:0.000038s ]
INFO: [ app_init ] --END-- [ RunTime:0.000763s ]
ERR: 无法加载模块:Phone

[ 2017-03-15T20:30:20+08:00 ] 127.0.0.1 /vote/phone/js/libs/angular-ui-router.js.map
INFO: [ app_init ] --START--
INFO: Run Behavior\BuildLiteBehavior [ RunTime:0.000037s ]
INFO: [ app_init ] --END-- [ RunTime:0.001267s ]
ERR: 无法加载模块:Phone

[ 2017-03-15T20:30:20+08:00 ] 127.0.0.1 /vote/phone/%7B%7Bheadimage%7D%7D
INFO: [ app_init ] --START--
INFO: Run Behavior\BuildLiteBehavior [ RunTime:0.000042s ]
INFO: [ app_init ] --END-- [ RunTime:0.001017s ]
ERR: 无法加载模块:Phone

[ 2017-03-15T20:30:21+08:00 ] 127.0.0.1 /vote/phone/%7B%7Bpic.imageurl%7D%7D
INFO: [ app_init ] --START--
INFO: Run Behavior\BuildLiteBehavior [ RunTime:0.000034s ]
INFO: [ app_init ] --END-- [ RunTime:0.000814s ]
ERR: 无法加载模块:Phone

[ 2017-03-15T20:30:29+08:00 ] 127.0.0.1 /vote/phone/%7B%7Binfo.imageurl%7D%7D
INFO: [ app_init ] --START--
INFO: Run Behavior\BuildLiteBehavior [ RunTime:0.000037s ]
INFO: [ app_init ] --END-- [ RunTime:0.000797s ]
ERR: 无法加载模块:Phone

[ 2017-03-15T20:30:30+08:00 ] 127.0.0.1 /vote/phone/%7B%7Bpic.imageurl%7D%7D
INFO: [ app_init ] --START--
INFO: Run Behavior\BuildLiteBehavior [ RunTime:0.000030s ]
INFO: [ app_init ] --END-- [ RunTime:0.000748s ]
ERR: 无法加载模块:Phone

[ 2017-03-15T20:30:34+08:00 ] 127.0.0.1 /vote/phone/%7B%7Binfo.imageurl%7D%7D
INFO: [ app_init ] --START--
INFO: Run Behavior\BuildLiteBehavior [ RunTime:0.000025s ]
INFO: [ app_init ] --END-- [ RunTime:0.000699s ]
ERR: 无法加载模块:Phone

[ 2017-03-15T20:30:35+08:00 ] 127.0.0.1 /vote/phone/%7B%7Bpic.imageurl%7D%7D
INFO: [ app_init ] --START--
INFO: Run Behavior\BuildLiteBehavior [ RunTime:0.000030s ]
INFO: [ app_init ] --END-- [ RunTime:0.000822s ]
ERR: 无法加载模块:Phone

[ 2017-03-15T20:30:35+08:00 ] 127.0.0.1 /vote/phone/%7B%7Bheadimage%7D%7D
INFO: [ app_init ] --START--
INFO: Run Behavior\BuildLiteBehavior [ RunTime:0.000033s ]
INFO: [ app_init ] --END-- [ RunTime:0.000755s ]
ERR: 无法加载模块:Phone

[ 2017-03-15T20:31:13+08:00 ] 127.0.0.1 /vote/phone/js/libs/angular.min.js.map
INFO: [ app_init ] --START--
INFO: Run Behavior\BuildLiteBehavior [ RunTime:0.000034s ]
INFO: [ app_init ] --END-- [ RunTime:0.000832s ]
ERR: 无法加载模块:Phone

[ 2017-03-15T20:31:13+08:00 ] 127.0.0.1 /vote/phone/js/libs/angular-ui-router.js.map
INFO: [ app_init ] --START--
INFO: Run Behavior\BuildLiteBehavior [ RunTime:0.000030s ]
INFO: [ app_init ] --END-- [ RunTime:0.000714s ]
ERR: 无法加载模块:Phone

[ 2017-03-15T20:31:13+08:00 ] 127.0.0.1 /vote/phone/js/maps/swiper.js.map
INFO: [ app_init ] --START--
INFO: Run Behavior\BuildLiteBehavior [ RunTime:0.000036s ]
INFO: [ app_init ] --END-- [ RunTime:0.000804s ]
ERR: 无法加载模块:Phone

[ 2017-03-15T20:31:13+08:00 ] 127.0.0.1 /vote/phone/%7B%7Bheadimage%7D%7D
INFO: [ app_init ] --START--
INFO: Run Behavior\BuildLiteBehavior [ RunTime:0.000034s ]
INFO: [ app_init ] --END-- [ RunTime:0.000715s ]
ERR: 无法加载模块:Phone

[ 2017-03-15T20:31:13+08:00 ] 127.0.0.1 /vote/phone/%7B%7Bpic.imageurl%7D%7D
INFO: [ app_init ] --START--
INFO: Run Behavior\BuildLiteBehavior [ RunTime:0.000038s ]
INFO: [ app_init ] --END-- [ RunTime:0.000858s ]
ERR: 无法加载模块:Phone

[ 2017-03-15T20:31:51+08:00 ] 127.0.0.1 /vote/phone/js/libs/angular.min.js.map
INFO: [ app_init ] --START--
INFO: Run Behavior\BuildLiteBehavior [ RunTime:0.000041s ]
INFO: [ app_init ] --END-- [ RunTime:0.000871s ]
ERR: 无法加载模块:Phone

[ 2017-03-15T20:31:51+08:00 ] 127.0.0.1 /vote/phone/js/libs/angular-ui-router.js.map
INFO: [ app_init ] --START--
INFO: Run Behavior\BuildLiteBehavior [ RunTime:0.000062s ]
INFO: [ app_init ] --END-- [ RunTime:0.000854s ]
ERR: 无法加载模块:Phone

[ 2017-03-15T20:31:51+08:00 ] 127.0.0.1 /vote/phone/js/maps/swiper.js.map
INFO: [ app_init ] --START--
INFO: Run Behavior\BuildLiteBehavior [ RunTime:0.000034s ]
INFO: [ app_init ] --END-- [ RunTime:0.000849s ]
ERR: 无法加载模块:Phone

[ 2017-03-15T20:31:51+08:00 ] 127.0.0.1 /vote/phone/%7B%7Bpic.imageurl%7D%7D
INFO: [ app_init ] --START--
INFO: Run Behavior\BuildLiteBehavior [ RunTime:0.000028s ]
INFO: [ app_init ] --END-- [ RunTime:0.000683s ]
ERR: 无法加载模块:Phone

[ 2017-03-15T20:33:22+08:00 ] 127.0.0.1 /vote/phone/js/maps/swiper.js.map
INFO: [ app_init ] --START--
INFO: Run Behavior\BuildLiteBehavior [ RunTime:0.000043s ]
INFO: [ app_init ] --END-- [ RunTime:0.001016s ]
ERR: 无法加载模块:Phone

[ 2017-03-15T20:33:22+08:00 ] 127.0.0.1 /vote/phone/js/libs/angular-ui-router.js.map
INFO: [ app_init ] --START--
INFO: Run Behavior\BuildLiteBehavior [ RunTime:0.000039s ]
INFO: [ app_init ] --END-- [ RunTime:0.001210s ]
ERR: 无法加载模块:Phone

[ 2017-03-15T20:33:22+08:00 ] 127.0.0.1 /vote/phone/js/libs/angular.min.js.map
INFO: [ app_init ] --START--
INFO: Run Behavior\BuildLiteBehavior [ RunTime:0.000036s ]
INFO: [ app_init ] --END-- [ RunTime:0.001306s ]
ERR: 无法加载模块:Phone

[ 2017-03-15T20:33:22+08:00 ] 127.0.0.1 /vote/phone/%7B%7Bpic.imageurl%7D%7D
INFO: [ app_init ] --START--
INFO: Run Behavior\BuildLiteBehavior [ RunTime:0.000031s ]
INFO: [ app_init ] --END-- [ RunTime:0.000824s ]
ERR: 无法加载模块:Phone

[ 2017-03-15T20:53:04+08:00 ] 127.0.0.1 /vote/Public/Uploads/carousel/2017-03-08/58bff1a7dd422.jpg
INFO: [ app_init ] --START--
INFO: Run Behavior\BuildLiteBehavior [ RunTime:0.000021s ]
INFO: [ app_init ] --END-- [ RunTime:0.000643s ]
ERR: 无法加载模块:Public

[ 2017-03-15T20:53:14+08:00 ] 127.0.0.1 /vote/phone/%7B%7Bpic.imageurl%7D%7D
INFO: [ app_init ] --START--
INFO: Run Behavior\BuildLiteBehavior [ RunTime:0.000016s ]
INFO: [ app_init ] --END-- [ RunTime:0.000449s ]
ERR: 无法加载模块:Phone

