[ 2017-03-08T19:55:19+08:00 ] 127.0.0.1 /vote/index.php/Admin/Carousel/add
INFO: [ app_init ] --START--
INFO: Run Behavior\BuildLiteBehavior [ RunTime:0.000019s ]
INFO: [ app_init ] --END-- [ RunTime:0.000537s ]
INFO: [ app_begin ] --START--
INFO: Run Behavior\ReadHtmlCacheBehavior [ RunTime:0.000699s ]
INFO: [ app_begin ] --END-- [ RunTime:0.000770s ]
INFO: [ view_parse ] --START--
INFO: [ template_filter ] --START--
INFO: Run Behavior\ContentReplaceBehavior [ RunTime:0.086536s ]
INFO: [ template_filter ] --END-- [ RunTime:0.086671s ]
INFO: Run Behavior\ParseTemplateBehavior [ RunTime:0.354892s ]
INFO: [ view_parse ] --END-- [ RunTime:0.354996s ]
INFO: [ view_filter ] --START--
INFO: Run Behavior\WriteHtmlCacheBehavior [ RunTime:0.000519s ]
INFO: [ view_filter ] --END-- [ RunTime:0.000585s ]
INFO: [ app_end ] --START--
INFO: Run Behavior\ShowPageTraceBehavior [ RunTime:0.000671s ]
INFO: [ app_end ] --END-- [ RunTime:0.000734s ]

[ 2017-03-08T19:55:24+08:00 ] 127.0.0.1 /vote/index.php/Admin/Carousel/lst.html
INFO: [ app_init ] --START--
INFO: Run Behavior\BuildLiteBehavior [ RunTime:0.000018s ]
INFO: [ app_init ] --END-- [ RunTime:0.000535s ]
INFO: [ app_begin ] --START--
INFO: Run Behavior\ReadHtmlCacheBehavior [ RunTime:0.000708s ]
INFO: [ app_begin ] --END-- [ RunTime:0.000778s ]
INFO: [ view_parse ] --START--
INFO: [ template_filter ] --START--
INFO: Run Behavior\ContentReplaceBehavior [ RunTime:0.000094s ]
INFO: [ template_filter ] --END-- [ RunTime:0.000193s ]
INFO: Run Behavior\ParseTemplateBehavior [ RunTime:0.009261s ]
INFO: [ view_parse ] --END-- [ RunTime:0.009350s ]
INFO: [ view_filter ] --START--
INFO: Run Behavior\WriteHtmlCacheBehavior [ RunTime:0.000713s ]
INFO: [ view_filter ] --END-- [ RunTime:0.000785s ]
INFO: [ app_end ] --START--
INFO: Run Behavior\ShowPageTraceBehavior [ RunTime:0.001146s ]
INFO: [ app_end ] --END-- [ RunTime:0.001349s ]

[ 2017-03-08T19:55:24+08:00 ] 127.0.0.1 /vote/index.php/Admin/Carousel/lst
INFO: [ app_init ] --START--
INFO: Run Behavior\BuildLiteBehavior [ RunTime:0.000031s ]
INFO: [ app_init ] --END-- [ RunTime:0.000771s ]
INFO: [ app_begin ] --START--
INFO: Run Behavior\ReadHtmlCacheBehavior [ RunTime:0.000897s ]
INFO: [ app_begin ] --END-- [ RunTime:0.001026s ]
SQL: SHOW COLUMNS FROM `v_carousel` [ RunTime:0.0029s ]
SQL: SELECT `cid`,`picurl` FROM `v_carousel`  [ RunTime:0.0005s ]
INFO: [ app_end ] --START--
INFO: Run Behavior\ShowPageTraceBehavior [ RunTime:0.000962s ]
INFO: [ app_end ] --END-- [ RunTime:0.001094s ]

[ 2017-03-08T19:55:29+08:00 ] 127.0.0.1 /vote/index.php/Admin/Carousel/del
INFO: [ app_init ] --START--
INFO: Run Behavior\BuildLiteBehavior [ RunTime:0.000018s ]
INFO: [ app_init ] --END-- [ RunTime:0.000498s ]
INFO: [ app_begin ] --START--
INFO: Run Behavior\ReadHtmlCacheBehavior [ RunTime:0.001178s ]
INFO: [ app_begin ] --END-- [ RunTime:0.001304s ]
SQL: SHOW COLUMNS FROM `v_carousel` [ RunTime:0.0020s ]
SQL: SELECT `picurl` FROM `v_carousel` WHERE `cid` = 1 LIMIT 1   [ RunTime:0.0003s ]
NOTIC: [2] unlink(./Public/Uploads/carousel/2017-03-03/58b91b4833dc7.jpg): No such file or directory D:\wamp\www\vote\Application\Admin\Model\CarouselModel.class.php 第 62 行.
SQL: DELETE FROM `v_carousel` WHERE `cid` = 1 [ RunTime:0.0596s ]
INFO: [ app_end ] --START--
INFO: Run Behavior\ShowPageTraceBehavior [ RunTime:0.001338s ]
INFO: [ app_end ] --END-- [ RunTime:0.001418s ]

[ 2017-03-08T19:55:31+08:00 ] 127.0.0.1 /vote/index.php/Admin/Carousel/del
INFO: [ app_init ] --START--
INFO: Run Behavior\BuildLiteBehavior [ RunTime:0.000023s ]
INFO: [ app_init ] --END-- [ RunTime:0.000841s ]
INFO: [ app_begin ] --START--
INFO: Run Behavior\ReadHtmlCacheBehavior [ RunTime:0.001094s ]
INFO: [ app_begin ] --END-- [ RunTime:0.001176s ]
SQL: SHOW COLUMNS FROM `v_carousel` [ RunTime:0.0027s ]
SQL: SELECT `picurl` FROM `v_carousel` WHERE `cid` = 2 LIMIT 1   [ RunTime:0.0003s ]
NOTIC: [2] unlink(./Public/Uploads/carousel/2017-03-03/58b91b52be161.jpg): No such file or directory D:\wamp\www\vote\Application\Admin\Model\CarouselModel.class.php 第 62 行.
SQL: DELETE FROM `v_carousel` WHERE `cid` = 2 [ RunTime:0.0780s ]
INFO: [ app_end ] --START--
INFO: Run Behavior\ShowPageTraceBehavior [ RunTime:0.001219s ]
INFO: [ app_end ] --END-- [ RunTime:0.001313s ]

[ 2017-03-08T19:55:33+08:00 ] 127.0.0.1 /vote/index.php/Admin/Carousel/del
INFO: [ app_init ] --START--
INFO: Run Behavior\BuildLiteBehavior [ RunTime:0.000023s ]
INFO: [ app_init ] --END-- [ RunTime:0.000909s ]
INFO: [ app_begin ] --START--
INFO: Run Behavior\ReadHtmlCacheBehavior [ RunTime:0.001609s ]
INFO: [ app_begin ] --END-- [ RunTime:0.001749s ]
SQL: SHOW COLUMNS FROM `v_carousel` [ RunTime:0.0018s ]
SQL: SELECT `picurl` FROM `v_carousel` WHERE `cid` = 3 LIMIT 1   [ RunTime:0.0002s ]
NOTIC: [2] unlink(./Public/Uploads/carousel/2017-03-03/58b91b8533fc7.jpg): No such file or directory D:\wamp\www\vote\Application\Admin\Model\CarouselModel.class.php 第 62 行.
SQL: DELETE FROM `v_carousel` WHERE `cid` = 3 [ RunTime:0.0342s ]
INFO: [ app_end ] --START--
INFO: Run Behavior\ShowPageTraceBehavior [ RunTime:0.001500s ]
INFO: [ app_end ] --END-- [ RunTime:0.001591s ]

[ 2017-03-08T19:55:33+08:00 ] 127.0.0.1 /vote/index.php/Admin/Carousel/add.html
INFO: [ app_init ] --START--
INFO: Run Behavior\BuildLiteBehavior [ RunTime:0.000017s ]
INFO: [ app_init ] --END-- [ RunTime:0.000485s ]
INFO: [ app_begin ] --START--
INFO: Run Behavior\ReadHtmlCacheBehavior [ RunTime:0.001032s ]
INFO: [ app_begin ] --END-- [ RunTime:0.001112s ]
INFO: [ view_parse ] --START--
INFO: [ template_filter ] --START--
INFO: Run Behavior\ContentReplaceBehavior [ RunTime:0.000077s ]
INFO: [ template_filter ] --END-- [ RunTime:0.000171s ]
INFO: Run Behavior\ParseTemplateBehavior [ RunTime:0.011288s ]
INFO: [ view_parse ] --END-- [ RunTime:0.011390s ]
INFO: [ view_filter ] --START--
INFO: Run Behavior\WriteHtmlCacheBehavior [ RunTime:0.000829s ]
INFO: [ view_filter ] --END-- [ RunTime:0.000923s ]
INFO: [ app_end ] --START--
INFO: Run Behavior\ShowPageTraceBehavior [ RunTime:0.000946s ]
INFO: [ app_end ] --END-- [ RunTime:0.001010s ]

[ 2017-03-08T19:55:56+08:00 ] 127.0.0.1 /vote/index.php/Admin/Carousel/add
INFO: [ app_init ] --START--
INFO: Run Behavior\BuildLiteBehavior [ RunTime:0.000018s ]
INFO: [ app_init ] --END-- [ RunTime:0.000491s ]
INFO: [ app_begin ] --START--
INFO: Run Behavior\ReadHtmlCacheBehavior [ RunTime:0.000906s ]
INFO: [ app_begin ] --END-- [ RunTime:0.000969s ]
SQL: SHOW COLUMNS FROM `v_carousel` [ RunTime:0.0021s ]
NOTIC: [8] Undefined index: validate D:\wamp\www\vote\ThinkPHP\Library\Think\Model.class.php 第 1185 行.
NOTIC: [8] Undefined index: auto D:\wamp\www\vote\ThinkPHP\Library\Think\Model.class.php 第 1128 行.
INFO: [ app_end ] --START--
INFO: Run Behavior\ShowPageTraceBehavior [ RunTime:0.000939s ]
INFO: [ app_end ] --END-- [ RunTime:0.001008s ]

[ 2017-03-08T19:56:36+08:00 ] 127.0.0.1 /vote/index.php/Admin/Carousel/add
INFO: [ app_init ] --START--
INFO: Run Behavior\BuildLiteBehavior [ RunTime:0.000017s ]
INFO: [ app_init ] --END-- [ RunTime:0.000515s ]
INFO: [ app_begin ] --START--
INFO: Run Behavior\ReadHtmlCacheBehavior [ RunTime:0.000882s ]
INFO: [ app_begin ] --END-- [ RunTime:0.000945s ]
SQL: SHOW COLUMNS FROM `v_carousel` [ RunTime:0.0007s ]
NOTIC: [8] Undefined index: validate D:\wamp\www\vote\ThinkPHP\Library\Think\Model.class.php 第 1185 行.
NOTIC: [8] Undefined index: auto D:\wamp\www\vote\ThinkPHP\Library\Think\Model.class.php 第 1128 行.
NOTIC: [2] call_user_func() expects parameter 1 to be a valid callback, no array or string given D:\wamp\www\vote\ThinkPHP\Library\Think\Upload.class.php 第 170 行.
SQL: SELECT COUNT(*) AS tp_count FROM `v_carousel` LIMIT 1   [ RunTime:0.0003s ]
SQL: INSERT INTO `v_carousel` (`content`,`picurl`) VALUES ('<p>22222222222222222222222222222222222222222222222</p>','carousel/2017-03-08/58bff1741b855.png') [ RunTime:0.0575s ]

[ 2017-03-08T19:56:52+08:00 ] 127.0.0.1 /vote/index.php/Admin/Carousel/add
INFO: [ app_init ] --START--
INFO: Run Behavior\BuildLiteBehavior [ RunTime:0.000019s ]
INFO: [ app_init ] --END-- [ RunTime:0.000506s ]
INFO: [ app_begin ] --START--
INFO: Run Behavior\ReadHtmlCacheBehavior [ RunTime:0.000898s ]
INFO: [ app_begin ] --END-- [ RunTime:0.000982s ]
SQL: SHOW COLUMNS FROM `v_carousel` [ RunTime:0.0018s ]
NOTIC: [8] Undefined index: validate D:\wamp\www\vote\ThinkPHP\Library\Think\Model.class.php 第 1185 行.
NOTIC: [8] Undefined index: auto D:\wamp\www\vote\ThinkPHP\Library\Think\Model.class.php 第 1128 行.
NOTIC: [2] call_user_func() expects parameter 1 to be a valid callback, no array or string given D:\wamp\www\vote\ThinkPHP\Library\Think\Upload.class.php 第 170 行.
SQL: SELECT COUNT(*) AS tp_count FROM `v_carousel` LIMIT 1   [ RunTime:0.0003s ]
SQL: INSERT INTO `v_carousel` (`content`,`picurl`) VALUES ('<p>333333333333333333333333333333333333333333</p>','carousel/2017-03-08/58bff1842ee70.png') [ RunTime:0.0499s ]

[ 2017-03-08T19:57:15+08:00 ] 127.0.0.1 /vote/index.php/Admin/Carousel/lst.html
INFO: [ app_init ] --START--
INFO: Run Behavior\BuildLiteBehavior [ RunTime:0.000017s ]
INFO: [ app_init ] --END-- [ RunTime:0.000420s ]
INFO: [ app_begin ] --START--
INFO: Run Behavior\ReadHtmlCacheBehavior [ RunTime:0.000456s ]
INFO: [ app_begin ] --END-- [ RunTime:0.000522s ]
INFO: [ view_parse ] --START--
INFO: [ template_filter ] --START--
INFO: Run Behavior\ContentReplaceBehavior [ RunTime:0.000126s ]
INFO: [ template_filter ] --END-- [ RunTime:0.000279s ]
INFO: Run Behavior\ParseTemplateBehavior [ RunTime:0.007111s ]
INFO: [ view_parse ] --END-- [ RunTime:0.007184s ]
INFO: [ view_filter ] --START--
INFO: Run Behavior\WriteHtmlCacheBehavior [ RunTime:0.000608s ]
INFO: [ view_filter ] --END-- [ RunTime:0.000681s ]
INFO: [ app_end ] --START--
INFO: Run Behavior\ShowPageTraceBehavior [ RunTime:0.000948s ]
INFO: [ app_end ] --END-- [ RunTime:0.001061s ]

[ 2017-03-08T19:57:15+08:00 ] 127.0.0.1 /vote/index.php/Admin/Carousel/lst
INFO: [ app_init ] --START--
INFO: Run Behavior\BuildLiteBehavior [ RunTime:0.000030s ]
INFO: [ app_init ] --END-- [ RunTime:0.000684s ]
INFO: [ app_begin ] --START--
INFO: Run Behavior\ReadHtmlCacheBehavior [ RunTime:0.000644s ]
INFO: [ app_begin ] --END-- [ RunTime:0.000749s ]
SQL: SHOW COLUMNS FROM `v_carousel` [ RunTime:0.0028s ]
SQL: SELECT `cid`,`picurl` FROM `v_carousel`  [ RunTime:0.0003s ]
INFO: [ app_end ] --START--
INFO: Run Behavior\ShowPageTraceBehavior [ RunTime:0.000696s ]
INFO: [ app_end ] --END-- [ RunTime:0.000774s ]

[ 2017-03-08T19:57:17+08:00 ] 127.0.0.1 /vote/index.php/Admin/Carousel/add.html
INFO: [ app_init ] --START--
INFO: Run Behavior\BuildLiteBehavior [ RunTime:0.000017s ]
INFO: [ app_init ] --END-- [ RunTime:0.000523s ]
INFO: [ app_begin ] --START--
INFO: Run Behavior\ReadHtmlCacheBehavior [ RunTime:0.001079s ]
INFO: [ app_begin ] --END-- [ RunTime:0.001158s ]
INFO: [ view_parse ] --START--
INFO: [ template_filter ] --START--
INFO: Run Behavior\ContentReplaceBehavior [ RunTime:0.000075s ]
INFO: [ template_filter ] --END-- [ RunTime:0.000159s ]
INFO: Run Behavior\ParseTemplateBehavior [ RunTime:0.009116s ]
INFO: [ view_parse ] --END-- [ RunTime:0.009204s ]
INFO: [ view_filter ] --START--
INFO: Run Behavior\WriteHtmlCacheBehavior [ RunTime:0.000759s ]
INFO: [ view_filter ] --END-- [ RunTime:0.000836s ]
INFO: [ app_end ] --START--
INFO: Run Behavior\ShowPageTraceBehavior [ RunTime:0.001056s ]
INFO: [ app_end ] --END-- [ RunTime:0.001133s ]

[ 2017-03-08T19:57:27+08:00 ] 127.0.0.1 /vote/index.php/Admin/Carousel/add
INFO: [ app_init ] --START--
INFO: Run Behavior\BuildLiteBehavior [ RunTime:0.000018s ]
INFO: [ app_init ] --END-- [ RunTime:0.000491s ]
INFO: [ app_begin ] --START--
INFO: Run Behavior\ReadHtmlCacheBehavior [ RunTime:0.000905s ]
INFO: [ app_begin ] --END-- [ RunTime:0.001025s ]
SQL: SHOW COLUMNS FROM `v_carousel` [ RunTime:0.0019s ]
NOTIC: [8] Undefined index: validate D:\wamp\www\vote\ThinkPHP\Library\Think\Model.class.php 第 1185 行.
NOTIC: [8] Undefined index: auto D:\wamp\www\vote\ThinkPHP\Library\Think\Model.class.php 第 1128 行.
NOTIC: [2] call_user_func() expects parameter 1 to be a valid callback, no array or string given D:\wamp\www\vote\ThinkPHP\Library\Think\Upload.class.php 第 170 行.
SQL: SELECT COUNT(*) AS tp_count FROM `v_carousel` LIMIT 1   [ RunTime:0.0003s ]
SQL: INSERT INTO `v_carousel` (`content`,`picurl`) VALUES ('<p>1111111111111111111111111111111111111111111</p>','carousel/2017-03-08/58bff1a7dd422.jpg') [ RunTime:0.0803s ]

[ 2017-03-08T19:57:31+08:00 ] 127.0.0.1 /vote/index.php/Admin/Carousel/lst.html
INFO: [ app_init ] --START--
INFO: Run Behavior\BuildLiteBehavior [ RunTime:0.000018s ]
INFO: [ app_init ] --END-- [ RunTime:0.000487s ]
INFO: [ app_begin ] --START--
INFO: Run Behavior\ReadHtmlCacheBehavior [ RunTime:0.000994s ]
INFO: [ app_begin ] --END-- [ RunTime:0.001075s ]
INFO: [ view_parse ] --START--
INFO: [ template_filter ] --START--
INFO: Run Behavior\ContentReplaceBehavior [ RunTime:0.000110s ]
INFO: [ template_filter ] --END-- [ RunTime:0.000200s ]
INFO: Run Behavior\ParseTemplateBehavior [ RunTime:0.009336s ]
INFO: [ view_parse ] --END-- [ RunTime:0.009422s ]
INFO: [ view_filter ] --START--
INFO: Run Behavior\WriteHtmlCacheBehavior [ RunTime:0.000789s ]
INFO: [ view_filter ] --END-- [ RunTime:0.000855s ]
INFO: [ app_end ] --START--
INFO: Run Behavior\ShowPageTraceBehavior [ RunTime:0.001804s ]
INFO: [ app_end ] --END-- [ RunTime:0.001970s ]

[ 2017-03-08T19:57:31+08:00 ] 127.0.0.1 /vote/index.php/Admin/Carousel/lst
INFO: [ app_init ] --START--
INFO: Run Behavior\BuildLiteBehavior [ RunTime:0.000026s ]
INFO: [ app_init ] --END-- [ RunTime:0.000811s ]
INFO: [ app_begin ] --START--
INFO: Run Behavior\ReadHtmlCacheBehavior [ RunTime:0.001478s ]
INFO: [ app_begin ] --END-- [ RunTime:0.001608s ]
SQL: SHOW COLUMNS FROM `v_carousel` [ RunTime:0.0023s ]
SQL: SELECT `cid`,`picurl` FROM `v_carousel`  [ RunTime:0.0003s ]
INFO: [ app_end ] --START--
INFO: Run Behavior\ShowPageTraceBehavior [ RunTime:0.001420s ]
INFO: [ app_end ] --END-- [ RunTime:0.001520s ]

