[ 2017-02-23T10:40:55+08:00 ] 127.0.0.1 /vote/index.php/Admin/Carousel/add
INFO: [ app_init ] --START--
INFO: Run Behavior\BuildLiteBehavior [ RunTime:0.000000s ]
INFO: [ app_init ] --END-- [ RunTime:0.000000s ]
INFO: [ app_begin ] --START--
INFO: Run Behavior\ReadHtmlCacheBehavior [ RunTime:0.001001s ]
INFO: [ app_begin ] --END-- [ RunTime:0.001001s ]
INFO: [ view_parse ] --START--
INFO: [ template_filter ] --START--
INFO: Run Behavior\ContentReplaceBehavior [ RunTime:0.001000s ]
INFO: [ template_filter ] --END-- [ RunTime:0.001000s ]
INFO: Run Behavior\ParseTemplateBehavior [ RunTime:0.013000s ]
INFO: [ view_parse ] --END-- [ RunTime:0.014000s ]
INFO: [ view_filter ] --START--
INFO: Run Behavior\WriteHtmlCacheBehavior [ RunTime:0.000000s ]
INFO: [ view_filter ] --END-- [ RunTime:0.000000s ]
INFO: [ app_end ] --START--
INFO: Run Behavior\ShowPageTraceBehavior [ RunTime:0.000000s ]
INFO: [ app_end ] --END-- [ RunTime:0.001000s ]

[ 2017-02-23T10:41:07+08:00 ] 127.0.0.1 /vote/index.php/Admin/Carousel/add
INFO: [ app_init ] --START--
INFO: Run Behavior\BuildLiteBehavior [ RunTime:0.001000s ]
INFO: [ app_init ] --END-- [ RunTime:0.001000s ]
INFO: [ app_begin ] --START--
INFO: Run Behavior\ReadHtmlCacheBehavior [ RunTime:0.001000s ]
INFO: [ app_begin ] --END-- [ RunTime:0.001000s ]
SQL: SHOW COLUMNS FROM `v_carousel` [ RunTime:0.0040s ]
NOTIC: [8] Undefined index: validate F:\website\vote\ThinkPHP\Library\Think\Model.class.php 第 1185 行.
NOTIC: [8] Undefined index: auto F:\website\vote\ThinkPHP\Library\Think\Model.class.php 第 1128 行.
NOTIC: [2] call_user_func() expects parameter 1 to be a valid callback, no array or string given F:\website\vote\ThinkPHP\Library\Think\Upload.class.php 第 170 行.
SQL: INSERT INTO `v_carousel` (`content`,`picurl`) VALUES ('<p>测试1</p>','carousel/2017-02-23/58ae4bc3300a6.jpg') [ RunTime:0.1030s ]

[ 2017-02-23T10:41:18+08:00 ] 127.0.0.1 /vote/index.php/Admin/Carousel/add
INFO: [ app_init ] --START--
INFO: Run Behavior\BuildLiteBehavior [ RunTime:0.000000s ]
INFO: [ app_init ] --END-- [ RunTime:0.001000s ]
INFO: [ app_begin ] --START--
INFO: Run Behavior\ReadHtmlCacheBehavior [ RunTime:0.001001s ]
INFO: [ app_begin ] --END-- [ RunTime:0.001001s ]
SQL: SHOW COLUMNS FROM `v_carousel` [ RunTime:0.0030s ]
NOTIC: [8] Undefined index: validate F:\website\vote\ThinkPHP\Library\Think\Model.class.php 第 1185 行.
NOTIC: [8] Undefined index: auto F:\website\vote\ThinkPHP\Library\Think\Model.class.php 第 1128 行.
NOTIC: [2] call_user_func() expects parameter 1 to be a valid callback, no array or string given F:\website\vote\ThinkPHP\Library\Think\Upload.class.php 第 170 行.
SQL: INSERT INTO `v_carousel` (`content`,`picurl`) VALUES ('<p>测试2</p>','carousel/2017-02-23/58ae4bce364c5.jpg') [ RunTime:0.1160s ]

[ 2017-02-23T10:41:30+08:00 ] 127.0.0.1 /vote/index.php/Admin/Carousel/add
INFO: [ app_init ] --START--
INFO: Run Behavior\BuildLiteBehavior [ RunTime:0.000000s ]
INFO: [ app_init ] --END-- [ RunTime:0.001001s ]
INFO: [ app_begin ] --START--
INFO: Run Behavior\ReadHtmlCacheBehavior [ RunTime:0.001000s ]
INFO: [ app_begin ] --END-- [ RunTime:0.001000s ]
SQL: SHOW COLUMNS FROM `v_carousel` [ RunTime:0.0030s ]
NOTIC: [8] Undefined index: validate F:\website\vote\ThinkPHP\Library\Think\Model.class.php 第 1185 行.
NOTIC: [8] Undefined index: auto F:\website\vote\ThinkPHP\Library\Think\Model.class.php 第 1128 行.
NOTIC: [2] call_user_func() expects parameter 1 to be a valid callback, no array or string given F:\website\vote\ThinkPHP\Library\Think\Upload.class.php 第 170 行.
SQL: INSERT INTO `v_carousel` (`content`,`picurl`) VALUES ('<p>测试3</p>','carousel/2017-02-23/58ae4bdad3f20.jpg') [ RunTime:0.0990s ]

[ 2017-02-23T10:41:42+08:00 ] 127.0.0.1 /vote/index.php/Admin/Carousel/add
INFO: [ app_init ] --START--
INFO: Run Behavior\BuildLiteBehavior [ RunTime:0.000000s ]
INFO: [ app_init ] --END-- [ RunTime:0.001000s ]
INFO: [ app_begin ] --START--
INFO: Run Behavior\ReadHtmlCacheBehavior [ RunTime:0.002000s ]
INFO: [ app_begin ] --END-- [ RunTime:0.002000s ]
SQL: SHOW COLUMNS FROM `v_carousel` [ RunTime:0.0030s ]
NOTIC: [8] Undefined index: validate F:\website\vote\ThinkPHP\Library\Think\Model.class.php 第 1185 行.
NOTIC: [8] Undefined index: auto F:\website\vote\ThinkPHP\Library\Think\Model.class.php 第 1128 行.
NOTIC: [2] call_user_func() expects parameter 1 to be a valid callback, no array or string given F:\website\vote\ThinkPHP\Library\Think\Upload.class.php 第 170 行.
SQL: INSERT INTO `v_carousel` (`content`,`picurl`) VALUES ('<p>测试4</p>','carousel/2017-02-23/58ae4be5ec83b.jpg') [ RunTime:0.0610s ]

[ 2017-02-23T10:45:13+08:00 ] 127.0.0.1 /vote/index.php/Admin/Carousel/lst.html
INFO: [ app_init ] --START--
INFO: Run Behavior\BuildLiteBehavior [ RunTime:0.000000s ]
INFO: [ app_init ] --END-- [ RunTime:0.005000s ]
INFO: [ app_begin ] --START--
INFO: Run Behavior\ReadHtmlCacheBehavior [ RunTime:0.001000s ]
INFO: [ app_begin ] --END-- [ RunTime:0.001000s ]
INFO: [ view_parse ] --START--
INFO: [ template_filter ] --START--
INFO: Run Behavior\ContentReplaceBehavior [ RunTime:0.000000s ]
INFO: [ template_filter ] --END-- [ RunTime:0.001000s ]
INFO: Run Behavior\ParseTemplateBehavior [ RunTime:0.011001s ]
INFO: [ view_parse ] --END-- [ RunTime:0.011001s ]
INFO: [ view_filter ] --START--
INFO: Run Behavior\WriteHtmlCacheBehavior [ RunTime:0.001000s ]
INFO: [ view_filter ] --END-- [ RunTime:0.001000s ]
INFO: [ app_end ] --START--
INFO: Run Behavior\ShowPageTraceBehavior [ RunTime:0.001000s ]
INFO: [ app_end ] --END-- [ RunTime:0.002000s ]

[ 2017-02-23T10:45:13+08:00 ] 127.0.0.1 /vote/index.php/Admin/Carousel/lst
INFO: [ app_init ] --START--
INFO: Run Behavior\BuildLiteBehavior [ RunTime:0.000000s ]
INFO: [ app_init ] --END-- [ RunTime:0.001000s ]
INFO: [ app_begin ] --START--
INFO: Run Behavior\ReadHtmlCacheBehavior [ RunTime:0.001000s ]
INFO: [ app_begin ] --END-- [ RunTime:0.001000s ]
NOTIC: [2048] Declaration of Admin\Model\CarouselModel::_after_insert() should be compatible with Think\Model::_after_insert($data, $options) F:\website\vote\Application\Admin\Model\CarouselModel.class.php 第 10 行.
NOTIC: [2048] Declaration of Admin\Model\CarouselModel::_after_update() should be compatible with Think\Model::_after_update($data, $options) F:\website\vote\Application\Admin\Model\CarouselModel.class.php 第 10 行.
NOTIC: [2048] Declaration of Admin\Model\CarouselModel::_after_delete() should be compatible with Think\Model::_after_delete($data, $options) F:\website\vote\Application\Admin\Model\CarouselModel.class.php 第 10 行.
SQL: SHOW COLUMNS FROM `v_carousel` [ RunTime:0.0040s ]
SQL: SELECT `cid`,`picurl` FROM `v_carousel`  [ RunTime:0.0000s ]
INFO: [ app_end ] --START--
INFO: Run Behavior\ShowPageTraceBehavior [ RunTime:0.000000s ]
INFO: [ app_end ] --END-- [ RunTime:0.002000s ]

[ 2017-02-23T10:45:15+08:00 ] 127.0.0.1 /vote/index.php/Admin/Carousel/getdata
INFO: [ app_init ] --START--
INFO: Run Behavior\BuildLiteBehavior [ RunTime:0.000000s ]
INFO: [ app_init ] --END-- [ RunTime:0.001000s ]
INFO: [ app_begin ] --START--
INFO: Run Behavior\ReadHtmlCacheBehavior [ RunTime:0.000000s ]
INFO: [ app_begin ] --END-- [ RunTime:0.001000s ]
NOTIC: [2048] Declaration of Admin\Model\CarouselModel::_after_insert() should be compatible with Think\Model::_after_insert($data, $options) F:\website\vote\Application\Admin\Model\CarouselModel.class.php 第 10 行.
NOTIC: [2048] Declaration of Admin\Model\CarouselModel::_after_update() should be compatible with Think\Model::_after_update($data, $options) F:\website\vote\Application\Admin\Model\CarouselModel.class.php 第 10 行.
NOTIC: [2048] Declaration of Admin\Model\CarouselModel::_after_delete() should be compatible with Think\Model::_after_delete($data, $options) F:\website\vote\Application\Admin\Model\CarouselModel.class.php 第 10 行.
SQL: SHOW COLUMNS FROM `v_carousel` [ RunTime:0.0030s ]
SQL: SELECT * FROM `v_carousel` WHERE `cid` = 1 LIMIT 1   [ RunTime:0.0000s ]
INFO: [ app_end ] --START--
INFO: Run Behavior\ShowPageTraceBehavior [ RunTime:0.001000s ]
INFO: [ app_end ] --END-- [ RunTime:0.001000s ]

[ 2017-02-23T10:45:25+08:00 ] 127.0.0.1 /vote/index.php/Admin/Carousel/update
INFO: [ app_init ] --START--
INFO: Run Behavior\BuildLiteBehavior [ RunTime:0.000000s ]
INFO: [ app_init ] --END-- [ RunTime:0.001000s ]
INFO: [ app_begin ] --START--
INFO: Run Behavior\ReadHtmlCacheBehavior [ RunTime:0.001000s ]
INFO: [ app_begin ] --END-- [ RunTime:0.001000s ]
NOTIC: [2048] Declaration of Admin\Model\CarouselModel::_after_insert() should be compatible with Think\Model::_after_insert($data, $options) F:\website\vote\Application\Admin\Model\CarouselModel.class.php 第 10 行.
NOTIC: [2048] Declaration of Admin\Model\CarouselModel::_after_update() should be compatible with Think\Model::_after_update($data, $options) F:\website\vote\Application\Admin\Model\CarouselModel.class.php 第 10 行.
NOTIC: [2048] Declaration of Admin\Model\CarouselModel::_after_delete() should be compatible with Think\Model::_after_delete($data, $options) F:\website\vote\Application\Admin\Model\CarouselModel.class.php 第 10 行.
SQL: SHOW COLUMNS FROM `v_carousel` [ RunTime:0.0030s ]
NOTIC: [8] Undefined index: validate F:\website\vote\ThinkPHP\Library\Think\Model.class.php 第 1185 行.
NOTIC: [8] Undefined index: auto F:\website\vote\ThinkPHP\Library\Think\Model.class.php 第 1128 行.
NOTIC: [8] Undefined index: picurl F:\website\vote\Application\Admin\Model\CarouselModel.class.php 第 37 行.
SQL: UPDATE `v_carousel` SET `content`='<p>测试</p>' WHERE `cid` = 1 [ RunTime:0.1000s ]
SQL: SELECT `cid`,`picurl` FROM `v_carousel` WHERE `cid` = 1 LIMIT 1   [ RunTime:0.0000s ]

[ 2017-02-23T10:46:11+08:00 ] 127.0.0.1 /vote/index.php/Admin/Carousel/getdata
INFO: [ app_init ] --START--
INFO: Run Behavior\BuildLiteBehavior [ RunTime:0.000000s ]
INFO: [ app_init ] --END-- [ RunTime:0.002000s ]
INFO: [ app_begin ] --START--
INFO: Run Behavior\ReadHtmlCacheBehavior [ RunTime:0.001000s ]
INFO: [ app_begin ] --END-- [ RunTime:0.001000s ]
NOTIC: [2048] Declaration of Admin\Model\CarouselModel::_after_insert() should be compatible with Think\Model::_after_insert($data, $options) F:\website\vote\Application\Admin\Model\CarouselModel.class.php 第 10 行.
NOTIC: [2048] Declaration of Admin\Model\CarouselModel::_after_update() should be compatible with Think\Model::_after_update($data, $options) F:\website\vote\Application\Admin\Model\CarouselModel.class.php 第 10 行.
NOTIC: [2048] Declaration of Admin\Model\CarouselModel::_after_delete() should be compatible with Think\Model::_after_delete($data, $options) F:\website\vote\Application\Admin\Model\CarouselModel.class.php 第 10 行.
SQL: SHOW COLUMNS FROM `v_carousel` [ RunTime:0.0040s ]
SQL: SELECT * FROM `v_carousel` WHERE `cid` = 1 LIMIT 1   [ RunTime:0.0010s ]
INFO: [ app_end ] --START--
INFO: Run Behavior\ShowPageTraceBehavior [ RunTime:0.001000s ]
INFO: [ app_end ] --END-- [ RunTime:0.001000s ]

[ 2017-02-23T10:46:16+08:00 ] 127.0.0.1 /vote/index.php/Admin/Carousel/update
INFO: [ app_init ] --START--
INFO: Run Behavior\BuildLiteBehavior [ RunTime:0.000000s ]
INFO: [ app_init ] --END-- [ RunTime:0.001000s ]
INFO: [ app_begin ] --START--
INFO: Run Behavior\ReadHtmlCacheBehavior [ RunTime:0.001000s ]
INFO: [ app_begin ] --END-- [ RunTime:0.001000s ]
NOTIC: [2048] Declaration of Admin\Model\CarouselModel::_after_insert() should be compatible with Think\Model::_after_insert($data, $options) F:\website\vote\Application\Admin\Model\CarouselModel.class.php 第 10 行.
NOTIC: [2048] Declaration of Admin\Model\CarouselModel::_after_update() should be compatible with Think\Model::_after_update($data, $options) F:\website\vote\Application\Admin\Model\CarouselModel.class.php 第 10 行.
NOTIC: [2048] Declaration of Admin\Model\CarouselModel::_after_delete() should be compatible with Think\Model::_after_delete($data, $options) F:\website\vote\Application\Admin\Model\CarouselModel.class.php 第 10 行.
SQL: SHOW COLUMNS FROM `v_carousel` [ RunTime:0.0020s ]
NOTIC: [8] Undefined index: validate F:\website\vote\ThinkPHP\Library\Think\Model.class.php 第 1185 行.
NOTIC: [8] Undefined index: auto F:\website\vote\ThinkPHP\Library\Think\Model.class.php 第 1128 行.
NOTIC: [8] Undefined index: picurl F:\website\vote\Application\Admin\Model\CarouselModel.class.php 第 37 行.
SQL: UPDATE `v_carousel` SET `content`='<p>测试1</p>' WHERE `cid` = 1 [ RunTime:0.0620s ]
SQL: SELECT `cid`,`picurl` FROM `v_carousel` WHERE `cid` = 1 LIMIT 1   [ RunTime:0.0000s ]

[ 2017-02-23T10:48:21+08:00 ] 127.0.0.1 /vote/index.php/Admin/Carousel/getdata
INFO: [ app_init ] --START--
INFO: Run Behavior\BuildLiteBehavior [ RunTime:0.000000s ]
INFO: [ app_init ] --END-- [ RunTime:0.002000s ]
INFO: [ app_begin ] --START--
INFO: Run Behavior\ReadHtmlCacheBehavior [ RunTime:0.001001s ]
INFO: [ app_begin ] --END-- [ RunTime:0.001001s ]
NOTIC: [2048] Declaration of Admin\Model\CarouselModel::_after_insert() should be compatible with Think\Model::_after_insert($data, $options) F:\website\vote\Application\Admin\Model\CarouselModel.class.php 第 10 行.
NOTIC: [2048] Declaration of Admin\Model\CarouselModel::_after_update() should be compatible with Think\Model::_after_update($data, $options) F:\website\vote\Application\Admin\Model\CarouselModel.class.php 第 10 行.
NOTIC: [2048] Declaration of Admin\Model\CarouselModel::_after_delete() should be compatible with Think\Model::_after_delete($data, $options) F:\website\vote\Application\Admin\Model\CarouselModel.class.php 第 10 行.
SQL: SHOW COLUMNS FROM `v_carousel` [ RunTime:0.0030s ]
SQL: SELECT * FROM `v_carousel` WHERE `cid` = 4 LIMIT 1   [ RunTime:0.0000s ]
INFO: [ app_end ] --START--
INFO: Run Behavior\ShowPageTraceBehavior [ RunTime:0.001000s ]
INFO: [ app_end ] --END-- [ RunTime:0.001000s ]

[ 2017-02-23T10:48:24+08:00 ] 127.0.0.1 /vote/index.php/Admin/Carousel/getdata
INFO: [ app_init ] --START--
INFO: Run Behavior\BuildLiteBehavior [ RunTime:0.000000s ]
INFO: [ app_init ] --END-- [ RunTime:0.002000s ]
INFO: [ app_begin ] --START--
INFO: Run Behavior\ReadHtmlCacheBehavior [ RunTime:0.001000s ]
INFO: [ app_begin ] --END-- [ RunTime:0.002000s ]
NOTIC: [2048] Declaration of Admin\Model\CarouselModel::_after_insert() should be compatible with Think\Model::_after_insert($data, $options) F:\website\vote\Application\Admin\Model\CarouselModel.class.php 第 10 行.
NOTIC: [2048] Declaration of Admin\Model\CarouselModel::_after_update() should be compatible with Think\Model::_after_update($data, $options) F:\website\vote\Application\Admin\Model\CarouselModel.class.php 第 10 行.
NOTIC: [2048] Declaration of Admin\Model\CarouselModel::_after_delete() should be compatible with Think\Model::_after_delete($data, $options) F:\website\vote\Application\Admin\Model\CarouselModel.class.php 第 10 行.
SQL: SHOW COLUMNS FROM `v_carousel` [ RunTime:0.0040s ]
SQL: SELECT * FROM `v_carousel` WHERE `cid` = 4 LIMIT 1   [ RunTime:0.0010s ]
INFO: [ app_end ] --START--
INFO: Run Behavior\ShowPageTraceBehavior [ RunTime:0.000000s ]
INFO: [ app_end ] --END-- [ RunTime:0.000000s ]

[ 2017-02-23T10:48:28+08:00 ] 127.0.0.1 /vote/index.php/Admin/Carousel/del
INFO: [ app_init ] --START--
INFO: Run Behavior\BuildLiteBehavior [ RunTime:0.000000s ]
INFO: [ app_init ] --END-- [ RunTime:0.002000s ]
INFO: [ app_begin ] --START--
INFO: Run Behavior\ReadHtmlCacheBehavior [ RunTime:0.003000s ]
INFO: [ app_begin ] --END-- [ RunTime:0.004000s ]
NOTIC: [2048] Declaration of Admin\Model\CarouselModel::_after_insert() should be compatible with Think\Model::_after_insert($data, $options) F:\website\vote\Application\Admin\Model\CarouselModel.class.php 第 10 行.
NOTIC: [2048] Declaration of Admin\Model\CarouselModel::_after_update() should be compatible with Think\Model::_after_update($data, $options) F:\website\vote\Application\Admin\Model\CarouselModel.class.php 第 10 行.
NOTIC: [2048] Declaration of Admin\Model\CarouselModel::_after_delete() should be compatible with Think\Model::_after_delete($data, $options) F:\website\vote\Application\Admin\Model\CarouselModel.class.php 第 10 行.
SQL: SHOW COLUMNS FROM `v_carousel` [ RunTime:0.0020s ]
SQL: SELECT `picurl` FROM `v_carousel` WHERE `cid` = 4 LIMIT 1   [ RunTime:0.0010s ]
SQL: DELETE FROM `v_carousel` WHERE `cid` = 4 [ RunTime:0.0510s ]
INFO: [ app_end ] --START--
INFO: Run Behavior\ShowPageTraceBehavior [ RunTime:0.001000s ]
INFO: [ app_end ] --END-- [ RunTime:0.001000s ]

[ 2017-02-23T20:10:03+08:00 ] 127.0.0.1 /vote/index.php/Admin/Carousel/lst.html
INFO: [ app_init ] --START--
INFO: Run Behavior\BuildLiteBehavior [ RunTime:0.000000s ]
INFO: [ app_init ] --END-- [ RunTime:0.000000s ]
INFO: [ app_begin ] --START--
INFO: Run Behavior\ReadHtmlCacheBehavior [ RunTime:0.001000s ]
INFO: [ app_begin ] --END-- [ RunTime:0.001000s ]
INFO: [ view_parse ] --START--
INFO: [ template_filter ] --START--
INFO: Run Behavior\ContentReplaceBehavior [ RunTime:0.000000s ]
INFO: [ template_filter ] --END-- [ RunTime:0.000000s ]
INFO: Run Behavior\ParseTemplateBehavior [ RunTime:0.014001s ]
INFO: [ view_parse ] --END-- [ RunTime:0.014001s ]
INFO: [ view_filter ] --START--
INFO: Run Behavior\WriteHtmlCacheBehavior [ RunTime:0.000000s ]
INFO: [ view_filter ] --END-- [ RunTime:0.001000s ]
INFO: [ app_end ] --START--
INFO: Run Behavior\ShowPageTraceBehavior [ RunTime:0.001000s ]
INFO: [ app_end ] --END-- [ RunTime:0.001000s ]

[ 2017-02-23T20:10:03+08:00 ] 127.0.0.1 /vote/index.php/Admin/Carousel/lst
INFO: [ app_init ] --START--
INFO: Run Behavior\BuildLiteBehavior [ RunTime:0.000000s ]
INFO: [ app_init ] --END-- [ RunTime:0.000000s ]
INFO: [ app_begin ] --START--
INFO: Run Behavior\ReadHtmlCacheBehavior [ RunTime:0.001000s ]
INFO: [ app_begin ] --END-- [ RunTime:0.001000s ]
NOTIC: [2048] Declaration of Admin\Model\CarouselModel::_after_insert() should be compatible with Think\Model::_after_insert($data, $options) F:\website\vote\Application\Admin\Model\CarouselModel.class.php 第 10 行.
NOTIC: [2048] Declaration of Admin\Model\CarouselModel::_after_update() should be compatible with Think\Model::_after_update($data, $options) F:\website\vote\Application\Admin\Model\CarouselModel.class.php 第 10 行.
NOTIC: [2048] Declaration of Admin\Model\CarouselModel::_after_delete() should be compatible with Think\Model::_after_delete($data, $options) F:\website\vote\Application\Admin\Model\CarouselModel.class.php 第 10 行.
SQL: SHOW COLUMNS FROM `v_carousel` [ RunTime:0.0030s ]
SQL: SELECT `cid`,`picurl` FROM `v_carousel`  [ RunTime:0.0010s ]
INFO: [ app_end ] --START--
INFO: Run Behavior\ShowPageTraceBehavior [ RunTime:0.001000s ]
INFO: [ app_end ] --END-- [ RunTime:0.001000s ]

[ 2017-02-23T20:10:05+08:00 ] 127.0.0.1 /vote/index.php/Admin/Carousel/getdata
INFO: [ app_init ] --START--
INFO: Run Behavior\BuildLiteBehavior [ RunTime:0.000000s ]
INFO: [ app_init ] --END-- [ RunTime:0.001000s ]
INFO: [ app_begin ] --START--
INFO: Run Behavior\ReadHtmlCacheBehavior [ RunTime:0.001000s ]
INFO: [ app_begin ] --END-- [ RunTime:0.002000s ]
NOTIC: [2048] Declaration of Admin\Model\CarouselModel::_after_insert() should be compatible with Think\Model::_after_insert($data, $options) F:\website\vote\Application\Admin\Model\CarouselModel.class.php 第 10 行.
NOTIC: [2048] Declaration of Admin\Model\CarouselModel::_after_update() should be compatible with Think\Model::_after_update($data, $options) F:\website\vote\Application\Admin\Model\CarouselModel.class.php 第 10 行.
NOTIC: [2048] Declaration of Admin\Model\CarouselModel::_after_delete() should be compatible with Think\Model::_after_delete($data, $options) F:\website\vote\Application\Admin\Model\CarouselModel.class.php 第 10 行.
SQL: SHOW COLUMNS FROM `v_carousel` [ RunTime:0.0030s ]
SQL: SELECT * FROM `v_carousel` WHERE `cid` = 1 LIMIT 1   [ RunTime:0.0010s ]
INFO: [ app_end ] --START--
INFO: Run Behavior\ShowPageTraceBehavior [ RunTime:0.001000s ]
INFO: [ app_end ] --END-- [ RunTime:0.001000s ]

[ 2017-02-23T20:11:36+08:00 ] 127.0.0.1 /vote/index.php/Admin/Carousel/lst.html
INFO: [ app_init ] --START--
INFO: Run Behavior\BuildLiteBehavior [ RunTime:0.000000s ]
INFO: [ app_init ] --END-- [ RunTime:0.000000s ]
INFO: [ app_begin ] --START--
INFO: Run Behavior\ReadHtmlCacheBehavior [ RunTime:0.001000s ]
INFO: [ app_begin ] --END-- [ RunTime:0.001000s ]
INFO: [ view_parse ] --START--
INFO: [ template_filter ] --START--
INFO: Run Behavior\ContentReplaceBehavior [ RunTime:0.000000s ]
INFO: [ template_filter ] --END-- [ RunTime:0.001000s ]
INFO: Run Behavior\ParseTemplateBehavior [ RunTime:0.011001s ]
INFO: [ view_parse ] --END-- [ RunTime:0.012001s ]
INFO: [ view_filter ] --START--
INFO: Run Behavior\WriteHtmlCacheBehavior [ RunTime:0.001000s ]
INFO: [ view_filter ] --END-- [ RunTime:0.001000s ]
INFO: [ app_end ] --START--
INFO: Run Behavior\ShowPageTraceBehavior [ RunTime:0.000000s ]
INFO: [ app_end ] --END-- [ RunTime:0.001000s ]

[ 2017-02-23T20:11:38+08:00 ] 127.0.0.1 /vote/index.php/Admin/Carousel/lst.html
INFO: [ app_init ] --START--
INFO: Run Behavior\BuildLiteBehavior [ RunTime:0.001000s ]
INFO: [ app_init ] --END-- [ RunTime:0.001000s ]
INFO: [ app_begin ] --START--
INFO: Run Behavior\ReadHtmlCacheBehavior [ RunTime:0.001000s ]
INFO: [ app_begin ] --END-- [ RunTime:0.001000s ]
INFO: [ view_parse ] --START--
INFO: [ template_filter ] --START--
INFO: Run Behavior\ContentReplaceBehavior [ RunTime:0.000000s ]
INFO: [ template_filter ] --END-- [ RunTime:0.001000s ]
INFO: Run Behavior\ParseTemplateBehavior [ RunTime:0.016001s ]
INFO: [ view_parse ] --END-- [ RunTime:0.016001s ]
INFO: [ view_filter ] --START--
INFO: Run Behavior\WriteHtmlCacheBehavior [ RunTime:0.001000s ]
INFO: [ view_filter ] --END-- [ RunTime:0.001000s ]
INFO: [ app_end ] --START--
INFO: Run Behavior\ShowPageTraceBehavior [ RunTime:0.000000s ]
INFO: [ app_end ] --END-- [ RunTime:0.001000s ]

[ 2017-02-23T20:11:40+08:00 ] 127.0.0.1 /vote/index.php/Admin/Carousel/lst.html
INFO: [ app_init ] --START--
INFO: Run Behavior\BuildLiteBehavior [ RunTime:0.000000s ]
INFO: [ app_init ] --END-- [ RunTime:0.001000s ]
INFO: [ app_begin ] --START--
INFO: Run Behavior\ReadHtmlCacheBehavior [ RunTime:0.001000s ]
INFO: [ app_begin ] --END-- [ RunTime:0.001000s ]
INFO: [ view_parse ] --START--
INFO: [ template_filter ] --START--
INFO: Run Behavior\ContentReplaceBehavior [ RunTime:0.001000s ]
INFO: [ template_filter ] --END-- [ RunTime:0.001000s ]
INFO: Run Behavior\ParseTemplateBehavior [ RunTime:0.012000s ]
INFO: [ view_parse ] --END-- [ RunTime:0.012000s ]
INFO: [ view_filter ] --START--
INFO: Run Behavior\WriteHtmlCacheBehavior [ RunTime:0.000000s ]
INFO: [ view_filter ] --END-- [ RunTime:0.000000s ]
INFO: [ app_end ] --START--
INFO: Run Behavior\ShowPageTraceBehavior [ RunTime:0.001000s ]
INFO: [ app_end ] --END-- [ RunTime:0.002000s ]

[ 2017-02-23T20:11:59+08:00 ] 127.0.0.1 /vote/index.php/Admin/Carousel/lst.html
INFO: [ app_init ] --START--
INFO: Run Behavior\BuildLiteBehavior [ RunTime:0.000000s ]
INFO: [ app_init ] --END-- [ RunTime:0.001000s ]
INFO: [ app_begin ] --START--
INFO: Run Behavior\ReadHtmlCacheBehavior [ RunTime:0.001000s ]
INFO: [ app_begin ] --END-- [ RunTime:0.001000s ]
INFO: [ view_parse ] --START--
INFO: [ template_filter ] --START--
INFO: Run Behavior\ContentReplaceBehavior [ RunTime:0.000000s ]
INFO: [ template_filter ] --END-- [ RunTime:0.000000s ]
INFO: Run Behavior\ParseTemplateBehavior [ RunTime:0.014001s ]
INFO: [ view_parse ] --END-- [ RunTime:0.014001s ]
INFO: [ view_filter ] --START--
INFO: Run Behavior\WriteHtmlCacheBehavior [ RunTime:0.000000s ]
INFO: [ view_filter ] --END-- [ RunTime:0.001000s ]
INFO: [ app_end ] --START--
INFO: Run Behavior\ShowPageTraceBehavior [ RunTime:0.001000s ]
INFO: [ app_end ] --END-- [ RunTime:0.002000s ]

[ 2017-02-23T20:11:59+08:00 ] 127.0.0.1 /vote/index.php/Admin/Carousel/lst
INFO: [ app_init ] --START--
INFO: Run Behavior\BuildLiteBehavior [ RunTime:0.000000s ]
INFO: [ app_init ] --END-- [ RunTime:0.001000s ]
INFO: [ app_begin ] --START--
INFO: Run Behavior\ReadHtmlCacheBehavior [ RunTime:0.000000s ]
INFO: [ app_begin ] --END-- [ RunTime:0.001000s ]
NOTIC: [2048] Declaration of Admin\Model\CarouselModel::_after_insert() should be compatible with Think\Model::_after_insert($data, $options) F:\website\vote\Application\Admin\Model\CarouselModel.class.php 第 10 行.
NOTIC: [2048] Declaration of Admin\Model\CarouselModel::_after_update() should be compatible with Think\Model::_after_update($data, $options) F:\website\vote\Application\Admin\Model\CarouselModel.class.php 第 10 行.
NOTIC: [2048] Declaration of Admin\Model\CarouselModel::_after_delete() should be compatible with Think\Model::_after_delete($data, $options) F:\website\vote\Application\Admin\Model\CarouselModel.class.php 第 10 行.
SQL: SHOW COLUMNS FROM `v_carousel` [ RunTime:0.0040s ]
SQL: SELECT `cid`,`picurl` FROM `v_carousel`  [ RunTime:0.0010s ]
INFO: [ app_end ] --START--
INFO: Run Behavior\ShowPageTraceBehavior [ RunTime:0.001000s ]
INFO: [ app_end ] --END-- [ RunTime:0.002000s ]

[ 2017-02-23T20:12:03+08:00 ] 127.0.0.1 /vote/index.php/Admin/Carousel/getdata
INFO: [ app_init ] --START--
INFO: Run Behavior\BuildLiteBehavior [ RunTime:0.000000s ]
INFO: [ app_init ] --END-- [ RunTime:0.001000s ]
INFO: [ app_begin ] --START--
INFO: Run Behavior\ReadHtmlCacheBehavior [ RunTime:0.001000s ]
INFO: [ app_begin ] --END-- [ RunTime:0.002000s ]
NOTIC: [2048] Declaration of Admin\Model\CarouselModel::_after_insert() should be compatible with Think\Model::_after_insert($data, $options) F:\website\vote\Application\Admin\Model\CarouselModel.class.php 第 10 行.
NOTIC: [2048] Declaration of Admin\Model\CarouselModel::_after_update() should be compatible with Think\Model::_after_update($data, $options) F:\website\vote\Application\Admin\Model\CarouselModel.class.php 第 10 行.
NOTIC: [2048] Declaration of Admin\Model\CarouselModel::_after_delete() should be compatible with Think\Model::_after_delete($data, $options) F:\website\vote\Application\Admin\Model\CarouselModel.class.php 第 10 行.
SQL: SHOW COLUMNS FROM `v_carousel` [ RunTime:0.0030s ]
SQL: SELECT * FROM `v_carousel` WHERE `cid` = 1 LIMIT 1   [ RunTime:0.0000s ]
INFO: [ app_end ] --START--
INFO: Run Behavior\ShowPageTraceBehavior [ RunTime:0.001000s ]
INFO: [ app_end ] --END-- [ RunTime:0.001000s ]

[ 2017-02-23T20:12:06+08:00 ] 127.0.0.1 /vote/index.php/Admin/Carousel/getdata
INFO: [ app_init ] --START--
INFO: Run Behavior\BuildLiteBehavior [ RunTime:0.000000s ]
INFO: [ app_init ] --END-- [ RunTime:0.000000s ]
INFO: [ app_begin ] --START--
INFO: Run Behavior\ReadHtmlCacheBehavior [ RunTime:0.000000s ]
INFO: [ app_begin ] --END-- [ RunTime:0.001000s ]
NOTIC: [2048] Declaration of Admin\Model\CarouselModel::_after_insert() should be compatible with Think\Model::_after_insert($data, $options) F:\website\vote\Application\Admin\Model\CarouselModel.class.php 第 10 行.
NOTIC: [2048] Declaration of Admin\Model\CarouselModel::_after_update() should be compatible with Think\Model::_after_update($data, $options) F:\website\vote\Application\Admin\Model\CarouselModel.class.php 第 10 行.
NOTIC: [2048] Declaration of Admin\Model\CarouselModel::_after_delete() should be compatible with Think\Model::_after_delete($data, $options) F:\website\vote\Application\Admin\Model\CarouselModel.class.php 第 10 行.
SQL: SHOW COLUMNS FROM `v_carousel` [ RunTime:0.0030s ]
SQL: SELECT * FROM `v_carousel` WHERE `cid` = 2 LIMIT 1   [ RunTime:0.0010s ]
INFO: [ app_end ] --START--
INFO: Run Behavior\ShowPageTraceBehavior [ RunTime:0.002000s ]
INFO: [ app_end ] --END-- [ RunTime:0.002000s ]

[ 2017-02-23T20:12:09+08:00 ] 127.0.0.1 /vote/index.php/Admin/Carousel/getdata
INFO: [ app_init ] --START--
INFO: Run Behavior\BuildLiteBehavior [ RunTime:0.000000s ]
INFO: [ app_init ] --END-- [ RunTime:0.001000s ]
INFO: [ app_begin ] --START--
INFO: Run Behavior\ReadHtmlCacheBehavior [ RunTime:0.001000s ]
INFO: [ app_begin ] --END-- [ RunTime:0.001000s ]
NOTIC: [2048] Declaration of Admin\Model\CarouselModel::_after_insert() should be compatible with Think\Model::_after_insert($data, $options) F:\website\vote\Application\Admin\Model\CarouselModel.class.php 第 10 行.
NOTIC: [2048] Declaration of Admin\Model\CarouselModel::_after_update() should be compatible with Think\Model::_after_update($data, $options) F:\website\vote\Application\Admin\Model\CarouselModel.class.php 第 10 行.
NOTIC: [2048] Declaration of Admin\Model\CarouselModel::_after_delete() should be compatible with Think\Model::_after_delete($data, $options) F:\website\vote\Application\Admin\Model\CarouselModel.class.php 第 10 行.
SQL: SHOW COLUMNS FROM `v_carousel` [ RunTime:0.0040s ]
SQL: SELECT * FROM `v_carousel` WHERE `cid` = 3 LIMIT 1   [ RunTime:0.0010s ]
INFO: [ app_end ] --START--
INFO: Run Behavior\ShowPageTraceBehavior [ RunTime:0.001000s ]
INFO: [ app_end ] --END-- [ RunTime:0.001000s ]

[ 2017-02-23T20:12:13+08:00 ] 127.0.0.1 /vote/index.php/Admin/Carousel/add.html
INFO: [ app_init ] --START--
INFO: Run Behavior\BuildLiteBehavior [ RunTime:0.000000s ]
INFO: [ app_init ] --END-- [ RunTime:0.001000s ]
INFO: [ app_begin ] --START--
INFO: Run Behavior\ReadHtmlCacheBehavior [ RunTime:0.000000s ]
INFO: [ app_begin ] --END-- [ RunTime:0.001000s ]
INFO: [ view_parse ] --START--
INFO: [ template_filter ] --START--
INFO: Run Behavior\ContentReplaceBehavior [ RunTime:0.000000s ]
INFO: [ template_filter ] --END-- [ RunTime:0.000000s ]
INFO: Run Behavior\ParseTemplateBehavior [ RunTime:0.011000s ]
INFO: [ view_parse ] --END-- [ RunTime:0.012000s ]
INFO: [ view_filter ] --START--
INFO: Run Behavior\WriteHtmlCacheBehavior [ RunTime:0.000000s ]
INFO: [ view_filter ] --END-- [ RunTime:0.000000s ]
INFO: [ app_end ] --START--
INFO: Run Behavior\ShowPageTraceBehavior [ RunTime:0.000000s ]
INFO: [ app_end ] --END-- [ RunTime:0.000000s ]

